[ 2017-04-08T09:59:01+08:00 ] 117.136.67.179 /Home/weixin/login/?url=http%3A%2F%2Fshopceshi.sunday.so%2F
INFO: [ app_init ] --START--
INFO: Run Behavior\BuildLiteBehavior [ RunTime:0.000009s ]
INFO: [ app_init ] --END-- [ RunTime:0.000221s ]
INFO: [ app_begin ] --START--
INFO: Run Behavior\ReadHtmlCacheBehavior [ RunTime:0.000278s ]
INFO: [ app_begin ] --END-- [ RunTime:0.000310s ]
INFO: [ app_end ] --START--
INFO: Run Behavior\ShowPageTraceBehavior [ RunTime:0.000304s ]
INFO: [ app_end ] --END-- [ RunTime:0.000349s ]

[ 2017-04-08T09:59:03+08:00 ] 117.136.67.179 /Home/weixin/callback/?code=021p6Av22SRX111FVMs22Smyv22p6Av-&state=d2d1b7e1ab034ec2a17e8456e712418316c411da
INFO: [ app_init ] --START--
INFO: Run Behavior\BuildLiteBehavior [ RunTime:0.000010s ]
INFO: [ app_init ] --END-- [ RunTime:0.000225s ]
INFO: [ app_begin ] --START--
INFO: Run Behavior\ReadHtmlCacheBehavior [ RunTime:0.000279s ]
INFO: [ app_begin ] --END-- [ RunTime:0.000326s ]
NOTIC: [2] Missing argument 2 for Home\Model\UserModel::__construct(), called in /mnt/www/html/huangwei/tmls/ThinkPHP/Common/functions.php on line 588 and defined /mnt/www/html/huangwei/tmls/App/Home/Model/UserModel.class.php 第 10 行.
NOTIC: [2] Missing argument 3 for Home\Model\UserModel::__construct(), called in /mnt/www/html/huangwei/tmls/ThinkPHP/Common/functions.php on line 588 and defined /mnt/www/html/huangwei/tmls/App/Home/Model/UserModel.class.php 第 10 行.
NOTIC: [8] Undefined variable: tablePrefix /mnt/www/html/huangwei/tmls/App/Home/Model/UserModel.class.php 第 12 行.
NOTIC: [8] Undefined variable: connection /mnt/www/html/huangwei/tmls/App/Home/Model/UserModel.class.php 第 12 行.
SQL: SHOW COLUMNS FROM `user` [ RunTime:0.0006s ]
SQL: SELECT * FROM `user` WHERE `openid` = 'oGklKuHFfH9s-uIzKurfa_Zcpf6A' LIMIT 1   [ RunTime:0.0003s ]

[ 2017-04-08T09:59:04+08:00 ] 117.136.67.179 /
INFO: [ app_init ] --START--
INFO: Run Behavior\BuildLiteBehavior [ RunTime:0.000009s ]
INFO: [ app_init ] --END-- [ RunTime:0.000266s ]
INFO: [ app_begin ] --START--
INFO: Run Behavior\ReadHtmlCacheBehavior [ RunTime:0.000279s ]
INFO: [ app_begin ] --END-- [ RunTime:0.000317s ]
NOTIC: [2] Missing argument 2 for Home\Model\UserModel::__construct(), called in /mnt/www/html/huangwei/tmls/ThinkPHP/Common/functions.php on line 588 and defined /mnt/www/html/huangwei/tmls/App/Home/Model/UserModel.class.php 第 10 行.
NOTIC: [2] Missing argument 3 for Home\Model\UserModel::__construct(), called in /mnt/www/html/huangwei/tmls/ThinkPHP/Common/functions.php on line 588 and defined /mnt/www/html/huangwei/tmls/App/Home/Model/UserModel.class.php 第 10 行.
NOTIC: [8] Undefined variable: tablePrefix /mnt/www/html/huangwei/tmls/App/Home/Model/UserModel.class.php 第 12 行.
NOTIC: [8] Undefined variable: connection /mnt/www/html/huangwei/tmls/App/Home/Model/UserModel.class.php 第 12 行.
SQL: SHOW COLUMNS FROM `user` [ RunTime:0.0005s ]
NOTIC: [2] Missing argument 2 for Admin\Model\CarouselModel::__construct(), called in /mnt/www/html/huangwei/tmls/ThinkPHP/Common/functions.php on line 588 and defined /mnt/www/html/huangwei/tmls/App/Admin/Model/CarouselModel.class.php 第 9 行.
NOTIC: [2] Missing argument 3 for Admin\Model\CarouselModel::__construct(), called in /mnt/www/html/huangwei/tmls/ThinkPHP/Common/functions.php on line 588 and defined /mnt/www/html/huangwei/tmls/App/Admin/Model/CarouselModel.class.php 第 9 行.
NOTIC: [8] Undefined variable: tablePrefix /mnt/www/html/huangwei/tmls/App/Admin/Model/CarouselModel.class.php 第 11 行.
NOTIC: [8] Undefined variable: connection /mnt/www/html/huangwei/tmls/App/Admin/Model/CarouselModel.class.php 第 11 行.
SQL: SHOW COLUMNS FROM `carousel` [ RunTime:0.0003s ]
SQL: SELECT `position`,`carouselimg`,`url` FROM `carousel` WHERE `shopid` = 1  [ RunTime:0.0001s ]
SQL: SHOW COLUMNS FROM `custom_page` [ RunTime:0.0003s ]
SQL: SELECT * FROM `custom_page` WHERE `id` = 1 LIMIT 1   [ RunTime:0.0001s ]
NOTIC: [2] Missing argument 2 for Admin\Model\ClassifyModel::__construct(), called in /mnt/www/html/huangwei/tmls/ThinkPHP/Common/functions.php on line 588 and defined /mnt/www/html/huangwei/tmls/App/Admin/Model/ClassifyModel.class.php 第 8 行.
NOTIC: [2] Missing argument 3 for Admin\Model\ClassifyModel::__construct(), called in /mnt/www/html/huangwei/tmls/ThinkPHP/Common/functions.php on line 588 and defined /mnt/www/html/huangwei/tmls/App/Admin/Model/ClassifyModel.class.php 第 8 行.
NOTIC: [8] Undefined variable: tablePrefix /mnt/www/html/huangwei/tmls/App/Admin/Model/ClassifyModel.class.php 第 10 行.
NOTIC: [8] Undefined variable: connection /mnt/www/html/huangwei/tmls/App/Admin/Model/ClassifyModel.class.php 第 10 行.
SQL: SHOW COLUMNS FROM `classify` [ RunTime:0.0003s ]
SQL: SELECT * FROM `classify` WHERE `shopid` = 1 AND `pid` = 0 AND `isshow` = 1 ORDER BY sort+1 desc  [ RunTime:0.0001s ]
SQL: SHOW COLUMNS FROM `weixin_config` [ RunTime:0.0005s ]
SQL: SELECT `value` FROM `weixin_config` WHERE `name` = 'phone' LIMIT 1   [ RunTime:0.0001s ]
INFO: [ view_parse ] --START--
INFO: [ template_filter ] --START--
INFO: Run Behavior\ContentReplaceBehavior [ RunTime:0.000071s ]
INFO: [ template_filter ] --END-- [ RunTime:0.000106s ]
NOTIC: [8] Undefined index: title /mnt/www/html/huangwei/tmls/Runtime/Cache/Home/00e52909bed743ea261af4b6823297ff.php 第 120 行.
NOTIC: [8] Undefined index: title /mnt/www/html/huangwei/tmls/Runtime/Cache/Home/00e52909bed743ea261af4b6823297ff.php 第 120 行.
NOTIC: [8] Undefined index: title /mnt/www/html/huangwei/tmls/Runtime/Cache/Home/00e52909bed743ea261af4b6823297ff.php 第 120 行.
NOTIC: [8] Undefined index: title /mnt/www/html/huangwei/tmls/Runtime/Cache/Home/00e52909bed743ea261af4b6823297ff.php 第 179 行.
NOTIC: [8] Undefined index: title /mnt/www/html/huangwei/tmls/Runtime/Cache/Home/00e52909bed743ea261af4b6823297ff.php 第 200 行.
NOTIC: [8] Undefined index: title /mnt/www/html/huangwei/tmls/Runtime/Cache/Home/00e52909bed743ea261af4b6823297ff.php 第 221 行.
NOTIC: [8] Undefined variable: data /mnt/www/html/huangwei/tmls/Runtime/Cache/Home/00e52909bed743ea261af4b6823297ff.php 第 259 行.
INFO: Run Behavior\ParseTemplateBehavior [ RunTime:0.144834s ]
INFO: [ view_parse ] --END-- [ RunTime:0.144886s ]
INFO: [ view_filter ] --START--
INFO: Run Behavior\WriteHtmlCacheBehavior [ RunTime:0.000207s ]
INFO: [ view_filter ] --END-- [ RunTime:0.000233s ]
INFO: [ app_end ] --START--
INFO: Run Behavior\ShowPageTraceBehavior [ RunTime:0.000361s ]
INFO: [ app_end ] --END-- [ RunTime:0.000398s ]

[ 2017-04-08T09:59:33+08:00 ] 117.136.67.179 /Home/center/index.html
INFO: [ app_init ] --START--
INFO: Run Behavior\BuildLiteBehavior [ RunTime:0.000010s ]
INFO: [ app_init ] --END-- [ RunTime:0.000218s ]
INFO: [ app_begin ] --START--
INFO: Run Behavior\ReadHtmlCacheBehavior [ RunTime:0.000287s ]
INFO: [ app_begin ] --END-- [ RunTime:0.000322s ]
NOTIC: [2] Missing argument 2 for Home\Model\UserModel::__construct(), called in /mnt/www/html/huangwei/tmls/ThinkPHP/Common/functions.php on line 588 and defined /mnt/www/html/huangwei/tmls/App/Home/Model/UserModel.class.php 第 10 行.
NOTIC: [2] Missing argument 3 for Home\Model\UserModel::__construct(), called in /mnt/www/html/huangwei/tmls/ThinkPHP/Common/functions.php on line 588 and defined /mnt/www/html/huangwei/tmls/App/Home/Model/UserModel.class.php 第 10 行.
NOTIC: [8] Undefined variable: tablePrefix /mnt/www/html/huangwei/tmls/App/Home/Model/UserModel.class.php 第 12 行.
NOTIC: [8] Undefined variable: connection /mnt/www/html/huangwei/tmls/App/Home/Model/UserModel.class.php 第 12 行.
SQL: SHOW COLUMNS FROM `user` [ RunTime:0.0006s ]
INFO: [ view_parse ] --START--
INFO: [ template_filter ] --START--
INFO: Run Behavior\ContentReplaceBehavior [ RunTime:0.000048s ]
INFO: [ template_filter ] --END-- [ RunTime:0.000085s ]
INFO: Run Behavior\ParseTemplateBehavior [ RunTime:0.005278s ]
INFO: [ view_parse ] --END-- [ RunTime:0.005317s ]
INFO: [ view_filter ] --START--
INFO: Run Behavior\WriteHtmlCacheBehavior [ RunTime:0.000104s ]
INFO: [ view_filter ] --END-- [ RunTime:0.000129s ]
INFO: [ app_end ] --START--
INFO: Run Behavior\ShowPageTraceBehavior [ RunTime:0.000278s ]
INFO: [ app_end ] --END-- [ RunTime:0.000311s ]

[ 2017-04-08T09:59:36+08:00 ] 117.136.67.179 /Home/user/kefu
INFO: [ app_init ] --START--
INFO: Run Behavior\BuildLiteBehavior [ RunTime:0.000010s ]
INFO: [ app_init ] --END-- [ RunTime:0.000227s ]
INFO: [ app_begin ] --START--
INFO: Run Behavior\ReadHtmlCacheBehavior [ RunTime:0.000293s ]
INFO: [ app_begin ] --END-- [ RunTime:0.000331s ]
SQL: SHOW COLUMNS FROM `user` [ RunTime:0.0005s ]
SQL: SELECT `id`,`nickname`,`img` FROM `user` WHERE `id` = 2 LIMIT 1   [ RunTime:0.0002s ]
INFO: [ view_parse ] --START--
INFO: [ template_filter ] --START--
INFO: Run Behavior\ContentReplaceBehavior [ RunTime:0.000033s ]
INFO: [ template_filter ] --END-- [ RunTime:0.000068s ]
INFO: Run Behavior\ParseTemplateBehavior [ RunTime:0.003360s ]
INFO: [ view_parse ] --END-- [ RunTime:0.003399s ]
INFO: [ view_filter ] --START--
INFO: Run Behavior\WriteHtmlCacheBehavior [ RunTime:0.000098s ]
INFO: [ view_filter ] --END-- [ RunTime:0.000122s ]
INFO: [ app_end ] --START--
INFO: Run Behavior\ShowPageTraceBehavior [ RunTime:0.000287s ]
INFO: [ app_end ] --END-- [ RunTime:0.000318s ]

[ 2017-04-08T09:59:45+08:00 ] 101.226.66.191 /Home/user/kefu
INFO: [ app_init ] --START--
INFO: Run Behavior\BuildLiteBehavior [ RunTime:0.000009s ]
INFO: [ app_init ] --END-- [ RunTime:0.000242s ]
INFO: [ app_begin ] --START--
INFO: Run Behavior\ReadHtmlCacheBehavior [ RunTime:0.000279s ]
INFO: [ app_begin ] --END-- [ RunTime:0.000318s ]
NOTIC: [8] Undefined index: user /mnt/www/html/huangwei/tmls/App/Home/Controller/UserController.class.php 第 68 行.
SQL: SHOW COLUMNS FROM `user` [ RunTime:0.0005s ]
SQL: SELECT `id`,`nickname`,`img` FROM `user` WHERE `id` = null LIMIT 1   [ RunTime:0.0002s ]
INFO: [ view_parse ] --START--
INFO: [ template_filter ] --START--
INFO: Run Behavior\ContentReplaceBehavior [ RunTime:0.000033s ]
INFO: [ template_filter ] --END-- [ RunTime:0.000065s ]
INFO: Run Behavior\ParseTemplateBehavior [ RunTime:0.003228s ]
INFO: [ view_parse ] --END-- [ RunTime:0.003266s ]
INFO: [ view_filter ] --START--
INFO: Run Behavior\WriteHtmlCacheBehavior [ RunTime:0.000095s ]
INFO: [ view_filter ] --END-- [ RunTime:0.000121s ]
INFO: [ app_end ] --START--
INFO: Run Behavior\ShowPageTraceBehavior [ RunTime:0.000299s ]
INFO: [ app_end ] --END-- [ RunTime:0.000329s ]

[ 2017-04-08T10:00:06+08:00 ] 117.136.67.179 /Home/cart/index.html
INFO: [ app_init ] --START--
INFO: Run Behavior\BuildLiteBehavior [ RunTime:0.000010s ]
INFO: [ app_init ] --END-- [ RunTime:0.000227s ]
INFO: [ app_begin ] --START--
INFO: Run Behavior\ReadHtmlCacheBehavior [ RunTime:0.000274s ]
INFO: [ app_begin ] --END-- [ RunTime:0.000309s ]
NOTIC: [2] Missing argument 2 for Home\Model\CartModel::__construct(), called in /mnt/www/html/huangwei/tmls/ThinkPHP/Common/functions.php on line 588 and defined /mnt/www/html/huangwei/tmls/App/Home/Model/CartModel.class.php 第 8 行.
NOTIC: [2] Missing argument 3 for Home\Model\CartModel::__construct(), called in /mnt/www/html/huangwei/tmls/ThinkPHP/Common/functions.php on line 588 and defined /mnt/www/html/huangwei/tmls/App/Home/Model/CartModel.class.php 第 8 行.
NOTIC: [8] Undefined variable: tablePrefix /mnt/www/html/huangwei/tmls/App/Home/Model/CartModel.class.php 第 10 行.
NOTIC: [8] Undefined variable: connection /mnt/www/html/huangwei/tmls/App/Home/Model/CartModel.class.php 第 10 行.
SQL: SHOW COLUMNS FROM `cart` [ RunTime:0.0005s ]
NOTIC: [8] Undefined index: page /mnt/www/html/huangwei/tmls/App/Home/Controller/CartController.class.php 第 28 行.
NOTIC: [8] Undefined index: size /mnt/www/html/huangwei/tmls/App/Home/Controller/CartController.class.php 第 29 行.
SQL: SELECT * FROM `cart` WHERE `shopid` = 1 AND `uid` = 2  [ RunTime:0.0117s ]
INFO: [ view_parse ] --START--
INFO: [ template_filter ] --START--
INFO: Run Behavior\ContentReplaceBehavior [ RunTime:0.000059s ]
INFO: [ template_filter ] --END-- [ RunTime:0.000095s ]
INFO: Run Behavior\ParseTemplateBehavior [ RunTime:0.004398s ]
INFO: [ view_parse ] --END-- [ RunTime:0.004432s ]
INFO: [ view_filter ] --START--
INFO: Run Behavior\WriteHtmlCacheBehavior [ RunTime:0.000097s ]
INFO: [ view_filter ] --END-- [ RunTime:0.000120s ]
INFO: [ app_end ] --START--
INFO: Run Behavior\ShowPageTraceBehavior [ RunTime:0.000277s ]
INFO: [ app_end ] --END-- [ RunTime:0.000308s ]

[ 2017-04-08T10:00:07+08:00 ] 117.136.67.179 /Home/cart/index.html
INFO: [ app_init ] --START--
INFO: Run Behavior\BuildLiteBehavior [ RunTime:0.000010s ]
INFO: [ app_init ] --END-- [ RunTime:0.000231s ]
INFO: [ app_begin ] --START--
INFO: Run Behavior\ReadHtmlCacheBehavior [ RunTime:0.000290s ]
INFO: [ app_begin ] --END-- [ RunTime:0.000329s ]
NOTIC: [2] Missing argument 2 for Home\Model\CartModel::__construct(), called in /mnt/www/html/huangwei/tmls/ThinkPHP/Common/functions.php on line 588 and defined /mnt/www/html/huangwei/tmls/App/Home/Model/CartModel.class.php 第 8 行.
NOTIC: [2] Missing argument 3 for Home\Model\CartModel::__construct(), called in /mnt/www/html/huangwei/tmls/ThinkPHP/Common/functions.php on line 588 and defined /mnt/www/html/huangwei/tmls/App/Home/Model/CartModel.class.php 第 8 行.
NOTIC: [8] Undefined variable: tablePrefix /mnt/www/html/huangwei/tmls/App/Home/Model/CartModel.class.php 第 10 行.
NOTIC: [8] Undefined variable: connection /mnt/www/html/huangwei/tmls/App/Home/Model/CartModel.class.php 第 10 行.
SQL: SHOW COLUMNS FROM `cart` [ RunTime:0.0005s ]
NOTIC: [8] Undefined index: page /mnt/www/html/huangwei/tmls/App/Home/Controller/CartController.class.php 第 28 行.
NOTIC: [8] Undefined index: size /mnt/www/html/huangwei/tmls/App/Home/Controller/CartController.class.php 第 29 行.
SQL: SELECT * FROM `cart` WHERE `shopid` = 1 AND `uid` = 2  [ RunTime:0.0001s ]

[ 2017-04-08T10:00:08+08:00 ] 117.136.67.179 /Home/goods/xinpin.html
INFO: [ app_init ] --START--
INFO: Run Behavior\BuildLiteBehavior [ RunTime:0.000009s ]
INFO: [ app_init ] --END-- [ RunTime:0.000228s ]
INFO: [ app_begin ] --START--
INFO: Run Behavior\ReadHtmlCacheBehavior [ RunTime:0.000291s ]
INFO: [ app_begin ] --END-- [ RunTime:0.000330s ]
NOTIC: [2] Missing argument 2 for Home\Model\CommodityModel::__construct(), called in /mnt/www/html/huangwei/tmls/ThinkPHP/Common/functions.php on line 588 and defined /mnt/www/html/huangwei/tmls/App/Home/Model/CommodityModel.class.php 第 10 行.
NOTIC: [2] Missing argument 3 for Home\Model\CommodityModel::__construct(), called in /mnt/www/html/huangwei/tmls/ThinkPHP/Common/functions.php on line 588 and defined /mnt/www/html/huangwei/tmls/App/Home/Model/CommodityModel.class.php 第 10 行.
NOTIC: [8] Undefined variable: tablePrefix /mnt/www/html/huangwei/tmls/App/Home/Model/CommodityModel.class.php 第 12 行.
NOTIC: [8] Undefined variable: connection /mnt/www/html/huangwei/tmls/App/Home/Model/CommodityModel.class.php 第 12 行.
SQL: SHOW COLUMNS FROM `commodity` [ RunTime:0.0006s ]
NOTIC: [8] Undefined index: page /mnt/www/html/huangwei/tmls/App/Home/Controller/GoodsController.class.php 第 337 行.
NOTIC: [8] Undefined index: size /mnt/www/html/huangwei/tmls/App/Home/Controller/GoodsController.class.php 第 338 行.
NOTIC: [8] Undefined index: order /mnt/www/html/huangwei/tmls/App/Home/Controller/GoodsController.class.php 第 339 行.
SQL: SELECT `thumbnail`,`title`,`commodityid`,`original`,`current` FROM `commodity` WHERE `shopid` = 1 AND `type` = 1 AND `status` = 1 ORDER BY commodityid desc LIMIT 0,6   [ RunTime:0.0001s ]
INFO: [ view_parse ] --START--
INFO: [ template_filter ] --START--
INFO: Run Behavior\ContentReplaceBehavior [ RunTime:0.000037s ]
INFO: [ template_filter ] --END-- [ RunTime:0.000071s ]
NOTIC: [8] Undefined index: order /mnt/www/html/huangwei/tmls/Runtime/Cache/Home/2ce7a546391e4d288c1913ac56e6f996.php 第 65 行.
NOTIC: [8] Undefined index: order /mnt/www/html/huangwei/tmls/Runtime/Cache/Home/2ce7a546391e4d288c1913ac56e6f996.php 第 66 行.
NOTIC: [8] Undefined index: type /mnt/www/html/huangwei/tmls/Runtime/Cache/Home/2ce7a546391e4d288c1913ac56e6f996.php 第 66 行.
NOTIC: [8] Undefined index: type /mnt/www/html/huangwei/tmls/Runtime/Cache/Home/2ce7a546391e4d288c1913ac56e6f996.php 第 66 行.
NOTIC: [8] Undefined index: order /mnt/www/html/huangwei/tmls/Runtime/Cache/Home/2ce7a546391e4d288c1913ac56e6f996.php 第 67 行.
NOTIC: [8] Undefined index: type /mnt/www/html/huangwei/tmls/Runtime/Cache/Home/2ce7a546391e4d288c1913ac56e6f996.php 第 67 行.
NOTIC: [8] Undefined index: type /mnt/www/html/huangwei/tmls/Runtime/Cache/Home/2ce7a546391e4d288c1913ac56e6f996.php 第 67 行.
INFO: Run Behavior\ParseTemplateBehavior [ RunTime:0.004784s ]
INFO: [ view_parse ] --END-- [ RunTime:0.004814s ]
INFO: [ view_filter ] --START--
INFO: Run Behavior\WriteHtmlCacheBehavior [ RunTime:0.000108s ]
INFO: [ view_filter ] --END-- [ RunTime:0.000131s ]
INFO: [ app_end ] --START--
INFO: Run Behavior\ShowPageTraceBehavior [ RunTime:0.000268s ]
INFO: [ app_end ] --END-- [ RunTime:0.000310s ]

[ 2017-04-08T10:00:10+08:00 ] 117.136.67.179 /
INFO: [ app_init ] --START--
INFO: Run Behavior\BuildLiteBehavior [ RunTime:0.000010s ]
INFO: [ app_init ] --END-- [ RunTime:0.000228s ]
INFO: [ app_begin ] --START--
INFO: Run Behavior\ReadHtmlCacheBehavior [ RunTime:0.000265s ]
INFO: [ app_begin ] --END-- [ RunTime:0.000300s ]
NOTIC: [2] Missing argument 2 for Home\Model\UserModel::__construct(), called in /mnt/www/html/huangwei/tmls/ThinkPHP/Common/functions.php on line 588 and defined /mnt/www/html/huangwei/tmls/App/Home/Model/UserModel.class.php 第 10 行.
NOTIC: [2] Missing argument 3 for Home\Model\UserModel::__construct(), called in /mnt/www/html/huangwei/tmls/ThinkPHP/Common/functions.php on line 588 and defined /mnt/www/html/huangwei/tmls/App/Home/Model/UserModel.class.php 第 10 行.
NOTIC: [8] Undefined variable: tablePrefix /mnt/www/html/huangwei/tmls/App/Home/Model/UserModel.class.php 第 12 行.
NOTIC: [8] Undefined variable: connection /mnt/www/html/huangwei/tmls/App/Home/Model/UserModel.class.php 第 12 行.
SQL: SHOW COLUMNS FROM `user` [ RunTime:0.0006s ]
NOTIC: [2] Missing argument 2 for Admin\Model\CarouselModel::__construct(), called in /mnt/www/html/huangwei/tmls/ThinkPHP/Common/functions.php on line 588 and defined /mnt/www/html/huangwei/tmls/App/Admin/Model/CarouselModel.class.php 第 9 行.
NOTIC: [2] Missing argument 3 for Admin\Model\CarouselModel::__construct(), called in /mnt/www/html/huangwei/tmls/ThinkPHP/Common/functions.php on line 588 and defined /mnt/www/html/huangwei/tmls/App/Admin/Model/CarouselModel.class.php 第 9 行.
NOTIC: [8] Undefined variable: tablePrefix /mnt/www/html/huangwei/tmls/App/Admin/Model/CarouselModel.class.php 第 11 行.
NOTIC: [8] Undefined variable: connection /mnt/www/html/huangwei/tmls/App/Admin/Model/CarouselModel.class.php 第 11 行.
SQL: SHOW COLUMNS FROM `carousel` [ RunTime:0.0003s ]
SQL: SHOW COLUMNS FROM `custom_page` [ RunTime:0.0003s ]
NOTIC: [2] Missing argument 2 for Admin\Model\ClassifyModel::__construct(), called in /mnt/www/html/huangwei/tmls/ThinkPHP/Common/functions.php on line 588 and defined /mnt/www/html/huangwei/tmls/App/Admin/Model/ClassifyModel.class.php 第 8 行.
NOTIC: [2] Missing argument 3 for Admin\Model\ClassifyModel::__construct(), called in /mnt/www/html/huangwei/tmls/ThinkPHP/Common/functions.php on line 588 and defined /mnt/www/html/huangwei/tmls/App/Admin/Model/ClassifyModel.class.php 第 8 行.
NOTIC: [8] Undefined variable: tablePrefix /mnt/www/html/huangwei/tmls/App/Admin/Model/ClassifyModel.class.php 第 10 行.
NOTIC: [8] Undefined variable: connection /mnt/www/html/huangwei/tmls/App/Admin/Model/ClassifyModel.class.php 第 10 行.
SQL: SHOW COLUMNS FROM `classify` [ RunTime:0.0003s ]
SQL: SHOW COLUMNS FROM `weixin_config` [ RunTime:0.0003s ]
SQL: SELECT `value` FROM `weixin_config` WHERE `name` = 'phone' LIMIT 1   [ RunTime:0.0001s ]
INFO: [ view_parse ] --START--
INFO: [ template_filter ] --START--
INFO: Run Behavior\ContentReplaceBehavior [ RunTime:0.000064s ]
INFO: [ template_filter ] --END-- [ RunTime:0.000096s ]
NOTIC: [8] Undefined index: title /mnt/www/html/huangwei/tmls/Runtime/Cache/Home/00e52909bed743ea261af4b6823297ff.php 第 120 行.
NOTIC: [8] Undefined index: title /mnt/www/html/huangwei/tmls/Runtime/Cache/Home/00e52909bed743ea261af4b6823297ff.php 第 120 行.
NOTIC: [8] Undefined index: title /mnt/www/html/huangwei/tmls/Runtime/Cache/Home/00e52909bed743ea261af4b6823297ff.php 第 120 行.
NOTIC: [8] Undefined index: title /mnt/www/html/huangwei/tmls/Runtime/Cache/Home/00e52909bed743ea261af4b6823297ff.php 第 179 行.
NOTIC: [8] Undefined index: title /mnt/www/html/huangwei/tmls/Runtime/Cache/Home/00e52909bed743ea261af4b6823297ff.php 第 200 行.
NOTIC: [8] Undefined index: title /mnt/www/html/huangwei/tmls/Runtime/Cache/Home/00e52909bed743ea261af4b6823297ff.php 第 221 行.
NOTIC: [8] Undefined variable: data /mnt/www/html/huangwei/tmls/Runtime/Cache/Home/00e52909bed743ea261af4b6823297ff.php 第 259 行.
INFO: Run Behavior\ParseTemplateBehavior [ RunTime:0.088004s ]
INFO: [ view_parse ] --END-- [ RunTime:0.088053s ]
INFO: [ view_filter ] --START--
INFO: Run Behavior\WriteHtmlCacheBehavior [ RunTime:0.000189s ]
INFO: [ view_filter ] --END-- [ RunTime:0.000214s ]
INFO: [ app_end ] --START--
INFO: Run Behavior\ShowPageTraceBehavior [ RunTime:0.000346s ]
INFO: [ app_end ] --END-- [ RunTime:0.000379s ]

[ 2017-04-08T13:15:26+08:00 ] 101.226.125.19 /
INFO: [ app_init ] --START--
INFO: Run Behavior\BuildLiteBehavior [ RunTime:0.000010s ]
INFO: [ app_init ] --END-- [ RunTime:0.000226s ]
INFO: [ app_begin ] --START--
INFO: Run Behavior\ReadHtmlCacheBehavior [ RunTime:0.000279s ]
INFO: [ app_begin ] --END-- [ RunTime:0.000316s ]

[ 2017-04-08T13:15:26+08:00 ] 101.226.125.19 /Home/weixin/login/?url=%2F
INFO: [ app_init ] --START--
INFO: Run Behavior\BuildLiteBehavior [ RunTime:0.000010s ]
INFO: [ app_init ] --END-- [ RunTime:0.000236s ]
INFO: [ app_begin ] --START--
INFO: Run Behavior\ReadHtmlCacheBehavior [ RunTime:0.000314s ]
INFO: [ app_begin ] --END-- [ RunTime:0.000348s ]
INFO: [ app_end ] --START--
INFO: Run Behavior\ShowPageTraceBehavior [ RunTime:0.000315s ]
INFO: [ app_end ] --END-- [ RunTime:0.000372s ]

[ 2017-04-08T13:15:26+08:00 ] 140.207.185.123 /
INFO: [ app_init ] --START--
INFO: Run Behavior\BuildLiteBehavior [ RunTime:0.000010s ]
INFO: [ app_init ] --END-- [ RunTime:0.000209s ]
INFO: [ app_begin ] --START--
INFO: Run Behavior\ReadHtmlCacheBehavior [ RunTime:0.000266s ]
INFO: [ app_begin ] --END-- [ RunTime:0.000298s ]

[ 2017-04-08T13:15:26+08:00 ] 117.185.27.98 /
INFO: [ app_init ] --START--
INFO: Run Behavior\BuildLiteBehavior [ RunTime:0.000009s ]
INFO: [ app_init ] --END-- [ RunTime:0.000225s ]
INFO: [ app_begin ] --START--
INFO: Run Behavior\ReadHtmlCacheBehavior [ RunTime:0.000275s ]
INFO: [ app_begin ] --END-- [ RunTime:0.000311s ]

[ 2017-04-08T13:15:31+08:00 ] 101.226.125.19 /Home/weixin/callback/?code=021dXQbc1U6Aet0p5obc1Hzrbc1dXQbK&state=f74b5ba0b79734d57d82ceb424f0b1a44f876eff
INFO: [ app_init ] --START--
INFO: Run Behavior\BuildLiteBehavior [ RunTime:0.000010s ]
INFO: [ app_init ] --END-- [ RunTime:0.000217s ]
INFO: [ app_begin ] --START--
INFO: Run Behavior\ReadHtmlCacheBehavior [ RunTime:0.000267s ]
INFO: [ app_begin ] --END-- [ RunTime:0.000299s ]
NOTIC: [2] Missing argument 2 for Home\Model\UserModel::__construct(), called in /mnt/www/html/huangwei/tmls/ThinkPHP/Common/functions.php on line 588 and defined /mnt/www/html/huangwei/tmls/App/Home/Model/UserModel.class.php 第 10 行.
NOTIC: [2] Missing argument 3 for Home\Model\UserModel::__construct(), called in /mnt/www/html/huangwei/tmls/ThinkPHP/Common/functions.php on line 588 and defined /mnt/www/html/huangwei/tmls/App/Home/Model/UserModel.class.php 第 10 行.
NOTIC: [8] Undefined variable: tablePrefix /mnt/www/html/huangwei/tmls/App/Home/Model/UserModel.class.php 第 12 行.
NOTIC: [8] Undefined variable: connection /mnt/www/html/huangwei/tmls/App/Home/Model/UserModel.class.php 第 12 行.
SQL: SHOW COLUMNS FROM `user` [ RunTime:0.0005s ]
SQL: SELECT * FROM `user` WHERE `openid` = 'oGklKuKnTYhfvV52uDZIvz2tpfTA' LIMIT 1   [ RunTime:0.0003s ]
SQL: INSERT INTO `user` (`openid`,`nickname`,`integral`,`shopid`,`img`) VALUES ('oGklKuKnTYhfvV52uDZIvz2tpfTA','高丽君','0','1','http://wx.qlogo.cn/mmopen/qvviapYJvNficiagicyuiauhVqNQNVSDVkhfW4Z0wszQxiaichSX8hMJsRIr971LqVCHM7iabdor0LWkuZ81WOThYaQp5kJXIrlndYdx/0') [ RunTime:0.0862s ]
ERR: Think\Controller:reg方法不存在！

[ 2017-04-08T13:15:37+08:00 ] 101.226.125.19 /
INFO: [ app_init ] --START--
INFO: Run Behavior\BuildLiteBehavior [ RunTime:0.000010s ]
INFO: [ app_init ] --END-- [ RunTime:0.000220s ]
INFO: [ app_begin ] --START--
INFO: Run Behavior\ReadHtmlCacheBehavior [ RunTime:0.000266s ]
INFO: [ app_begin ] --END-- [ RunTime:0.000298s ]

[ 2017-04-08T13:15:37+08:00 ] 101.226.125.19 /Home/weixin/login/?url=%2F
INFO: [ app_init ] --START--
INFO: Run Behavior\BuildLiteBehavior [ RunTime:0.000010s ]
INFO: [ app_init ] --END-- [ RunTime:0.000217s ]
INFO: [ app_begin ] --START--
INFO: Run Behavior\ReadHtmlCacheBehavior [ RunTime:0.000269s ]
INFO: [ app_begin ] --END-- [ RunTime:0.000300s ]
INFO: [ app_end ] --START--
INFO: Run Behavior\ShowPageTraceBehavior [ RunTime:0.000298s ]
INFO: [ app_end ] --END-- [ RunTime:0.000342s ]

[ 2017-04-08T13:15:47+08:00 ] 101.226.65.107 /Home/weixin/login/?url=%2F
INFO: [ app_init ] --START--
INFO: Run Behavior\BuildLiteBehavior [ RunTime:0.000009s ]
INFO: [ app_init ] --END-- [ RunTime:0.000235s ]
INFO: [ app_begin ] --START--
INFO: Run Behavior\ReadHtmlCacheBehavior [ RunTime:0.000277s ]
INFO: [ app_begin ] --END-- [ RunTime:0.000312s ]
INFO: [ app_end ] --START--
INFO: Run Behavior\ShowPageTraceBehavior [ RunTime:0.000293s ]
INFO: [ app_end ] --END-- [ RunTime:0.000338s ]

[ 2017-04-08T15:26:28+08:00 ] 101.226.102.80 /
INFO: [ app_init ] --START--
INFO: Run Behavior\BuildLiteBehavior [ RunTime:0.000009s ]
INFO: [ app_init ] --END-- [ RunTime:0.000209s ]
INFO: [ app_begin ] --START--
INFO: Run Behavior\ReadHtmlCacheBehavior [ RunTime:0.000327s ]
INFO: [ app_begin ] --END-- [ RunTime:0.000360s ]

[ 2017-04-08T15:26:28+08:00 ] 101.226.125.15 /Home/goods/detail?id=76&fromto=MHwwfDQ1&from=timeline&isappinstalled=0
INFO: [ app_init ] --START--
INFO: Run Behavior\BuildLiteBehavior [ RunTime:0.000010s ]
INFO: [ app_init ] --END-- [ RunTime:0.000230s ]
INFO: [ app_begin ] --START--
INFO: Run Behavior\ReadHtmlCacheBehavior [ RunTime:0.000276s ]
INFO: [ app_begin ] --END-- [ RunTime:0.000308s ]
NOTIC: [2] Missing argument 2 for Home\Model\CommodityModel::__construct(), called in /mnt/www/html/huangwei/tmls/ThinkPHP/Common/functions.php on line 588 and defined /mnt/www/html/huangwei/tmls/App/Home/Model/CommodityModel.class.php 第 10 行.
NOTIC: [2] Missing argument 3 for Home\Model\CommodityModel::__construct(), called in /mnt/www/html/huangwei/tmls/ThinkPHP/Common/functions.php on line 588 and defined /mnt/www/html/huangwei/tmls/App/Home/Model/CommodityModel.class.php 第 10 行.
NOTIC: [8] Undefined variable: tablePrefix /mnt/www/html/huangwei/tmls/App/Home/Model/CommodityModel.class.php 第 12 行.
NOTIC: [8] Undefined variable: connection /mnt/www/html/huangwei/tmls/App/Home/Model/CommodityModel.class.php 第 12 行.
SQL: SHOW COLUMNS FROM `commodity` [ RunTime:0.0005s ]

[ 2017-04-08T15:26:29+08:00 ] 101.226.125.15 /Home/goods/detail?id=76&fromto=MHwwfDQ1&from=timeline&isappinstalled=0
INFO: [ app_init ] --START--
INFO: Run Behavior\BuildLiteBehavior [ RunTime:0.000010s ]
INFO: [ app_init ] --END-- [ RunTime:0.000227s ]
INFO: [ app_begin ] --START--
INFO: Run Behavior\ReadHtmlCacheBehavior [ RunTime:0.000269s ]
INFO: [ app_begin ] --END-- [ RunTime:0.000303s ]
NOTIC: [2] Missing argument 2 for Home\Model\CommodityModel::__construct(), called in /mnt/www/html/huangwei/tmls/ThinkPHP/Common/functions.php on line 588 and defined /mnt/www/html/huangwei/tmls/App/Home/Model/CommodityModel.class.php 第 10 行.
NOTIC: [2] Missing argument 3 for Home\Model\CommodityModel::__construct(), called in /mnt/www/html/huangwei/tmls/ThinkPHP/Common/functions.php on line 588 and defined /mnt/www/html/huangwei/tmls/App/Home/Model/CommodityModel.class.php 第 10 行.
NOTIC: [8] Undefined variable: tablePrefix /mnt/www/html/huangwei/tmls/App/Home/Model/CommodityModel.class.php 第 12 行.
NOTIC: [8] Undefined variable: connection /mnt/www/html/huangwei/tmls/App/Home/Model/CommodityModel.class.php 第 12 行.
SQL: SHOW COLUMNS FROM `commodity` [ RunTime:0.0005s ]

[ 2017-04-08T15:26:29+08:00 ] 101.226.125.15 /Home/weixin/login/?url=%2FHome%2Fgoods%2Fdetail%3Fid%3D76%26fromto%3DMHwwfDQ1%26from%3Dtimeline%26isappinstalled%3D0
INFO: [ app_init ] --START--
INFO: Run Behavior\BuildLiteBehavior [ RunTime:0.000010s ]
INFO: [ app_init ] --END-- [ RunTime:0.000235s ]
INFO: [ app_begin ] --START--
INFO: Run Behavior\ReadHtmlCacheBehavior [ RunTime:0.000274s ]
INFO: [ app_begin ] --END-- [ RunTime:0.000308s ]
INFO: [ app_end ] --START--
INFO: Run Behavior\ShowPageTraceBehavior [ RunTime:0.000343s ]
INFO: [ app_end ] --END-- [ RunTime:0.000392s ]

[ 2017-04-08T15:26:29+08:00 ] 101.226.125.15 /Home/weixin/login/?url=%2FHome%2Fgoods%2Fdetail%3Fid%3D76%26fromto%3DMHwwfDQ1%26from%3Dtimeline%26isappinstalled%3D0
INFO: [ app_init ] --START--
INFO: Run Behavior\BuildLiteBehavior [ RunTime:0.000009s ]
INFO: [ app_init ] --END-- [ RunTime:0.000225s ]
INFO: [ app_begin ] --START--
INFO: Run Behavior\ReadHtmlCacheBehavior [ RunTime:0.000266s ]
INFO: [ app_begin ] --END-- [ RunTime:0.000298s ]
INFO: [ app_end ] --START--
INFO: Run Behavior\ShowPageTraceBehavior [ RunTime:0.000315s ]
INFO: [ app_end ] --END-- [ RunTime:0.000366s ]

[ 2017-04-08T16:38:45+08:00 ] 183.136.190.40 /
INFO: [ app_init ] --START--
INFO: Run Behavior\BuildLiteBehavior [ RunTime:0.000009s ]
INFO: [ app_init ] --END-- [ RunTime:0.000217s ]
INFO: [ app_begin ] --START--
INFO: Run Behavior\ReadHtmlCacheBehavior [ RunTime:0.000266s ]
INFO: [ app_begin ] --END-- [ RunTime:0.000299s ]

[ 2017-04-08T17:37:56+08:00 ] 101.226.61.142 /
INFO: [ app_init ] --START--
INFO: Run Behavior\BuildLiteBehavior [ RunTime:0.000010s ]
INFO: [ app_init ] --END-- [ RunTime:0.000244s ]
INFO: [ app_begin ] --START--
INFO: Run Behavior\ReadHtmlCacheBehavior [ RunTime:0.000272s ]
INFO: [ app_begin ] --END-- [ RunTime:0.000304s ]

[ 2017-04-08T17:37:56+08:00 ] 101.226.102.60 /
INFO: [ app_init ] --START--
INFO: Run Behavior\BuildLiteBehavior [ RunTime:0.000009s ]
INFO: [ app_init ] --END-- [ RunTime:0.000212s ]
INFO: [ app_begin ] --START--
INFO: Run Behavior\ReadHtmlCacheBehavior [ RunTime:0.000296s ]
INFO: [ app_begin ] --END-- [ RunTime:0.000457s ]

[ 2017-04-08T17:37:56+08:00 ] 117.135.170.67 /
INFO: [ app_init ] --START--
INFO: Run Behavior\BuildLiteBehavior [ RunTime:0.000010s ]
INFO: [ app_init ] --END-- [ RunTime:0.000259s ]
INFO: [ app_begin ] --START--
INFO: Run Behavior\ReadHtmlCacheBehavior [ RunTime:0.000271s ]
INFO: [ app_begin ] --END-- [ RunTime:0.000306s ]

[ 2017-04-08T17:37:56+08:00 ] 101.226.61.142 /Home/weixin/login/?url=%2F
INFO: [ app_init ] --START--
INFO: Run Behavior\BuildLiteBehavior [ RunTime:0.000010s ]
INFO: [ app_init ] --END-- [ RunTime:0.000234s ]
INFO: [ app_begin ] --START--
INFO: Run Behavior\ReadHtmlCacheBehavior [ RunTime:0.000272s ]
INFO: [ app_begin ] --END-- [ RunTime:0.000302s ]
INFO: [ app_end ] --START--
INFO: Run Behavior\ShowPageTraceBehavior [ RunTime:0.000326s ]
INFO: [ app_end ] --END-- [ RunTime:0.000378s ]

[ 2017-04-08T17:37:59+08:00 ] 101.226.61.142 /Home/weixin/callback/?code=011JM6tI0gxN3l2kiqtI0dqetI0JM6ty&state=1b1f463485c6175a2b97d311acfe4dc88e7db4f4
INFO: [ app_init ] --START--
INFO: Run Behavior\BuildLiteBehavior [ RunTime:0.000010s ]
INFO: [ app_init ] --END-- [ RunTime:0.000229s ]
INFO: [ app_begin ] --START--
INFO: Run Behavior\ReadHtmlCacheBehavior [ RunTime:0.000268s ]
INFO: [ app_begin ] --END-- [ RunTime:0.000301s ]
NOTIC: [2] Missing argument 2 for Home\Model\UserModel::__construct(), called in /mnt/www/html/huangwei/tmls/ThinkPHP/Common/functions.php on line 588 and defined /mnt/www/html/huangwei/tmls/App/Home/Model/UserModel.class.php 第 10 行.
NOTIC: [2] Missing argument 3 for Home\Model\UserModel::__construct(), called in /mnt/www/html/huangwei/tmls/ThinkPHP/Common/functions.php on line 588 and defined /mnt/www/html/huangwei/tmls/App/Home/Model/UserModel.class.php 第 10 行.
NOTIC: [8] Undefined variable: tablePrefix /mnt/www/html/huangwei/tmls/App/Home/Model/UserModel.class.php 第 12 行.
NOTIC: [8] Undefined variable: connection /mnt/www/html/huangwei/tmls/App/Home/Model/UserModel.class.php 第 12 行.
SQL: SHOW COLUMNS FROM `user` [ RunTime:0.0005s ]
SQL: SELECT * FROM `user` WHERE `openid` = 'oGklKuIlPFs1NSicp23Fw4L9hxZ0' LIMIT 1   [ RunTime:0.0002s ]
SQL: INSERT INTO `user` (`openid`,`nickname`,`integral`,`shopid`,`img`) VALUES ('oGklKuIlPFs1NSicp23Fw4L9hxZ0','梦梦','0','1','http://wx.qlogo.cn/mmopen/qvviapYJvNficfDHyp4Qz30AhrWUjdib9NzHiadXibQ8Q604qXmPIQ1iarfq2habxokfx8hm7icmRFf9Ov9Z6j7xCnbaMJfOd3xvbkt/0') [ RunTime:0.0026s ]
ERR: Think\Controller:reg方法不存在！

[ 2017-04-08T17:38:20+08:00 ] 101.226.61.142 /
INFO: [ app_init ] --START--
INFO: Run Behavior\BuildLiteBehavior [ RunTime:0.000009s ]
INFO: [ app_init ] --END-- [ RunTime:0.000217s ]
INFO: [ app_begin ] --START--
INFO: Run Behavior\ReadHtmlCacheBehavior [ RunTime:0.000263s ]
INFO: [ app_begin ] --END-- [ RunTime:0.000305s ]

[ 2017-04-08T17:38:20+08:00 ] 101.226.61.142 /Home/weixin/login/?url=%2F
INFO: [ app_init ] --START--
INFO: Run Behavior\BuildLiteBehavior [ RunTime:0.000009s ]
INFO: [ app_init ] --END-- [ RunTime:0.000214s ]
INFO: [ app_begin ] --START--
INFO: Run Behavior\ReadHtmlCacheBehavior [ RunTime:0.000300s ]
INFO: [ app_begin ] --END-- [ RunTime:0.000333s ]
INFO: [ app_end ] --START--
INFO: Run Behavior\ShowPageTraceBehavior [ RunTime:0.000273s ]
INFO: [ app_end ] --END-- [ RunTime:0.000311s ]

[ 2017-04-08T17:38:24+08:00 ] 101.226.61.142 /Home/weixin/callback/?code=0016rzii1aijqy0J6zhi16QHii16rziN&state=133a35dd76dfc6be12a88c0265cd9fd380a62980
INFO: [ app_init ] --START--
INFO: Run Behavior\BuildLiteBehavior [ RunTime:0.000009s ]
INFO: [ app_init ] --END-- [ RunTime:0.000224s ]
INFO: [ app_begin ] --START--
INFO: Run Behavior\ReadHtmlCacheBehavior [ RunTime:0.000278s ]
INFO: [ app_begin ] --END-- [ RunTime:0.000310s ]
NOTIC: [2] Missing argument 2 for Home\Model\UserModel::__construct(), called in /mnt/www/html/huangwei/tmls/ThinkPHP/Common/functions.php on line 588 and defined /mnt/www/html/huangwei/tmls/App/Home/Model/UserModel.class.php 第 10 行.
NOTIC: [2] Missing argument 3 for Home\Model\UserModel::__construct(), called in /mnt/www/html/huangwei/tmls/ThinkPHP/Common/functions.php on line 588 and defined /mnt/www/html/huangwei/tmls/App/Home/Model/UserModel.class.php 第 10 行.
NOTIC: [8] Undefined variable: tablePrefix /mnt/www/html/huangwei/tmls/App/Home/Model/UserModel.class.php 第 12 行.
NOTIC: [8] Undefined variable: connection /mnt/www/html/huangwei/tmls/App/Home/Model/UserModel.class.php 第 12 行.
SQL: SHOW COLUMNS FROM `user` [ RunTime:0.0005s ]
SQL: SELECT * FROM `user` WHERE `openid` = 'oGklKuIlPFs1NSicp23Fw4L9hxZ0' LIMIT 1   [ RunTime:0.0002s ]

[ 2017-04-08T23:17:38+08:00 ] 112.10.149.98 /Home/weixin/login/?url=https%3A%2F%2Fepeijing.cn%2Fapi%2FchzEWe
INFO: [ app_init ] --START--
INFO: Run Behavior\BuildLiteBehavior [ RunTime:0.000010s ]
INFO: [ app_init ] --END-- [ RunTime:0.000222s ]
INFO: [ app_begin ] --START--
INFO: Run Behavior\ReadHtmlCacheBehavior [ RunTime:0.000269s ]
INFO: [ app_begin ] --END-- [ RunTime:0.000302s ]
INFO: [ app_end ] --START--
INFO: Run Behavior\ShowPageTraceBehavior [ RunTime:0.000278s ]
INFO: [ app_end ] --END-- [ RunTime:0.000317s ]

[ 2017-04-08T23:17:39+08:00 ] 112.10.149.98 /Home/weixin/callback/?code=031cuSY12qeBrZ0EtJ122Fk8Z12cuSYG&state=8a8f964ad2799a0b45141b1d3468048e4a7e7e00
INFO: [ app_init ] --START--
INFO: Run Behavior\BuildLiteBehavior [ RunTime:0.000009s ]
INFO: [ app_init ] --END-- [ RunTime:0.000213s ]
INFO: [ app_begin ] --START--
INFO: Run Behavior\ReadHtmlCacheBehavior [ RunTime:0.000271s ]
INFO: [ app_begin ] --END-- [ RunTime:0.000304s ]
NOTIC: [2] Missing argument 2 for Home\Model\UserModel::__construct(), called in /mnt/www/html/huangwei/tmls/ThinkPHP/Common/functions.php on line 588 and defined /mnt/www/html/huangwei/tmls/App/Home/Model/UserModel.class.php 第 10 行.
NOTIC: [2] Missing argument 3 for Home\Model\UserModel::__construct(), called in /mnt/www/html/huangwei/tmls/ThinkPHP/Common/functions.php on line 588 and defined /mnt/www/html/huangwei/tmls/App/Home/Model/UserModel.class.php 第 10 行.
NOTIC: [8] Undefined variable: tablePrefix /mnt/www/html/huangwei/tmls/App/Home/Model/UserModel.class.php 第 12 行.
NOTIC: [8] Undefined variable: connection /mnt/www/html/huangwei/tmls/App/Home/Model/UserModel.class.php 第 12 行.
SQL: SHOW COLUMNS FROM `user` [ RunTime:0.0005s ]
SQL: SELECT * FROM `user` WHERE `openid` = 'oGklKuJCnSC_rZ_4MJUoQ-YQN7to' LIMIT 1   [ RunTime:0.0003s ]

