[ 2017-03-18T10:29:56+08:00 ] 101.47.19.11 /home/index/login
INFO: [ app_init ] --START--
INFO: Run Behavior\BuildLiteBehavior [ RunTime:0.000013s ]
INFO: [ app_init ] --END-- [ RunTime:0.000305s ]
INFO: [ app_begin ] --START--
INFO: Run Behavior\ReadHtmlCacheBehavior [ RunTime:0.000367s ]
INFO: [ app_begin ] --END-- [ RunTime:0.000411s ]
SQL: SHOW COLUMNS FROM `user` [ RunTime:0.0006s ]
SQL: SELECT * FROM `user` WHERE `id` = 1 LIMIT 1   [ RunTime:0.0003s ]
INFO: [ app_end ] --START--
INFO: Run Behavior\ShowPageTraceBehavior [ RunTime:0.000368s ]
INFO: [ app_end ] --END-- [ RunTime:0.000411s ]

[ 2017-03-18T10:29:59+08:00 ] 101.47.19.11 /home/index/index
INFO: [ app_init ] --START--
INFO: Run Behavior\BuildLiteBehavior [ RunTime:0.000011s ]
INFO: [ app_init ] --END-- [ RunTime:0.000269s ]
INFO: [ app_begin ] --START--
INFO: Run Behavior\ReadHtmlCacheBehavior [ RunTime:0.000399s ]
INFO: [ app_begin ] --END-- [ RunTime:0.000443s ]
NOTIC: [2] Missing argument 2 for Home\Model\UserModel::__construct(), called in /mnt/www/html/huangwei/tmls/ThinkPHP/Common/functions.php on line 588 and defined /mnt/www/html/huangwei/tmls/App/Home/Model/UserModel.class.php 第 10 行.
NOTIC: [2] Missing argument 3 for Home\Model\UserModel::__construct(), called in /mnt/www/html/huangwei/tmls/ThinkPHP/Common/functions.php on line 588 and defined /mnt/www/html/huangwei/tmls/App/Home/Model/UserModel.class.php 第 10 行.
NOTIC: [8] Undefined variable: tablePrefix /mnt/www/html/huangwei/tmls/App/Home/Model/UserModel.class.php 第 12 行.
NOTIC: [8] Undefined variable: connection /mnt/www/html/huangwei/tmls/App/Home/Model/UserModel.class.php 第 12 行.
SQL: SHOW COLUMNS FROM `user` [ RunTime:0.0006s ]
SQL: SELECT * FROM `user` WHERE `id` = 1 LIMIT 1   [ RunTime:0.0001s ]
NOTIC: [2] Missing argument 2 for Admin\Model\CarouselModel::__construct(), called in /mnt/www/html/huangwei/tmls/ThinkPHP/Common/functions.php on line 588 and defined /mnt/www/html/huangwei/tmls/App/Admin/Model/CarouselModel.class.php 第 9 行.
NOTIC: [2] Missing argument 3 for Admin\Model\CarouselModel::__construct(), called in /mnt/www/html/huangwei/tmls/ThinkPHP/Common/functions.php on line 588 and defined /mnt/www/html/huangwei/tmls/App/Admin/Model/CarouselModel.class.php 第 9 行.
NOTIC: [8] Undefined variable: tablePrefix /mnt/www/html/huangwei/tmls/App/Admin/Model/CarouselModel.class.php 第 11 行.
NOTIC: [8] Undefined variable: connection /mnt/www/html/huangwei/tmls/App/Admin/Model/CarouselModel.class.php 第 11 行.
SQL: SHOW COLUMNS FROM `carousel` [ RunTime:0.0004s ]
SQL: SELECT `position`,`carouselimg`,`url` FROM `carousel` WHERE `shopid` = 1  [ RunTime:0.0003s ]
SQL: SHOW COLUMNS FROM `custom_page` [ RunTime:0.0004s ]
SQL: SELECT * FROM `custom_page` WHERE `id` = 1 LIMIT 1   [ RunTime:0.0002s ]
NOTIC: [2] Missing argument 2 for Admin\Model\ClassifyModel::__construct(), called in /mnt/www/html/huangwei/tmls/ThinkPHP/Common/functions.php on line 588 and defined /mnt/www/html/huangwei/tmls/App/Admin/Model/ClassifyModel.class.php 第 8 行.
NOTIC: [2] Missing argument 3 for Admin\Model\ClassifyModel::__construct(), called in /mnt/www/html/huangwei/tmls/ThinkPHP/Common/functions.php on line 588 and defined /mnt/www/html/huangwei/tmls/App/Admin/Model/ClassifyModel.class.php 第 8 行.
NOTIC: [8] Undefined variable: tablePrefix /mnt/www/html/huangwei/tmls/App/Admin/Model/ClassifyModel.class.php 第 10 行.
NOTIC: [8] Undefined variable: connection /mnt/www/html/huangwei/tmls/App/Admin/Model/ClassifyModel.class.php 第 10 行.
SQL: SHOW COLUMNS FROM `classify` [ RunTime:0.0004s ]
SQL: SELECT * FROM `classify` WHERE `shopid` = 1 AND `pid` = 0 AND `isshow` = 1 ORDER BY sort+1 desc  [ RunTime:0.0002s ]
SQL: SHOW COLUMNS FROM `weixin_config` [ RunTime:0.0007s ]
SQL: SELECT `value` FROM `weixin_config` WHERE `name` = 'phone' LIMIT 1   [ RunTime:0.0002s ]
INFO: [ view_parse ] --START--
INFO: [ template_filter ] --START--
INFO: Run Behavior\ContentReplaceBehavior [ RunTime:0.000097s ]
INFO: [ template_filter ] --END-- [ RunTime:0.000152s ]
NOTIC: [8] Undefined index: urls /mnt/www/html/huangwei/tmls/App/Common/Common/function.php 第 115 行.
NOTIC: [8] Undefined index: title /mnt/www/html/huangwei/tmls/Runtime/Cache/Home/00e52909bed743ea261af4b6823297ff.php 第 116 行.
NOTIC: [8] Undefined index: title /mnt/www/html/huangwei/tmls/Runtime/Cache/Home/00e52909bed743ea261af4b6823297ff.php 第 116 行.
NOTIC: [8] Undefined index: title /mnt/www/html/huangwei/tmls/Runtime/Cache/Home/00e52909bed743ea261af4b6823297ff.php 第 116 行.
NOTIC: [8] Undefined index: title /mnt/www/html/huangwei/tmls/Runtime/Cache/Home/00e52909bed743ea261af4b6823297ff.php 第 172 行.
NOTIC: [8] Undefined index: title /mnt/www/html/huangwei/tmls/Runtime/Cache/Home/00e52909bed743ea261af4b6823297ff.php 第 193 行.
NOTIC: [8] Undefined index: title /mnt/www/html/huangwei/tmls/Runtime/Cache/Home/00e52909bed743ea261af4b6823297ff.php 第 214 行.
NOTIC: [8] Undefined variable: data /mnt/www/html/huangwei/tmls/Runtime/Cache/Home/00e52909bed743ea261af4b6823297ff.php 第 252 行.
INFO: Run Behavior\ParseTemplateBehavior [ RunTime:0.074891s ]
INFO: [ view_parse ] --END-- [ RunTime:0.074965s ]
INFO: [ view_filter ] --START--
INFO: Run Behavior\WriteHtmlCacheBehavior [ RunTime:0.000300s ]
INFO: [ view_filter ] --END-- [ RunTime:0.000340s ]
INFO: [ app_end ] --START--
INFO: Run Behavior\ShowPageTraceBehavior [ RunTime:0.000377s ]
INFO: [ app_end ] --END-- [ RunTime:0.000427s ]

[ 2017-03-18T10:30:03+08:00 ] 101.47.19.11 /home/index/index
INFO: [ app_init ] --START--
INFO: Run Behavior\BuildLiteBehavior [ RunTime:0.000011s ]
INFO: [ app_init ] --END-- [ RunTime:0.000344s ]
INFO: [ app_begin ] --START--
INFO: Run Behavior\ReadHtmlCacheBehavior [ RunTime:0.000345s ]
INFO: [ app_begin ] --END-- [ RunTime:0.000390s ]
NOTIC: [2] Missing argument 2 for Home\Model\UserModel::__construct(), called in /mnt/www/html/huangwei/tmls/ThinkPHP/Common/functions.php on line 588 and defined /mnt/www/html/huangwei/tmls/App/Home/Model/UserModel.class.php 第 10 行.
NOTIC: [2] Missing argument 3 for Home\Model\UserModel::__construct(), called in /mnt/www/html/huangwei/tmls/ThinkPHP/Common/functions.php on line 588 and defined /mnt/www/html/huangwei/tmls/App/Home/Model/UserModel.class.php 第 10 行.
NOTIC: [8] Undefined variable: tablePrefix /mnt/www/html/huangwei/tmls/App/Home/Model/UserModel.class.php 第 12 行.
NOTIC: [8] Undefined variable: connection /mnt/www/html/huangwei/tmls/App/Home/Model/UserModel.class.php 第 12 行.
SQL: SHOW COLUMNS FROM `user` [ RunTime:0.0007s ]
NOTIC: [2] Missing argument 2 for Admin\Model\CarouselModel::__construct(), called in /mnt/www/html/huangwei/tmls/ThinkPHP/Common/functions.php on line 588 and defined /mnt/www/html/huangwei/tmls/App/Admin/Model/CarouselModel.class.php 第 9 行.
NOTIC: [2] Missing argument 3 for Admin\Model\CarouselModel::__construct(), called in /mnt/www/html/huangwei/tmls/ThinkPHP/Common/functions.php on line 588 and defined /mnt/www/html/huangwei/tmls/App/Admin/Model/CarouselModel.class.php 第 9 行.
NOTIC: [8] Undefined variable: tablePrefix /mnt/www/html/huangwei/tmls/App/Admin/Model/CarouselModel.class.php 第 11 行.
NOTIC: [8] Undefined variable: connection /mnt/www/html/huangwei/tmls/App/Admin/Model/CarouselModel.class.php 第 11 行.
SQL: SHOW COLUMNS FROM `carousel` [ RunTime:0.0004s ]
SQL: SHOW COLUMNS FROM `custom_page` [ RunTime:0.0004s ]
NOTIC: [2] Missing argument 2 for Admin\Model\ClassifyModel::__construct(), called in /mnt/www/html/huangwei/tmls/ThinkPHP/Common/functions.php on line 588 and defined /mnt/www/html/huangwei/tmls/App/Admin/Model/ClassifyModel.class.php 第 8 行.
NOTIC: [2] Missing argument 3 for Admin\Model\ClassifyModel::__construct(), called in /mnt/www/html/huangwei/tmls/ThinkPHP/Common/functions.php on line 588 and defined /mnt/www/html/huangwei/tmls/App/Admin/Model/ClassifyModel.class.php 第 8 行.
NOTIC: [8] Undefined variable: tablePrefix /mnt/www/html/huangwei/tmls/App/Admin/Model/ClassifyModel.class.php 第 10 行.
NOTIC: [8] Undefined variable: connection /mnt/www/html/huangwei/tmls/App/Admin/Model/ClassifyModel.class.php 第 10 行.
SQL: SHOW COLUMNS FROM `classify` [ RunTime:0.0005s ]
SQL: SHOW COLUMNS FROM `weixin_config` [ RunTime:0.0006s ]
SQL: SELECT `value` FROM `weixin_config` WHERE `name` = 'phone' LIMIT 1   [ RunTime:0.0001s ]
INFO: [ view_parse ] --START--
INFO: [ template_filter ] --START--
INFO: Run Behavior\ContentReplaceBehavior [ RunTime:0.000088s ]
INFO: [ template_filter ] --END-- [ RunTime:0.000143s ]
NOTIC: [8] Undefined index: urls /mnt/www/html/huangwei/tmls/App/Common/Common/function.php 第 115 行.
NOTIC: [8] Undefined index: title /mnt/www/html/huangwei/tmls/Runtime/Cache/Home/00e52909bed743ea261af4b6823297ff.php 第 116 行.
NOTIC: [8] Undefined index: title /mnt/www/html/huangwei/tmls/Runtime/Cache/Home/00e52909bed743ea261af4b6823297ff.php 第 116 行.
NOTIC: [8] Undefined index: title /mnt/www/html/huangwei/tmls/Runtime/Cache/Home/00e52909bed743ea261af4b6823297ff.php 第 116 行.
NOTIC: [8] Undefined index: title /mnt/www/html/huangwei/tmls/Runtime/Cache/Home/00e52909bed743ea261af4b6823297ff.php 第 172 行.
NOTIC: [8] Undefined index: title /mnt/www/html/huangwei/tmls/Runtime/Cache/Home/00e52909bed743ea261af4b6823297ff.php 第 193 行.
NOTIC: [8] Undefined index: title /mnt/www/html/huangwei/tmls/Runtime/Cache/Home/00e52909bed743ea261af4b6823297ff.php 第 214 行.
NOTIC: [8] Undefined variable: data /mnt/www/html/huangwei/tmls/Runtime/Cache/Home/00e52909bed743ea261af4b6823297ff.php 第 252 行.
INFO: Run Behavior\ParseTemplateBehavior [ RunTime:0.067570s ]
INFO: [ view_parse ] --END-- [ RunTime:0.067621s ]
INFO: [ view_filter ] --START--
INFO: Run Behavior\WriteHtmlCacheBehavior [ RunTime:0.000199s ]
INFO: [ view_filter ] --END-- [ RunTime:0.000238s ]
INFO: [ app_end ] --START--
INFO: Run Behavior\ShowPageTraceBehavior [ RunTime:0.000381s ]
INFO: [ app_end ] --END-- [ RunTime:0.000429s ]

[ 2017-03-18T10:30:10+08:00 ] 101.47.19.11 /Home/center/index.html
INFO: [ app_init ] --START--
INFO: Run Behavior\BuildLiteBehavior [ RunTime:0.000013s ]
INFO: [ app_init ] --END-- [ RunTime:0.000282s ]
INFO: [ app_begin ] --START--
INFO: Run Behavior\ReadHtmlCacheBehavior [ RunTime:0.000413s ]
INFO: [ app_begin ] --END-- [ RunTime:0.000457s ]
NOTIC: [2] Missing argument 2 for Home\Model\UserModel::__construct(), called in /mnt/www/html/huangwei/tmls/ThinkPHP/Common/functions.php on line 588 and defined /mnt/www/html/huangwei/tmls/App/Home/Model/UserModel.class.php 第 10 行.
NOTIC: [2] Missing argument 3 for Home\Model\UserModel::__construct(), called in /mnt/www/html/huangwei/tmls/ThinkPHP/Common/functions.php on line 588 and defined /mnt/www/html/huangwei/tmls/App/Home/Model/UserModel.class.php 第 10 行.
NOTIC: [8] Undefined variable: tablePrefix /mnt/www/html/huangwei/tmls/App/Home/Model/UserModel.class.php 第 12 行.
NOTIC: [8] Undefined variable: connection /mnt/www/html/huangwei/tmls/App/Home/Model/UserModel.class.php 第 12 行.
SQL: SHOW COLUMNS FROM `user` [ RunTime:0.0007s ]
INFO: [ view_parse ] --START--
INFO: [ template_filter ] --START--
INFO: Run Behavior\ContentReplaceBehavior [ RunTime:0.000105s ]
INFO: [ template_filter ] --END-- [ RunTime:0.000176s ]
INFO: Run Behavior\ParseTemplateBehavior [ RunTime:0.013138s ]
INFO: [ view_parse ] --END-- [ RunTime:0.013240s ]
INFO: [ view_filter ] --START--
INFO: Run Behavior\WriteHtmlCacheBehavior [ RunTime:0.000252s ]
INFO: [ view_filter ] --END-- [ RunTime:0.000347s ]
INFO: [ app_end ] --START--
INFO: Run Behavior\ShowPageTraceBehavior [ RunTime:0.000663s ]
INFO: [ app_end ] --END-- [ RunTime:0.000761s ]

[ 2017-03-18T10:37:25+08:00 ] 101.47.19.11 /home/index/index
INFO: [ app_init ] --START--
INFO: Run Behavior\BuildLiteBehavior [ RunTime:0.000011s ]
INFO: [ app_init ] --END-- [ RunTime:0.000264s ]
INFO: [ app_begin ] --START--
INFO: Run Behavior\ReadHtmlCacheBehavior [ RunTime:0.000340s ]
INFO: [ app_begin ] --END-- [ RunTime:0.000384s ]
NOTIC: [2] Missing argument 2 for Home\Model\UserModel::__construct(), called in /mnt/www/html/huangwei/tmls/ThinkPHP/Common/functions.php on line 588 and defined /mnt/www/html/huangwei/tmls/App/Home/Model/UserModel.class.php 第 10 行.
NOTIC: [2] Missing argument 3 for Home\Model\UserModel::__construct(), called in /mnt/www/html/huangwei/tmls/ThinkPHP/Common/functions.php on line 588 and defined /mnt/www/html/huangwei/tmls/App/Home/Model/UserModel.class.php 第 10 行.
NOTIC: [8] Undefined variable: tablePrefix /mnt/www/html/huangwei/tmls/App/Home/Model/UserModel.class.php 第 12 行.
NOTIC: [8] Undefined variable: connection /mnt/www/html/huangwei/tmls/App/Home/Model/UserModel.class.php 第 12 行.
SQL: SHOW COLUMNS FROM `user` [ RunTime:0.0007s ]
SQL: SELECT * FROM `user` WHERE `id` = 1 LIMIT 1   [ RunTime:0.0004s ]
NOTIC: [2] Missing argument 2 for Admin\Model\CarouselModel::__construct(), called in /mnt/www/html/huangwei/tmls/ThinkPHP/Common/functions.php on line 588 and defined /mnt/www/html/huangwei/tmls/App/Admin/Model/CarouselModel.class.php 第 9 行.
NOTIC: [2] Missing argument 3 for Admin\Model\CarouselModel::__construct(), called in /mnt/www/html/huangwei/tmls/ThinkPHP/Common/functions.php on line 588 and defined /mnt/www/html/huangwei/tmls/App/Admin/Model/CarouselModel.class.php 第 9 行.
NOTIC: [8] Undefined variable: tablePrefix /mnt/www/html/huangwei/tmls/App/Admin/Model/CarouselModel.class.php 第 11 行.
NOTIC: [8] Undefined variable: connection /mnt/www/html/huangwei/tmls/App/Admin/Model/CarouselModel.class.php 第 11 行.
SQL: SHOW COLUMNS FROM `carousel` [ RunTime:0.0004s ]
SQL: SELECT `position`,`carouselimg`,`url` FROM `carousel` WHERE `shopid` = 1  [ RunTime:0.0002s ]
SQL: SHOW COLUMNS FROM `custom_page` [ RunTime:0.0003s ]
NOTIC: [2] Missing argument 2 for Admin\Model\ClassifyModel::__construct(), called in /mnt/www/html/huangwei/tmls/ThinkPHP/Common/functions.php on line 588 and defined /mnt/www/html/huangwei/tmls/App/Admin/Model/ClassifyModel.class.php 第 8 行.
NOTIC: [2] Missing argument 3 for Admin\Model\ClassifyModel::__construct(), called in /mnt/www/html/huangwei/tmls/ThinkPHP/Common/functions.php on line 588 and defined /mnt/www/html/huangwei/tmls/App/Admin/Model/ClassifyModel.class.php 第 8 行.
NOTIC: [8] Undefined variable: tablePrefix /mnt/www/html/huangwei/tmls/App/Admin/Model/ClassifyModel.class.php 第 10 行.
NOTIC: [8] Undefined variable: connection /mnt/www/html/huangwei/tmls/App/Admin/Model/ClassifyModel.class.php 第 10 行.
SQL: SHOW COLUMNS FROM `classify` [ RunTime:0.0004s ]
SQL: SELECT * FROM `classify` WHERE `shopid` = 1 AND `pid` = 0 AND `isshow` = 1 ORDER BY sort+1 desc  [ RunTime:0.0002s ]
SQL: SHOW COLUMNS FROM `weixin_config` [ RunTime:0.0005s ]
SQL: SELECT `value` FROM `weixin_config` WHERE `name` = 'phone' LIMIT 1   [ RunTime:0.0002s ]
INFO: [ view_parse ] --START--
INFO: [ template_filter ] --START--
INFO: Run Behavior\ContentReplaceBehavior [ RunTime:0.000087s ]
INFO: [ template_filter ] --END-- [ RunTime:0.000153s ]
NOTIC: [8] Undefined index: urls /mnt/www/html/huangwei/tmls/App/Common/Common/function.php 第 115 行.
NOTIC: [8] Undefined index: title /mnt/www/html/huangwei/tmls/Runtime/Cache/Home/00e52909bed743ea261af4b6823297ff.php 第 116 行.
NOTIC: [8] Undefined index: title /mnt/www/html/huangwei/tmls/Runtime/Cache/Home/00e52909bed743ea261af4b6823297ff.php 第 116 行.
NOTIC: [8] Undefined index: title /mnt/www/html/huangwei/tmls/Runtime/Cache/Home/00e52909bed743ea261af4b6823297ff.php 第 116 行.
NOTIC: [8] Undefined index: title /mnt/www/html/huangwei/tmls/Runtime/Cache/Home/00e52909bed743ea261af4b6823297ff.php 第 172 行.
NOTIC: [8] Undefined index: title /mnt/www/html/huangwei/tmls/Runtime/Cache/Home/00e52909bed743ea261af4b6823297ff.php 第 193 行.
NOTIC: [8] Undefined index: title /mnt/www/html/huangwei/tmls/Runtime/Cache/Home/00e52909bed743ea261af4b6823297ff.php 第 214 行.
NOTIC: [8] Undefined variable: data /mnt/www/html/huangwei/tmls/Runtime/Cache/Home/00e52909bed743ea261af4b6823297ff.php 第 252 行.
INFO: Run Behavior\ParseTemplateBehavior [ RunTime:0.075006s ]
INFO: [ view_parse ] --END-- [ RunTime:0.075070s ]
INFO: [ view_filter ] --START--
INFO: Run Behavior\WriteHtmlCacheBehavior [ RunTime:0.000229s ]
INFO: [ view_filter ] --END-- [ RunTime:0.000285s ]
INFO: [ app_end ] --START--
INFO: Run Behavior\ShowPageTraceBehavior [ RunTime:0.000485s ]
INFO: [ app_end ] --END-- [ RunTime:0.000552s ]

[ 2017-03-18T10:37:28+08:00 ] 101.47.19.11 /Home/center/index.html
INFO: [ app_init ] --START--
INFO: Run Behavior\BuildLiteBehavior [ RunTime:0.000019s ]
INFO: [ app_init ] --END-- [ RunTime:0.000322s ]
INFO: [ app_begin ] --START--
INFO: Run Behavior\ReadHtmlCacheBehavior [ RunTime:0.000351s ]
INFO: [ app_begin ] --END-- [ RunTime:0.000394s ]
NOTIC: [2] Missing argument 2 for Home\Model\UserModel::__construct(), called in /mnt/www/html/huangwei/tmls/ThinkPHP/Common/functions.php on line 588 and defined /mnt/www/html/huangwei/tmls/App/Home/Model/UserModel.class.php 第 10 行.
NOTIC: [2] Missing argument 3 for Home\Model\UserModel::__construct(), called in /mnt/www/html/huangwei/tmls/ThinkPHP/Common/functions.php on line 588 and defined /mnt/www/html/huangwei/tmls/App/Home/Model/UserModel.class.php 第 10 行.
NOTIC: [8] Undefined variable: tablePrefix /mnt/www/html/huangwei/tmls/App/Home/Model/UserModel.class.php 第 12 行.
NOTIC: [8] Undefined variable: connection /mnt/www/html/huangwei/tmls/App/Home/Model/UserModel.class.php 第 12 行.
SQL: SHOW COLUMNS FROM `user` [ RunTime:0.0007s ]
INFO: [ view_parse ] --START--
INFO: [ template_filter ] --START--
INFO: Run Behavior\ContentReplaceBehavior [ RunTime:0.000046s ]
INFO: [ template_filter ] --END-- [ RunTime:0.000090s ]
INFO: Run Behavior\ParseTemplateBehavior [ RunTime:0.007037s ]
INFO: [ view_parse ] --END-- [ RunTime:0.007083s ]
INFO: [ view_filter ] --START--
INFO: Run Behavior\WriteHtmlCacheBehavior [ RunTime:0.000121s ]
INFO: [ view_filter ] --END-- [ RunTime:0.000158s ]
INFO: [ app_end ] --START--
INFO: Run Behavior\ShowPageTraceBehavior [ RunTime:0.000337s ]
INFO: [ app_end ] --END-- [ RunTime:0.000385s ]

