[ 2017-06-05T08:14:18+08:00 ] 101.226.102.59 /Home/weixin/login/?url=http%3A%2F%2Fshopceshi.sunday.so%2FHome%2Fcenter%2Findex.html
INFO: [ app_init ] --START--
INFO: Run Behavior\BuildLiteBehavior [ RunTime:0.000011s ]
INFO: [ app_init ] --END-- [ RunTime:0.000090s ]
INFO: [ app_begin ] --START--
INFO: Run Behavior\ReadHtmlCacheBehavior [ RunTime:0.000047s ]
INFO: [ app_begin ] --END-- [ RunTime:0.000071s ]
INFO: [ app_end ] --START--
INFO: Run Behavior\ShowPageTraceBehavior [ RunTime:0.000049s ]
INFO: [ app_end ] --END-- [ RunTime:0.000081s ]

[ 2017-06-05T08:14:19+08:00 ] 140.207.54.218 /
INFO: [ app_init ] --START--
INFO: Run Behavior\BuildLiteBehavior [ RunTime:0.000010s ]
INFO: [ app_init ] --END-- [ RunTime:0.000079s ]
INFO: [ app_begin ] --START--
INFO: Run Behavior\ReadHtmlCacheBehavior [ RunTime:0.000038s ]
INFO: [ app_begin ] --END-- [ RunTime:0.000063s ]

[ 2017-06-05T08:14:20+08:00 ] 101.226.102.59 /Home/weixin/callback/?code=001pWNiS095d0b2iHflS0cOziS0pWNil&state=830437020902deb388c662d27119e055bf4871f2
INFO: [ app_init ] --START--
INFO: Run Behavior\BuildLiteBehavior [ RunTime:0.000011s ]
INFO: [ app_init ] --END-- [ RunTime:0.000081s ]
INFO: [ app_begin ] --START--
INFO: Run Behavior\ReadHtmlCacheBehavior [ RunTime:0.000039s ]
INFO: [ app_begin ] --END-- [ RunTime:0.000064s ]
NOTIC: [2] Missing argument 2 for Home\Model\UserModel::__construct(), called in /mnt/www/html/huangwei/tmls/ThinkPHP/Common/functions.php on line 588 and defined /mnt/www/html/huangwei/tmls/App/Home/Model/UserModel.class.php 第 10 行.
NOTIC: [2] Missing argument 3 for Home\Model\UserModel::__construct(), called in /mnt/www/html/huangwei/tmls/ThinkPHP/Common/functions.php on line 588 and defined /mnt/www/html/huangwei/tmls/App/Home/Model/UserModel.class.php 第 10 行.
NOTIC: [8] Undefined variable: tablePrefix /mnt/www/html/huangwei/tmls/App/Home/Model/UserModel.class.php 第 12 行.
NOTIC: [8] Undefined variable: connection /mnt/www/html/huangwei/tmls/App/Home/Model/UserModel.class.php 第 12 行.
SQL: SHOW COLUMNS FROM `user` [ RunTime:0.0019s ]
SQL: SELECT * FROM `user` WHERE `openid` = 'oGklKuEEyKZ_tU_8MyYDelIbj_MI' LIMIT 1   [ RunTime:0.0003s ]
SQL: INSERT INTO `user` (`openid`,`nickname`,`integral`,`shopid`,`img`) VALUES ('oGklKuEEyKZ_tU_8MyYDelIbj_MI','凉生','0','1','http://wx.qlogo.cn/mmopen/y4YGdib4g26n63Rw5t4bUGAfhXIyAfPXqTTETic2Z2c6drUcG1XffLB6bRicNAgYGElicARkHtwleeSDdM81zxgIib1a1My0EVWuz/0') [ RunTime:0.0023s ]
ERR: Think\Controller:reg方法不存在！

[ 2017-06-05T08:14:21+08:00 ] 101.226.102.59 /Home/weixin/login/?url=http%3A%2F%2Fshopceshi.sunday.so%2FHome%2Fuser%2Fkefu
INFO: [ app_init ] --START--
INFO: Run Behavior\BuildLiteBehavior [ RunTime:0.000009s ]
INFO: [ app_init ] --END-- [ RunTime:0.000087s ]
INFO: [ app_begin ] --START--
INFO: Run Behavior\ReadHtmlCacheBehavior [ RunTime:0.000042s ]
INFO: [ app_begin ] --END-- [ RunTime:0.000065s ]
INFO: [ app_end ] --START--
INFO: Run Behavior\ShowPageTraceBehavior [ RunTime:0.000047s ]
INFO: [ app_end ] --END-- [ RunTime:0.000079s ]

[ 2017-06-05T08:14:23+08:00 ] 101.226.102.59 /Home/weixin/callback/?code=0016qvu21fmEeN15Jkv21Njuu216qvun&state=aae9c0a64890e6110deabe745e5a037b4a6fb1be
INFO: [ app_init ] --START--
INFO: Run Behavior\BuildLiteBehavior [ RunTime:0.000009s ]
INFO: [ app_init ] --END-- [ RunTime:0.000074s ]
INFO: [ app_begin ] --START--
INFO: Run Behavior\ReadHtmlCacheBehavior [ RunTime:0.000034s ]
INFO: [ app_begin ] --END-- [ RunTime:0.000060s ]
NOTIC: [2] Missing argument 2 for Home\Model\UserModel::__construct(), called in /mnt/www/html/huangwei/tmls/ThinkPHP/Common/functions.php on line 588 and defined /mnt/www/html/huangwei/tmls/App/Home/Model/UserModel.class.php 第 10 行.
NOTIC: [2] Missing argument 3 for Home\Model\UserModel::__construct(), called in /mnt/www/html/huangwei/tmls/ThinkPHP/Common/functions.php on line 588 and defined /mnt/www/html/huangwei/tmls/App/Home/Model/UserModel.class.php 第 10 行.
NOTIC: [8] Undefined variable: tablePrefix /mnt/www/html/huangwei/tmls/App/Home/Model/UserModel.class.php 第 12 行.
NOTIC: [8] Undefined variable: connection /mnt/www/html/huangwei/tmls/App/Home/Model/UserModel.class.php 第 12 行.
SQL: SHOW COLUMNS FROM `user` [ RunTime:0.0005s ]
SQL: SELECT * FROM `user` WHERE `openid` = 'oGklKuEEyKZ_tU_8MyYDelIbj_MI' LIMIT 1   [ RunTime:0.0002s ]

[ 2017-06-05T09:55:14+08:00 ] 223.93.158.132 /home/index/login
INFO: [ app_init ] --START--
INFO: Run Behavior\BuildLiteBehavior [ RunTime:0.000010s ]
INFO: [ app_init ] --END-- [ RunTime:0.000088s ]
INFO: [ app_begin ] --START--
INFO: Run Behavior\ReadHtmlCacheBehavior [ RunTime:0.000061s ]
INFO: [ app_begin ] --END-- [ RunTime:0.000089s ]
SQL: SHOW COLUMNS FROM `user` [ RunTime:0.0005s ]
SQL: SELECT * FROM `user` WHERE `id` = 1 LIMIT 1   [ RunTime:0.0002s ]
INFO: [ app_end ] --START--
INFO: Run Behavior\ShowPageTraceBehavior [ RunTime:0.000056s ]
INFO: [ app_end ] --END-- [ RunTime:0.000082s ]

[ 2017-06-05T09:55:18+08:00 ] 223.93.158.132 /
INFO: [ app_init ] --START--
INFO: Run Behavior\BuildLiteBehavior [ RunTime:0.000010s ]
INFO: [ app_init ] --END-- [ RunTime:0.000091s ]
INFO: [ app_begin ] --START--
INFO: Run Behavior\ReadHtmlCacheBehavior [ RunTime:0.000047s ]
INFO: [ app_begin ] --END-- [ RunTime:0.000075s ]
NOTIC: [2] Missing argument 2 for Home\Model\UserModel::__construct(), called in /mnt/www/html/huangwei/tmls/ThinkPHP/Common/functions.php on line 588 and defined /mnt/www/html/huangwei/tmls/App/Home/Model/UserModel.class.php 第 10 行.
NOTIC: [2] Missing argument 3 for Home\Model\UserModel::__construct(), called in /mnt/www/html/huangwei/tmls/ThinkPHP/Common/functions.php on line 588 and defined /mnt/www/html/huangwei/tmls/App/Home/Model/UserModel.class.php 第 10 行.
NOTIC: [8] Undefined variable: tablePrefix /mnt/www/html/huangwei/tmls/App/Home/Model/UserModel.class.php 第 12 行.
NOTIC: [8] Undefined variable: connection /mnt/www/html/huangwei/tmls/App/Home/Model/UserModel.class.php 第 12 行.
SQL: SHOW COLUMNS FROM `user` [ RunTime:0.0005s ]
SQL: SELECT * FROM `user` WHERE `id` = 1 LIMIT 1   [ RunTime:0.0001s ]
NOTIC: [2] Missing argument 2 for Admin\Model\CarouselModel::__construct(), called in /mnt/www/html/huangwei/tmls/ThinkPHP/Common/functions.php on line 588 and defined /mnt/www/html/huangwei/tmls/App/Admin/Model/CarouselModel.class.php 第 9 行.
NOTIC: [2] Missing argument 3 for Admin\Model\CarouselModel::__construct(), called in /mnt/www/html/huangwei/tmls/ThinkPHP/Common/functions.php on line 588 and defined /mnt/www/html/huangwei/tmls/App/Admin/Model/CarouselModel.class.php 第 9 行.
NOTIC: [8] Undefined variable: tablePrefix /mnt/www/html/huangwei/tmls/App/Admin/Model/CarouselModel.class.php 第 11 行.
NOTIC: [8] Undefined variable: connection /mnt/www/html/huangwei/tmls/App/Admin/Model/CarouselModel.class.php 第 11 行.
SQL: SHOW COLUMNS FROM `carousel` [ RunTime:0.0003s ]
SQL: SELECT `position`,`carouselimg`,`url` FROM `carousel` WHERE `shopid` = 1  [ RunTime:0.0001s ]
SQL: SHOW COLUMNS FROM `custom_page` [ RunTime:0.0003s ]
SQL: SELECT * FROM `custom_page` WHERE `id` = 1 LIMIT 1   [ RunTime:0.0001s ]
NOTIC: [2] Missing argument 2 for Admin\Model\ClassifyModel::__construct(), called in /mnt/www/html/huangwei/tmls/ThinkPHP/Common/functions.php on line 588 and defined /mnt/www/html/huangwei/tmls/App/Admin/Model/ClassifyModel.class.php 第 8 行.
NOTIC: [2] Missing argument 3 for Admin\Model\ClassifyModel::__construct(), called in /mnt/www/html/huangwei/tmls/ThinkPHP/Common/functions.php on line 588 and defined /mnt/www/html/huangwei/tmls/App/Admin/Model/ClassifyModel.class.php 第 8 行.
NOTIC: [8] Undefined variable: tablePrefix /mnt/www/html/huangwei/tmls/App/Admin/Model/ClassifyModel.class.php 第 10 行.
NOTIC: [8] Undefined variable: connection /mnt/www/html/huangwei/tmls/App/Admin/Model/ClassifyModel.class.php 第 10 行.
SQL: SHOW COLUMNS FROM `classify` [ RunTime:0.0003s ]
SQL: SELECT * FROM `classify` WHERE `shopid` = 1 AND `pid` = 0 AND `isshow` = 1 ORDER BY sort+1 desc  [ RunTime:0.0001s ]
SQL: SHOW COLUMNS FROM `weixin_config` [ RunTime:0.0005s ]
SQL: SELECT `value` FROM `weixin_config` WHERE `name` = 'phone' LIMIT 1   [ RunTime:0.0001s ]
INFO: [ view_parse ] --START--
INFO: [ template_filter ] --START--
INFO: Run Behavior\ContentReplaceBehavior [ RunTime:0.000062s ]
INFO: [ template_filter ] --END-- [ RunTime:0.000093s ]
NOTIC: [8] Undefined index: title /mnt/www/html/huangwei/tmls/Runtime/Cache/Home/00e52909bed743ea261af4b6823297ff.php 第 120 行.
NOTIC: [8] Undefined index: title /mnt/www/html/huangwei/tmls/Runtime/Cache/Home/00e52909bed743ea261af4b6823297ff.php 第 120 行.
NOTIC: [8] Undefined index: title /mnt/www/html/huangwei/tmls/Runtime/Cache/Home/00e52909bed743ea261af4b6823297ff.php 第 120 行.
NOTIC: [8] Undefined index: title /mnt/www/html/huangwei/tmls/Runtime/Cache/Home/00e52909bed743ea261af4b6823297ff.php 第 179 行.
NOTIC: [8] Undefined index: title /mnt/www/html/huangwei/tmls/Runtime/Cache/Home/00e52909bed743ea261af4b6823297ff.php 第 200 行.
NOTIC: [8] Undefined index: title /mnt/www/html/huangwei/tmls/Runtime/Cache/Home/00e52909bed743ea261af4b6823297ff.php 第 221 行.
NOTIC: [8] Undefined variable: data /mnt/www/html/huangwei/tmls/Runtime/Cache/Home/00e52909bed743ea261af4b6823297ff.php 第 259 行.
INFO: Run Behavior\ParseTemplateBehavior [ RunTime:0.076548s ]
INFO: [ view_parse ] --END-- [ RunTime:0.076587s ]
INFO: [ view_filter ] --START--
INFO: Run Behavior\WriteHtmlCacheBehavior [ RunTime:0.000080s ]
INFO: [ view_filter ] --END-- [ RunTime:0.000102s ]
INFO: [ app_end ] --START--
INFO: Run Behavior\ShowPageTraceBehavior [ RunTime:0.000048s ]
INFO: [ app_end ] --END-- [ RunTime:0.000072s ]

[ 2017-06-05T09:55:21+08:00 ] 223.93.158.132 /Home/center/index.html
INFO: [ app_init ] --START--
INFO: Run Behavior\BuildLiteBehavior [ RunTime:0.000010s ]
INFO: [ app_init ] --END-- [ RunTime:0.000094s ]
INFO: [ app_begin ] --START--
INFO: Run Behavior\ReadHtmlCacheBehavior [ RunTime:0.000040s ]
INFO: [ app_begin ] --END-- [ RunTime:0.000065s ]
NOTIC: [2] Missing argument 2 for Home\Model\UserModel::__construct(), called in /mnt/www/html/huangwei/tmls/ThinkPHP/Common/functions.php on line 588 and defined /mnt/www/html/huangwei/tmls/App/Home/Model/UserModel.class.php 第 10 行.
NOTIC: [2] Missing argument 3 for Home\Model\UserModel::__construct(), called in /mnt/www/html/huangwei/tmls/ThinkPHP/Common/functions.php on line 588 and defined /mnt/www/html/huangwei/tmls/App/Home/Model/UserModel.class.php 第 10 行.
NOTIC: [8] Undefined variable: tablePrefix /mnt/www/html/huangwei/tmls/App/Home/Model/UserModel.class.php 第 12 行.
NOTIC: [8] Undefined variable: connection /mnt/www/html/huangwei/tmls/App/Home/Model/UserModel.class.php 第 12 行.
SQL: SHOW COLUMNS FROM `user` [ RunTime:0.0006s ]
INFO: [ view_parse ] --START--
INFO: [ template_filter ] --START--
INFO: Run Behavior\ContentReplaceBehavior [ RunTime:0.000051s ]
INFO: [ template_filter ] --END-- [ RunTime:0.000081s ]
INFO: Run Behavior\ParseTemplateBehavior [ RunTime:0.003687s ]
INFO: [ view_parse ] --END-- [ RunTime:0.003718s ]
INFO: [ view_filter ] --START--
INFO: Run Behavior\WriteHtmlCacheBehavior [ RunTime:0.000045s ]
INFO: [ view_filter ] --END-- [ RunTime:0.000065s ]
INFO: [ app_end ] --START--
INFO: Run Behavior\ShowPageTraceBehavior [ RunTime:0.000060s ]
INFO: [ app_end ] --END-- [ RunTime:0.000101s ]

[ 2017-06-05T09:55:23+08:00 ] 223.93.158.132 /Home/address/lists.html
INFO: [ app_init ] --START--
INFO: Run Behavior\BuildLiteBehavior [ RunTime:0.000008s ]
INFO: [ app_init ] --END-- [ RunTime:0.000072s ]
INFO: [ app_begin ] --START--
INFO: Run Behavior\ReadHtmlCacheBehavior [ RunTime:0.000038s ]
INFO: [ app_begin ] --END-- [ RunTime:0.000063s ]
NOTIC: [2] Missing argument 2 for Home\Model\AddressModel::__construct(), called in /mnt/www/html/huangwei/tmls/ThinkPHP/Common/functions.php on line 588 and defined /mnt/www/html/huangwei/tmls/App/Home/Model/AddressModel.class.php 第 10 行.
NOTIC: [2] Missing argument 3 for Home\Model\AddressModel::__construct(), called in /mnt/www/html/huangwei/tmls/ThinkPHP/Common/functions.php on line 588 and defined /mnt/www/html/huangwei/tmls/App/Home/Model/AddressModel.class.php 第 10 行.
NOTIC: [8] Undefined variable: tablePrefix /mnt/www/html/huangwei/tmls/App/Home/Model/AddressModel.class.php 第 12 行.
NOTIC: [8] Undefined variable: connection /mnt/www/html/huangwei/tmls/App/Home/Model/AddressModel.class.php 第 12 行.
SQL: SHOW COLUMNS FROM `address` [ RunTime:0.0005s ]
SQL: SELECT * FROM `address` WHERE `uid` = 1  [ RunTime:0.0004s ]
INFO: [ view_parse ] --START--
INFO: [ template_filter ] --START--
INFO: Run Behavior\ContentReplaceBehavior [ RunTime:0.000039s ]
INFO: [ template_filter ] --END-- [ RunTime:0.000068s ]
INFO: Run Behavior\ParseTemplateBehavior [ RunTime:0.002389s ]
INFO: [ view_parse ] --END-- [ RunTime:0.002419s ]
INFO: [ view_filter ] --START--
INFO: Run Behavior\WriteHtmlCacheBehavior [ RunTime:0.000036s ]
INFO: [ view_filter ] --END-- [ RunTime:0.000054s ]
INFO: [ app_end ] --START--
INFO: Run Behavior\ShowPageTraceBehavior [ RunTime:0.000036s ]
INFO: [ app_end ] --END-- [ RunTime:0.000057s ]

[ 2017-06-05T09:55:49+08:00 ] 223.93.158.132 /Home/address/add/
INFO: [ app_init ] --START--
INFO: Run Behavior\BuildLiteBehavior [ RunTime:0.000008s ]
INFO: [ app_init ] --END-- [ RunTime:0.000081s ]
INFO: [ app_begin ] --START--
INFO: Run Behavior\ReadHtmlCacheBehavior [ RunTime:0.000038s ]
INFO: [ app_begin ] --END-- [ RunTime:0.000063s ]
NOTIC: [2] Missing argument 2 for Home\Model\AddressModel::__construct(), called in /mnt/www/html/huangwei/tmls/ThinkPHP/Common/functions.php on line 588 and defined /mnt/www/html/huangwei/tmls/App/Home/Model/AddressModel.class.php 第 10 行.
NOTIC: [2] Missing argument 3 for Home\Model\AddressModel::__construct(), called in /mnt/www/html/huangwei/tmls/ThinkPHP/Common/functions.php on line 588 and defined /mnt/www/html/huangwei/tmls/App/Home/Model/AddressModel.class.php 第 10 行.
NOTIC: [8] Undefined variable: tablePrefix /mnt/www/html/huangwei/tmls/App/Home/Model/AddressModel.class.php 第 12 行.
NOTIC: [8] Undefined variable: connection /mnt/www/html/huangwei/tmls/App/Home/Model/AddressModel.class.php 第 12 行.
SQL: SHOW COLUMNS FROM `address` [ RunTime:0.0005s ]
NOTIC: [8] Undefined index: validate /mnt/www/html/huangwei/tmls/ThinkPHP/Library/Think/Model.class.php 第 1185 行.
NOTIC: [8] Undefined index: auto /mnt/www/html/huangwei/tmls/ThinkPHP/Library/Think/Model.class.php 第 1128 行.
SQL: SELECT COUNT(*) AS tp_count FROM `address` WHERE `uid` = 1 LIMIT 1   [ RunTime:0.0002s ]
SQL: INSERT INTO `address` (`name`,`phone`,`province`,`address`,`uid`,`city`,`district`) VALUES ('奥术大师多 ','15487411544','浙江','驱蚊器二','1','杭州','滨江区') [ RunTime:0.0022s ]
SQL: SHOW COLUMNS FROM `order` [ RunTime:0.0004s ]
SQL: UPDATE `order` SET `addressid`='11' WHERE `orderid` = 0 [ RunTime:0.0001s ]

[ 2017-06-05T09:55:50+08:00 ] 223.93.158.132 /Home/Address/set_default?id=11
INFO: [ app_init ] --START--
INFO: Run Behavior\BuildLiteBehavior [ RunTime:0.000009s ]
INFO: [ app_init ] --END-- [ RunTime:0.000085s ]
INFO: [ app_begin ] --START--
INFO: Run Behavior\ReadHtmlCacheBehavior [ RunTime:0.000035s ]
INFO: [ app_begin ] --END-- [ RunTime:0.000058s ]
NOTIC: [2] Missing argument 2 for Home\Model\AddressModel::__construct(), called in /mnt/www/html/huangwei/tmls/ThinkPHP/Common/functions.php on line 588 and defined /mnt/www/html/huangwei/tmls/App/Home/Model/AddressModel.class.php 第 10 行.
NOTIC: [2] Missing argument 3 for Home\Model\AddressModel::__construct(), called in /mnt/www/html/huangwei/tmls/ThinkPHP/Common/functions.php on line 588 and defined /mnt/www/html/huangwei/tmls/App/Home/Model/AddressModel.class.php 第 10 行.
NOTIC: [8] Undefined variable: tablePrefix /mnt/www/html/huangwei/tmls/App/Home/Model/AddressModel.class.php 第 12 行.
NOTIC: [8] Undefined variable: connection /mnt/www/html/huangwei/tmls/App/Home/Model/AddressModel.class.php 第 12 行.
SQL: SHOW COLUMNS FROM `address` [ RunTime:0.0005s ]
SQL: UPDATE `address` SET `is_default`='0' WHERE `uid` = 1 [ RunTime:0.0002s ]
SQL: UPDATE `address` SET `is_default`='1' WHERE `uid` = 1 AND `addressid` = 11 [ RunTime:0.0002s ]

[ 2017-06-05T09:56:30+08:00 ] 223.93.158.132 /Home/Address/set_default?id=11
INFO: [ app_init ] --START--
INFO: Run Behavior\BuildLiteBehavior [ RunTime:0.000010s ]
INFO: [ app_init ] --END-- [ RunTime:0.000083s ]
INFO: [ app_begin ] --START--
INFO: Run Behavior\ReadHtmlCacheBehavior [ RunTime:0.000044s ]
INFO: [ app_begin ] --END-- [ RunTime:0.000067s ]
NOTIC: [2] Missing argument 2 for Home\Model\AddressModel::__construct(), called in /mnt/www/html/huangwei/tmls/ThinkPHP/Common/functions.php on line 588 and defined /mnt/www/html/huangwei/tmls/App/Home/Model/AddressModel.class.php 第 10 行.
NOTIC: [2] Missing argument 3 for Home\Model\AddressModel::__construct(), called in /mnt/www/html/huangwei/tmls/ThinkPHP/Common/functions.php on line 588 and defined /mnt/www/html/huangwei/tmls/App/Home/Model/AddressModel.class.php 第 10 行.
NOTIC: [8] Undefined variable: tablePrefix /mnt/www/html/huangwei/tmls/App/Home/Model/AddressModel.class.php 第 12 行.
NOTIC: [8] Undefined variable: connection /mnt/www/html/huangwei/tmls/App/Home/Model/AddressModel.class.php 第 12 行.
SQL: SHOW COLUMNS FROM `address` [ RunTime:0.0005s ]
SQL: UPDATE `address` SET `is_default`='0' WHERE `uid` = 1 [ RunTime:0.0002s ]
SQL: UPDATE `address` SET `is_default`='1' WHERE `uid` = 1 AND `addressid` = 11 [ RunTime:0.0001s ]

[ 2017-06-05T09:56:30+08:00 ] 223.93.158.132 /Home/Address/set_default?id=11
INFO: [ app_init ] --START--
INFO: Run Behavior\BuildLiteBehavior [ RunTime:0.000010s ]
INFO: [ app_init ] --END-- [ RunTime:0.000074s ]
INFO: [ app_begin ] --START--
INFO: Run Behavior\ReadHtmlCacheBehavior [ RunTime:0.000034s ]
INFO: [ app_begin ] --END-- [ RunTime:0.000057s ]
NOTIC: [2] Missing argument 2 for Home\Model\AddressModel::__construct(), called in /mnt/www/html/huangwei/tmls/ThinkPHP/Common/functions.php on line 588 and defined /mnt/www/html/huangwei/tmls/App/Home/Model/AddressModel.class.php 第 10 行.
NOTIC: [2] Missing argument 3 for Home\Model\AddressModel::__construct(), called in /mnt/www/html/huangwei/tmls/ThinkPHP/Common/functions.php on line 588 and defined /mnt/www/html/huangwei/tmls/App/Home/Model/AddressModel.class.php 第 10 行.
NOTIC: [8] Undefined variable: tablePrefix /mnt/www/html/huangwei/tmls/App/Home/Model/AddressModel.class.php 第 12 行.
NOTIC: [8] Undefined variable: connection /mnt/www/html/huangwei/tmls/App/Home/Model/AddressModel.class.php 第 12 行.
SQL: SHOW COLUMNS FROM `address` [ RunTime:0.0005s ]
SQL: UPDATE `address` SET `is_default`='0' WHERE `uid` = 1 [ RunTime:0.0002s ]
SQL: UPDATE `address` SET `is_default`='1' WHERE `uid` = 1 AND `addressid` = 11 [ RunTime:0.0001s ]

[ 2017-06-05T09:56:30+08:00 ] 223.93.158.132 /Home/Address/set_default?id=11
INFO: [ app_init ] --START--
INFO: Run Behavior\BuildLiteBehavior [ RunTime:0.000009s ]
INFO: [ app_init ] --END-- [ RunTime:0.000072s ]
INFO: [ app_begin ] --START--
INFO: Run Behavior\ReadHtmlCacheBehavior [ RunTime:0.000034s ]
INFO: [ app_begin ] --END-- [ RunTime:0.000056s ]
NOTIC: [2] Missing argument 2 for Home\Model\AddressModel::__construct(), called in /mnt/www/html/huangwei/tmls/ThinkPHP/Common/functions.php on line 588 and defined /mnt/www/html/huangwei/tmls/App/Home/Model/AddressModel.class.php 第 10 行.
NOTIC: [2] Missing argument 3 for Home\Model\AddressModel::__construct(), called in /mnt/www/html/huangwei/tmls/ThinkPHP/Common/functions.php on line 588 and defined /mnt/www/html/huangwei/tmls/App/Home/Model/AddressModel.class.php 第 10 行.
NOTIC: [8] Undefined variable: tablePrefix /mnt/www/html/huangwei/tmls/App/Home/Model/AddressModel.class.php 第 12 行.
NOTIC: [8] Undefined variable: connection /mnt/www/html/huangwei/tmls/App/Home/Model/AddressModel.class.php 第 12 行.
SQL: SHOW COLUMNS FROM `address` [ RunTime:0.0005s ]
SQL: UPDATE `address` SET `is_default`='0' WHERE `uid` = 1 [ RunTime:0.0002s ]
SQL: UPDATE `address` SET `is_default`='1' WHERE `uid` = 1 AND `addressid` = 11 [ RunTime:0.0001s ]

[ 2017-06-05T09:56:30+08:00 ] 223.93.158.132 /Home/Address/set_default?id=11
INFO: [ app_init ] --START--
INFO: Run Behavior\BuildLiteBehavior [ RunTime:0.000009s ]
INFO: [ app_init ] --END-- [ RunTime:0.000073s ]
INFO: [ app_begin ] --START--
INFO: Run Behavior\ReadHtmlCacheBehavior [ RunTime:0.000036s ]
INFO: [ app_begin ] --END-- [ RunTime:0.000059s ]
NOTIC: [2] Missing argument 2 for Home\Model\AddressModel::__construct(), called in /mnt/www/html/huangwei/tmls/ThinkPHP/Common/functions.php on line 588 and defined /mnt/www/html/huangwei/tmls/App/Home/Model/AddressModel.class.php 第 10 行.
NOTIC: [2] Missing argument 3 for Home\Model\AddressModel::__construct(), called in /mnt/www/html/huangwei/tmls/ThinkPHP/Common/functions.php on line 588 and defined /mnt/www/html/huangwei/tmls/App/Home/Model/AddressModel.class.php 第 10 行.
NOTIC: [8] Undefined variable: tablePrefix /mnt/www/html/huangwei/tmls/App/Home/Model/AddressModel.class.php 第 12 行.
NOTIC: [8] Undefined variable: connection /mnt/www/html/huangwei/tmls/App/Home/Model/AddressModel.class.php 第 12 行.
SQL: SHOW COLUMNS FROM `address` [ RunTime:0.0005s ]
SQL: UPDATE `address` SET `is_default`='0' WHERE `uid` = 1 [ RunTime:0.0002s ]
SQL: UPDATE `address` SET `is_default`='1' WHERE `uid` = 1 AND `addressid` = 11 [ RunTime:0.0001s ]

[ 2017-06-05T09:56:31+08:00 ] 223.93.158.132 /Home/Address/set_default?id=11
INFO: [ app_init ] --START--
INFO: Run Behavior\BuildLiteBehavior [ RunTime:0.000009s ]
INFO: [ app_init ] --END-- [ RunTime:0.000082s ]
INFO: [ app_begin ] --START--
INFO: Run Behavior\ReadHtmlCacheBehavior [ RunTime:0.000040s ]
INFO: [ app_begin ] --END-- [ RunTime:0.000064s ]
NOTIC: [2] Missing argument 2 for Home\Model\AddressModel::__construct(), called in /mnt/www/html/huangwei/tmls/ThinkPHP/Common/functions.php on line 588 and defined /mnt/www/html/huangwei/tmls/App/Home/Model/AddressModel.class.php 第 10 行.
NOTIC: [2] Missing argument 3 for Home\Model\AddressModel::__construct(), called in /mnt/www/html/huangwei/tmls/ThinkPHP/Common/functions.php on line 588 and defined /mnt/www/html/huangwei/tmls/App/Home/Model/AddressModel.class.php 第 10 行.
NOTIC: [8] Undefined variable: tablePrefix /mnt/www/html/huangwei/tmls/App/Home/Model/AddressModel.class.php 第 12 行.
NOTIC: [8] Undefined variable: connection /mnt/www/html/huangwei/tmls/App/Home/Model/AddressModel.class.php 第 12 行.
SQL: SHOW COLUMNS FROM `address` [ RunTime:0.0005s ]
SQL: UPDATE `address` SET `is_default`='0' WHERE `uid` = 1 [ RunTime:0.0002s ]
SQL: UPDATE `address` SET `is_default`='1' WHERE `uid` = 1 AND `addressid` = 11 [ RunTime:0.0001s ]

[ 2017-06-05T09:56:31+08:00 ] 223.93.158.132 /Home/Address/set_default?id=11
INFO: [ app_init ] --START--
INFO: Run Behavior\BuildLiteBehavior [ RunTime:0.000009s ]
INFO: [ app_init ] --END-- [ RunTime:0.000075s ]
INFO: [ app_begin ] --START--
INFO: Run Behavior\ReadHtmlCacheBehavior [ RunTime:0.000036s ]
INFO: [ app_begin ] --END-- [ RunTime:0.000059s ]
NOTIC: [2] Missing argument 2 for Home\Model\AddressModel::__construct(), called in /mnt/www/html/huangwei/tmls/ThinkPHP/Common/functions.php on line 588 and defined /mnt/www/html/huangwei/tmls/App/Home/Model/AddressModel.class.php 第 10 行.
NOTIC: [2] Missing argument 3 for Home\Model\AddressModel::__construct(), called in /mnt/www/html/huangwei/tmls/ThinkPHP/Common/functions.php on line 588 and defined /mnt/www/html/huangwei/tmls/App/Home/Model/AddressModel.class.php 第 10 行.
NOTIC: [8] Undefined variable: tablePrefix /mnt/www/html/huangwei/tmls/App/Home/Model/AddressModel.class.php 第 12 行.
NOTIC: [8] Undefined variable: connection /mnt/www/html/huangwei/tmls/App/Home/Model/AddressModel.class.php 第 12 行.
SQL: SHOW COLUMNS FROM `address` [ RunTime:0.0005s ]
SQL: UPDATE `address` SET `is_default`='0' WHERE `uid` = 1 [ RunTime:0.0002s ]
SQL: UPDATE `address` SET `is_default`='1' WHERE `uid` = 1 AND `addressid` = 11 [ RunTime:0.0001s ]

[ 2017-06-05T09:56:31+08:00 ] 223.93.158.132 /Home/Address/set_default?id=11
INFO: [ app_init ] --START--
INFO: Run Behavior\BuildLiteBehavior [ RunTime:0.000008s ]
INFO: [ app_init ] --END-- [ RunTime:0.000073s ]
INFO: [ app_begin ] --START--
INFO: Run Behavior\ReadHtmlCacheBehavior [ RunTime:0.000035s ]
INFO: [ app_begin ] --END-- [ RunTime:0.000058s ]
NOTIC: [2] Missing argument 2 for Home\Model\AddressModel::__construct(), called in /mnt/www/html/huangwei/tmls/ThinkPHP/Common/functions.php on line 588 and defined /mnt/www/html/huangwei/tmls/App/Home/Model/AddressModel.class.php 第 10 行.
NOTIC: [2] Missing argument 3 for Home\Model\AddressModel::__construct(), called in /mnt/www/html/huangwei/tmls/ThinkPHP/Common/functions.php on line 588 and defined /mnt/www/html/huangwei/tmls/App/Home/Model/AddressModel.class.php 第 10 行.
NOTIC: [8] Undefined variable: tablePrefix /mnt/www/html/huangwei/tmls/App/Home/Model/AddressModel.class.php 第 12 行.
NOTIC: [8] Undefined variable: connection /mnt/www/html/huangwei/tmls/App/Home/Model/AddressModel.class.php 第 12 行.
SQL: SHOW COLUMNS FROM `address` [ RunTime:0.0005s ]
SQL: UPDATE `address` SET `is_default`='0' WHERE `uid` = 1 [ RunTime:0.0002s ]
SQL: UPDATE `address` SET `is_default`='1' WHERE `uid` = 1 AND `addressid` = 11 [ RunTime:0.0001s ]

[ 2017-06-05T09:56:31+08:00 ] 223.93.158.132 /Home/Address/set_default?id=11
INFO: [ app_init ] --START--
INFO: Run Behavior\BuildLiteBehavior [ RunTime:0.000009s ]
INFO: [ app_init ] --END-- [ RunTime:0.000075s ]
INFO: [ app_begin ] --START--
INFO: Run Behavior\ReadHtmlCacheBehavior [ RunTime:0.000034s ]
INFO: [ app_begin ] --END-- [ RunTime:0.000057s ]
NOTIC: [2] Missing argument 2 for Home\Model\AddressModel::__construct(), called in /mnt/www/html/huangwei/tmls/ThinkPHP/Common/functions.php on line 588 and defined /mnt/www/html/huangwei/tmls/App/Home/Model/AddressModel.class.php 第 10 行.
NOTIC: [2] Missing argument 3 for Home\Model\AddressModel::__construct(), called in /mnt/www/html/huangwei/tmls/ThinkPHP/Common/functions.php on line 588 and defined /mnt/www/html/huangwei/tmls/App/Home/Model/AddressModel.class.php 第 10 行.
NOTIC: [8] Undefined variable: tablePrefix /mnt/www/html/huangwei/tmls/App/Home/Model/AddressModel.class.php 第 12 行.
NOTIC: [8] Undefined variable: connection /mnt/www/html/huangwei/tmls/App/Home/Model/AddressModel.class.php 第 12 行.
SQL: SHOW COLUMNS FROM `address` [ RunTime:0.0005s ]
SQL: UPDATE `address` SET `is_default`='0' WHERE `uid` = 1 [ RunTime:0.0002s ]
SQL: UPDATE `address` SET `is_default`='1' WHERE `uid` = 1 AND `addressid` = 11 [ RunTime:0.0001s ]

[ 2017-06-05T09:56:31+08:00 ] 223.93.158.132 /Home/Address/set_default?id=11
INFO: [ app_init ] --START--
INFO: Run Behavior\BuildLiteBehavior [ RunTime:0.000009s ]
INFO: [ app_init ] --END-- [ RunTime:0.000073s ]
INFO: [ app_begin ] --START--
INFO: Run Behavior\ReadHtmlCacheBehavior [ RunTime:0.000034s ]
INFO: [ app_begin ] --END-- [ RunTime:0.000058s ]
NOTIC: [2] Missing argument 2 for Home\Model\AddressModel::__construct(), called in /mnt/www/html/huangwei/tmls/ThinkPHP/Common/functions.php on line 588 and defined /mnt/www/html/huangwei/tmls/App/Home/Model/AddressModel.class.php 第 10 行.
NOTIC: [2] Missing argument 3 for Home\Model\AddressModel::__construct(), called in /mnt/www/html/huangwei/tmls/ThinkPHP/Common/functions.php on line 588 and defined /mnt/www/html/huangwei/tmls/App/Home/Model/AddressModel.class.php 第 10 行.
NOTIC: [8] Undefined variable: tablePrefix /mnt/www/html/huangwei/tmls/App/Home/Model/AddressModel.class.php 第 12 行.
NOTIC: [8] Undefined variable: connection /mnt/www/html/huangwei/tmls/App/Home/Model/AddressModel.class.php 第 12 行.
SQL: SHOW COLUMNS FROM `address` [ RunTime:0.0005s ]
SQL: UPDATE `address` SET `is_default`='0' WHERE `uid` = 1 [ RunTime:0.0002s ]
SQL: UPDATE `address` SET `is_default`='1' WHERE `uid` = 1 AND `addressid` = 11 [ RunTime:0.0001s ]

[ 2017-06-05T09:56:32+08:00 ] 223.93.158.132 /Home/Address/set_default?id=11
INFO: [ app_init ] --START--
INFO: Run Behavior\BuildLiteBehavior [ RunTime:0.000009s ]
INFO: [ app_init ] --END-- [ RunTime:0.000072s ]
INFO: [ app_begin ] --START--
INFO: Run Behavior\ReadHtmlCacheBehavior [ RunTime:0.000034s ]
INFO: [ app_begin ] --END-- [ RunTime:0.000058s ]
NOTIC: [2] Missing argument 2 for Home\Model\AddressModel::__construct(), called in /mnt/www/html/huangwei/tmls/ThinkPHP/Common/functions.php on line 588 and defined /mnt/www/html/huangwei/tmls/App/Home/Model/AddressModel.class.php 第 10 行.
NOTIC: [2] Missing argument 3 for Home\Model\AddressModel::__construct(), called in /mnt/www/html/huangwei/tmls/ThinkPHP/Common/functions.php on line 588 and defined /mnt/www/html/huangwei/tmls/App/Home/Model/AddressModel.class.php 第 10 行.
NOTIC: [8] Undefined variable: tablePrefix /mnt/www/html/huangwei/tmls/App/Home/Model/AddressModel.class.php 第 12 行.
NOTIC: [8] Undefined variable: connection /mnt/www/html/huangwei/tmls/App/Home/Model/AddressModel.class.php 第 12 行.
SQL: SHOW COLUMNS FROM `address` [ RunTime:0.0005s ]
SQL: UPDATE `address` SET `is_default`='0' WHERE `uid` = 1 [ RunTime:0.0002s ]
SQL: UPDATE `address` SET `is_default`='1' WHERE `uid` = 1 AND `addressid` = 11 [ RunTime:0.0001s ]

[ 2017-06-05T09:56:32+08:00 ] 223.93.158.132 /Home/Address/set_default?id=11
INFO: [ app_init ] --START--
INFO: Run Behavior\BuildLiteBehavior [ RunTime:0.000009s ]
INFO: [ app_init ] --END-- [ RunTime:0.000073s ]
INFO: [ app_begin ] --START--
INFO: Run Behavior\ReadHtmlCacheBehavior [ RunTime:0.000033s ]
INFO: [ app_begin ] --END-- [ RunTime:0.000056s ]
NOTIC: [2] Missing argument 2 for Home\Model\AddressModel::__construct(), called in /mnt/www/html/huangwei/tmls/ThinkPHP/Common/functions.php on line 588 and defined /mnt/www/html/huangwei/tmls/App/Home/Model/AddressModel.class.php 第 10 行.
NOTIC: [2] Missing argument 3 for Home\Model\AddressModel::__construct(), called in /mnt/www/html/huangwei/tmls/ThinkPHP/Common/functions.php on line 588 and defined /mnt/www/html/huangwei/tmls/App/Home/Model/AddressModel.class.php 第 10 行.
NOTIC: [8] Undefined variable: tablePrefix /mnt/www/html/huangwei/tmls/App/Home/Model/AddressModel.class.php 第 12 行.
NOTIC: [8] Undefined variable: connection /mnt/www/html/huangwei/tmls/App/Home/Model/AddressModel.class.php 第 12 行.
SQL: SHOW COLUMNS FROM `address` [ RunTime:0.0005s ]
SQL: UPDATE `address` SET `is_default`='0' WHERE `uid` = 1 [ RunTime:0.0002s ]
SQL: UPDATE `address` SET `is_default`='1' WHERE `uid` = 1 AND `addressid` = 11 [ RunTime:0.0001s ]

[ 2017-06-05T09:56:32+08:00 ] 223.93.158.132 /Home/Address/set_default?id=11
INFO: [ app_init ] --START--
INFO: Run Behavior\BuildLiteBehavior [ RunTime:0.000009s ]
INFO: [ app_init ] --END-- [ RunTime:0.000074s ]
INFO: [ app_begin ] --START--
INFO: Run Behavior\ReadHtmlCacheBehavior [ RunTime:0.000035s ]
INFO: [ app_begin ] --END-- [ RunTime:0.000058s ]
NOTIC: [2] Missing argument 2 for Home\Model\AddressModel::__construct(), called in /mnt/www/html/huangwei/tmls/ThinkPHP/Common/functions.php on line 588 and defined /mnt/www/html/huangwei/tmls/App/Home/Model/AddressModel.class.php 第 10 行.
NOTIC: [2] Missing argument 3 for Home\Model\AddressModel::__construct(), called in /mnt/www/html/huangwei/tmls/ThinkPHP/Common/functions.php on line 588 and defined /mnt/www/html/huangwei/tmls/App/Home/Model/AddressModel.class.php 第 10 行.
NOTIC: [8] Undefined variable: tablePrefix /mnt/www/html/huangwei/tmls/App/Home/Model/AddressModel.class.php 第 12 行.
NOTIC: [8] Undefined variable: connection /mnt/www/html/huangwei/tmls/App/Home/Model/AddressModel.class.php 第 12 行.
SQL: SHOW COLUMNS FROM `address` [ RunTime:0.0005s ]
SQL: UPDATE `address` SET `is_default`='0' WHERE `uid` = 1 [ RunTime:0.0002s ]
SQL: UPDATE `address` SET `is_default`='1' WHERE `uid` = 1 AND `addressid` = 11 [ RunTime:0.0001s ]

[ 2017-06-05T09:56:32+08:00 ] 223.93.158.132 /Home/Address/set_default?id=11
INFO: [ app_init ] --START--
INFO: Run Behavior\BuildLiteBehavior [ RunTime:0.000008s ]
INFO: [ app_init ] --END-- [ RunTime:0.000072s ]
INFO: [ app_begin ] --START--
INFO: Run Behavior\ReadHtmlCacheBehavior [ RunTime:0.000047s ]
INFO: [ app_begin ] --END-- [ RunTime:0.000070s ]
NOTIC: [2] Missing argument 2 for Home\Model\AddressModel::__construct(), called in /mnt/www/html/huangwei/tmls/ThinkPHP/Common/functions.php on line 588 and defined /mnt/www/html/huangwei/tmls/App/Home/Model/AddressModel.class.php 第 10 行.
NOTIC: [2] Missing argument 3 for Home\Model\AddressModel::__construct(), called in /mnt/www/html/huangwei/tmls/ThinkPHP/Common/functions.php on line 588 and defined /mnt/www/html/huangwei/tmls/App/Home/Model/AddressModel.class.php 第 10 行.
NOTIC: [8] Undefined variable: tablePrefix /mnt/www/html/huangwei/tmls/App/Home/Model/AddressModel.class.php 第 12 行.
NOTIC: [8] Undefined variable: connection /mnt/www/html/huangwei/tmls/App/Home/Model/AddressModel.class.php 第 12 行.
SQL: SHOW COLUMNS FROM `address` [ RunTime:0.0005s ]
SQL: UPDATE `address` SET `is_default`='0' WHERE `uid` = 1 [ RunTime:0.0002s ]
SQL: UPDATE `address` SET `is_default`='1' WHERE `uid` = 1 AND `addressid` = 11 [ RunTime:0.0001s ]

[ 2017-06-05T09:56:33+08:00 ] 223.93.158.132 /Home/Address/set_default?id=11
INFO: [ app_init ] --START--
INFO: Run Behavior\BuildLiteBehavior [ RunTime:0.000009s ]
INFO: [ app_init ] --END-- [ RunTime:0.000071s ]
INFO: [ app_begin ] --START--
INFO: Run Behavior\ReadHtmlCacheBehavior [ RunTime:0.000033s ]
INFO: [ app_begin ] --END-- [ RunTime:0.000055s ]
NOTIC: [2] Missing argument 2 for Home\Model\AddressModel::__construct(), called in /mnt/www/html/huangwei/tmls/ThinkPHP/Common/functions.php on line 588 and defined /mnt/www/html/huangwei/tmls/App/Home/Model/AddressModel.class.php 第 10 行.
NOTIC: [2] Missing argument 3 for Home\Model\AddressModel::__construct(), called in /mnt/www/html/huangwei/tmls/ThinkPHP/Common/functions.php on line 588 and defined /mnt/www/html/huangwei/tmls/App/Home/Model/AddressModel.class.php 第 10 行.
NOTIC: [8] Undefined variable: tablePrefix /mnt/www/html/huangwei/tmls/App/Home/Model/AddressModel.class.php 第 12 行.
NOTIC: [8] Undefined variable: connection /mnt/www/html/huangwei/tmls/App/Home/Model/AddressModel.class.php 第 12 行.
SQL: SHOW COLUMNS FROM `address` [ RunTime:0.0005s ]
SQL: UPDATE `address` SET `is_default`='0' WHERE `uid` = 1 [ RunTime:0.0002s ]
SQL: UPDATE `address` SET `is_default`='1' WHERE `uid` = 1 AND `addressid` = 11 [ RunTime:0.0001s ]

[ 2017-06-05T09:56:33+08:00 ] 223.93.158.132 /Home/Address/set_default?id=11
INFO: [ app_init ] --START--
INFO: Run Behavior\BuildLiteBehavior [ RunTime:0.000009s ]
INFO: [ app_init ] --END-- [ RunTime:0.000074s ]
INFO: [ app_begin ] --START--
INFO: Run Behavior\ReadHtmlCacheBehavior [ RunTime:0.000035s ]
INFO: [ app_begin ] --END-- [ RunTime:0.000081s ]
NOTIC: [2] Missing argument 2 for Home\Model\AddressModel::__construct(), called in /mnt/www/html/huangwei/tmls/ThinkPHP/Common/functions.php on line 588 and defined /mnt/www/html/huangwei/tmls/App/Home/Model/AddressModel.class.php 第 10 行.
NOTIC: [2] Missing argument 3 for Home\Model\AddressModel::__construct(), called in /mnt/www/html/huangwei/tmls/ThinkPHP/Common/functions.php on line 588 and defined /mnt/www/html/huangwei/tmls/App/Home/Model/AddressModel.class.php 第 10 行.
NOTIC: [8] Undefined variable: tablePrefix /mnt/www/html/huangwei/tmls/App/Home/Model/AddressModel.class.php 第 12 行.
NOTIC: [8] Undefined variable: connection /mnt/www/html/huangwei/tmls/App/Home/Model/AddressModel.class.php 第 12 行.
SQL: SHOW COLUMNS FROM `address` [ RunTime:0.0005s ]
SQL: UPDATE `address` SET `is_default`='0' WHERE `uid` = 1 [ RunTime:0.0002s ]
SQL: UPDATE `address` SET `is_default`='1' WHERE `uid` = 1 AND `addressid` = 11 [ RunTime:0.0001s ]

[ 2017-06-05T09:56:35+08:00 ] 223.93.158.132 /Home/Address/set_default?id=11
INFO: [ app_init ] --START--
INFO: Run Behavior\BuildLiteBehavior [ RunTime:0.000009s ]
INFO: [ app_init ] --END-- [ RunTime:0.000078s ]
INFO: [ app_begin ] --START--
INFO: Run Behavior\ReadHtmlCacheBehavior [ RunTime:0.000037s ]
INFO: [ app_begin ] --END-- [ RunTime:0.000059s ]
NOTIC: [2] Missing argument 2 for Home\Model\AddressModel::__construct(), called in /mnt/www/html/huangwei/tmls/ThinkPHP/Common/functions.php on line 588 and defined /mnt/www/html/huangwei/tmls/App/Home/Model/AddressModel.class.php 第 10 行.
NOTIC: [2] Missing argument 3 for Home\Model\AddressModel::__construct(), called in /mnt/www/html/huangwei/tmls/ThinkPHP/Common/functions.php on line 588 and defined /mnt/www/html/huangwei/tmls/App/Home/Model/AddressModel.class.php 第 10 行.
NOTIC: [8] Undefined variable: tablePrefix /mnt/www/html/huangwei/tmls/App/Home/Model/AddressModel.class.php 第 12 行.
NOTIC: [8] Undefined variable: connection /mnt/www/html/huangwei/tmls/App/Home/Model/AddressModel.class.php 第 12 行.
SQL: SHOW COLUMNS FROM `address` [ RunTime:0.0005s ]
SQL: UPDATE `address` SET `is_default`='0' WHERE `uid` = 1 [ RunTime:0.0002s ]
SQL: UPDATE `address` SET `is_default`='1' WHERE `uid` = 1 AND `addressid` = 11 [ RunTime:0.0002s ]

[ 2017-06-05T09:56:36+08:00 ] 223.93.158.132 /Home/Address/set_default?id=11
INFO: [ app_init ] --START--
INFO: Run Behavior\BuildLiteBehavior [ RunTime:0.000008s ]
INFO: [ app_init ] --END-- [ RunTime:0.000071s ]
INFO: [ app_begin ] --START--
INFO: Run Behavior\ReadHtmlCacheBehavior [ RunTime:0.000033s ]
INFO: [ app_begin ] --END-- [ RunTime:0.000056s ]
NOTIC: [2] Missing argument 2 for Home\Model\AddressModel::__construct(), called in /mnt/www/html/huangwei/tmls/ThinkPHP/Common/functions.php on line 588 and defined /mnt/www/html/huangwei/tmls/App/Home/Model/AddressModel.class.php 第 10 行.
NOTIC: [2] Missing argument 3 for Home\Model\AddressModel::__construct(), called in /mnt/www/html/huangwei/tmls/ThinkPHP/Common/functions.php on line 588 and defined /mnt/www/html/huangwei/tmls/App/Home/Model/AddressModel.class.php 第 10 行.
NOTIC: [8] Undefined variable: tablePrefix /mnt/www/html/huangwei/tmls/App/Home/Model/AddressModel.class.php 第 12 行.
NOTIC: [8] Undefined variable: connection /mnt/www/html/huangwei/tmls/App/Home/Model/AddressModel.class.php 第 12 行.
SQL: SHOW COLUMNS FROM `address` [ RunTime:0.0005s ]
SQL: UPDATE `address` SET `is_default`='0' WHERE `uid` = 1 [ RunTime:0.0002s ]
SQL: UPDATE `address` SET `is_default`='1' WHERE `uid` = 1 AND `addressid` = 11 [ RunTime:0.0001s ]

[ 2017-06-05T09:56:36+08:00 ] 223.93.158.132 /Home/Address/set_default?id=11
INFO: [ app_init ] --START--
INFO: Run Behavior\BuildLiteBehavior [ RunTime:0.000009s ]
INFO: [ app_init ] --END-- [ RunTime:0.000080s ]
INFO: [ app_begin ] --START--
INFO: Run Behavior\ReadHtmlCacheBehavior [ RunTime:0.000034s ]
INFO: [ app_begin ] --END-- [ RunTime:0.000056s ]
NOTIC: [2] Missing argument 2 for Home\Model\AddressModel::__construct(), called in /mnt/www/html/huangwei/tmls/ThinkPHP/Common/functions.php on line 588 and defined /mnt/www/html/huangwei/tmls/App/Home/Model/AddressModel.class.php 第 10 行.
NOTIC: [2] Missing argument 3 for Home\Model\AddressModel::__construct(), called in /mnt/www/html/huangwei/tmls/ThinkPHP/Common/functions.php on line 588 and defined /mnt/www/html/huangwei/tmls/App/Home/Model/AddressModel.class.php 第 10 行.
NOTIC: [8] Undefined variable: tablePrefix /mnt/www/html/huangwei/tmls/App/Home/Model/AddressModel.class.php 第 12 行.
NOTIC: [8] Undefined variable: connection /mnt/www/html/huangwei/tmls/App/Home/Model/AddressModel.class.php 第 12 行.
SQL: SHOW COLUMNS FROM `address` [ RunTime:0.0005s ]
SQL: UPDATE `address` SET `is_default`='0' WHERE `uid` = 1 [ RunTime:0.0002s ]
SQL: UPDATE `address` SET `is_default`='1' WHERE `uid` = 1 AND `addressid` = 11 [ RunTime:0.0001s ]

[ 2017-06-05T09:56:36+08:00 ] 223.93.158.132 /Home/Address/set_default?id=11
INFO: [ app_init ] --START--
INFO: Run Behavior\BuildLiteBehavior [ RunTime:0.000018s ]
INFO: [ app_init ] --END-- [ RunTime:0.000081s ]
INFO: [ app_begin ] --START--
INFO: Run Behavior\ReadHtmlCacheBehavior [ RunTime:0.000034s ]
INFO: [ app_begin ] --END-- [ RunTime:0.000057s ]
NOTIC: [2] Missing argument 2 for Home\Model\AddressModel::__construct(), called in /mnt/www/html/huangwei/tmls/ThinkPHP/Common/functions.php on line 588 and defined /mnt/www/html/huangwei/tmls/App/Home/Model/AddressModel.class.php 第 10 行.
NOTIC: [2] Missing argument 3 for Home\Model\AddressModel::__construct(), called in /mnt/www/html/huangwei/tmls/ThinkPHP/Common/functions.php on line 588 and defined /mnt/www/html/huangwei/tmls/App/Home/Model/AddressModel.class.php 第 10 行.
NOTIC: [8] Undefined variable: tablePrefix /mnt/www/html/huangwei/tmls/App/Home/Model/AddressModel.class.php 第 12 行.
NOTIC: [8] Undefined variable: connection /mnt/www/html/huangwei/tmls/App/Home/Model/AddressModel.class.php 第 12 行.
SQL: SHOW COLUMNS FROM `address` [ RunTime:0.0005s ]
SQL: UPDATE `address` SET `is_default`='0' WHERE `uid` = 1 [ RunTime:0.0002s ]
SQL: UPDATE `address` SET `is_default`='1' WHERE `uid` = 1 AND `addressid` = 11 [ RunTime:0.0001s ]

[ 2017-06-05T09:56:36+08:00 ] 223.93.158.132 /Home/Address/set_default?id=11
INFO: [ app_init ] --START--
INFO: Run Behavior\BuildLiteBehavior [ RunTime:0.000008s ]
INFO: [ app_init ] --END-- [ RunTime:0.000072s ]
INFO: [ app_begin ] --START--
INFO: Run Behavior\ReadHtmlCacheBehavior [ RunTime:0.000036s ]
INFO: [ app_begin ] --END-- [ RunTime:0.000061s ]
NOTIC: [2] Missing argument 2 for Home\Model\AddressModel::__construct(), called in /mnt/www/html/huangwei/tmls/ThinkPHP/Common/functions.php on line 588 and defined /mnt/www/html/huangwei/tmls/App/Home/Model/AddressModel.class.php 第 10 行.
NOTIC: [2] Missing argument 3 for Home\Model\AddressModel::__construct(), called in /mnt/www/html/huangwei/tmls/ThinkPHP/Common/functions.php on line 588 and defined /mnt/www/html/huangwei/tmls/App/Home/Model/AddressModel.class.php 第 10 行.
NOTIC: [8] Undefined variable: tablePrefix /mnt/www/html/huangwei/tmls/App/Home/Model/AddressModel.class.php 第 12 行.
NOTIC: [8] Undefined variable: connection /mnt/www/html/huangwei/tmls/App/Home/Model/AddressModel.class.php 第 12 行.
SQL: SHOW COLUMNS FROM `address` [ RunTime:0.0005s ]
SQL: UPDATE `address` SET `is_default`='0' WHERE `uid` = 1 [ RunTime:0.0002s ]
SQL: UPDATE `address` SET `is_default`='1' WHERE `uid` = 1 AND `addressid` = 11 [ RunTime:0.0001s ]

[ 2017-06-05T09:56:36+08:00 ] 223.93.158.132 /Home/Address/set_default?id=11
INFO: [ app_init ] --START--
INFO: Run Behavior\BuildLiteBehavior [ RunTime:0.000008s ]
INFO: [ app_init ] --END-- [ RunTime:0.000073s ]
INFO: [ app_begin ] --START--
INFO: Run Behavior\ReadHtmlCacheBehavior [ RunTime:0.000035s ]
INFO: [ app_begin ] --END-- [ RunTime:0.000058s ]
NOTIC: [2] Missing argument 2 for Home\Model\AddressModel::__construct(), called in /mnt/www/html/huangwei/tmls/ThinkPHP/Common/functions.php on line 588 and defined /mnt/www/html/huangwei/tmls/App/Home/Model/AddressModel.class.php 第 10 行.
NOTIC: [2] Missing argument 3 for Home\Model\AddressModel::__construct(), called in /mnt/www/html/huangwei/tmls/ThinkPHP/Common/functions.php on line 588 and defined /mnt/www/html/huangwei/tmls/App/Home/Model/AddressModel.class.php 第 10 行.
NOTIC: [8] Undefined variable: tablePrefix /mnt/www/html/huangwei/tmls/App/Home/Model/AddressModel.class.php 第 12 行.
NOTIC: [8] Undefined variable: connection /mnt/www/html/huangwei/tmls/App/Home/Model/AddressModel.class.php 第 12 行.
SQL: SHOW COLUMNS FROM `address` [ RunTime:0.0005s ]
SQL: UPDATE `address` SET `is_default`='0' WHERE `uid` = 1 [ RunTime:0.0002s ]
SQL: UPDATE `address` SET `is_default`='1' WHERE `uid` = 1 AND `addressid` = 11 [ RunTime:0.0001s ]

[ 2017-06-05T09:56:37+08:00 ] 223.93.158.132 /Home/Address/set_default?id=11
INFO: [ app_init ] --START--
INFO: Run Behavior\BuildLiteBehavior [ RunTime:0.000009s ]
INFO: [ app_init ] --END-- [ RunTime:0.000072s ]
INFO: [ app_begin ] --START--
INFO: Run Behavior\ReadHtmlCacheBehavior [ RunTime:0.000034s ]
INFO: [ app_begin ] --END-- [ RunTime:0.000057s ]
NOTIC: [2] Missing argument 2 for Home\Model\AddressModel::__construct(), called in /mnt/www/html/huangwei/tmls/ThinkPHP/Common/functions.php on line 588 and defined /mnt/www/html/huangwei/tmls/App/Home/Model/AddressModel.class.php 第 10 行.
NOTIC: [2] Missing argument 3 for Home\Model\AddressModel::__construct(), called in /mnt/www/html/huangwei/tmls/ThinkPHP/Common/functions.php on line 588 and defined /mnt/www/html/huangwei/tmls/App/Home/Model/AddressModel.class.php 第 10 行.
NOTIC: [8] Undefined variable: tablePrefix /mnt/www/html/huangwei/tmls/App/Home/Model/AddressModel.class.php 第 12 行.
NOTIC: [8] Undefined variable: connection /mnt/www/html/huangwei/tmls/App/Home/Model/AddressModel.class.php 第 12 行.
SQL: SHOW COLUMNS FROM `address` [ RunTime:0.0005s ]
SQL: UPDATE `address` SET `is_default`='0' WHERE `uid` = 1 [ RunTime:0.0002s ]
SQL: UPDATE `address` SET `is_default`='1' WHERE `uid` = 1 AND `addressid` = 11 [ RunTime:0.0001s ]

[ 2017-06-05T09:56:37+08:00 ] 223.93.158.132 /Home/Address/set_default?id=11
INFO: [ app_init ] --START--
INFO: Run Behavior\BuildLiteBehavior [ RunTime:0.000008s ]
INFO: [ app_init ] --END-- [ RunTime:0.000071s ]
INFO: [ app_begin ] --START--
INFO: Run Behavior\ReadHtmlCacheBehavior [ RunTime:0.000034s ]
INFO: [ app_begin ] --END-- [ RunTime:0.000056s ]
NOTIC: [2] Missing argument 2 for Home\Model\AddressModel::__construct(), called in /mnt/www/html/huangwei/tmls/ThinkPHP/Common/functions.php on line 588 and defined /mnt/www/html/huangwei/tmls/App/Home/Model/AddressModel.class.php 第 10 行.
NOTIC: [2] Missing argument 3 for Home\Model\AddressModel::__construct(), called in /mnt/www/html/huangwei/tmls/ThinkPHP/Common/functions.php on line 588 and defined /mnt/www/html/huangwei/tmls/App/Home/Model/AddressModel.class.php 第 10 行.
NOTIC: [8] Undefined variable: tablePrefix /mnt/www/html/huangwei/tmls/App/Home/Model/AddressModel.class.php 第 12 行.
NOTIC: [8] Undefined variable: connection /mnt/www/html/huangwei/tmls/App/Home/Model/AddressModel.class.php 第 12 行.
SQL: SHOW COLUMNS FROM `address` [ RunTime:0.0005s ]
SQL: UPDATE `address` SET `is_default`='0' WHERE `uid` = 1 [ RunTime:0.0002s ]
SQL: UPDATE `address` SET `is_default`='1' WHERE `uid` = 1 AND `addressid` = 11 [ RunTime:0.0001s ]

[ 2017-06-05T09:56:38+08:00 ] 223.93.158.132 /Home/Address/set_default?id=11
INFO: [ app_init ] --START--
INFO: Run Behavior\BuildLiteBehavior [ RunTime:0.000009s ]
INFO: [ app_init ] --END-- [ RunTime:0.000079s ]
INFO: [ app_begin ] --START--
INFO: Run Behavior\ReadHtmlCacheBehavior [ RunTime:0.000040s ]
INFO: [ app_begin ] --END-- [ RunTime:0.000062s ]
NOTIC: [2] Missing argument 2 for Home\Model\AddressModel::__construct(), called in /mnt/www/html/huangwei/tmls/ThinkPHP/Common/functions.php on line 588 and defined /mnt/www/html/huangwei/tmls/App/Home/Model/AddressModel.class.php 第 10 行.
NOTIC: [2] Missing argument 3 for Home\Model\AddressModel::__construct(), called in /mnt/www/html/huangwei/tmls/ThinkPHP/Common/functions.php on line 588 and defined /mnt/www/html/huangwei/tmls/App/Home/Model/AddressModel.class.php 第 10 行.
NOTIC: [8] Undefined variable: tablePrefix /mnt/www/html/huangwei/tmls/App/Home/Model/AddressModel.class.php 第 12 行.
NOTIC: [8] Undefined variable: connection /mnt/www/html/huangwei/tmls/App/Home/Model/AddressModel.class.php 第 12 行.
SQL: SHOW COLUMNS FROM `address` [ RunTime:0.0005s ]
SQL: UPDATE `address` SET `is_default`='0' WHERE `uid` = 1 [ RunTime:0.0002s ]
SQL: UPDATE `address` SET `is_default`='1' WHERE `uid` = 1 AND `addressid` = 11 [ RunTime:0.0001s ]

[ 2017-06-05T09:56:38+08:00 ] 223.93.158.132 /Home/Address/set_default?id=11
INFO: [ app_init ] --START--
INFO: Run Behavior\BuildLiteBehavior [ RunTime:0.000008s ]
INFO: [ app_init ] --END-- [ RunTime:0.000062s ]
INFO: [ app_begin ] --START--
INFO: Run Behavior\ReadHtmlCacheBehavior [ RunTime:0.000034s ]
INFO: [ app_begin ] --END-- [ RunTime:0.000057s ]
NOTIC: [2] Missing argument 2 for Home\Model\AddressModel::__construct(), called in /mnt/www/html/huangwei/tmls/ThinkPHP/Common/functions.php on line 588 and defined /mnt/www/html/huangwei/tmls/App/Home/Model/AddressModel.class.php 第 10 行.
NOTIC: [2] Missing argument 3 for Home\Model\AddressModel::__construct(), called in /mnt/www/html/huangwei/tmls/ThinkPHP/Common/functions.php on line 588 and defined /mnt/www/html/huangwei/tmls/App/Home/Model/AddressModel.class.php 第 10 行.
NOTIC: [8] Undefined variable: tablePrefix /mnt/www/html/huangwei/tmls/App/Home/Model/AddressModel.class.php 第 12 行.
NOTIC: [8] Undefined variable: connection /mnt/www/html/huangwei/tmls/App/Home/Model/AddressModel.class.php 第 12 行.
SQL: SHOW COLUMNS FROM `address` [ RunTime:0.0004s ]
SQL: UPDATE `address` SET `is_default`='0' WHERE `uid` = 1 [ RunTime:0.0002s ]
SQL: UPDATE `address` SET `is_default`='1' WHERE `uid` = 1 AND `addressid` = 11 [ RunTime:0.0001s ]

[ 2017-06-05T09:56:38+08:00 ] 223.93.158.132 /Home/Address/set_default?id=11
INFO: [ app_init ] --START--
INFO: Run Behavior\BuildLiteBehavior [ RunTime:0.000008s ]
INFO: [ app_init ] --END-- [ RunTime:0.000074s ]
INFO: [ app_begin ] --START--
INFO: Run Behavior\ReadHtmlCacheBehavior [ RunTime:0.000034s ]
INFO: [ app_begin ] --END-- [ RunTime:0.000057s ]
NOTIC: [2] Missing argument 2 for Home\Model\AddressModel::__construct(), called in /mnt/www/html/huangwei/tmls/ThinkPHP/Common/functions.php on line 588 and defined /mnt/www/html/huangwei/tmls/App/Home/Model/AddressModel.class.php 第 10 行.
NOTIC: [2] Missing argument 3 for Home\Model\AddressModel::__construct(), called in /mnt/www/html/huangwei/tmls/ThinkPHP/Common/functions.php on line 588 and defined /mnt/www/html/huangwei/tmls/App/Home/Model/AddressModel.class.php 第 10 行.
NOTIC: [8] Undefined variable: tablePrefix /mnt/www/html/huangwei/tmls/App/Home/Model/AddressModel.class.php 第 12 行.
NOTIC: [8] Undefined variable: connection /mnt/www/html/huangwei/tmls/App/Home/Model/AddressModel.class.php 第 12 行.
SQL: SHOW COLUMNS FROM `address` [ RunTime:0.0004s ]
SQL: UPDATE `address` SET `is_default`='0' WHERE `uid` = 1 [ RunTime:0.0002s ]
SQL: UPDATE `address` SET `is_default`='1' WHERE `uid` = 1 AND `addressid` = 11 [ RunTime:0.0001s ]

[ 2017-06-05T09:56:44+08:00 ] 223.93.158.132 /Home/Address/set_default?id=11
INFO: [ app_init ] --START--
INFO: Run Behavior\BuildLiteBehavior [ RunTime:0.000009s ]
INFO: [ app_init ] --END-- [ RunTime:0.000080s ]
INFO: [ app_begin ] --START--
INFO: Run Behavior\ReadHtmlCacheBehavior [ RunTime:0.000037s ]
INFO: [ app_begin ] --END-- [ RunTime:0.000060s ]
NOTIC: [2] Missing argument 2 for Home\Model\AddressModel::__construct(), called in /mnt/www/html/huangwei/tmls/ThinkPHP/Common/functions.php on line 588 and defined /mnt/www/html/huangwei/tmls/App/Home/Model/AddressModel.class.php 第 10 行.
NOTIC: [2] Missing argument 3 for Home\Model\AddressModel::__construct(), called in /mnt/www/html/huangwei/tmls/ThinkPHP/Common/functions.php on line 588 and defined /mnt/www/html/huangwei/tmls/App/Home/Model/AddressModel.class.php 第 10 行.
NOTIC: [8] Undefined variable: tablePrefix /mnt/www/html/huangwei/tmls/App/Home/Model/AddressModel.class.php 第 12 行.
NOTIC: [8] Undefined variable: connection /mnt/www/html/huangwei/tmls/App/Home/Model/AddressModel.class.php 第 12 行.
SQL: SHOW COLUMNS FROM `address` [ RunTime:0.0005s ]
SQL: UPDATE `address` SET `is_default`='0' WHERE `uid` = 1 [ RunTime:0.0002s ]
SQL: UPDATE `address` SET `is_default`='1' WHERE `uid` = 1 AND `addressid` = 11 [ RunTime:0.0001s ]

[ 2017-06-05T09:56:44+08:00 ] 223.93.158.132 /Home/Address/set_default?id=11
INFO: [ app_init ] --START--
INFO: Run Behavior\BuildLiteBehavior [ RunTime:0.000008s ]
INFO: [ app_init ] --END-- [ RunTime:0.000090s ]
INFO: [ app_begin ] --START--
INFO: Run Behavior\ReadHtmlCacheBehavior [ RunTime:0.000035s ]
INFO: [ app_begin ] --END-- [ RunTime:0.000057s ]
NOTIC: [2] Missing argument 2 for Home\Model\AddressModel::__construct(), called in /mnt/www/html/huangwei/tmls/ThinkPHP/Common/functions.php on line 588 and defined /mnt/www/html/huangwei/tmls/App/Home/Model/AddressModel.class.php 第 10 行.
NOTIC: [2] Missing argument 3 for Home\Model\AddressModel::__construct(), called in /mnt/www/html/huangwei/tmls/ThinkPHP/Common/functions.php on line 588 and defined /mnt/www/html/huangwei/tmls/App/Home/Model/AddressModel.class.php 第 10 行.
NOTIC: [8] Undefined variable: tablePrefix /mnt/www/html/huangwei/tmls/App/Home/Model/AddressModel.class.php 第 12 行.
NOTIC: [8] Undefined variable: connection /mnt/www/html/huangwei/tmls/App/Home/Model/AddressModel.class.php 第 12 行.
SQL: SHOW COLUMNS FROM `address` [ RunTime:0.0004s ]
SQL: UPDATE `address` SET `is_default`='0' WHERE `uid` = 1 [ RunTime:0.0002s ]
SQL: UPDATE `address` SET `is_default`='1' WHERE `uid` = 1 AND `addressid` = 11 [ RunTime:0.0001s ]

[ 2017-06-05T09:56:44+08:00 ] 223.93.158.132 /Home/Address/set_default?id=11
INFO: [ app_init ] --START--
INFO: Run Behavior\BuildLiteBehavior [ RunTime:0.000008s ]
INFO: [ app_init ] --END-- [ RunTime:0.000072s ]
INFO: [ app_begin ] --START--
INFO: Run Behavior\ReadHtmlCacheBehavior [ RunTime:0.000034s ]
INFO: [ app_begin ] --END-- [ RunTime:0.000056s ]
NOTIC: [2] Missing argument 2 for Home\Model\AddressModel::__construct(), called in /mnt/www/html/huangwei/tmls/ThinkPHP/Common/functions.php on line 588 and defined /mnt/www/html/huangwei/tmls/App/Home/Model/AddressModel.class.php 第 10 行.
NOTIC: [2] Missing argument 3 for Home\Model\AddressModel::__construct(), called in /mnt/www/html/huangwei/tmls/ThinkPHP/Common/functions.php on line 588 and defined /mnt/www/html/huangwei/tmls/App/Home/Model/AddressModel.class.php 第 10 行.
NOTIC: [8] Undefined variable: tablePrefix /mnt/www/html/huangwei/tmls/App/Home/Model/AddressModel.class.php 第 12 行.
NOTIC: [8] Undefined variable: connection /mnt/www/html/huangwei/tmls/App/Home/Model/AddressModel.class.php 第 12 行.
SQL: SHOW COLUMNS FROM `address` [ RunTime:0.0005s ]
SQL: UPDATE `address` SET `is_default`='0' WHERE `uid` = 1 [ RunTime:0.0002s ]
SQL: UPDATE `address` SET `is_default`='1' WHERE `uid` = 1 AND `addressid` = 11 [ RunTime:0.0001s ]

[ 2017-06-05T09:56:52+08:00 ] 223.93.158.132 /
INFO: [ app_init ] --START--
INFO: Run Behavior\BuildLiteBehavior [ RunTime:0.000008s ]
INFO: [ app_init ] --END-- [ RunTime:0.000081s ]
INFO: [ app_begin ] --START--
INFO: Run Behavior\ReadHtmlCacheBehavior [ RunTime:0.000039s ]
INFO: [ app_begin ] --END-- [ RunTime:0.000065s ]
NOTIC: [2] Missing argument 2 for Home\Model\UserModel::__construct(), called in /mnt/www/html/huangwei/tmls/ThinkPHP/Common/functions.php on line 588 and defined /mnt/www/html/huangwei/tmls/App/Home/Model/UserModel.class.php 第 10 行.
NOTIC: [2] Missing argument 3 for Home\Model\UserModel::__construct(), called in /mnt/www/html/huangwei/tmls/ThinkPHP/Common/functions.php on line 588 and defined /mnt/www/html/huangwei/tmls/App/Home/Model/UserModel.class.php 第 10 行.
NOTIC: [8] Undefined variable: tablePrefix /mnt/www/html/huangwei/tmls/App/Home/Model/UserModel.class.php 第 12 行.
NOTIC: [8] Undefined variable: connection /mnt/www/html/huangwei/tmls/App/Home/Model/UserModel.class.php 第 12 行.
SQL: SHOW COLUMNS FROM `user` [ RunTime:0.0006s ]
NOTIC: [2] Missing argument 2 for Admin\Model\CarouselModel::__construct(), called in /mnt/www/html/huangwei/tmls/ThinkPHP/Common/functions.php on line 588 and defined /mnt/www/html/huangwei/tmls/App/Admin/Model/CarouselModel.class.php 第 9 行.
NOTIC: [2] Missing argument 3 for Admin\Model\CarouselModel::__construct(), called in /mnt/www/html/huangwei/tmls/ThinkPHP/Common/functions.php on line 588 and defined /mnt/www/html/huangwei/tmls/App/Admin/Model/CarouselModel.class.php 第 9 行.
NOTIC: [8] Undefined variable: tablePrefix /mnt/www/html/huangwei/tmls/App/Admin/Model/CarouselModel.class.php 第 11 行.
NOTIC: [8] Undefined variable: connection /mnt/www/html/huangwei/tmls/App/Admin/Model/CarouselModel.class.php 第 11 行.
SQL: SHOW COLUMNS FROM `carousel` [ RunTime:0.0003s ]
SQL: SHOW COLUMNS FROM `custom_page` [ RunTime:0.0003s ]
NOTIC: [2] Missing argument 2 for Admin\Model\ClassifyModel::__construct(), called in /mnt/www/html/huangwei/tmls/ThinkPHP/Common/functions.php on line 588 and defined /mnt/www/html/huangwei/tmls/App/Admin/Model/ClassifyModel.class.php 第 8 行.
NOTIC: [2] Missing argument 3 for Admin\Model\ClassifyModel::__construct(), called in /mnt/www/html/huangwei/tmls/ThinkPHP/Common/functions.php on line 588 and defined /mnt/www/html/huangwei/tmls/App/Admin/Model/ClassifyModel.class.php 第 8 行.
NOTIC: [8] Undefined variable: tablePrefix /mnt/www/html/huangwei/tmls/App/Admin/Model/ClassifyModel.class.php 第 10 行.
NOTIC: [8] Undefined variable: connection /mnt/www/html/huangwei/tmls/App/Admin/Model/ClassifyModel.class.php 第 10 行.
SQL: SHOW COLUMNS FROM `classify` [ RunTime:0.0003s ]
SQL: SHOW COLUMNS FROM `weixin_config` [ RunTime:0.0003s ]
SQL: SELECT `value` FROM `weixin_config` WHERE `name` = 'phone' LIMIT 1   [ RunTime:0.0001s ]
INFO: [ view_parse ] --START--
INFO: [ template_filter ] --START--
INFO: Run Behavior\ContentReplaceBehavior [ RunTime:0.000061s ]
INFO: [ template_filter ] --END-- [ RunTime:0.000089s ]
NOTIC: [8] Undefined index: title /mnt/www/html/huangwei/tmls/Runtime/Cache/Home/00e52909bed743ea261af4b6823297ff.php 第 120 行.
NOTIC: [8] Undefined index: title /mnt/www/html/huangwei/tmls/Runtime/Cache/Home/00e52909bed743ea261af4b6823297ff.php 第 120 行.
NOTIC: [8] Undefined index: title /mnt/www/html/huangwei/tmls/Runtime/Cache/Home/00e52909bed743ea261af4b6823297ff.php 第 120 行.
NOTIC: [8] Undefined index: title /mnt/www/html/huangwei/tmls/Runtime/Cache/Home/00e52909bed743ea261af4b6823297ff.php 第 179 行.
NOTIC: [8] Undefined index: title /mnt/www/html/huangwei/tmls/Runtime/Cache/Home/00e52909bed743ea261af4b6823297ff.php 第 200 行.
NOTIC: [8] Undefined index: title /mnt/www/html/huangwei/tmls/Runtime/Cache/Home/00e52909bed743ea261af4b6823297ff.php 第 221 行.
NOTIC: [8] Undefined variable: data /mnt/www/html/huangwei/tmls/Runtime/Cache/Home/00e52909bed743ea261af4b6823297ff.php 第 259 行.
INFO: Run Behavior\ParseTemplateBehavior [ RunTime:0.107907s ]
INFO: [ view_parse ] --END-- [ RunTime:0.107940s ]
INFO: [ view_filter ] --START--
INFO: Run Behavior\WriteHtmlCacheBehavior [ RunTime:0.000063s ]
INFO: [ view_filter ] --END-- [ RunTime:0.000083s ]
INFO: [ app_end ] --START--
INFO: Run Behavior\ShowPageTraceBehavior [ RunTime:0.000047s ]
INFO: [ app_end ] --END-- [ RunTime:0.000073s ]

[ 2017-06-05T09:56:54+08:00 ] 223.93.158.132 /Home/center/index.html
INFO: [ app_init ] --START--
INFO: Run Behavior\BuildLiteBehavior [ RunTime:0.000008s ]
INFO: [ app_init ] --END-- [ RunTime:0.000068s ]
INFO: [ app_begin ] --START--
INFO: Run Behavior\ReadHtmlCacheBehavior [ RunTime:0.000034s ]
INFO: [ app_begin ] --END-- [ RunTime:0.000058s ]
NOTIC: [2] Missing argument 2 for Home\Model\UserModel::__construct(), called in /mnt/www/html/huangwei/tmls/ThinkPHP/Common/functions.php on line 588 and defined /mnt/www/html/huangwei/tmls/App/Home/Model/UserModel.class.php 第 10 行.
NOTIC: [2] Missing argument 3 for Home\Model\UserModel::__construct(), called in /mnt/www/html/huangwei/tmls/ThinkPHP/Common/functions.php on line 588 and defined /mnt/www/html/huangwei/tmls/App/Home/Model/UserModel.class.php 第 10 行.
NOTIC: [8] Undefined variable: tablePrefix /mnt/www/html/huangwei/tmls/App/Home/Model/UserModel.class.php 第 12 行.
NOTIC: [8] Undefined variable: connection /mnt/www/html/huangwei/tmls/App/Home/Model/UserModel.class.php 第 12 行.
SQL: SHOW COLUMNS FROM `user` [ RunTime:0.0004s ]
INFO: [ view_parse ] --START--
INFO: [ template_filter ] --START--
INFO: Run Behavior\ContentReplaceBehavior [ RunTime:0.000041s ]
INFO: [ template_filter ] --END-- [ RunTime:0.000070s ]
INFO: Run Behavior\ParseTemplateBehavior [ RunTime:0.003439s ]
INFO: [ view_parse ] --END-- [ RunTime:0.003472s ]
INFO: [ view_filter ] --START--
INFO: Run Behavior\WriteHtmlCacheBehavior [ RunTime:0.000037s ]
INFO: [ view_filter ] --END-- [ RunTime:0.000056s ]
INFO: [ app_end ] --START--
INFO: Run Behavior\ShowPageTraceBehavior [ RunTime:0.000035s ]
INFO: [ app_end ] --END-- [ RunTime:0.000057s ]

[ 2017-06-05T09:56:56+08:00 ] 223.93.158.132 /Home/address/lists.html
INFO: [ app_init ] --START--
INFO: Run Behavior\BuildLiteBehavior [ RunTime:0.000009s ]
INFO: [ app_init ] --END-- [ RunTime:0.000082s ]
INFO: [ app_begin ] --START--
INFO: Run Behavior\ReadHtmlCacheBehavior [ RunTime:0.000041s ]
INFO: [ app_begin ] --END-- [ RunTime:0.000066s ]
NOTIC: [2] Missing argument 2 for Home\Model\AddressModel::__construct(), called in /mnt/www/html/huangwei/tmls/ThinkPHP/Common/functions.php on line 588 and defined /mnt/www/html/huangwei/tmls/App/Home/Model/AddressModel.class.php 第 10 行.
NOTIC: [2] Missing argument 3 for Home\Model\AddressModel::__construct(), called in /mnt/www/html/huangwei/tmls/ThinkPHP/Common/functions.php on line 588 and defined /mnt/www/html/huangwei/tmls/App/Home/Model/AddressModel.class.php 第 10 行.
NOTIC: [8] Undefined variable: tablePrefix /mnt/www/html/huangwei/tmls/App/Home/Model/AddressModel.class.php 第 12 行.
NOTIC: [8] Undefined variable: connection /mnt/www/html/huangwei/tmls/App/Home/Model/AddressModel.class.php 第 12 行.
SQL: SHOW COLUMNS FROM `address` [ RunTime:0.0005s ]
SQL: SELECT * FROM `address` WHERE `uid` = 1  [ RunTime:0.0002s ]
INFO: [ view_parse ] --START--
INFO: [ template_filter ] --START--
INFO: Run Behavior\ContentReplaceBehavior [ RunTime:0.000038s ]
INFO: [ template_filter ] --END-- [ RunTime:0.000067s ]
INFO: Run Behavior\ParseTemplateBehavior [ RunTime:0.002288s ]
INFO: [ view_parse ] --END-- [ RunTime:0.002320s ]
INFO: [ view_filter ] --START--
INFO: Run Behavior\WriteHtmlCacheBehavior [ RunTime:0.000044s ]
INFO: [ view_filter ] --END-- [ RunTime:0.000064s ]
INFO: [ app_end ] --START--
INFO: Run Behavior\ShowPageTraceBehavior [ RunTime:0.000041s ]
INFO: [ app_end ] --END-- [ RunTime:0.000062s ]

[ 2017-06-05T09:57:07+08:00 ] 223.93.158.132 /Home/address/add/
INFO: [ app_init ] --START--
INFO: Run Behavior\BuildLiteBehavior [ RunTime:0.000009s ]
INFO: [ app_init ] --END-- [ RunTime:0.000079s ]
INFO: [ app_begin ] --START--
INFO: Run Behavior\ReadHtmlCacheBehavior [ RunTime:0.000043s ]
INFO: [ app_begin ] --END-- [ RunTime:0.000070s ]
NOTIC: [2] Missing argument 2 for Home\Model\AddressModel::__construct(), called in /mnt/www/html/huangwei/tmls/ThinkPHP/Common/functions.php on line 588 and defined /mnt/www/html/huangwei/tmls/App/Home/Model/AddressModel.class.php 第 10 行.
NOTIC: [2] Missing argument 3 for Home\Model\AddressModel::__construct(), called in /mnt/www/html/huangwei/tmls/ThinkPHP/Common/functions.php on line 588 and defined /mnt/www/html/huangwei/tmls/App/Home/Model/AddressModel.class.php 第 10 行.
NOTIC: [8] Undefined variable: tablePrefix /mnt/www/html/huangwei/tmls/App/Home/Model/AddressModel.class.php 第 12 行.
NOTIC: [8] Undefined variable: connection /mnt/www/html/huangwei/tmls/App/Home/Model/AddressModel.class.php 第 12 行.
SQL: SHOW COLUMNS FROM `address` [ RunTime:0.0005s ]
NOTIC: [8] Undefined index: validate /mnt/www/html/huangwei/tmls/ThinkPHP/Library/Think/Model.class.php 第 1185 行.
NOTIC: [8] Undefined index: auto /mnt/www/html/huangwei/tmls/ThinkPHP/Library/Think/Model.class.php 第 1128 行.
SQL: SELECT COUNT(*) AS tp_count FROM `address` WHERE `uid` = 1 LIMIT 1   [ RunTime:0.0002s ]
SQL: INSERT INTO `address` (`name`,`phone`,`province`,`address`,`uid`,`city`,`district`) VALUES ('Asdasd','444141445','浙江','阿达','1','杭州','滨江区') [ RunTime:0.0019s ]
SQL: SHOW COLUMNS FROM `order` [ RunTime:0.0004s ]
SQL: UPDATE `order` SET `addressid`='12' WHERE `orderid` = 0 [ RunTime:0.0001s ]

[ 2017-06-05T09:57:09+08:00 ] 223.93.158.132 /Home/Address/set_default?id=12
INFO: [ app_init ] --START--
INFO: Run Behavior\BuildLiteBehavior [ RunTime:0.000009s ]
INFO: [ app_init ] --END-- [ RunTime:0.000075s ]
INFO: [ app_begin ] --START--
INFO: Run Behavior\ReadHtmlCacheBehavior [ RunTime:0.000033s ]
INFO: [ app_begin ] --END-- [ RunTime:0.000057s ]
NOTIC: [2] Missing argument 2 for Home\Model\AddressModel::__construct(), called in /mnt/www/html/huangwei/tmls/ThinkPHP/Common/functions.php on line 588 and defined /mnt/www/html/huangwei/tmls/App/Home/Model/AddressModel.class.php 第 10 行.
NOTIC: [2] Missing argument 3 for Home\Model\AddressModel::__construct(), called in /mnt/www/html/huangwei/tmls/ThinkPHP/Common/functions.php on line 588 and defined /mnt/www/html/huangwei/tmls/App/Home/Model/AddressModel.class.php 第 10 行.
NOTIC: [8] Undefined variable: tablePrefix /mnt/www/html/huangwei/tmls/App/Home/Model/AddressModel.class.php 第 12 行.
NOTIC: [8] Undefined variable: connection /mnt/www/html/huangwei/tmls/App/Home/Model/AddressModel.class.php 第 12 行.
SQL: SHOW COLUMNS FROM `address` [ RunTime:0.0005s ]
SQL: UPDATE `address` SET `is_default`='0' WHERE `uid` = 1 [ RunTime:0.0002s ]
SQL: UPDATE `address` SET `is_default`='1' WHERE `uid` = 1 AND `addressid` = 12 [ RunTime:0.0001s ]

[ 2017-06-05T09:57:09+08:00 ] 223.93.158.132 /Home/Address/set_default?id=12
INFO: [ app_init ] --START--
INFO: Run Behavior\BuildLiteBehavior [ RunTime:0.000007s ]
INFO: [ app_init ] --END-- [ RunTime:0.000058s ]
INFO: [ app_begin ] --START--
INFO: Run Behavior\ReadHtmlCacheBehavior [ RunTime:0.000033s ]
INFO: [ app_begin ] --END-- [ RunTime:0.000056s ]
NOTIC: [2] Missing argument 2 for Home\Model\AddressModel::__construct(), called in /mnt/www/html/huangwei/tmls/ThinkPHP/Common/functions.php on line 588 and defined /mnt/www/html/huangwei/tmls/App/Home/Model/AddressModel.class.php 第 10 行.
NOTIC: [2] Missing argument 3 for Home\Model\AddressModel::__construct(), called in /mnt/www/html/huangwei/tmls/ThinkPHP/Common/functions.php on line 588 and defined /mnt/www/html/huangwei/tmls/App/Home/Model/AddressModel.class.php 第 10 行.
NOTIC: [8] Undefined variable: tablePrefix /mnt/www/html/huangwei/tmls/App/Home/Model/AddressModel.class.php 第 12 行.
NOTIC: [8] Undefined variable: connection /mnt/www/html/huangwei/tmls/App/Home/Model/AddressModel.class.php 第 12 行.
SQL: SHOW COLUMNS FROM `address` [ RunTime:0.0003s ]
SQL: UPDATE `address` SET `is_default`='0' WHERE `uid` = 1 [ RunTime:0.0002s ]
SQL: UPDATE `address` SET `is_default`='1' WHERE `uid` = 1 AND `addressid` = 12 [ RunTime:0.0001s ]

[ 2017-06-05T09:57:09+08:00 ] 223.93.158.132 /Home/Address/set_default?id=12
INFO: [ app_init ] --START--
INFO: Run Behavior\BuildLiteBehavior [ RunTime:0.000009s ]
INFO: [ app_init ] --END-- [ RunTime:0.000075s ]
INFO: [ app_begin ] --START--
INFO: Run Behavior\ReadHtmlCacheBehavior [ RunTime:0.000036s ]
INFO: [ app_begin ] --END-- [ RunTime:0.000059s ]
NOTIC: [2] Missing argument 2 for Home\Model\AddressModel::__construct(), called in /mnt/www/html/huangwei/tmls/ThinkPHP/Common/functions.php on line 588 and defined /mnt/www/html/huangwei/tmls/App/Home/Model/AddressModel.class.php 第 10 行.
NOTIC: [2] Missing argument 3 for Home\Model\AddressModel::__construct(), called in /mnt/www/html/huangwei/tmls/ThinkPHP/Common/functions.php on line 588 and defined /mnt/www/html/huangwei/tmls/App/Home/Model/AddressModel.class.php 第 10 行.
NOTIC: [8] Undefined variable: tablePrefix /mnt/www/html/huangwei/tmls/App/Home/Model/AddressModel.class.php 第 12 行.
NOTIC: [8] Undefined variable: connection /mnt/www/html/huangwei/tmls/App/Home/Model/AddressModel.class.php 第 12 行.
SQL: SHOW COLUMNS FROM `address` [ RunTime:0.0005s ]
SQL: UPDATE `address` SET `is_default`='0' WHERE `uid` = 1 [ RunTime:0.0002s ]
SQL: UPDATE `address` SET `is_default`='1' WHERE `uid` = 1 AND `addressid` = 12 [ RunTime:0.0001s ]

[ 2017-06-05T09:57:09+08:00 ] 223.93.158.132 /Home/Address/set_default?id=12
INFO: [ app_init ] --START--
INFO: Run Behavior\BuildLiteBehavior [ RunTime:0.000007s ]
INFO: [ app_init ] --END-- [ RunTime:0.000069s ]
INFO: [ app_begin ] --START--
INFO: Run Behavior\ReadHtmlCacheBehavior [ RunTime:0.000036s ]
INFO: [ app_begin ] --END-- [ RunTime:0.000059s ]
NOTIC: [2] Missing argument 2 for Home\Model\AddressModel::__construct(), called in /mnt/www/html/huangwei/tmls/ThinkPHP/Common/functions.php on line 588 and defined /mnt/www/html/huangwei/tmls/App/Home/Model/AddressModel.class.php 第 10 行.
NOTIC: [2] Missing argument 3 for Home\Model\AddressModel::__construct(), called in /mnt/www/html/huangwei/tmls/ThinkPHP/Common/functions.php on line 588 and defined /mnt/www/html/huangwei/tmls/App/Home/Model/AddressModel.class.php 第 10 行.
NOTIC: [8] Undefined variable: tablePrefix /mnt/www/html/huangwei/tmls/App/Home/Model/AddressModel.class.php 第 12 行.
NOTIC: [8] Undefined variable: connection /mnt/www/html/huangwei/tmls/App/Home/Model/AddressModel.class.php 第 12 行.
SQL: SHOW COLUMNS FROM `address` [ RunTime:0.0005s ]
SQL: UPDATE `address` SET `is_default`='0' WHERE `uid` = 1 [ RunTime:0.0002s ]
SQL: UPDATE `address` SET `is_default`='1' WHERE `uid` = 1 AND `addressid` = 12 [ RunTime:0.0001s ]

[ 2017-06-05T09:57:09+08:00 ] 223.93.158.132 /Home/Address/set_default?id=12
INFO: [ app_init ] --START--
INFO: Run Behavior\BuildLiteBehavior [ RunTime:0.000008s ]
INFO: [ app_init ] --END-- [ RunTime:0.000073s ]
INFO: [ app_begin ] --START--
INFO: Run Behavior\ReadHtmlCacheBehavior [ RunTime:0.000033s ]
INFO: [ app_begin ] --END-- [ RunTime:0.000056s ]
NOTIC: [2] Missing argument 2 for Home\Model\AddressModel::__construct(), called in /mnt/www/html/huangwei/tmls/ThinkPHP/Common/functions.php on line 588 and defined /mnt/www/html/huangwei/tmls/App/Home/Model/AddressModel.class.php 第 10 行.
NOTIC: [2] Missing argument 3 for Home\Model\AddressModel::__construct(), called in /mnt/www/html/huangwei/tmls/ThinkPHP/Common/functions.php on line 588 and defined /mnt/www/html/huangwei/tmls/App/Home/Model/AddressModel.class.php 第 10 行.
NOTIC: [8] Undefined variable: tablePrefix /mnt/www/html/huangwei/tmls/App/Home/Model/AddressModel.class.php 第 12 行.
NOTIC: [8] Undefined variable: connection /mnt/www/html/huangwei/tmls/App/Home/Model/AddressModel.class.php 第 12 行.
SQL: SHOW COLUMNS FROM `address` [ RunTime:0.0005s ]
SQL: UPDATE `address` SET `is_default`='0' WHERE `uid` = 1 [ RunTime:0.0002s ]
SQL: UPDATE `address` SET `is_default`='1' WHERE `uid` = 1 AND `addressid` = 12 [ RunTime:0.0001s ]

[ 2017-06-05T09:57:10+08:00 ] 223.93.158.132 /Home/Address/set_default?id=12
INFO: [ app_init ] --START--
INFO: Run Behavior\BuildLiteBehavior [ RunTime:0.000008s ]
INFO: [ app_init ] --END-- [ RunTime:0.000080s ]
INFO: [ app_begin ] --START--
INFO: Run Behavior\ReadHtmlCacheBehavior [ RunTime:0.000037s ]
INFO: [ app_begin ] --END-- [ RunTime:0.000060s ]
NOTIC: [2] Missing argument 2 for Home\Model\AddressModel::__construct(), called in /mnt/www/html/huangwei/tmls/ThinkPHP/Common/functions.php on line 588 and defined /mnt/www/html/huangwei/tmls/App/Home/Model/AddressModel.class.php 第 10 行.
NOTIC: [2] Missing argument 3 for Home\Model\AddressModel::__construct(), called in /mnt/www/html/huangwei/tmls/ThinkPHP/Common/functions.php on line 588 and defined /mnt/www/html/huangwei/tmls/App/Home/Model/AddressModel.class.php 第 10 行.
NOTIC: [8] Undefined variable: tablePrefix /mnt/www/html/huangwei/tmls/App/Home/Model/AddressModel.class.php 第 12 行.
NOTIC: [8] Undefined variable: connection /mnt/www/html/huangwei/tmls/App/Home/Model/AddressModel.class.php 第 12 行.
SQL: SHOW COLUMNS FROM `address` [ RunTime:0.0005s ]
SQL: UPDATE `address` SET `is_default`='0' WHERE `uid` = 1 [ RunTime:0.0002s ]
SQL: UPDATE `address` SET `is_default`='1' WHERE `uid` = 1 AND `addressid` = 12 [ RunTime:0.0001s ]

[ 2017-06-05T09:57:10+08:00 ] 223.93.158.132 /Home/Address/set_default?id=12
INFO: [ app_init ] --START--
INFO: Run Behavior\BuildLiteBehavior [ RunTime:0.000008s ]
INFO: [ app_init ] --END-- [ RunTime:0.000073s ]
INFO: [ app_begin ] --START--
INFO: Run Behavior\ReadHtmlCacheBehavior [ RunTime:0.000035s ]
INFO: [ app_begin ] --END-- [ RunTime:0.000058s ]
NOTIC: [2] Missing argument 2 for Home\Model\AddressModel::__construct(), called in /mnt/www/html/huangwei/tmls/ThinkPHP/Common/functions.php on line 588 and defined /mnt/www/html/huangwei/tmls/App/Home/Model/AddressModel.class.php 第 10 行.
NOTIC: [2] Missing argument 3 for Home\Model\AddressModel::__construct(), called in /mnt/www/html/huangwei/tmls/ThinkPHP/Common/functions.php on line 588 and defined /mnt/www/html/huangwei/tmls/App/Home/Model/AddressModel.class.php 第 10 行.
NOTIC: [8] Undefined variable: tablePrefix /mnt/www/html/huangwei/tmls/App/Home/Model/AddressModel.class.php 第 12 行.
NOTIC: [8] Undefined variable: connection /mnt/www/html/huangwei/tmls/App/Home/Model/AddressModel.class.php 第 12 行.
SQL: SHOW COLUMNS FROM `address` [ RunTime:0.0005s ]
SQL: UPDATE `address` SET `is_default`='0' WHERE `uid` = 1 [ RunTime:0.0002s ]
SQL: UPDATE `address` SET `is_default`='1' WHERE `uid` = 1 AND `addressid` = 12 [ RunTime:0.0001s ]

[ 2017-06-05T09:57:10+08:00 ] 223.93.158.132 /Home/Address/set_default?id=12
INFO: [ app_init ] --START--
INFO: Run Behavior\BuildLiteBehavior [ RunTime:0.000009s ]
INFO: [ app_init ] --END-- [ RunTime:0.000073s ]
INFO: [ app_begin ] --START--
INFO: Run Behavior\ReadHtmlCacheBehavior [ RunTime:0.000033s ]
INFO: [ app_begin ] --END-- [ RunTime:0.000055s ]
NOTIC: [2] Missing argument 2 for Home\Model\AddressModel::__construct(), called in /mnt/www/html/huangwei/tmls/ThinkPHP/Common/functions.php on line 588 and defined /mnt/www/html/huangwei/tmls/App/Home/Model/AddressModel.class.php 第 10 行.
NOTIC: [2] Missing argument 3 for Home\Model\AddressModel::__construct(), called in /mnt/www/html/huangwei/tmls/ThinkPHP/Common/functions.php on line 588 and defined /mnt/www/html/huangwei/tmls/App/Home/Model/AddressModel.class.php 第 10 行.
NOTIC: [8] Undefined variable: tablePrefix /mnt/www/html/huangwei/tmls/App/Home/Model/AddressModel.class.php 第 12 行.
NOTIC: [8] Undefined variable: connection /mnt/www/html/huangwei/tmls/App/Home/Model/AddressModel.class.php 第 12 行.
SQL: SHOW COLUMNS FROM `address` [ RunTime:0.0005s ]
SQL: UPDATE `address` SET `is_default`='0' WHERE `uid` = 1 [ RunTime:0.0003s ]
SQL: UPDATE `address` SET `is_default`='1' WHERE `uid` = 1 AND `addressid` = 12 [ RunTime:0.0001s ]

[ 2017-06-05T09:57:10+08:00 ] 223.93.158.132 /Home/Address/set_default?id=12
INFO: [ app_init ] --START--
INFO: Run Behavior\BuildLiteBehavior [ RunTime:0.000008s ]
INFO: [ app_init ] --END-- [ RunTime:0.000074s ]
INFO: [ app_begin ] --START--
INFO: Run Behavior\ReadHtmlCacheBehavior [ RunTime:0.000034s ]
INFO: [ app_begin ] --END-- [ RunTime:0.000056s ]
NOTIC: [2] Missing argument 2 for Home\Model\AddressModel::__construct(), called in /mnt/www/html/huangwei/tmls/ThinkPHP/Common/functions.php on line 588 and defined /mnt/www/html/huangwei/tmls/App/Home/Model/AddressModel.class.php 第 10 行.
NOTIC: [2] Missing argument 3 for Home\Model\AddressModel::__construct(), called in /mnt/www/html/huangwei/tmls/ThinkPHP/Common/functions.php on line 588 and defined /mnt/www/html/huangwei/tmls/App/Home/Model/AddressModel.class.php 第 10 行.
NOTIC: [8] Undefined variable: tablePrefix /mnt/www/html/huangwei/tmls/App/Home/Model/AddressModel.class.php 第 12 行.
NOTIC: [8] Undefined variable: connection /mnt/www/html/huangwei/tmls/App/Home/Model/AddressModel.class.php 第 12 行.
SQL: SHOW COLUMNS FROM `address` [ RunTime:0.0005s ]
SQL: UPDATE `address` SET `is_default`='0' WHERE `uid` = 1 [ RunTime:0.0002s ]
SQL: UPDATE `address` SET `is_default`='1' WHERE `uid` = 1 AND `addressid` = 12 [ RunTime:0.0001s ]

[ 2017-06-05T09:57:10+08:00 ] 223.93.158.132 /Home/Address/set_default?id=12
INFO: [ app_init ] --START--
INFO: Run Behavior\BuildLiteBehavior [ RunTime:0.000009s ]
INFO: [ app_init ] --END-- [ RunTime:0.000073s ]
INFO: [ app_begin ] --START--
INFO: Run Behavior\ReadHtmlCacheBehavior [ RunTime:0.000034s ]
INFO: [ app_begin ] --END-- [ RunTime:0.000057s ]
NOTIC: [2] Missing argument 2 for Home\Model\AddressModel::__construct(), called in /mnt/www/html/huangwei/tmls/ThinkPHP/Common/functions.php on line 588 and defined /mnt/www/html/huangwei/tmls/App/Home/Model/AddressModel.class.php 第 10 行.
NOTIC: [2] Missing argument 3 for Home\Model\AddressModel::__construct(), called in /mnt/www/html/huangwei/tmls/ThinkPHP/Common/functions.php on line 588 and defined /mnt/www/html/huangwei/tmls/App/Home/Model/AddressModel.class.php 第 10 行.
NOTIC: [8] Undefined variable: tablePrefix /mnt/www/html/huangwei/tmls/App/Home/Model/AddressModel.class.php 第 12 行.
NOTIC: [8] Undefined variable: connection /mnt/www/html/huangwei/tmls/App/Home/Model/AddressModel.class.php 第 12 行.
SQL: SHOW COLUMNS FROM `address` [ RunTime:0.0005s ]
SQL: UPDATE `address` SET `is_default`='0' WHERE `uid` = 1 [ RunTime:0.0002s ]
SQL: UPDATE `address` SET `is_default`='1' WHERE `uid` = 1 AND `addressid` = 12 [ RunTime:0.0001s ]

[ 2017-06-05T09:57:11+08:00 ] 223.93.158.132 /Home/Address/set_default?id=12
INFO: [ app_init ] --START--
INFO: Run Behavior\BuildLiteBehavior [ RunTime:0.000008s ]
INFO: [ app_init ] --END-- [ RunTime:0.000072s ]
INFO: [ app_begin ] --START--
INFO: Run Behavior\ReadHtmlCacheBehavior [ RunTime:0.000034s ]
INFO: [ app_begin ] --END-- [ RunTime:0.000057s ]
NOTIC: [2] Missing argument 2 for Home\Model\AddressModel::__construct(), called in /mnt/www/html/huangwei/tmls/ThinkPHP/Common/functions.php on line 588 and defined /mnt/www/html/huangwei/tmls/App/Home/Model/AddressModel.class.php 第 10 行.
NOTIC: [2] Missing argument 3 for Home\Model\AddressModel::__construct(), called in /mnt/www/html/huangwei/tmls/ThinkPHP/Common/functions.php on line 588 and defined /mnt/www/html/huangwei/tmls/App/Home/Model/AddressModel.class.php 第 10 行.
NOTIC: [8] Undefined variable: tablePrefix /mnt/www/html/huangwei/tmls/App/Home/Model/AddressModel.class.php 第 12 行.
NOTIC: [8] Undefined variable: connection /mnt/www/html/huangwei/tmls/App/Home/Model/AddressModel.class.php 第 12 行.
SQL: SHOW COLUMNS FROM `address` [ RunTime:0.0005s ]
SQL: UPDATE `address` SET `is_default`='0' WHERE `uid` = 1 [ RunTime:0.0002s ]
SQL: UPDATE `address` SET `is_default`='1' WHERE `uid` = 1 AND `addressid` = 12 [ RunTime:0.0001s ]

[ 2017-06-05T09:57:11+08:00 ] 223.93.158.132 /Home/Address/set_default?id=12
INFO: [ app_init ] --START--
INFO: Run Behavior\BuildLiteBehavior [ RunTime:0.000008s ]
INFO: [ app_init ] --END-- [ RunTime:0.000073s ]
INFO: [ app_begin ] --START--
INFO: Run Behavior\ReadHtmlCacheBehavior [ RunTime:0.000034s ]
INFO: [ app_begin ] --END-- [ RunTime:0.000056s ]
NOTIC: [2] Missing argument 2 for Home\Model\AddressModel::__construct(), called in /mnt/www/html/huangwei/tmls/ThinkPHP/Common/functions.php on line 588 and defined /mnt/www/html/huangwei/tmls/App/Home/Model/AddressModel.class.php 第 10 行.
NOTIC: [2] Missing argument 3 for Home\Model\AddressModel::__construct(), called in /mnt/www/html/huangwei/tmls/ThinkPHP/Common/functions.php on line 588 and defined /mnt/www/html/huangwei/tmls/App/Home/Model/AddressModel.class.php 第 10 行.
NOTIC: [8] Undefined variable: tablePrefix /mnt/www/html/huangwei/tmls/App/Home/Model/AddressModel.class.php 第 12 行.
NOTIC: [8] Undefined variable: connection /mnt/www/html/huangwei/tmls/App/Home/Model/AddressModel.class.php 第 12 行.
SQL: SHOW COLUMNS FROM `address` [ RunTime:0.0005s ]
SQL: UPDATE `address` SET `is_default`='0' WHERE `uid` = 1 [ RunTime:0.0002s ]
SQL: UPDATE `address` SET `is_default`='1' WHERE `uid` = 1 AND `addressid` = 12 [ RunTime:0.0001s ]

[ 2017-06-05T09:57:11+08:00 ] 223.93.158.132 /Home/Address/set_default?id=12
INFO: [ app_init ] --START--
INFO: Run Behavior\BuildLiteBehavior [ RunTime:0.000008s ]
INFO: [ app_init ] --END-- [ RunTime:0.000071s ]
INFO: [ app_begin ] --START--
INFO: Run Behavior\ReadHtmlCacheBehavior [ RunTime:0.000033s ]
INFO: [ app_begin ] --END-- [ RunTime:0.000057s ]
NOTIC: [2] Missing argument 2 for Home\Model\AddressModel::__construct(), called in /mnt/www/html/huangwei/tmls/ThinkPHP/Common/functions.php on line 588 and defined /mnt/www/html/huangwei/tmls/App/Home/Model/AddressModel.class.php 第 10 行.
NOTIC: [2] Missing argument 3 for Home\Model\AddressModel::__construct(), called in /mnt/www/html/huangwei/tmls/ThinkPHP/Common/functions.php on line 588 and defined /mnt/www/html/huangwei/tmls/App/Home/Model/AddressModel.class.php 第 10 行.
NOTIC: [8] Undefined variable: tablePrefix /mnt/www/html/huangwei/tmls/App/Home/Model/AddressModel.class.php 第 12 行.
NOTIC: [8] Undefined variable: connection /mnt/www/html/huangwei/tmls/App/Home/Model/AddressModel.class.php 第 12 行.
SQL: SHOW COLUMNS FROM `address` [ RunTime:0.0004s ]
SQL: UPDATE `address` SET `is_default`='0' WHERE `uid` = 1 [ RunTime:0.0002s ]
SQL: UPDATE `address` SET `is_default`='1' WHERE `uid` = 1 AND `addressid` = 12 [ RunTime:0.0001s ]

[ 2017-06-05T09:57:12+08:00 ] 223.93.158.132 /Home/Address/set_default?id=12
INFO: [ app_init ] --START--
INFO: Run Behavior\BuildLiteBehavior [ RunTime:0.000009s ]
INFO: [ app_init ] --END-- [ RunTime:0.000075s ]
INFO: [ app_begin ] --START--
INFO: Run Behavior\ReadHtmlCacheBehavior [ RunTime:0.000034s ]
INFO: [ app_begin ] --END-- [ RunTime:0.000059s ]
NOTIC: [2] Missing argument 2 for Home\Model\AddressModel::__construct(), called in /mnt/www/html/huangwei/tmls/ThinkPHP/Common/functions.php on line 588 and defined /mnt/www/html/huangwei/tmls/App/Home/Model/AddressModel.class.php 第 10 行.
NOTIC: [2] Missing argument 3 for Home\Model\AddressModel::__construct(), called in /mnt/www/html/huangwei/tmls/ThinkPHP/Common/functions.php on line 588 and defined /mnt/www/html/huangwei/tmls/App/Home/Model/AddressModel.class.php 第 10 行.
NOTIC: [8] Undefined variable: tablePrefix /mnt/www/html/huangwei/tmls/App/Home/Model/AddressModel.class.php 第 12 行.
NOTIC: [8] Undefined variable: connection /mnt/www/html/huangwei/tmls/App/Home/Model/AddressModel.class.php 第 12 行.
SQL: SHOW COLUMNS FROM `address` [ RunTime:0.0005s ]
SQL: UPDATE `address` SET `is_default`='0' WHERE `uid` = 1 [ RunTime:0.0002s ]
SQL: UPDATE `address` SET `is_default`='1' WHERE `uid` = 1 AND `addressid` = 12 [ RunTime:0.0005s ]

[ 2017-06-05T09:57:13+08:00 ] 223.93.158.132 /Home/Address/set_default?id=12
INFO: [ app_init ] --START--
INFO: Run Behavior\BuildLiteBehavior [ RunTime:0.000010s ]
INFO: [ app_init ] --END-- [ RunTime:0.000115s ]
INFO: [ app_begin ] --START--
INFO: Run Behavior\ReadHtmlCacheBehavior [ RunTime:0.000050s ]
INFO: [ app_begin ] --END-- [ RunTime:0.000080s ]
NOTIC: [2] Missing argument 2 for Home\Model\AddressModel::__construct(), called in /mnt/www/html/huangwei/tmls/ThinkPHP/Common/functions.php on line 588 and defined /mnt/www/html/huangwei/tmls/App/Home/Model/AddressModel.class.php 第 10 行.
NOTIC: [2] Missing argument 3 for Home\Model\AddressModel::__construct(), called in /mnt/www/html/huangwei/tmls/ThinkPHP/Common/functions.php on line 588 and defined /mnt/www/html/huangwei/tmls/App/Home/Model/AddressModel.class.php 第 10 行.
NOTIC: [8] Undefined variable: tablePrefix /mnt/www/html/huangwei/tmls/App/Home/Model/AddressModel.class.php 第 12 行.
NOTIC: [8] Undefined variable: connection /mnt/www/html/huangwei/tmls/App/Home/Model/AddressModel.class.php 第 12 行.
SQL: SHOW COLUMNS FROM `address` [ RunTime:0.0005s ]
SQL: UPDATE `address` SET `is_default`='0' WHERE `uid` = 1 [ RunTime:0.0002s ]
SQL: UPDATE `address` SET `is_default`='1' WHERE `uid` = 1 AND `addressid` = 12 [ RunTime:0.0001s ]

[ 2017-06-05T09:57:19+08:00 ] 223.93.158.132 /Home/goods/xinpin.html
INFO: [ app_init ] --START--
INFO: Run Behavior\BuildLiteBehavior [ RunTime:0.000010s ]
INFO: [ app_init ] --END-- [ RunTime:0.000083s ]
INFO: [ app_begin ] --START--
INFO: Run Behavior\ReadHtmlCacheBehavior [ RunTime:0.000042s ]
INFO: [ app_begin ] --END-- [ RunTime:0.000067s ]
NOTIC: [2] Missing argument 2 for Home\Model\CommodityModel::__construct(), called in /mnt/www/html/huangwei/tmls/ThinkPHP/Common/functions.php on line 588 and defined /mnt/www/html/huangwei/tmls/App/Home/Model/CommodityModel.class.php 第 10 行.
NOTIC: [2] Missing argument 3 for Home\Model\CommodityModel::__construct(), called in /mnt/www/html/huangwei/tmls/ThinkPHP/Common/functions.php on line 588 and defined /mnt/www/html/huangwei/tmls/App/Home/Model/CommodityModel.class.php 第 10 行.
NOTIC: [8] Undefined variable: tablePrefix /mnt/www/html/huangwei/tmls/App/Home/Model/CommodityModel.class.php 第 12 行.
NOTIC: [8] Undefined variable: connection /mnt/www/html/huangwei/tmls/App/Home/Model/CommodityModel.class.php 第 12 行.
SQL: SHOW COLUMNS FROM `commodity` [ RunTime:0.0005s ]
NOTIC: [8] Undefined index: page /mnt/www/html/huangwei/tmls/App/Home/Controller/GoodsController.class.php 第 337 行.
NOTIC: [8] Undefined index: size /mnt/www/html/huangwei/tmls/App/Home/Controller/GoodsController.class.php 第 338 行.
NOTIC: [8] Undefined index: order /mnt/www/html/huangwei/tmls/App/Home/Controller/GoodsController.class.php 第 339 行.
SQL: SELECT `thumbnail`,`title`,`commodityid`,`original`,`current` FROM `commodity` WHERE `shopid` = 1 AND `type` = 1 AND `status` = 1 ORDER BY commodityid desc LIMIT 0,6   [ RunTime:0.0003s ]
INFO: [ view_parse ] --START--
INFO: [ template_filter ] --START--
INFO: Run Behavior\ContentReplaceBehavior [ RunTime:0.000041s ]
INFO: [ template_filter ] --END-- [ RunTime:0.000072s ]
NOTIC: [8] Undefined index: order /mnt/www/html/huangwei/tmls/Runtime/Cache/Home/2ce7a546391e4d288c1913ac56e6f996.php 第 65 行.
NOTIC: [8] Undefined index: order /mnt/www/html/huangwei/tmls/Runtime/Cache/Home/2ce7a546391e4d288c1913ac56e6f996.php 第 66 行.
NOTIC: [8] Undefined index: type /mnt/www/html/huangwei/tmls/Runtime/Cache/Home/2ce7a546391e4d288c1913ac56e6f996.php 第 66 行.
NOTIC: [8] Undefined index: type /mnt/www/html/huangwei/tmls/Runtime/Cache/Home/2ce7a546391e4d288c1913ac56e6f996.php 第 66 行.
NOTIC: [8] Undefined index: order /mnt/www/html/huangwei/tmls/Runtime/Cache/Home/2ce7a546391e4d288c1913ac56e6f996.php 第 67 行.
NOTIC: [8] Undefined index: type /mnt/www/html/huangwei/tmls/Runtime/Cache/Home/2ce7a546391e4d288c1913ac56e6f996.php 第 67 行.
NOTIC: [8] Undefined index: type /mnt/www/html/huangwei/tmls/Runtime/Cache/Home/2ce7a546391e4d288c1913ac56e6f996.php 第 67 行.
INFO: Run Behavior\ParseTemplateBehavior [ RunTime:0.003149s ]
INFO: [ view_parse ] --END-- [ RunTime:0.003179s ]
INFO: [ view_filter ] --START--
INFO: Run Behavior\WriteHtmlCacheBehavior [ RunTime:0.000046s ]
INFO: [ view_filter ] --END-- [ RunTime:0.000065s ]
INFO: [ app_end ] --START--
INFO: Run Behavior\ShowPageTraceBehavior [ RunTime:0.000047s ]
INFO: [ app_end ] --END-- [ RunTime:0.000071s ]

[ 2017-06-05T09:57:19+08:00 ] 223.93.158.132 /Home/goods/xinpin.html?page=2
INFO: [ app_init ] --START--
INFO: Run Behavior\BuildLiteBehavior [ RunTime:0.000010s ]
INFO: [ app_init ] --END-- [ RunTime:0.000074s ]
INFO: [ app_begin ] --START--
INFO: Run Behavior\ReadHtmlCacheBehavior [ RunTime:0.000035s ]
INFO: [ app_begin ] --END-- [ RunTime:0.000059s ]
NOTIC: [2] Missing argument 2 for Home\Model\CommodityModel::__construct(), called in /mnt/www/html/huangwei/tmls/ThinkPHP/Common/functions.php on line 588 and defined /mnt/www/html/huangwei/tmls/App/Home/Model/CommodityModel.class.php 第 10 行.
NOTIC: [2] Missing argument 3 for Home\Model\CommodityModel::__construct(), called in /mnt/www/html/huangwei/tmls/ThinkPHP/Common/functions.php on line 588 and defined /mnt/www/html/huangwei/tmls/App/Home/Model/CommodityModel.class.php 第 10 行.
NOTIC: [8] Undefined variable: tablePrefix /mnt/www/html/huangwei/tmls/App/Home/Model/CommodityModel.class.php 第 12 行.
NOTIC: [8] Undefined variable: connection /mnt/www/html/huangwei/tmls/App/Home/Model/CommodityModel.class.php 第 12 行.
SQL: SHOW COLUMNS FROM `commodity` [ RunTime:0.0005s ]
NOTIC: [8] Undefined index: size /mnt/www/html/huangwei/tmls/App/Home/Controller/GoodsController.class.php 第 338 行.
NOTIC: [8] Undefined index: order /mnt/www/html/huangwei/tmls/App/Home/Controller/GoodsController.class.php 第 339 行.
SQL: SELECT `thumbnail`,`title`,`commodityid`,`original`,`current` FROM `commodity` WHERE `shopid` = 1 AND `type` = 1 AND `status` = 1 ORDER BY commodityid desc LIMIT 6,6   [ RunTime:0.0003s ]

[ 2017-06-05T09:57:21+08:00 ] 223.93.158.132 /Home/goods/detail/?id=79
INFO: [ app_init ] --START--
INFO: Run Behavior\BuildLiteBehavior [ RunTime:0.000008s ]
INFO: [ app_init ] --END-- [ RunTime:0.000073s ]
INFO: [ app_begin ] --START--
INFO: Run Behavior\ReadHtmlCacheBehavior [ RunTime:0.000033s ]
INFO: [ app_begin ] --END-- [ RunTime:0.000058s ]
NOTIC: [2] Missing argument 2 for Home\Model\CommodityModel::__construct(), called in /mnt/www/html/huangwei/tmls/ThinkPHP/Common/functions.php on line 588 and defined /mnt/www/html/huangwei/tmls/App/Home/Model/CommodityModel.class.php 第 10 行.
NOTIC: [2] Missing argument 3 for Home\Model\CommodityModel::__construct(), called in /mnt/www/html/huangwei/tmls/ThinkPHP/Common/functions.php on line 588 and defined /mnt/www/html/huangwei/tmls/App/Home/Model/CommodityModel.class.php 第 10 行.
NOTIC: [8] Undefined variable: tablePrefix /mnt/www/html/huangwei/tmls/App/Home/Model/CommodityModel.class.php 第 12 行.
NOTIC: [8] Undefined variable: connection /mnt/www/html/huangwei/tmls/App/Home/Model/CommodityModel.class.php 第 12 行.
SQL: SHOW COLUMNS FROM `commodity` [ RunTime:0.0005s ]
NOTIC: [2] Missing argument 2 for Home\Model\UserModel::__construct(), called in /mnt/www/html/huangwei/tmls/ThinkPHP/Common/functions.php on line 588 and defined /mnt/www/html/huangwei/tmls/App/Home/Model/UserModel.class.php 第 10 行.
NOTIC: [2] Missing argument 3 for Home\Model\UserModel::__construct(), called in /mnt/www/html/huangwei/tmls/ThinkPHP/Common/functions.php on line 588 and defined /mnt/www/html/huangwei/tmls/App/Home/Model/UserModel.class.php 第 10 行.
NOTIC: [8] Undefined variable: tablePrefix /mnt/www/html/huangwei/tmls/App/Home/Model/UserModel.class.php 第 12 行.
NOTIC: [8] Undefined variable: connection /mnt/www/html/huangwei/tmls/App/Home/Model/UserModel.class.php 第 12 行.
SQL: SHOW COLUMNS FROM `user` [ RunTime:0.0004s ]
SQL: SELECT * FROM `commodity` WHERE `commodityid` = 79 LIMIT 1   [ RunTime:0.0001s ]
SQL: SHOW COLUMNS FROM `carriage` [ RunTime:0.0003s ]
SQL: SELECT `price` FROM `carriage` WHERE `carriageid` = 11 LIMIT 1   [ RunTime:0.0001s ]
NOTIC: [2] Missing argument 2 for Home\Model\LoveModel::__construct(), called in /mnt/www/html/huangwei/tmls/ThinkPHP/Common/functions.php on line 588 and defined /mnt/www/html/huangwei/tmls/App/Home/Model/LoveModel.class.php 第 9 行.
NOTIC: [2] Missing argument 3 for Home\Model\LoveModel::__construct(), called in /mnt/www/html/huangwei/tmls/ThinkPHP/Common/functions.php on line 588 and defined /mnt/www/html/huangwei/tmls/App/Home/Model/LoveModel.class.php 第 9 行.
NOTIC: [8] Undefined variable: tablePrefix /mnt/www/html/huangwei/tmls/App/Home/Model/LoveModel.class.php 第 11 行.
NOTIC: [8] Undefined variable: connection /mnt/www/html/huangwei/tmls/App/Home/Model/LoveModel.class.php 第 11 行.
SQL: SHOW COLUMNS FROM `love` [ RunTime:0.0003s ]
SQL: SELECT `commodityid` FROM `love` WHERE `shopid` = 1 AND `uid` = 1  [ RunTime:0.0002s ]
SQL: SELECT * FROM `commodity` WHERE `commodityid` = 75 LIMIT 1   [ RunTime:0.0001s ]
SQL: SELECT * FROM `commodity` WHERE `commodityid` = 77 LIMIT 1   [ RunTime:0.0001s ]
SQL: SELECT * FROM `commodity` WHERE `commodityid` = 78 LIMIT 1   [ RunTime:0.0001s ]
SQL: SHOW COLUMNS FROM `commodity_sku` [ RunTime:0.0003s ]
SQL: SELECT `shuxingji` FROM `commodity_sku` WHERE `commodityid` = 79 LIMIT 1   [ RunTime:0.0002s ]
SQL: SHOW COLUMNS FROM `weixin_config` [ RunTime:0.0003s ]
SQL: SELECT `value` FROM `weixin_config` WHERE `name` = 'phone' LIMIT 1   [ RunTime:0.0001s ]
INFO: [ view_parse ] --START--
INFO: [ template_filter ] --START--
INFO: Run Behavior\ContentReplaceBehavior [ RunTime:0.000074s ]
INFO: [ template_filter ] --END-- [ RunTime:0.000110s ]
NOTIC: [2] Illegal string offset 'title' /mnt/www/html/huangwei/tmls/Runtime/Cache/Home/d7ce7c37daad1d3e356d97433c4331e1.php 第 143 行.
NOTIC: [8] Undefined variable: from /mnt/www/html/huangwei/tmls/Runtime/Cache/Home/d7ce7c37daad1d3e356d97433c4331e1.php 第 150 行.
INFO: Run Behavior\ParseTemplateBehavior [ RunTime:0.075789s ]
INFO: [ view_parse ] --END-- [ RunTime:0.075849s ]
INFO: [ view_filter ] --START--
INFO: Run Behavior\WriteHtmlCacheBehavior [ RunTime:0.000099s ]
INFO: [ view_filter ] --END-- [ RunTime:0.000121s ]
INFO: [ app_end ] --START--
INFO: Run Behavior\ShowPageTraceBehavior [ RunTime:0.000052s ]
INFO: [ app_end ] --END-- [ RunTime:0.000076s ]

[ 2017-06-05T09:57:31+08:00 ] 223.93.158.132 /
INFO: [ app_init ] --START--
INFO: Run Behavior\BuildLiteBehavior [ RunTime:0.000009s ]
INFO: [ app_init ] --END-- [ RunTime:0.000090s ]
INFO: [ app_begin ] --START--
INFO: Run Behavior\ReadHtmlCacheBehavior [ RunTime:0.000041s ]
INFO: [ app_begin ] --END-- [ RunTime:0.000067s ]
NOTIC: [2] Missing argument 2 for Home\Model\UserModel::__construct(), called in /mnt/www/html/huangwei/tmls/ThinkPHP/Common/functions.php on line 588 and defined /mnt/www/html/huangwei/tmls/App/Home/Model/UserModel.class.php 第 10 行.
NOTIC: [2] Missing argument 3 for Home\Model\UserModel::__construct(), called in /mnt/www/html/huangwei/tmls/ThinkPHP/Common/functions.php on line 588 and defined /mnt/www/html/huangwei/tmls/App/Home/Model/UserModel.class.php 第 10 行.
NOTIC: [8] Undefined variable: tablePrefix /mnt/www/html/huangwei/tmls/App/Home/Model/UserModel.class.php 第 12 行.
NOTIC: [8] Undefined variable: connection /mnt/www/html/huangwei/tmls/App/Home/Model/UserModel.class.php 第 12 行.
SQL: SHOW COLUMNS FROM `user` [ RunTime:0.0006s ]
NOTIC: [2] Missing argument 2 for Admin\Model\CarouselModel::__construct(), called in /mnt/www/html/huangwei/tmls/ThinkPHP/Common/functions.php on line 588 and defined /mnt/www/html/huangwei/tmls/App/Admin/Model/CarouselModel.class.php 第 9 行.
NOTIC: [2] Missing argument 3 for Admin\Model\CarouselModel::__construct(), called in /mnt/www/html/huangwei/tmls/ThinkPHP/Common/functions.php on line 588 and defined /mnt/www/html/huangwei/tmls/App/Admin/Model/CarouselModel.class.php 第 9 行.
NOTIC: [8] Undefined variable: tablePrefix /mnt/www/html/huangwei/tmls/App/Admin/Model/CarouselModel.class.php 第 11 行.
NOTIC: [8] Undefined variable: connection /mnt/www/html/huangwei/tmls/App/Admin/Model/CarouselModel.class.php 第 11 行.
SQL: SHOW COLUMNS FROM `carousel` [ RunTime:0.0003s ]
SQL: SHOW COLUMNS FROM `custom_page` [ RunTime:0.0004s ]
NOTIC: [2] Missing argument 2 for Admin\Model\ClassifyModel::__construct(), called in /mnt/www/html/huangwei/tmls/ThinkPHP/Common/functions.php on line 588 and defined /mnt/www/html/huangwei/tmls/App/Admin/Model/ClassifyModel.class.php 第 8 行.
NOTIC: [2] Missing argument 3 for Admin\Model\ClassifyModel::__construct(), called in /mnt/www/html/huangwei/tmls/ThinkPHP/Common/functions.php on line 588 and defined /mnt/www/html/huangwei/tmls/App/Admin/Model/ClassifyModel.class.php 第 8 行.
NOTIC: [8] Undefined variable: tablePrefix /mnt/www/html/huangwei/tmls/App/Admin/Model/ClassifyModel.class.php 第 10 行.
NOTIC: [8] Undefined variable: connection /mnt/www/html/huangwei/tmls/App/Admin/Model/ClassifyModel.class.php 第 10 行.
SQL: SHOW COLUMNS FROM `classify` [ RunTime:0.0004s ]
SQL: SHOW COLUMNS FROM `weixin_config` [ RunTime:0.0003s ]
SQL: SELECT `value` FROM `weixin_config` WHERE `name` = 'phone' LIMIT 1   [ RunTime:0.0001s ]
INFO: [ view_parse ] --START--
INFO: [ template_filter ] --START--
INFO: Run Behavior\ContentReplaceBehavior [ RunTime:0.000060s ]
INFO: [ template_filter ] --END-- [ RunTime:0.000089s ]
NOTIC: [8] Undefined index: title /mnt/www/html/huangwei/tmls/Runtime/Cache/Home/00e52909bed743ea261af4b6823297ff.php 第 120 行.
NOTIC: [8] Undefined index: title /mnt/www/html/huangwei/tmls/Runtime/Cache/Home/00e52909bed743ea261af4b6823297ff.php 第 120 行.
NOTIC: [8] Undefined index: title /mnt/www/html/huangwei/tmls/Runtime/Cache/Home/00e52909bed743ea261af4b6823297ff.php 第 120 行.
NOTIC: [8] Undefined index: title /mnt/www/html/huangwei/tmls/Runtime/Cache/Home/00e52909bed743ea261af4b6823297ff.php 第 179 行.
NOTIC: [8] Undefined index: title /mnt/www/html/huangwei/tmls/Runtime/Cache/Home/00e52909bed743ea261af4b6823297ff.php 第 200 行.
NOTIC: [8] Undefined index: title /mnt/www/html/huangwei/tmls/Runtime/Cache/Home/00e52909bed743ea261af4b6823297ff.php 第 221 行.
NOTIC: [8] Undefined variable: data /mnt/www/html/huangwei/tmls/Runtime/Cache/Home/00e52909bed743ea261af4b6823297ff.php 第 259 行.
INFO: Run Behavior\ParseTemplateBehavior [ RunTime:0.076855s ]
INFO: [ view_parse ] --END-- [ RunTime:0.076909s ]
INFO: [ view_filter ] --START--
INFO: Run Behavior\WriteHtmlCacheBehavior [ RunTime:0.000108s ]
INFO: [ view_filter ] --END-- [ RunTime:0.000146s ]
INFO: [ app_end ] --START--
INFO: Run Behavior\ShowPageTraceBehavior [ RunTime:0.000053s ]
INFO: [ app_end ] --END-- [ RunTime:0.000081s ]

[ 2017-06-05T10:07:07+08:00 ] 101.226.61.189 /Home/weixin/login/?url=http%3A%2F%2Fshopceshi.sunday.so%2FHome%2Fcenter%2Findex.html
INFO: [ app_init ] --START--
INFO: Run Behavior\BuildLiteBehavior [ RunTime:0.000010s ]
INFO: [ app_init ] --END-- [ RunTime:0.000091s ]
INFO: [ app_begin ] --START--
INFO: Run Behavior\ReadHtmlCacheBehavior [ RunTime:0.000047s ]
INFO: [ app_begin ] --END-- [ RunTime:0.000073s ]
INFO: [ app_end ] --START--
INFO: Run Behavior\ShowPageTraceBehavior [ RunTime:0.000049s ]
INFO: [ app_end ] --END-- [ RunTime:0.000082s ]

[ 2017-06-05T10:07:07+08:00 ] 101.226.102.78 /
INFO: [ app_init ] --START--
INFO: Run Behavior\BuildLiteBehavior [ RunTime:0.000009s ]
INFO: [ app_init ] --END-- [ RunTime:0.000076s ]
INFO: [ app_begin ] --START--
INFO: Run Behavior\ReadHtmlCacheBehavior [ RunTime:0.000037s ]
INFO: [ app_begin ] --END-- [ RunTime:0.000064s ]

[ 2017-06-05T10:07:07+08:00 ] 140.207.185.123 /
INFO: [ app_init ] --START--
INFO: Run Behavior\BuildLiteBehavior [ RunTime:0.000010s ]
INFO: [ app_init ] --END-- [ RunTime:0.000078s ]
INFO: [ app_begin ] --START--
INFO: Run Behavior\ReadHtmlCacheBehavior [ RunTime:0.000038s ]
INFO: [ app_begin ] --END-- [ RunTime:0.000063s ]

[ 2017-06-05T10:07:08+08:00 ] 101.226.61.189 /Home/weixin/callback/?code=061g2bKW1oW0oW0verKW1zFgKW1g2bKK&state=6fe089e9369849fac3be8a30ed3a06ff3315cb1c
INFO: [ app_init ] --START--
INFO: Run Behavior\BuildLiteBehavior [ RunTime:0.000008s ]
INFO: [ app_init ] --END-- [ RunTime:0.000073s ]
INFO: [ app_begin ] --START--
INFO: Run Behavior\ReadHtmlCacheBehavior [ RunTime:0.000035s ]
INFO: [ app_begin ] --END-- [ RunTime:0.000060s ]
NOTIC: [2] Missing argument 2 for Home\Model\UserModel::__construct(), called in /mnt/www/html/huangwei/tmls/ThinkPHP/Common/functions.php on line 588 and defined /mnt/www/html/huangwei/tmls/App/Home/Model/UserModel.class.php 第 10 行.
NOTIC: [2] Missing argument 3 for Home\Model\UserModel::__construct(), called in /mnt/www/html/huangwei/tmls/ThinkPHP/Common/functions.php on line 588 and defined /mnt/www/html/huangwei/tmls/App/Home/Model/UserModel.class.php 第 10 行.
NOTIC: [8] Undefined variable: tablePrefix /mnt/www/html/huangwei/tmls/App/Home/Model/UserModel.class.php 第 12 行.
NOTIC: [8] Undefined variable: connection /mnt/www/html/huangwei/tmls/App/Home/Model/UserModel.class.php 第 12 行.
SQL: SHOW COLUMNS FROM `user` [ RunTime:0.0006s ]
SQL: SELECT * FROM `user` WHERE `openid` = 'oGklKuG3WuSWThgmBcMgWqIrlMuw' LIMIT 1   [ RunTime:0.0003s ]
SQL: INSERT INTO `user` (`openid`,`nickname`,`integral`,`shopid`,`img`) VALUES ('oGklKuG3WuSWThgmBcMgWqIrlMuw','多余i','0','1','http://wx.qlogo.cn/mmopen/qvviapYJvNficjzpb2WFgPvLfumCyeFGOdQ3d24iaOgztKIWXYhUfRTqYCva9datzMHxnEk1jialNMgAw9VCsfTYVorkZZQS0UQU/0') [ RunTime:0.0029s ]
ERR: Think\Controller:reg方法不存在！

[ 2017-06-05T10:07:42+08:00 ] 223.93.158.132 /home/index/login
INFO: [ app_init ] --START--
INFO: Run Behavior\BuildLiteBehavior [ RunTime:0.000009s ]
INFO: [ app_init ] --END-- [ RunTime:0.000081s ]
INFO: [ app_begin ] --START--
INFO: Run Behavior\ReadHtmlCacheBehavior [ RunTime:0.000040s ]
INFO: [ app_begin ] --END-- [ RunTime:0.000065s ]
SQL: SHOW COLUMNS FROM `user` [ RunTime:0.0005s ]
SQL: SELECT * FROM `user` WHERE `id` = 1 LIMIT 1   [ RunTime:0.0002s ]
INFO: [ app_end ] --START--
INFO: Run Behavior\ShowPageTraceBehavior [ RunTime:0.000057s ]
INFO: [ app_end ] --END-- [ RunTime:0.000083s ]

