[ 2017-05-14T16:49:08+08:00 ] 101.226.125.114 /
INFO: [ app_init ] --START--
INFO: Run Behavior\BuildLiteBehavior [ RunTime:0.000009s ]
INFO: [ app_init ] --END-- [ RunTime:0.000218s ]
INFO: [ app_begin ] --START--
INFO: Run Behavior\ReadHtmlCacheBehavior [ RunTime:0.000364s ]
INFO: [ app_begin ] --END-- [ RunTime:0.000410s ]

[ 2017-05-14T16:49:08+08:00 ] 101.226.125.114 /Home/weixin/login/?url=%2F
INFO: [ app_init ] --START--
INFO: Run Behavior\BuildLiteBehavior [ RunTime:0.000009s ]
INFO: [ app_init ] --END-- [ RunTime:0.000215s ]
INFO: [ app_begin ] --START--
INFO: Run Behavior\ReadHtmlCacheBehavior [ RunTime:0.000274s ]
INFO: [ app_begin ] --END-- [ RunTime:0.000316s ]
INFO: [ app_end ] --START--
INFO: Run Behavior\ShowPageTraceBehavior [ RunTime:0.000341s ]
INFO: [ app_end ] --END-- [ RunTime:0.000388s ]

[ 2017-05-14T16:49:08+08:00 ] 140.207.185.125 /
INFO: [ app_init ] --START--
INFO: Run Behavior\BuildLiteBehavior [ RunTime:0.000009s ]
INFO: [ app_init ] --END-- [ RunTime:0.000207s ]
INFO: [ app_begin ] --START--
INFO: Run Behavior\ReadHtmlCacheBehavior [ RunTime:0.000266s ]
INFO: [ app_begin ] --END-- [ RunTime:0.000299s ]

[ 2017-05-14T16:49:08+08:00 ] 117.185.27.144 /
INFO: [ app_init ] --START--
INFO: Run Behavior\BuildLiteBehavior [ RunTime:0.000009s ]
INFO: [ app_init ] --END-- [ RunTime:0.000211s ]
INFO: [ app_begin ] --START--
INFO: Run Behavior\ReadHtmlCacheBehavior [ RunTime:0.000284s ]
INFO: [ app_begin ] --END-- [ RunTime:0.000318s ]

[ 2017-05-14T16:49:12+08:00 ] 101.226.125.114 /Home/weixin/callback/?code=001w1WIc2XtIYB0vylJc2UeFIc2w1WIb&state=9d824328a044beea47f95782f431313a15a68c3c
INFO: [ app_init ] --START--
INFO: Run Behavior\BuildLiteBehavior [ RunTime:0.000009s ]
INFO: [ app_init ] --END-- [ RunTime:0.000223s ]
INFO: [ app_begin ] --START--
INFO: Run Behavior\ReadHtmlCacheBehavior [ RunTime:0.000266s ]
INFO: [ app_begin ] --END-- [ RunTime:0.000298s ]
NOTIC: [2] Missing argument 2 for Home\Model\UserModel::__construct(), called in /mnt/www/html/huangwei/tmls/ThinkPHP/Common/functions.php on line 588 and defined /mnt/www/html/huangwei/tmls/App/Home/Model/UserModel.class.php 第 10 行.
NOTIC: [2] Missing argument 3 for Home\Model\UserModel::__construct(), called in /mnt/www/html/huangwei/tmls/ThinkPHP/Common/functions.php on line 588 and defined /mnt/www/html/huangwei/tmls/App/Home/Model/UserModel.class.php 第 10 行.
NOTIC: [8] Undefined variable: tablePrefix /mnt/www/html/huangwei/tmls/App/Home/Model/UserModel.class.php 第 12 行.
NOTIC: [8] Undefined variable: connection /mnt/www/html/huangwei/tmls/App/Home/Model/UserModel.class.php 第 12 行.
SQL: SHOW COLUMNS FROM `user` [ RunTime:0.0006s ]
SQL: SELECT * FROM `user` WHERE `openid` = 'oGklKuMVSXJInX_uakIlb2UZFahI' LIMIT 1   [ RunTime:0.0002s ]
SQL: INSERT INTO `user` (`openid`,`nickname`,`integral`,`shopid`,`img`) VALUES ('oGklKuMVSXJInX_uakIlb2UZFahI','古灵精怪','0','1','http://wx.qlogo.cn/mmopen/y4YGdib4g26lHicpiaqC3bbfB5rShQrIzLFXKK6zUdB95GibNV0JtBI2mJicWL6AckvUpZbQ5OOVUU7bhGapGYIt3HQLdcATvwhUn/0') [ RunTime:0.0025s ]
ERR: Think\Controller:reg方法不存在！

[ 2017-05-14T16:49:22+08:00 ] 101.226.125.114 /
INFO: [ app_init ] --START--
INFO: Run Behavior\BuildLiteBehavior [ RunTime:0.000009s ]
INFO: [ app_init ] --END-- [ RunTime:0.000226s ]
INFO: [ app_begin ] --START--
INFO: Run Behavior\ReadHtmlCacheBehavior [ RunTime:0.000267s ]
INFO: [ app_begin ] --END-- [ RunTime:0.000300s ]

[ 2017-05-14T16:49:22+08:00 ] 101.226.125.114 /Home/weixin/login/?url=%2F
INFO: [ app_init ] --START--
INFO: Run Behavior\BuildLiteBehavior [ RunTime:0.000008s ]
INFO: [ app_init ] --END-- [ RunTime:0.000211s ]
INFO: [ app_begin ] --START--
INFO: Run Behavior\ReadHtmlCacheBehavior [ RunTime:0.000264s ]
INFO: [ app_begin ] --END-- [ RunTime:0.000296s ]
INFO: [ app_end ] --START--
INFO: Run Behavior\ShowPageTraceBehavior [ RunTime:0.000337s ]
INFO: [ app_end ] --END-- [ RunTime:0.000382s ]

[ 2017-05-14T16:49:26+08:00 ] 101.226.51.229 /Home/weixin/login/?url=%2F
INFO: [ app_init ] --START--
INFO: Run Behavior\BuildLiteBehavior [ RunTime:0.000009s ]
INFO: [ app_init ] --END-- [ RunTime:0.000215s ]
INFO: [ app_begin ] --START--
INFO: Run Behavior\ReadHtmlCacheBehavior [ RunTime:0.000267s ]
INFO: [ app_begin ] --END-- [ RunTime:0.000300s ]
INFO: [ app_end ] --START--
INFO: Run Behavior\ShowPageTraceBehavior [ RunTime:0.000312s ]
INFO: [ app_end ] --END-- [ RunTime:0.000374s ]

[ 2017-05-14T16:49:27+08:00 ] 101.226.125.114 /Home/weixin/callback/?code=0316Jvi40lI67F1h8yi40lRbi406JviX&state=828eda429c139344b12e03a7df782c2085877f54
INFO: [ app_init ] --START--
INFO: Run Behavior\BuildLiteBehavior [ RunTime:0.000011s ]
INFO: [ app_init ] --END-- [ RunTime:0.000229s ]
INFO: [ app_begin ] --START--
INFO: Run Behavior\ReadHtmlCacheBehavior [ RunTime:0.000271s ]
INFO: [ app_begin ] --END-- [ RunTime:0.000303s ]
NOTIC: [2] Missing argument 2 for Home\Model\UserModel::__construct(), called in /mnt/www/html/huangwei/tmls/ThinkPHP/Common/functions.php on line 588 and defined /mnt/www/html/huangwei/tmls/App/Home/Model/UserModel.class.php 第 10 行.
NOTIC: [2] Missing argument 3 for Home\Model\UserModel::__construct(), called in /mnt/www/html/huangwei/tmls/ThinkPHP/Common/functions.php on line 588 and defined /mnt/www/html/huangwei/tmls/App/Home/Model/UserModel.class.php 第 10 行.
NOTIC: [8] Undefined variable: tablePrefix /mnt/www/html/huangwei/tmls/App/Home/Model/UserModel.class.php 第 12 行.
NOTIC: [8] Undefined variable: connection /mnt/www/html/huangwei/tmls/App/Home/Model/UserModel.class.php 第 12 行.
SQL: SHOW COLUMNS FROM `user` [ RunTime:0.0006s ]
SQL: SELECT * FROM `user` WHERE `openid` = 'oGklKuMVSXJInX_uakIlb2UZFahI' LIMIT 1   [ RunTime:0.0002s ]

[ 2017-05-14T16:49:27+08:00 ] 101.226.125.114 /
INFO: [ app_init ] --START--
INFO: Run Behavior\BuildLiteBehavior [ RunTime:0.000009s ]
INFO: [ app_init ] --END-- [ RunTime:0.000216s ]
INFO: [ app_begin ] --START--
INFO: Run Behavior\ReadHtmlCacheBehavior [ RunTime:0.000267s ]
INFO: [ app_begin ] --END-- [ RunTime:0.000300s ]
NOTIC: [2] Missing argument 2 for Home\Model\UserModel::__construct(), called in /mnt/www/html/huangwei/tmls/ThinkPHP/Common/functions.php on line 588 and defined /mnt/www/html/huangwei/tmls/App/Home/Model/UserModel.class.php 第 10 行.
NOTIC: [2] Missing argument 3 for Home\Model\UserModel::__construct(), called in /mnt/www/html/huangwei/tmls/ThinkPHP/Common/functions.php on line 588 and defined /mnt/www/html/huangwei/tmls/App/Home/Model/UserModel.class.php 第 10 行.
NOTIC: [8] Undefined variable: tablePrefix /mnt/www/html/huangwei/tmls/App/Home/Model/UserModel.class.php 第 12 行.
NOTIC: [8] Undefined variable: connection /mnt/www/html/huangwei/tmls/App/Home/Model/UserModel.class.php 第 12 行.
SQL: SHOW COLUMNS FROM `user` [ RunTime:0.0006s ]
NOTIC: [8] Undefined index: fromto /mnt/www/html/huangwei/tmls/App/Home/Controller/IndexController.class.php 第 33 行.
SQL: UPDATE `user` SET `first`='0',`second`='0',`three`='0',`isfix`='1' WHERE `id` = 280 [ RunTime:0.0023s ]
NOTIC: [2] Missing argument 2 for Admin\Model\CarouselModel::__construct(), called in /mnt/www/html/huangwei/tmls/ThinkPHP/Common/functions.php on line 588 and defined /mnt/www/html/huangwei/tmls/App/Admin/Model/CarouselModel.class.php 第 9 行.
NOTIC: [2] Missing argument 3 for Admin\Model\CarouselModel::__construct(), called in /mnt/www/html/huangwei/tmls/ThinkPHP/Common/functions.php on line 588 and defined /mnt/www/html/huangwei/tmls/App/Admin/Model/CarouselModel.class.php 第 9 行.
NOTIC: [8] Undefined variable: tablePrefix /mnt/www/html/huangwei/tmls/App/Admin/Model/CarouselModel.class.php 第 11 行.
NOTIC: [8] Undefined variable: connection /mnt/www/html/huangwei/tmls/App/Admin/Model/CarouselModel.class.php 第 11 行.
SQL: SHOW COLUMNS FROM `carousel` [ RunTime:0.0004s ]
SQL: SELECT `position`,`carouselimg`,`url` FROM `carousel` WHERE `shopid` = 1  [ RunTime:0.0001s ]
SQL: SHOW COLUMNS FROM `custom_page` [ RunTime:0.0003s ]
SQL: SELECT * FROM `custom_page` WHERE `id` = 1 LIMIT 1   [ RunTime:0.0001s ]
NOTIC: [2] Missing argument 2 for Admin\Model\ClassifyModel::__construct(), called in /mnt/www/html/huangwei/tmls/ThinkPHP/Common/functions.php on line 588 and defined /mnt/www/html/huangwei/tmls/App/Admin/Model/ClassifyModel.class.php 第 8 行.
NOTIC: [2] Missing argument 3 for Admin\Model\ClassifyModel::__construct(), called in /mnt/www/html/huangwei/tmls/ThinkPHP/Common/functions.php on line 588 and defined /mnt/www/html/huangwei/tmls/App/Admin/Model/ClassifyModel.class.php 第 8 行.
NOTIC: [8] Undefined variable: tablePrefix /mnt/www/html/huangwei/tmls/App/Admin/Model/ClassifyModel.class.php 第 10 行.
NOTIC: [8] Undefined variable: connection /mnt/www/html/huangwei/tmls/App/Admin/Model/ClassifyModel.class.php 第 10 行.
SQL: SHOW COLUMNS FROM `classify` [ RunTime:0.0004s ]
SQL: SELECT * FROM `classify` WHERE `shopid` = 1 AND `pid` = 0 AND `isshow` = 1 ORDER BY sort+1 desc  [ RunTime:0.0001s ]
SQL: SHOW COLUMNS FROM `weixin_config` [ RunTime:0.0005s ]
SQL: SELECT `value` FROM `weixin_config` WHERE `name` = 'phone' LIMIT 1   [ RunTime:0.0001s ]
INFO: [ view_parse ] --START--
INFO: [ template_filter ] --START--
INFO: Run Behavior\ContentReplaceBehavior [ RunTime:0.000080s ]
INFO: [ template_filter ] --END-- [ RunTime:0.000114s ]
NOTIC: [8] Undefined index: urls /mnt/www/html/huangwei/tmls/App/Common/Common/function.php 第 115 行.
NOTIC: [8] Undefined index: title /mnt/www/html/huangwei/tmls/Runtime/Cache/Home/00e52909bed743ea261af4b6823297ff.php 第 120 行.
NOTIC: [8] Undefined index: title /mnt/www/html/huangwei/tmls/Runtime/Cache/Home/00e52909bed743ea261af4b6823297ff.php 第 120 行.
NOTIC: [8] Undefined index: title /mnt/www/html/huangwei/tmls/Runtime/Cache/Home/00e52909bed743ea261af4b6823297ff.php 第 120 行.
NOTIC: [8] Undefined index: title /mnt/www/html/huangwei/tmls/Runtime/Cache/Home/00e52909bed743ea261af4b6823297ff.php 第 179 行.
NOTIC: [8] Undefined index: title /mnt/www/html/huangwei/tmls/Runtime/Cache/Home/00e52909bed743ea261af4b6823297ff.php 第 200 行.
NOTIC: [8] Undefined index: title /mnt/www/html/huangwei/tmls/Runtime/Cache/Home/00e52909bed743ea261af4b6823297ff.php 第 221 行.
NOTIC: [8] Undefined variable: data /mnt/www/html/huangwei/tmls/Runtime/Cache/Home/00e52909bed743ea261af4b6823297ff.php 第 259 行.
INFO: Run Behavior\ParseTemplateBehavior [ RunTime:0.125939s ]
INFO: [ view_parse ] --END-- [ RunTime:0.125991s ]
INFO: [ view_filter ] --START--
INFO: Run Behavior\WriteHtmlCacheBehavior [ RunTime:0.000205s ]
INFO: [ view_filter ] --END-- [ RunTime:0.000229s ]
INFO: [ app_end ] --START--
INFO: Run Behavior\ShowPageTraceBehavior [ RunTime:0.000305s ]
INFO: [ app_end ] --END-- [ RunTime:0.000337s ]

[ 2017-05-14T17:01:54+08:00 ] 27.17.26.42 /Home/weixin/login/?url=http%3A%2F%2Fshopceshi.sunday.so%2F
INFO: [ app_init ] --START--
INFO: Run Behavior\BuildLiteBehavior [ RunTime:0.000008s ]
INFO: [ app_init ] --END-- [ RunTime:0.000246s ]
INFO: [ app_begin ] --START--
INFO: Run Behavior\ReadHtmlCacheBehavior [ RunTime:0.000268s ]
INFO: [ app_begin ] --END-- [ RunTime:0.000300s ]
INFO: [ app_end ] --START--
INFO: Run Behavior\ShowPageTraceBehavior [ RunTime:0.000313s ]
INFO: [ app_end ] --END-- [ RunTime:0.000358s ]

[ 2017-05-14T17:01:55+08:00 ] 27.17.26.42 /Home/weixin/callback/?code=081ekequ0CjD0f1GELou0Pndqu0ekeqY&state=6b5e8aed4c54ab2cb33269b9792114c6392e3963
INFO: [ app_init ] --START--
INFO: Run Behavior\BuildLiteBehavior [ RunTime:0.000009s ]
INFO: [ app_init ] --END-- [ RunTime:0.000215s ]
INFO: [ app_begin ] --START--
INFO: Run Behavior\ReadHtmlCacheBehavior [ RunTime:0.000269s ]
INFO: [ app_begin ] --END-- [ RunTime:0.000302s ]
NOTIC: [2] Missing argument 2 for Home\Model\UserModel::__construct(), called in /mnt/www/html/huangwei/tmls/ThinkPHP/Common/functions.php on line 588 and defined /mnt/www/html/huangwei/tmls/App/Home/Model/UserModel.class.php 第 10 行.
NOTIC: [2] Missing argument 3 for Home\Model\UserModel::__construct(), called in /mnt/www/html/huangwei/tmls/ThinkPHP/Common/functions.php on line 588 and defined /mnt/www/html/huangwei/tmls/App/Home/Model/UserModel.class.php 第 10 行.
NOTIC: [8] Undefined variable: tablePrefix /mnt/www/html/huangwei/tmls/App/Home/Model/UserModel.class.php 第 12 行.
NOTIC: [8] Undefined variable: connection /mnt/www/html/huangwei/tmls/App/Home/Model/UserModel.class.php 第 12 行.
SQL: SHOW COLUMNS FROM `user` [ RunTime:0.0005s ]
SQL: SELECT * FROM `user` WHERE `openid` = 'oGklKuATCrU7OgX205tmGa5g6TL0' LIMIT 1   [ RunTime:0.0002s ]
SQL: INSERT INTO `user` (`openid`,`nickname`,`integral`,`shopid`,`img`) VALUES ('oGklKuATCrU7OgX205tmGa5g6TL0','大雄 ®','0','1','http://wx.qlogo.cn/mmopen/TvNTvRuia6AibWYH6Pg36jaFsicick9SbDhUDzar0KJc0IeErzXvyuyXBlPCd6yuqytNBcnDUPVXvHwVg9AT7FYqQibBhZrQPrdyx/0') [ RunTime:0.0028s ]
ERR: Think\Controller:reg方法不存在！

[ 2017-05-14T17:01:59+08:00 ] 27.17.26.42 /Home/weixin/login/?url=https%3A%2F%2Fepeijing.cn%2Fapi%2FchzEWe
INFO: [ app_init ] --START--
INFO: Run Behavior\BuildLiteBehavior [ RunTime:0.000009s ]
INFO: [ app_init ] --END-- [ RunTime:0.000209s ]
INFO: [ app_begin ] --START--
INFO: Run Behavior\ReadHtmlCacheBehavior [ RunTime:0.000273s ]
INFO: [ app_begin ] --END-- [ RunTime:0.000306s ]
INFO: [ app_end ] --START--
INFO: Run Behavior\ShowPageTraceBehavior [ RunTime:0.000317s ]
INFO: [ app_end ] --END-- [ RunTime:0.000363s ]

[ 2017-05-14T17:02:00+08:00 ] 27.17.26.42 /Home/weixin/callback/?code=081DwnxT0gU7iW1OkNuT0mPIxT0Dwnxe&state=ac9dd7c6412523a3df9bfa9432f50e8155d5b90d
INFO: [ app_init ] --START--
INFO: Run Behavior\BuildLiteBehavior [ RunTime:0.000008s ]
INFO: [ app_init ] --END-- [ RunTime:0.000212s ]
INFO: [ app_begin ] --START--
INFO: Run Behavior\ReadHtmlCacheBehavior [ RunTime:0.000270s ]
INFO: [ app_begin ] --END-- [ RunTime:0.000303s ]
NOTIC: [2] Missing argument 2 for Home\Model\UserModel::__construct(), called in /mnt/www/html/huangwei/tmls/ThinkPHP/Common/functions.php on line 588 and defined /mnt/www/html/huangwei/tmls/App/Home/Model/UserModel.class.php 第 10 行.
NOTIC: [2] Missing argument 3 for Home\Model\UserModel::__construct(), called in /mnt/www/html/huangwei/tmls/ThinkPHP/Common/functions.php on line 588 and defined /mnt/www/html/huangwei/tmls/App/Home/Model/UserModel.class.php 第 10 行.
NOTIC: [8] Undefined variable: tablePrefix /mnt/www/html/huangwei/tmls/App/Home/Model/UserModel.class.php 第 12 行.
NOTIC: [8] Undefined variable: connection /mnt/www/html/huangwei/tmls/App/Home/Model/UserModel.class.php 第 12 行.
SQL: SHOW COLUMNS FROM `user` [ RunTime:0.0005s ]
SQL: SELECT * FROM `user` WHERE `openid` = 'oGklKuATCrU7OgX205tmGa5g6TL0' LIMIT 1   [ RunTime:0.0002s ]

[ 2017-05-14T17:02:35+08:00 ] 27.17.26.42 /Home/weixin/login/?url=http%3A%2F%2Fshopceshi.sunday.so%2FHome%2Fcenter%2Findex.html
INFO: [ app_init ] --START--
INFO: Run Behavior\BuildLiteBehavior [ RunTime:0.000010s ]
INFO: [ app_init ] --END-- [ RunTime:0.000208s ]
INFO: [ app_begin ] --START--
INFO: Run Behavior\ReadHtmlCacheBehavior [ RunTime:0.000281s ]
INFO: [ app_begin ] --END-- [ RunTime:0.000313s ]

[ 2017-05-14T17:02:35+08:00 ] 27.17.26.42 /Home/center/index.html
INFO: [ app_init ] --START--
INFO: Run Behavior\BuildLiteBehavior [ RunTime:0.000009s ]
INFO: [ app_init ] --END-- [ RunTime:0.000210s ]
INFO: [ app_begin ] --START--
INFO: Run Behavior\ReadHtmlCacheBehavior [ RunTime:0.000281s ]
INFO: [ app_begin ] --END-- [ RunTime:0.000314s ]
NOTIC: [2] Missing argument 2 for Home\Model\UserModel::__construct(), called in /mnt/www/html/huangwei/tmls/ThinkPHP/Common/functions.php on line 588 and defined /mnt/www/html/huangwei/tmls/App/Home/Model/UserModel.class.php 第 10 行.
NOTIC: [2] Missing argument 3 for Home\Model\UserModel::__construct(), called in /mnt/www/html/huangwei/tmls/ThinkPHP/Common/functions.php on line 588 and defined /mnt/www/html/huangwei/tmls/App/Home/Model/UserModel.class.php 第 10 行.
NOTIC: [8] Undefined variable: tablePrefix /mnt/www/html/huangwei/tmls/App/Home/Model/UserModel.class.php 第 12 行.
NOTIC: [8] Undefined variable: connection /mnt/www/html/huangwei/tmls/App/Home/Model/UserModel.class.php 第 12 行.
SQL: SHOW COLUMNS FROM `user` [ RunTime:0.0005s ]
INFO: [ view_parse ] --START--
INFO: [ template_filter ] --START--
INFO: Run Behavior\ContentReplaceBehavior [ RunTime:0.000041s ]
INFO: [ template_filter ] --END-- [ RunTime:0.000074s ]
INFO: Run Behavior\ParseTemplateBehavior [ RunTime:0.005350s ]
INFO: [ view_parse ] --END-- [ RunTime:0.005387s ]
INFO: [ view_filter ] --START--
INFO: Run Behavior\WriteHtmlCacheBehavior [ RunTime:0.000101s ]
INFO: [ view_filter ] --END-- [ RunTime:0.000124s ]
INFO: [ app_end ] --START--
INFO: Run Behavior\ShowPageTraceBehavior [ RunTime:0.000256s ]
INFO: [ app_end ] --END-- [ RunTime:0.000285s ]

[ 2017-05-14T17:02:45+08:00 ] 101.226.33.220 /Home/center/index.html
INFO: [ app_init ] --START--
INFO: Run Behavior\BuildLiteBehavior [ RunTime:0.000009s ]
INFO: [ app_init ] --END-- [ RunTime:0.000222s ]
INFO: [ app_begin ] --START--
INFO: Run Behavior\ReadHtmlCacheBehavior [ RunTime:0.000268s ]
INFO: [ app_begin ] --END-- [ RunTime:0.000302s ]
NOTIC: [2] Missing argument 2 for Home\Model\UserModel::__construct(), called in /mnt/www/html/huangwei/tmls/ThinkPHP/Common/functions.php on line 588 and defined /mnt/www/html/huangwei/tmls/App/Home/Model/UserModel.class.php 第 10 行.
NOTIC: [2] Missing argument 3 for Home\Model\UserModel::__construct(), called in /mnt/www/html/huangwei/tmls/ThinkPHP/Common/functions.php on line 588 and defined /mnt/www/html/huangwei/tmls/App/Home/Model/UserModel.class.php 第 10 行.
NOTIC: [8] Undefined variable: tablePrefix /mnt/www/html/huangwei/tmls/App/Home/Model/UserModel.class.php 第 12 行.
NOTIC: [8] Undefined variable: connection /mnt/www/html/huangwei/tmls/App/Home/Model/UserModel.class.php 第 12 行.
SQL: SHOW COLUMNS FROM `user` [ RunTime:0.0005s ]
SQL: SELECT * FROM `user` WHERE `id` = null LIMIT 1   [ RunTime:0.0002s ]
INFO: [ view_parse ] --START--
INFO: [ template_filter ] --START--
INFO: Run Behavior\ContentReplaceBehavior [ RunTime:0.000039s ]
INFO: [ template_filter ] --END-- [ RunTime:0.000072s ]
NOTIC: [8] Undefined index: user /mnt/www/html/huangwei/tmls/Runtime/Cache/Home/6932e7c9012ebe4334aa99267c0b2e4b.php 第 57 行.
NOTIC: [2] Illegal string offset 'member' /mnt/www/html/huangwei/tmls/Runtime/Cache/Home/6932e7c9012ebe4334aa99267c0b2e4b.php 第 58 行.
NOTIC: [8] Undefined index: user /mnt/www/html/huangwei/tmls/Runtime/Cache/Home/6932e7c9012ebe4334aa99267c0b2e4b.php 第 61 行.
NOTIC: [8] Undefined index: user /mnt/www/html/huangwei/tmls/Runtime/Cache/Home/6932e7c9012ebe4334aa99267c0b2e4b.php 第 61 行.
INFO: Run Behavior\ParseTemplateBehavior [ RunTime:0.005588s ]
INFO: [ view_parse ] --END-- [ RunTime:0.005618s ]
INFO: [ view_filter ] --START--
INFO: Run Behavior\WriteHtmlCacheBehavior [ RunTime:0.000094s ]
INFO: [ view_filter ] --END-- [ RunTime:0.000118s ]
INFO: [ app_end ] --START--
INFO: Run Behavior\ShowPageTraceBehavior [ RunTime:0.000262s ]
INFO: [ app_end ] --END-- [ RunTime:0.000294s ]

[ 2017-05-14T17:02:46+08:00 ] 27.17.26.42 /Home/weixin/login/?url=http%3A%2F%2Fshopceshi.sunday.so%2F
INFO: [ app_init ] --START--
INFO: Run Behavior\BuildLiteBehavior [ RunTime:0.000009s ]
INFO: [ app_init ] --END-- [ RunTime:0.000208s ]
INFO: [ app_begin ] --START--
INFO: Run Behavior\ReadHtmlCacheBehavior [ RunTime:0.000279s ]
INFO: [ app_begin ] --END-- [ RunTime:0.000313s ]

[ 2017-05-14T17:02:46+08:00 ] 27.17.26.42 /
INFO: [ app_init ] --START--
INFO: Run Behavior\BuildLiteBehavior [ RunTime:0.000009s ]
INFO: [ app_init ] --END-- [ RunTime:0.000216s ]
INFO: [ app_begin ] --START--
INFO: Run Behavior\ReadHtmlCacheBehavior [ RunTime:0.000285s ]
INFO: [ app_begin ] --END-- [ RunTime:0.000316s ]
NOTIC: [2] Missing argument 2 for Home\Model\UserModel::__construct(), called in /mnt/www/html/huangwei/tmls/ThinkPHP/Common/functions.php on line 588 and defined /mnt/www/html/huangwei/tmls/App/Home/Model/UserModel.class.php 第 10 行.
NOTIC: [2] Missing argument 3 for Home\Model\UserModel::__construct(), called in /mnt/www/html/huangwei/tmls/ThinkPHP/Common/functions.php on line 588 and defined /mnt/www/html/huangwei/tmls/App/Home/Model/UserModel.class.php 第 10 行.
NOTIC: [8] Undefined variable: tablePrefix /mnt/www/html/huangwei/tmls/App/Home/Model/UserModel.class.php 第 12 行.
NOTIC: [8] Undefined variable: connection /mnt/www/html/huangwei/tmls/App/Home/Model/UserModel.class.php 第 12 行.
SQL: SHOW COLUMNS FROM `user` [ RunTime:0.0006s ]
NOTIC: [8] Undefined index: fromto /mnt/www/html/huangwei/tmls/App/Home/Controller/IndexController.class.php 第 33 行.
SQL: UPDATE `user` SET `first`='0',`second`='0',`three`='0',`isfix`='1' WHERE `id` = 281 [ RunTime:0.0028s ]
NOTIC: [2] Missing argument 2 for Admin\Model\CarouselModel::__construct(), called in /mnt/www/html/huangwei/tmls/ThinkPHP/Common/functions.php on line 588 and defined /mnt/www/html/huangwei/tmls/App/Admin/Model/CarouselModel.class.php 第 9 行.
NOTIC: [2] Missing argument 3 for Admin\Model\CarouselModel::__construct(), called in /mnt/www/html/huangwei/tmls/ThinkPHP/Common/functions.php on line 588 and defined /mnt/www/html/huangwei/tmls/App/Admin/Model/CarouselModel.class.php 第 9 行.
NOTIC: [8] Undefined variable: tablePrefix /mnt/www/html/huangwei/tmls/App/Admin/Model/CarouselModel.class.php 第 11 行.
NOTIC: [8] Undefined variable: connection /mnt/www/html/huangwei/tmls/App/Admin/Model/CarouselModel.class.php 第 11 行.
SQL: SHOW COLUMNS FROM `carousel` [ RunTime:0.0004s ]
SQL: SELECT `position`,`carouselimg`,`url` FROM `carousel` WHERE `shopid` = 1  [ RunTime:0.0001s ]
SQL: SHOW COLUMNS FROM `custom_page` [ RunTime:0.0003s ]
SQL: SELECT * FROM `custom_page` WHERE `id` = 1 LIMIT 1   [ RunTime:0.0001s ]
NOTIC: [2] Missing argument 2 for Admin\Model\ClassifyModel::__construct(), called in /mnt/www/html/huangwei/tmls/ThinkPHP/Common/functions.php on line 588 and defined /mnt/www/html/huangwei/tmls/App/Admin/Model/ClassifyModel.class.php 第 8 行.
NOTIC: [2] Missing argument 3 for Admin\Model\ClassifyModel::__construct(), called in /mnt/www/html/huangwei/tmls/ThinkPHP/Common/functions.php on line 588 and defined /mnt/www/html/huangwei/tmls/App/Admin/Model/ClassifyModel.class.php 第 8 行.
NOTIC: [8] Undefined variable: tablePrefix /mnt/www/html/huangwei/tmls/App/Admin/Model/ClassifyModel.class.php 第 10 行.
NOTIC: [8] Undefined variable: connection /mnt/www/html/huangwei/tmls/App/Admin/Model/ClassifyModel.class.php 第 10 行.
SQL: SHOW COLUMNS FROM `classify` [ RunTime:0.0004s ]
SQL: SELECT * FROM `classify` WHERE `shopid` = 1 AND `pid` = 0 AND `isshow` = 1 ORDER BY sort+1 desc  [ RunTime:0.0001s ]
SQL: SHOW COLUMNS FROM `weixin_config` [ RunTime:0.0004s ]
SQL: SELECT `value` FROM `weixin_config` WHERE `name` = 'phone' LIMIT 1   [ RunTime:0.0001s ]
INFO: [ view_parse ] --START--
INFO: [ template_filter ] --START--
INFO: Run Behavior\ContentReplaceBehavior [ RunTime:0.000062s ]
INFO: [ template_filter ] --END-- [ RunTime:0.000096s ]
NOTIC: [8] Undefined index: urls /mnt/www/html/huangwei/tmls/App/Common/Common/function.php 第 115 行.
NOTIC: [8] Undefined index: title /mnt/www/html/huangwei/tmls/Runtime/Cache/Home/00e52909bed743ea261af4b6823297ff.php 第 120 行.
NOTIC: [8] Undefined index: title /mnt/www/html/huangwei/tmls/Runtime/Cache/Home/00e52909bed743ea261af4b6823297ff.php 第 120 行.
NOTIC: [8] Undefined index: title /mnt/www/html/huangwei/tmls/Runtime/Cache/Home/00e52909bed743ea261af4b6823297ff.php 第 120 行.
NOTIC: [8] Undefined index: title /mnt/www/html/huangwei/tmls/Runtime/Cache/Home/00e52909bed743ea261af4b6823297ff.php 第 179 行.
NOTIC: [8] Undefined index: title /mnt/www/html/huangwei/tmls/Runtime/Cache/Home/00e52909bed743ea261af4b6823297ff.php 第 200 行.
NOTIC: [8] Undefined index: title /mnt/www/html/huangwei/tmls/Runtime/Cache/Home/00e52909bed743ea261af4b6823297ff.php 第 221 行.
NOTIC: [8] Undefined variable: data /mnt/www/html/huangwei/tmls/Runtime/Cache/Home/00e52909bed743ea261af4b6823297ff.php 第 259 行.
INFO: Run Behavior\ParseTemplateBehavior [ RunTime:0.143255s ]
INFO: [ view_parse ] --END-- [ RunTime:0.143297s ]
INFO: [ view_filter ] --START--
INFO: Run Behavior\WriteHtmlCacheBehavior [ RunTime:0.000210s ]
INFO: [ view_filter ] --END-- [ RunTime:0.000235s ]
INFO: [ app_end ] --START--
INFO: Run Behavior\ShowPageTraceBehavior [ RunTime:0.000343s ]
INFO: [ app_end ] --END-- [ RunTime:0.000377s ]

[ 2017-05-14T17:03:06+08:00 ] 27.17.26.42 /Home/goods/xinpin
INFO: [ app_init ] --START--
INFO: Run Behavior\BuildLiteBehavior [ RunTime:0.000009s ]
INFO: [ app_init ] --END-- [ RunTime:0.000216s ]
INFO: [ app_begin ] --START--
INFO: Run Behavior\ReadHtmlCacheBehavior [ RunTime:0.000265s ]
INFO: [ app_begin ] --END-- [ RunTime:0.000310s ]
NOTIC: [2] Missing argument 2 for Home\Model\CommodityModel::__construct(), called in /mnt/www/html/huangwei/tmls/ThinkPHP/Common/functions.php on line 588 and defined /mnt/www/html/huangwei/tmls/App/Home/Model/CommodityModel.class.php 第 10 行.
NOTIC: [2] Missing argument 3 for Home\Model\CommodityModel::__construct(), called in /mnt/www/html/huangwei/tmls/ThinkPHP/Common/functions.php on line 588 and defined /mnt/www/html/huangwei/tmls/App/Home/Model/CommodityModel.class.php 第 10 行.
NOTIC: [8] Undefined variable: tablePrefix /mnt/www/html/huangwei/tmls/App/Home/Model/CommodityModel.class.php 第 12 行.
NOTIC: [8] Undefined variable: connection /mnt/www/html/huangwei/tmls/App/Home/Model/CommodityModel.class.php 第 12 行.
SQL: SHOW COLUMNS FROM `commodity` [ RunTime:0.0006s ]
NOTIC: [8] Undefined index: page /mnt/www/html/huangwei/tmls/App/Home/Controller/GoodsController.class.php 第 337 行.
NOTIC: [8] Undefined index: size /mnt/www/html/huangwei/tmls/App/Home/Controller/GoodsController.class.php 第 338 行.
NOTIC: [8] Undefined index: order /mnt/www/html/huangwei/tmls/App/Home/Controller/GoodsController.class.php 第 339 行.
SQL: SELECT `thumbnail`,`title`,`commodityid`,`original`,`current` FROM `commodity` WHERE `shopid` = 1 AND `type` = 1 AND `status` = 1 ORDER BY commodityid desc LIMIT 0,6   [ RunTime:0.0001s ]
INFO: [ view_parse ] --START--
INFO: [ template_filter ] --START--
INFO: Run Behavior\ContentReplaceBehavior [ RunTime:0.000037s ]
INFO: [ template_filter ] --END-- [ RunTime:0.000068s ]
NOTIC: [8] Undefined index: order /mnt/www/html/huangwei/tmls/Runtime/Cache/Home/2ce7a546391e4d288c1913ac56e6f996.php 第 65 行.
NOTIC: [8] Undefined index: order /mnt/www/html/huangwei/tmls/Runtime/Cache/Home/2ce7a546391e4d288c1913ac56e6f996.php 第 66 行.
NOTIC: [8] Undefined index: type /mnt/www/html/huangwei/tmls/Runtime/Cache/Home/2ce7a546391e4d288c1913ac56e6f996.php 第 66 行.
NOTIC: [8] Undefined index: type /mnt/www/html/huangwei/tmls/Runtime/Cache/Home/2ce7a546391e4d288c1913ac56e6f996.php 第 66 行.
NOTIC: [8] Undefined index: order /mnt/www/html/huangwei/tmls/Runtime/Cache/Home/2ce7a546391e4d288c1913ac56e6f996.php 第 67 行.
NOTIC: [8] Undefined index: type /mnt/www/html/huangwei/tmls/Runtime/Cache/Home/2ce7a546391e4d288c1913ac56e6f996.php 第 67 行.
NOTIC: [8] Undefined index: type /mnt/www/html/huangwei/tmls/Runtime/Cache/Home/2ce7a546391e4d288c1913ac56e6f996.php 第 67 行.
INFO: Run Behavior\ParseTemplateBehavior [ RunTime:0.004697s ]
INFO: [ view_parse ] --END-- [ RunTime:0.004725s ]
INFO: [ view_filter ] --START--
INFO: Run Behavior\WriteHtmlCacheBehavior [ RunTime:0.000095s ]
INFO: [ view_filter ] --END-- [ RunTime:0.000117s ]
INFO: [ app_end ] --START--
INFO: Run Behavior\ShowPageTraceBehavior [ RunTime:0.000265s ]
INFO: [ app_end ] --END-- [ RunTime:0.000298s ]

[ 2017-05-14T17:03:12+08:00 ] 27.17.26.42 /Home/goods/xinpin?page=2
INFO: [ app_init ] --START--
INFO: Run Behavior\BuildLiteBehavior [ RunTime:0.000009s ]
INFO: [ app_init ] --END-- [ RunTime:0.000211s ]
INFO: [ app_begin ] --START--
INFO: Run Behavior\ReadHtmlCacheBehavior [ RunTime:0.000278s ]
INFO: [ app_begin ] --END-- [ RunTime:0.000309s ]
NOTIC: [2] Missing argument 2 for Home\Model\CommodityModel::__construct(), called in /mnt/www/html/huangwei/tmls/ThinkPHP/Common/functions.php on line 588 and defined /mnt/www/html/huangwei/tmls/App/Home/Model/CommodityModel.class.php 第 10 行.
NOTIC: [2] Missing argument 3 for Home\Model\CommodityModel::__construct(), called in /mnt/www/html/huangwei/tmls/ThinkPHP/Common/functions.php on line 588 and defined /mnt/www/html/huangwei/tmls/App/Home/Model/CommodityModel.class.php 第 10 行.
NOTIC: [8] Undefined variable: tablePrefix /mnt/www/html/huangwei/tmls/App/Home/Model/CommodityModel.class.php 第 12 行.
NOTIC: [8] Undefined variable: connection /mnt/www/html/huangwei/tmls/App/Home/Model/CommodityModel.class.php 第 12 行.
SQL: SHOW COLUMNS FROM `commodity` [ RunTime:0.0006s ]
NOTIC: [8] Undefined index: size /mnt/www/html/huangwei/tmls/App/Home/Controller/GoodsController.class.php 第 338 行.
NOTIC: [8] Undefined index: order /mnt/www/html/huangwei/tmls/App/Home/Controller/GoodsController.class.php 第 339 行.
SQL: SELECT `thumbnail`,`title`,`commodityid`,`original`,`current` FROM `commodity` WHERE `shopid` = 1 AND `type` = 1 AND `status` = 1 ORDER BY commodityid desc LIMIT 6,6   [ RunTime:0.0001s ]

[ 2017-05-14T17:03:13+08:00 ] 27.17.26.42 /Home/goods/xinpin?page=3
INFO: [ app_init ] --START--
INFO: Run Behavior\BuildLiteBehavior [ RunTime:0.000009s ]
INFO: [ app_init ] --END-- [ RunTime:0.000221s ]
INFO: [ app_begin ] --START--
INFO: Run Behavior\ReadHtmlCacheBehavior [ RunTime:0.000303s ]
INFO: [ app_begin ] --END-- [ RunTime:0.000333s ]
NOTIC: [2] Missing argument 2 for Home\Model\CommodityModel::__construct(), called in /mnt/www/html/huangwei/tmls/ThinkPHP/Common/functions.php on line 588 and defined /mnt/www/html/huangwei/tmls/App/Home/Model/CommodityModel.class.php 第 10 行.
NOTIC: [2] Missing argument 3 for Home\Model\CommodityModel::__construct(), called in /mnt/www/html/huangwei/tmls/ThinkPHP/Common/functions.php on line 588 and defined /mnt/www/html/huangwei/tmls/App/Home/Model/CommodityModel.class.php 第 10 行.
NOTIC: [8] Undefined variable: tablePrefix /mnt/www/html/huangwei/tmls/App/Home/Model/CommodityModel.class.php 第 12 行.
NOTIC: [8] Undefined variable: connection /mnt/www/html/huangwei/tmls/App/Home/Model/CommodityModel.class.php 第 12 行.
SQL: SHOW COLUMNS FROM `commodity` [ RunTime:0.0005s ]
NOTIC: [8] Undefined index: size /mnt/www/html/huangwei/tmls/App/Home/Controller/GoodsController.class.php 第 338 行.
NOTIC: [8] Undefined index: order /mnt/www/html/huangwei/tmls/App/Home/Controller/GoodsController.class.php 第 339 行.
SQL: SELECT `thumbnail`,`title`,`commodityid`,`original`,`current` FROM `commodity` WHERE `shopid` = 1 AND `type` = 1 AND `status` = 1 ORDER BY commodityid desc LIMIT 12,6   [ RunTime:0.0001s ]

[ 2017-05-14T17:03:15+08:00 ] 27.17.26.42 /Home/goods/xinpin?page=4
INFO: [ app_init ] --START--
INFO: Run Behavior\BuildLiteBehavior [ RunTime:0.000010s ]
INFO: [ app_init ] --END-- [ RunTime:0.000270s ]
INFO: [ app_begin ] --START--
INFO: Run Behavior\ReadHtmlCacheBehavior [ RunTime:0.000280s ]
INFO: [ app_begin ] --END-- [ RunTime:0.000313s ]
NOTIC: [2] Missing argument 2 for Home\Model\CommodityModel::__construct(), called in /mnt/www/html/huangwei/tmls/ThinkPHP/Common/functions.php on line 588 and defined /mnt/www/html/huangwei/tmls/App/Home/Model/CommodityModel.class.php 第 10 行.
NOTIC: [2] Missing argument 3 for Home\Model\CommodityModel::__construct(), called in /mnt/www/html/huangwei/tmls/ThinkPHP/Common/functions.php on line 588 and defined /mnt/www/html/huangwei/tmls/App/Home/Model/CommodityModel.class.php 第 10 行.
NOTIC: [8] Undefined variable: tablePrefix /mnt/www/html/huangwei/tmls/App/Home/Model/CommodityModel.class.php 第 12 行.
NOTIC: [8] Undefined variable: connection /mnt/www/html/huangwei/tmls/App/Home/Model/CommodityModel.class.php 第 12 行.
SQL: SHOW COLUMNS FROM `commodity` [ RunTime:0.0006s ]
NOTIC: [8] Undefined index: size /mnt/www/html/huangwei/tmls/App/Home/Controller/GoodsController.class.php 第 338 行.
NOTIC: [8] Undefined index: order /mnt/www/html/huangwei/tmls/App/Home/Controller/GoodsController.class.php 第 339 行.
SQL: SELECT `thumbnail`,`title`,`commodityid`,`original`,`current` FROM `commodity` WHERE `shopid` = 1 AND `type` = 1 AND `status` = 1 ORDER BY commodityid desc LIMIT 18,6   [ RunTime:0.0001s ]

[ 2017-05-14T17:03:16+08:00 ] 101.226.33.205 /Home/goods/xinpin
INFO: [ app_init ] --START--
INFO: Run Behavior\BuildLiteBehavior [ RunTime:0.000009s ]
INFO: [ app_init ] --END-- [ RunTime:0.000225s ]
INFO: [ app_begin ] --START--
INFO: Run Behavior\ReadHtmlCacheBehavior [ RunTime:0.000304s ]
INFO: [ app_begin ] --END-- [ RunTime:0.000337s ]
NOTIC: [2] Missing argument 2 for Home\Model\CommodityModel::__construct(), called in /mnt/www/html/huangwei/tmls/ThinkPHP/Common/functions.php on line 588 and defined /mnt/www/html/huangwei/tmls/App/Home/Model/CommodityModel.class.php 第 10 行.
NOTIC: [2] Missing argument 3 for Home\Model\CommodityModel::__construct(), called in /mnt/www/html/huangwei/tmls/ThinkPHP/Common/functions.php on line 588 and defined /mnt/www/html/huangwei/tmls/App/Home/Model/CommodityModel.class.php 第 10 行.
NOTIC: [8] Undefined variable: tablePrefix /mnt/www/html/huangwei/tmls/App/Home/Model/CommodityModel.class.php 第 12 行.
NOTIC: [8] Undefined variable: connection /mnt/www/html/huangwei/tmls/App/Home/Model/CommodityModel.class.php 第 12 行.
SQL: SHOW COLUMNS FROM `commodity` [ RunTime:0.0005s ]
NOTIC: [8] Undefined index: page /mnt/www/html/huangwei/tmls/App/Home/Controller/GoodsController.class.php 第 337 行.
NOTIC: [8] Undefined index: size /mnt/www/html/huangwei/tmls/App/Home/Controller/GoodsController.class.php 第 338 行.
NOTIC: [8] Undefined index: order /mnt/www/html/huangwei/tmls/App/Home/Controller/GoodsController.class.php 第 339 行.
SQL: SELECT `thumbnail`,`title`,`commodityid`,`original`,`current` FROM `commodity` WHERE `shopid` = null AND `type` = 1 AND `status` = 1 ORDER BY commodityid desc LIMIT 0,6   [ RunTime:0.0001s ]
INFO: [ view_parse ] --START--
INFO: [ template_filter ] --START--
INFO: Run Behavior\ContentReplaceBehavior [ RunTime:0.000037s ]
INFO: [ template_filter ] --END-- [ RunTime:0.000067s ]
NOTIC: [8] Undefined index: order /mnt/www/html/huangwei/tmls/Runtime/Cache/Home/2ce7a546391e4d288c1913ac56e6f996.php 第 65 行.
NOTIC: [8] Undefined index: order /mnt/www/html/huangwei/tmls/Runtime/Cache/Home/2ce7a546391e4d288c1913ac56e6f996.php 第 66 行.
NOTIC: [8] Undefined index: type /mnt/www/html/huangwei/tmls/Runtime/Cache/Home/2ce7a546391e4d288c1913ac56e6f996.php 第 66 行.
NOTIC: [8] Undefined index: type /mnt/www/html/huangwei/tmls/Runtime/Cache/Home/2ce7a546391e4d288c1913ac56e6f996.php 第 66 行.
NOTIC: [8] Undefined index: order /mnt/www/html/huangwei/tmls/Runtime/Cache/Home/2ce7a546391e4d288c1913ac56e6f996.php 第 67 行.
NOTIC: [8] Undefined index: type /mnt/www/html/huangwei/tmls/Runtime/Cache/Home/2ce7a546391e4d288c1913ac56e6f996.php 第 67 行.
NOTIC: [8] Undefined index: type /mnt/www/html/huangwei/tmls/Runtime/Cache/Home/2ce7a546391e4d288c1913ac56e6f996.php 第 67 行.
INFO: Run Behavior\ParseTemplateBehavior [ RunTime:0.004721s ]
INFO: [ view_parse ] --END-- [ RunTime:0.004750s ]
INFO: [ view_filter ] --START--
INFO: Run Behavior\WriteHtmlCacheBehavior [ RunTime:0.000096s ]
INFO: [ view_filter ] --END-- [ RunTime:0.000118s ]
INFO: [ app_end ] --START--
INFO: Run Behavior\ShowPageTraceBehavior [ RunTime:0.000314s ]
INFO: [ app_end ] --END-- [ RunTime:0.000342s ]

[ 2017-05-14T17:03:16+08:00 ] 27.17.26.42 /Home/goods/xinpin?page=5
INFO: [ app_init ] --START--
INFO: Run Behavior\BuildLiteBehavior [ RunTime:0.000010s ]
INFO: [ app_init ] --END-- [ RunTime:0.000212s ]
INFO: [ app_begin ] --START--
INFO: Run Behavior\ReadHtmlCacheBehavior [ RunTime:0.000258s ]
INFO: [ app_begin ] --END-- [ RunTime:0.000289s ]
NOTIC: [2] Missing argument 2 for Home\Model\CommodityModel::__construct(), called in /mnt/www/html/huangwei/tmls/ThinkPHP/Common/functions.php on line 588 and defined /mnt/www/html/huangwei/tmls/App/Home/Model/CommodityModel.class.php 第 10 行.
NOTIC: [2] Missing argument 3 for Home\Model\CommodityModel::__construct(), called in /mnt/www/html/huangwei/tmls/ThinkPHP/Common/functions.php on line 588 and defined /mnt/www/html/huangwei/tmls/App/Home/Model/CommodityModel.class.php 第 10 行.
NOTIC: [8] Undefined variable: tablePrefix /mnt/www/html/huangwei/tmls/App/Home/Model/CommodityModel.class.php 第 12 行.
NOTIC: [8] Undefined variable: connection /mnt/www/html/huangwei/tmls/App/Home/Model/CommodityModel.class.php 第 12 行.
SQL: SHOW COLUMNS FROM `commodity` [ RunTime:0.0005s ]
NOTIC: [8] Undefined index: size /mnt/www/html/huangwei/tmls/App/Home/Controller/GoodsController.class.php 第 338 行.
NOTIC: [8] Undefined index: order /mnt/www/html/huangwei/tmls/App/Home/Controller/GoodsController.class.php 第 339 行.
SQL: SELECT `thumbnail`,`title`,`commodityid`,`original`,`current` FROM `commodity` WHERE `shopid` = 1 AND `type` = 1 AND `status` = 1 ORDER BY commodityid desc LIMIT 24,6   [ RunTime:0.0001s ]

[ 2017-05-14T17:03:20+08:00 ] 27.17.26.42 /
INFO: [ app_init ] --START--
INFO: Run Behavior\BuildLiteBehavior [ RunTime:0.000010s ]
INFO: [ app_init ] --END-- [ RunTime:0.000210s ]
INFO: [ app_begin ] --START--
INFO: Run Behavior\ReadHtmlCacheBehavior [ RunTime:0.000280s ]
INFO: [ app_begin ] --END-- [ RunTime:0.000313s ]
NOTIC: [2] Missing argument 2 for Home\Model\UserModel::__construct(), called in /mnt/www/html/huangwei/tmls/ThinkPHP/Common/functions.php on line 588 and defined /mnt/www/html/huangwei/tmls/App/Home/Model/UserModel.class.php 第 10 行.
NOTIC: [2] Missing argument 3 for Home\Model\UserModel::__construct(), called in /mnt/www/html/huangwei/tmls/ThinkPHP/Common/functions.php on line 588 and defined /mnt/www/html/huangwei/tmls/App/Home/Model/UserModel.class.php 第 10 行.
NOTIC: [8] Undefined variable: tablePrefix /mnt/www/html/huangwei/tmls/App/Home/Model/UserModel.class.php 第 12 行.
NOTIC: [8] Undefined variable: connection /mnt/www/html/huangwei/tmls/App/Home/Model/UserModel.class.php 第 12 行.
SQL: SHOW COLUMNS FROM `user` [ RunTime:0.0005s ]
NOTIC: [2] Missing argument 2 for Admin\Model\CarouselModel::__construct(), called in /mnt/www/html/huangwei/tmls/ThinkPHP/Common/functions.php on line 588 and defined /mnt/www/html/huangwei/tmls/App/Admin/Model/CarouselModel.class.php 第 9 行.
NOTIC: [2] Missing argument 3 for Admin\Model\CarouselModel::__construct(), called in /mnt/www/html/huangwei/tmls/ThinkPHP/Common/functions.php on line 588 and defined /mnt/www/html/huangwei/tmls/App/Admin/Model/CarouselModel.class.php 第 9 行.
NOTIC: [8] Undefined variable: tablePrefix /mnt/www/html/huangwei/tmls/App/Admin/Model/CarouselModel.class.php 第 11 行.
NOTIC: [8] Undefined variable: connection /mnt/www/html/huangwei/tmls/App/Admin/Model/CarouselModel.class.php 第 11 行.
SQL: SHOW COLUMNS FROM `carousel` [ RunTime:0.0003s ]
SQL: SHOW COLUMNS FROM `custom_page` [ RunTime:0.0003s ]
NOTIC: [2] Missing argument 2 for Admin\Model\ClassifyModel::__construct(), called in /mnt/www/html/huangwei/tmls/ThinkPHP/Common/functions.php on line 588 and defined /mnt/www/html/huangwei/tmls/App/Admin/Model/ClassifyModel.class.php 第 8 行.
NOTIC: [2] Missing argument 3 for Admin\Model\ClassifyModel::__construct(), called in /mnt/www/html/huangwei/tmls/ThinkPHP/Common/functions.php on line 588 and defined /mnt/www/html/huangwei/tmls/App/Admin/Model/ClassifyModel.class.php 第 8 行.
NOTIC: [8] Undefined variable: tablePrefix /mnt/www/html/huangwei/tmls/App/Admin/Model/ClassifyModel.class.php 第 10 行.
NOTIC: [8] Undefined variable: connection /mnt/www/html/huangwei/tmls/App/Admin/Model/ClassifyModel.class.php 第 10 行.
SQL: SHOW COLUMNS FROM `classify` [ RunTime:0.0004s ]
SQL: SHOW COLUMNS FROM `weixin_config` [ RunTime:0.0003s ]
SQL: SELECT `value` FROM `weixin_config` WHERE `name` = 'phone' LIMIT 1   [ RunTime:0.0001s ]
INFO: [ view_parse ] --START--
INFO: [ template_filter ] --START--
INFO: Run Behavior\ContentReplaceBehavior [ RunTime:0.000072s ]
INFO: [ template_filter ] --END-- [ RunTime:0.000106s ]
NOTIC: [8] Undefined index: urls /mnt/www/html/huangwei/tmls/App/Common/Common/function.php 第 115 行.
NOTIC: [8] Undefined index: title /mnt/www/html/huangwei/tmls/Runtime/Cache/Home/00e52909bed743ea261af4b6823297ff.php 第 120 行.
NOTIC: [8] Undefined index: title /mnt/www/html/huangwei/tmls/Runtime/Cache/Home/00e52909bed743ea261af4b6823297ff.php 第 120 行.
NOTIC: [8] Undefined index: title /mnt/www/html/huangwei/tmls/Runtime/Cache/Home/00e52909bed743ea261af4b6823297ff.php 第 120 行.
NOTIC: [8] Undefined index: title /mnt/www/html/huangwei/tmls/Runtime/Cache/Home/00e52909bed743ea261af4b6823297ff.php 第 179 行.
NOTIC: [8] Undefined index: title /mnt/www/html/huangwei/tmls/Runtime/Cache/Home/00e52909bed743ea261af4b6823297ff.php 第 200 行.
NOTIC: [8] Undefined index: title /mnt/www/html/huangwei/tmls/Runtime/Cache/Home/00e52909bed743ea261af4b6823297ff.php 第 221 行.
NOTIC: [8] Undefined variable: data /mnt/www/html/huangwei/tmls/Runtime/Cache/Home/00e52909bed743ea261af4b6823297ff.php 第 259 行.
INFO: Run Behavior\ParseTemplateBehavior [ RunTime:0.081077s ]
INFO: [ view_parse ] --END-- [ RunTime:0.081124s ]
INFO: [ view_filter ] --START--
INFO: Run Behavior\WriteHtmlCacheBehavior [ RunTime:0.000146s ]
INFO: [ view_filter ] --END-- [ RunTime:0.000172s ]
INFO: [ app_end ] --START--
INFO: Run Behavior\ShowPageTraceBehavior [ RunTime:0.000301s ]
INFO: [ app_end ] --END-- [ RunTime:0.000332s ]

[ 2017-05-14T17:03:23+08:00 ] 27.17.26.42 /Home/goods/search/
INFO: [ app_init ] --START--
INFO: Run Behavior\BuildLiteBehavior [ RunTime:0.000010s ]
INFO: [ app_init ] --END-- [ RunTime:0.000208s ]
INFO: [ app_begin ] --START--
INFO: Run Behavior\ReadHtmlCacheBehavior [ RunTime:0.000264s ]
INFO: [ app_begin ] --END-- [ RunTime:0.000295s ]
NOTIC: [2] Missing argument 2 for Home\Model\CommodityModel::__construct(), called in /mnt/www/html/huangwei/tmls/ThinkPHP/Common/functions.php on line 588 and defined /mnt/www/html/huangwei/tmls/App/Home/Model/CommodityModel.class.php 第 10 行.
NOTIC: [2] Missing argument 3 for Home\Model\CommodityModel::__construct(), called in /mnt/www/html/huangwei/tmls/ThinkPHP/Common/functions.php on line 588 and defined /mnt/www/html/huangwei/tmls/App/Home/Model/CommodityModel.class.php 第 10 行.
NOTIC: [8] Undefined variable: tablePrefix /mnt/www/html/huangwei/tmls/App/Home/Model/CommodityModel.class.php 第 12 行.
NOTIC: [8] Undefined variable: connection /mnt/www/html/huangwei/tmls/App/Home/Model/CommodityModel.class.php 第 12 行.
SQL: SHOW COLUMNS FROM `commodity` [ RunTime:0.0006s ]
SQL: SHOW COLUMNS FROM `classify` [ RunTime:0.0003s ]
SQL: SELECT `classifyid`,`name` FROM `classify` WHERE `shopid` = 1 AND `pid` = 0  [ RunTime:0.0001s ]
SQL: SELECT `classifyid`,`name` FROM `classify` WHERE `shopid` = 1 AND `pid` = 21  [ RunTime:0.0000s ]
SQL: SELECT `classifyid`,`name` FROM `classify` WHERE `shopid` = 1 AND `pid` = 22  [ RunTime:0.0000s ]
SQL: SELECT `classifyid`,`name` FROM `classify` WHERE `shopid` = 1 AND `pid` = 23  [ RunTime:0.0000s ]
INFO: [ view_parse ] --START--
INFO: [ template_filter ] --START--
INFO: Run Behavior\ContentReplaceBehavior [ RunTime:0.000030s ]
INFO: [ template_filter ] --END-- [ RunTime:0.000061s ]
INFO: Run Behavior\ParseTemplateBehavior [ RunTime:0.003645s ]
INFO: [ view_parse ] --END-- [ RunTime:0.003678s ]
INFO: [ view_filter ] --START--
INFO: Run Behavior\WriteHtmlCacheBehavior [ RunTime:0.000091s ]
INFO: [ view_filter ] --END-- [ RunTime:0.000114s ]
INFO: [ app_end ] --START--
INFO: Run Behavior\ShowPageTraceBehavior [ RunTime:0.000353s ]
INFO: [ app_end ] --END-- [ RunTime:0.000393s ]

[ 2017-05-14T17:03:26+08:00 ] 27.17.26.42 /Home/goods/lists/?id=23
INFO: [ app_init ] --START--
INFO: Run Behavior\BuildLiteBehavior [ RunTime:0.000009s ]
INFO: [ app_init ] --END-- [ RunTime:0.000208s ]
INFO: [ app_begin ] --START--
INFO: Run Behavior\ReadHtmlCacheBehavior [ RunTime:0.000268s ]
INFO: [ app_begin ] --END-- [ RunTime:0.000301s ]
NOTIC: [2] Missing argument 2 for Home\Model\CommodityModel::__construct(), called in /mnt/www/html/huangwei/tmls/ThinkPHP/Common/functions.php on line 588 and defined /mnt/www/html/huangwei/tmls/App/Home/Model/CommodityModel.class.php 第 10 行.
NOTIC: [2] Missing argument 3 for Home\Model\CommodityModel::__construct(), called in /mnt/www/html/huangwei/tmls/ThinkPHP/Common/functions.php on line 588 and defined /mnt/www/html/huangwei/tmls/App/Home/Model/CommodityModel.class.php 第 10 行.
NOTIC: [8] Undefined variable: tablePrefix /mnt/www/html/huangwei/tmls/App/Home/Model/CommodityModel.class.php 第 12 行.
NOTIC: [8] Undefined variable: connection /mnt/www/html/huangwei/tmls/App/Home/Model/CommodityModel.class.php 第 12 行.
SQL: SHOW COLUMNS FROM `commodity` [ RunTime:0.0005s ]
NOTIC: [8] Undefined index: page /mnt/www/html/huangwei/tmls/App/Home/Controller/GoodsController.class.php 第 212 行.
NOTIC: [8] Undefined index: size /mnt/www/html/huangwei/tmls/App/Home/Controller/GoodsController.class.php 第 213 行.
NOTIC: [8] Undefined index: keyword /mnt/www/html/huangwei/tmls/App/Home/Controller/GoodsController.class.php 第 215 行.
NOTIC: [8] Undefined index: order /mnt/www/html/huangwei/tmls/App/Home/Controller/GoodsController.class.php 第 223 行.
SQL: SELECT * FROM `commodity` WHERE `classifyid` = 23 AND `status` = 1 AND `type` = 1 ORDER BY commodityid desc LIMIT 0,6   [ RunTime:0.0003s ]
INFO: [ view_parse ] --START--
INFO: [ template_filter ] --START--
INFO: Run Behavior\ContentReplaceBehavior [ RunTime:0.000036s ]
INFO: [ template_filter ] --END-- [ RunTime:0.000068s ]
NOTIC: [8] Undefined index: order /mnt/www/html/huangwei/tmls/Runtime/Cache/Home/081e61f500b0978dd3bd794b7c2bf75b.php 第 64 行.
NOTIC: [8] Undefined index: order /mnt/www/html/huangwei/tmls/Runtime/Cache/Home/081e61f500b0978dd3bd794b7c2bf75b.php 第 65 行.
NOTIC: [8] Undefined index: type /mnt/www/html/huangwei/tmls/Runtime/Cache/Home/081e61f500b0978dd3bd794b7c2bf75b.php 第 65 行.
NOTIC: [8] Undefined index: type /mnt/www/html/huangwei/tmls/Runtime/Cache/Home/081e61f500b0978dd3bd794b7c2bf75b.php 第 65 行.
NOTIC: [8] Undefined index: order /mnt/www/html/huangwei/tmls/Runtime/Cache/Home/081e61f500b0978dd3bd794b7c2bf75b.php 第 66 行.
NOTIC: [8] Undefined index: type /mnt/www/html/huangwei/tmls/Runtime/Cache/Home/081e61f500b0978dd3bd794b7c2bf75b.php 第 66 行.
NOTIC: [8] Undefined index: type /mnt/www/html/huangwei/tmls/Runtime/Cache/Home/081e61f500b0978dd3bd794b7c2bf75b.php 第 66 行.
NOTIC: [8] Undefined index: keyword /mnt/www/html/huangwei/tmls/Runtime/Cache/Home/081e61f500b0978dd3bd794b7c2bf75b.php 第 99 行.
NOTIC: [8] Undefined index: order /mnt/www/html/huangwei/tmls/Runtime/Cache/Home/081e61f500b0978dd3bd794b7c2bf75b.php 第 99 行.
NOTIC: [8] Undefined index: type /mnt/www/html/huangwei/tmls/Runtime/Cache/Home/081e61f500b0978dd3bd794b7c2bf75b.php 第 99 行.
NOTIC: [8] Undefined index: keyword /mnt/www/html/huangwei/tmls/Runtime/Cache/Home/081e61f500b0978dd3bd794b7c2bf75b.php 第 135 行.
INFO: Run Behavior\ParseTemplateBehavior [ RunTime:0.004724s ]
INFO: [ view_parse ] --END-- [ RunTime:0.004754s ]
INFO: [ view_filter ] --START--
INFO: Run Behavior\WriteHtmlCacheBehavior [ RunTime:0.000096s ]
INFO: [ view_filter ] --END-- [ RunTime:0.000119s ]
INFO: [ app_end ] --START--
INFO: Run Behavior\ShowPageTraceBehavior [ RunTime:0.000259s ]
INFO: [ app_end ] --END-- [ RunTime:0.000289s ]

[ 2017-05-14T17:03:28+08:00 ] 27.17.26.42 /Home/goods/lists?id=23&keyword=&order=&type=&page=2
INFO: [ app_init ] --START--
INFO: Run Behavior\BuildLiteBehavior [ RunTime:0.000010s ]
INFO: [ app_init ] --END-- [ RunTime:0.000216s ]
INFO: [ app_begin ] --START--
INFO: Run Behavior\ReadHtmlCacheBehavior [ RunTime:0.000266s ]
INFO: [ app_begin ] --END-- [ RunTime:0.000298s ]
NOTIC: [2] Missing argument 2 for Home\Model\CommodityModel::__construct(), called in /mnt/www/html/huangwei/tmls/ThinkPHP/Common/functions.php on line 588 and defined /mnt/www/html/huangwei/tmls/App/Home/Model/CommodityModel.class.php 第 10 行.
NOTIC: [2] Missing argument 3 for Home\Model\CommodityModel::__construct(), called in /mnt/www/html/huangwei/tmls/ThinkPHP/Common/functions.php on line 588 and defined /mnt/www/html/huangwei/tmls/App/Home/Model/CommodityModel.class.php 第 10 行.
NOTIC: [8] Undefined variable: tablePrefix /mnt/www/html/huangwei/tmls/App/Home/Model/CommodityModel.class.php 第 12 行.
NOTIC: [8] Undefined variable: connection /mnt/www/html/huangwei/tmls/App/Home/Model/CommodityModel.class.php 第 12 行.
SQL: SHOW COLUMNS FROM `commodity` [ RunTime:0.0005s ]
NOTIC: [8] Undefined index: size /mnt/www/html/huangwei/tmls/App/Home/Controller/GoodsController.class.php 第 213 行.
SQL: SELECT * FROM `commodity` WHERE `title` LIKE '%%' AND `classifyid` = 23 AND `status` = 1 AND `type` = 1 ORDER BY commodityid desc LIMIT 6,6   [ RunTime:0.0004s ]

[ 2017-05-14T17:03:29+08:00 ] 27.17.26.42 /Home/goods/lists?id=23&keyword=&order=&type=&page=3
INFO: [ app_init ] --START--
INFO: Run Behavior\BuildLiteBehavior [ RunTime:0.000010s ]
INFO: [ app_init ] --END-- [ RunTime:0.000221s ]
INFO: [ app_begin ] --START--
INFO: Run Behavior\ReadHtmlCacheBehavior [ RunTime:0.000265s ]
INFO: [ app_begin ] --END-- [ RunTime:0.000296s ]
NOTIC: [2] Missing argument 2 for Home\Model\CommodityModel::__construct(), called in /mnt/www/html/huangwei/tmls/ThinkPHP/Common/functions.php on line 588 and defined /mnt/www/html/huangwei/tmls/App/Home/Model/CommodityModel.class.php 第 10 行.
NOTIC: [2] Missing argument 3 for Home\Model\CommodityModel::__construct(), called in /mnt/www/html/huangwei/tmls/ThinkPHP/Common/functions.php on line 588 and defined /mnt/www/html/huangwei/tmls/App/Home/Model/CommodityModel.class.php 第 10 行.
NOTIC: [8] Undefined variable: tablePrefix /mnt/www/html/huangwei/tmls/App/Home/Model/CommodityModel.class.php 第 12 行.
NOTIC: [8] Undefined variable: connection /mnt/www/html/huangwei/tmls/App/Home/Model/CommodityModel.class.php 第 12 行.
SQL: SHOW COLUMNS FROM `commodity` [ RunTime:0.0006s ]
NOTIC: [8] Undefined index: size /mnt/www/html/huangwei/tmls/App/Home/Controller/GoodsController.class.php 第 213 行.
SQL: SELECT * FROM `commodity` WHERE `title` LIKE '%%' AND `classifyid` = 23 AND `status` = 1 AND `type` = 1 ORDER BY commodityid desc LIMIT 12,6   [ RunTime:0.0003s ]

[ 2017-05-14T17:03:33+08:00 ] 180.153.201.15 /Home/goods/search
INFO: [ app_init ] --START--
INFO: Run Behavior\BuildLiteBehavior [ RunTime:0.000008s ]
INFO: [ app_init ] --END-- [ RunTime:0.000208s ]
INFO: [ app_begin ] --START--
INFO: Run Behavior\ReadHtmlCacheBehavior [ RunTime:0.000269s ]
INFO: [ app_begin ] --END-- [ RunTime:0.000302s ]
NOTIC: [2] Missing argument 2 for Home\Model\CommodityModel::__construct(), called in /mnt/www/html/huangwei/tmls/ThinkPHP/Common/functions.php on line 588 and defined /mnt/www/html/huangwei/tmls/App/Home/Model/CommodityModel.class.php 第 10 行.
NOTIC: [2] Missing argument 3 for Home\Model\CommodityModel::__construct(), called in /mnt/www/html/huangwei/tmls/ThinkPHP/Common/functions.php on line 588 and defined /mnt/www/html/huangwei/tmls/App/Home/Model/CommodityModel.class.php 第 10 行.
NOTIC: [8] Undefined variable: tablePrefix /mnt/www/html/huangwei/tmls/App/Home/Model/CommodityModel.class.php 第 12 行.
NOTIC: [8] Undefined variable: connection /mnt/www/html/huangwei/tmls/App/Home/Model/CommodityModel.class.php 第 12 行.
SQL: SHOW COLUMNS FROM `commodity` [ RunTime:0.0005s ]
SQL: SHOW COLUMNS FROM `classify` [ RunTime:0.0003s ]
SQL: SELECT `classifyid`,`name` FROM `classify` WHERE `shopid` = null AND `pid` = 0  [ RunTime:0.0001s ]
INFO: [ view_parse ] --START--
INFO: [ template_filter ] --START--
INFO: Run Behavior\ContentReplaceBehavior [ RunTime:0.000032s ]
INFO: [ template_filter ] --END-- [ RunTime:0.000065s ]
INFO: Run Behavior\ParseTemplateBehavior [ RunTime:0.003630s ]
INFO: [ view_parse ] --END-- [ RunTime:0.003665s ]
INFO: [ view_filter ] --START--
INFO: Run Behavior\WriteHtmlCacheBehavior [ RunTime:0.000096s ]
INFO: [ view_filter ] --END-- [ RunTime:0.000119s ]
INFO: [ app_end ] --START--
INFO: Run Behavior\ShowPageTraceBehavior [ RunTime:0.000283s ]
INFO: [ app_end ] --END-- [ RunTime:0.000318s ]

[ 2017-05-14T17:03:33+08:00 ] 27.17.26.42 /
INFO: [ app_init ] --START--
INFO: Run Behavior\BuildLiteBehavior [ RunTime:0.000010s ]
INFO: [ app_init ] --END-- [ RunTime:0.000256s ]
INFO: [ app_begin ] --START--
INFO: Run Behavior\ReadHtmlCacheBehavior [ RunTime:0.000278s ]
INFO: [ app_begin ] --END-- [ RunTime:0.000312s ]
NOTIC: [2] Missing argument 2 for Home\Model\UserModel::__construct(), called in /mnt/www/html/huangwei/tmls/ThinkPHP/Common/functions.php on line 588 and defined /mnt/www/html/huangwei/tmls/App/Home/Model/UserModel.class.php 第 10 行.
NOTIC: [2] Missing argument 3 for Home\Model\UserModel::__construct(), called in /mnt/www/html/huangwei/tmls/ThinkPHP/Common/functions.php on line 588 and defined /mnt/www/html/huangwei/tmls/App/Home/Model/UserModel.class.php 第 10 行.
NOTIC: [8] Undefined variable: tablePrefix /mnt/www/html/huangwei/tmls/App/Home/Model/UserModel.class.php 第 12 行.
NOTIC: [8] Undefined variable: connection /mnt/www/html/huangwei/tmls/App/Home/Model/UserModel.class.php 第 12 行.
SQL: SHOW COLUMNS FROM `user` [ RunTime:0.0005s ]
NOTIC: [2] Missing argument 2 for Admin\Model\CarouselModel::__construct(), called in /mnt/www/html/huangwei/tmls/ThinkPHP/Common/functions.php on line 588 and defined /mnt/www/html/huangwei/tmls/App/Admin/Model/CarouselModel.class.php 第 9 行.
NOTIC: [2] Missing argument 3 for Admin\Model\CarouselModel::__construct(), called in /mnt/www/html/huangwei/tmls/ThinkPHP/Common/functions.php on line 588 and defined /mnt/www/html/huangwei/tmls/App/Admin/Model/CarouselModel.class.php 第 9 行.
NOTIC: [8] Undefined variable: tablePrefix /mnt/www/html/huangwei/tmls/App/Admin/Model/CarouselModel.class.php 第 11 行.
NOTIC: [8] Undefined variable: connection /mnt/www/html/huangwei/tmls/App/Admin/Model/CarouselModel.class.php 第 11 行.
SQL: SHOW COLUMNS FROM `carousel` [ RunTime:0.0003s ]
SQL: SHOW COLUMNS FROM `custom_page` [ RunTime:0.0003s ]
NOTIC: [2] Missing argument 2 for Admin\Model\ClassifyModel::__construct(), called in /mnt/www/html/huangwei/tmls/ThinkPHP/Common/functions.php on line 588 and defined /mnt/www/html/huangwei/tmls/App/Admin/Model/ClassifyModel.class.php 第 8 行.
NOTIC: [2] Missing argument 3 for Admin\Model\ClassifyModel::__construct(), called in /mnt/www/html/huangwei/tmls/ThinkPHP/Common/functions.php on line 588 and defined /mnt/www/html/huangwei/tmls/App/Admin/Model/ClassifyModel.class.php 第 8 行.
NOTIC: [8] Undefined variable: tablePrefix /mnt/www/html/huangwei/tmls/App/Admin/Model/ClassifyModel.class.php 第 10 行.
NOTIC: [8] Undefined variable: connection /mnt/www/html/huangwei/tmls/App/Admin/Model/ClassifyModel.class.php 第 10 行.
SQL: SHOW COLUMNS FROM `classify` [ RunTime:0.0004s ]
SQL: SHOW COLUMNS FROM `weixin_config` [ RunTime:0.0003s ]
SQL: SELECT `value` FROM `weixin_config` WHERE `name` = 'phone' LIMIT 1   [ RunTime:0.0001s ]
INFO: [ view_parse ] --START--
INFO: [ template_filter ] --START--
INFO: Run Behavior\ContentReplaceBehavior [ RunTime:0.000067s ]
INFO: [ template_filter ] --END-- [ RunTime:0.000100s ]
NOTIC: [8] Undefined index: urls /mnt/www/html/huangwei/tmls/App/Common/Common/function.php 第 115 行.
NOTIC: [8] Undefined index: title /mnt/www/html/huangwei/tmls/Runtime/Cache/Home/00e52909bed743ea261af4b6823297ff.php 第 120 行.
NOTIC: [8] Undefined index: title /mnt/www/html/huangwei/tmls/Runtime/Cache/Home/00e52909bed743ea261af4b6823297ff.php 第 120 行.
NOTIC: [8] Undefined index: title /mnt/www/html/huangwei/tmls/Runtime/Cache/Home/00e52909bed743ea261af4b6823297ff.php 第 120 行.
NOTIC: [8] Undefined index: title /mnt/www/html/huangwei/tmls/Runtime/Cache/Home/00e52909bed743ea261af4b6823297ff.php 第 179 行.
NOTIC: [8] Undefined index: title /mnt/www/html/huangwei/tmls/Runtime/Cache/Home/00e52909bed743ea261af4b6823297ff.php 第 200 行.
NOTIC: [8] Undefined index: title /mnt/www/html/huangwei/tmls/Runtime/Cache/Home/00e52909bed743ea261af4b6823297ff.php 第 221 行.
NOTIC: [8] Undefined variable: data /mnt/www/html/huangwei/tmls/Runtime/Cache/Home/00e52909bed743ea261af4b6823297ff.php 第 259 行.
INFO: Run Behavior\ParseTemplateBehavior [ RunTime:0.079160s ]
INFO: [ view_parse ] --END-- [ RunTime:0.079208s ]
INFO: [ view_filter ] --START--
INFO: Run Behavior\WriteHtmlCacheBehavior [ RunTime:0.000160s ]
INFO: [ view_filter ] --END-- [ RunTime:0.000185s ]
INFO: [ app_end ] --START--
INFO: Run Behavior\ShowPageTraceBehavior [ RunTime:0.000313s ]
INFO: [ app_end ] --END-- [ RunTime:0.000346s ]

[ 2017-05-14T17:03:36+08:00 ] 180.153.214.200 /Home/goods/lists/?id=23
INFO: [ app_init ] --START--
INFO: Run Behavior\BuildLiteBehavior [ RunTime:0.000010s ]
INFO: [ app_init ] --END-- [ RunTime:0.000219s ]
INFO: [ app_begin ] --START--
INFO: Run Behavior\ReadHtmlCacheBehavior [ RunTime:0.000272s ]
INFO: [ app_begin ] --END-- [ RunTime:0.000306s ]
NOTIC: [2] Missing argument 2 for Home\Model\CommodityModel::__construct(), called in /mnt/www/html/huangwei/tmls/ThinkPHP/Common/functions.php on line 588 and defined /mnt/www/html/huangwei/tmls/App/Home/Model/CommodityModel.class.php 第 10 行.
NOTIC: [2] Missing argument 3 for Home\Model\CommodityModel::__construct(), called in /mnt/www/html/huangwei/tmls/ThinkPHP/Common/functions.php on line 588 and defined /mnt/www/html/huangwei/tmls/App/Home/Model/CommodityModel.class.php 第 10 行.
NOTIC: [8] Undefined variable: tablePrefix /mnt/www/html/huangwei/tmls/App/Home/Model/CommodityModel.class.php 第 12 行.
NOTIC: [8] Undefined variable: connection /mnt/www/html/huangwei/tmls/App/Home/Model/CommodityModel.class.php 第 12 行.
SQL: SHOW COLUMNS FROM `commodity` [ RunTime:0.0005s ]
NOTIC: [8] Undefined index: page /mnt/www/html/huangwei/tmls/App/Home/Controller/GoodsController.class.php 第 212 行.
NOTIC: [8] Undefined index: size /mnt/www/html/huangwei/tmls/App/Home/Controller/GoodsController.class.php 第 213 行.
NOTIC: [8] Undefined index: keyword /mnt/www/html/huangwei/tmls/App/Home/Controller/GoodsController.class.php 第 215 行.
NOTIC: [8] Undefined index: order /mnt/www/html/huangwei/tmls/App/Home/Controller/GoodsController.class.php 第 223 行.
SQL: SELECT * FROM `commodity` WHERE `classifyid` = 23 AND `status` = 1 AND `type` = 1 ORDER BY commodityid desc LIMIT 0,6   [ RunTime:0.0001s ]
INFO: [ view_parse ] --START--
INFO: [ template_filter ] --START--
INFO: Run Behavior\ContentReplaceBehavior [ RunTime:0.000037s ]
INFO: [ template_filter ] --END-- [ RunTime:0.000068s ]
NOTIC: [8] Undefined index: order /mnt/www/html/huangwei/tmls/Runtime/Cache/Home/081e61f500b0978dd3bd794b7c2bf75b.php 第 64 行.
NOTIC: [8] Undefined index: order /mnt/www/html/huangwei/tmls/Runtime/Cache/Home/081e61f500b0978dd3bd794b7c2bf75b.php 第 65 行.
NOTIC: [8] Undefined index: type /mnt/www/html/huangwei/tmls/Runtime/Cache/Home/081e61f500b0978dd3bd794b7c2bf75b.php 第 65 行.
NOTIC: [8] Undefined index: type /mnt/www/html/huangwei/tmls/Runtime/Cache/Home/081e61f500b0978dd3bd794b7c2bf75b.php 第 65 行.
NOTIC: [8] Undefined index: order /mnt/www/html/huangwei/tmls/Runtime/Cache/Home/081e61f500b0978dd3bd794b7c2bf75b.php 第 66 行.
NOTIC: [8] Undefined index: type /mnt/www/html/huangwei/tmls/Runtime/Cache/Home/081e61f500b0978dd3bd794b7c2bf75b.php 第 66 行.
NOTIC: [8] Undefined index: type /mnt/www/html/huangwei/tmls/Runtime/Cache/Home/081e61f500b0978dd3bd794b7c2bf75b.php 第 66 行.
NOTIC: [8] Undefined index: keyword /mnt/www/html/huangwei/tmls/Runtime/Cache/Home/081e61f500b0978dd3bd794b7c2bf75b.php 第 99 行.
NOTIC: [8] Undefined index: order /mnt/www/html/huangwei/tmls/Runtime/Cache/Home/081e61f500b0978dd3bd794b7c2bf75b.php 第 99 行.
NOTIC: [8] Undefined index: type /mnt/www/html/huangwei/tmls/Runtime/Cache/Home/081e61f500b0978dd3bd794b7c2bf75b.php 第 99 行.
NOTIC: [8] Undefined index: keyword /mnt/www/html/huangwei/tmls/Runtime/Cache/Home/081e61f500b0978dd3bd794b7c2bf75b.php 第 135 行.
INFO: Run Behavior\ParseTemplateBehavior [ RunTime:0.004685s ]
INFO: [ view_parse ] --END-- [ RunTime:0.004715s ]
INFO: [ view_filter ] --START--
INFO: Run Behavior\WriteHtmlCacheBehavior [ RunTime:0.000101s ]
INFO: [ view_filter ] --END-- [ RunTime:0.000124s ]
INFO: [ app_end ] --START--
INFO: Run Behavior\ShowPageTraceBehavior [ RunTime:0.000261s ]
INFO: [ app_end ] --END-- [ RunTime:0.000290s ]

[ 2017-05-14T17:03:42+08:00 ] 27.17.26.42 /Home/goods/lists/?id=23
INFO: [ app_init ] --START--
INFO: Run Behavior\BuildLiteBehavior [ RunTime:0.000009s ]
INFO: [ app_init ] --END-- [ RunTime:0.000210s ]
INFO: [ app_begin ] --START--
INFO: Run Behavior\ReadHtmlCacheBehavior [ RunTime:0.000269s ]
INFO: [ app_begin ] --END-- [ RunTime:0.000312s ]
NOTIC: [2] Missing argument 2 for Home\Model\CommodityModel::__construct(), called in /mnt/www/html/huangwei/tmls/ThinkPHP/Common/functions.php on line 588 and defined /mnt/www/html/huangwei/tmls/App/Home/Model/CommodityModel.class.php 第 10 行.
NOTIC: [2] Missing argument 3 for Home\Model\CommodityModel::__construct(), called in /mnt/www/html/huangwei/tmls/ThinkPHP/Common/functions.php on line 588 and defined /mnt/www/html/huangwei/tmls/App/Home/Model/CommodityModel.class.php 第 10 行.
NOTIC: [8] Undefined variable: tablePrefix /mnt/www/html/huangwei/tmls/App/Home/Model/CommodityModel.class.php 第 12 行.
NOTIC: [8] Undefined variable: connection /mnt/www/html/huangwei/tmls/App/Home/Model/CommodityModel.class.php 第 12 行.
SQL: SHOW COLUMNS FROM `commodity` [ RunTime:0.0006s ]
NOTIC: [8] Undefined index: page /mnt/www/html/huangwei/tmls/App/Home/Controller/GoodsController.class.php 第 212 行.
NOTIC: [8] Undefined index: size /mnt/www/html/huangwei/tmls/App/Home/Controller/GoodsController.class.php 第 213 行.
NOTIC: [8] Undefined index: keyword /mnt/www/html/huangwei/tmls/App/Home/Controller/GoodsController.class.php 第 215 行.
NOTIC: [8] Undefined index: order /mnt/www/html/huangwei/tmls/App/Home/Controller/GoodsController.class.php 第 223 行.
SQL: SELECT * FROM `commodity` WHERE `classifyid` = 23 AND `status` = 1 AND `type` = 1 ORDER BY commodityid desc LIMIT 0,6   [ RunTime:0.0001s ]
INFO: [ view_parse ] --START--
INFO: [ template_filter ] --START--
INFO: Run Behavior\ContentReplaceBehavior [ RunTime:0.000036s ]
INFO: [ template_filter ] --END-- [ RunTime:0.000066s ]
NOTIC: [8] Undefined index: order /mnt/www/html/huangwei/tmls/Runtime/Cache/Home/081e61f500b0978dd3bd794b7c2bf75b.php 第 64 行.
NOTIC: [8] Undefined index: order /mnt/www/html/huangwei/tmls/Runtime/Cache/Home/081e61f500b0978dd3bd794b7c2bf75b.php 第 65 行.
NOTIC: [8] Undefined index: type /mnt/www/html/huangwei/tmls/Runtime/Cache/Home/081e61f500b0978dd3bd794b7c2bf75b.php 第 65 行.
NOTIC: [8] Undefined index: type /mnt/www/html/huangwei/tmls/Runtime/Cache/Home/081e61f500b0978dd3bd794b7c2bf75b.php 第 65 行.
NOTIC: [8] Undefined index: order /mnt/www/html/huangwei/tmls/Runtime/Cache/Home/081e61f500b0978dd3bd794b7c2bf75b.php 第 66 行.
NOTIC: [8] Undefined index: type /mnt/www/html/huangwei/tmls/Runtime/Cache/Home/081e61f500b0978dd3bd794b7c2bf75b.php 第 66 行.
NOTIC: [8] Undefined index: type /mnt/www/html/huangwei/tmls/Runtime/Cache/Home/081e61f500b0978dd3bd794b7c2bf75b.php 第 66 行.
NOTIC: [8] Undefined index: keyword /mnt/www/html/huangwei/tmls/Runtime/Cache/Home/081e61f500b0978dd3bd794b7c2bf75b.php 第 99 行.
NOTIC: [8] Undefined index: order /mnt/www/html/huangwei/tmls/Runtime/Cache/Home/081e61f500b0978dd3bd794b7c2bf75b.php 第 99 行.
NOTIC: [8] Undefined index: type /mnt/www/html/huangwei/tmls/Runtime/Cache/Home/081e61f500b0978dd3bd794b7c2bf75b.php 第 99 行.
NOTIC: [8] Undefined index: keyword /mnt/www/html/huangwei/tmls/Runtime/Cache/Home/081e61f500b0978dd3bd794b7c2bf75b.php 第 135 行.
INFO: Run Behavior\ParseTemplateBehavior [ RunTime:0.004889s ]
INFO: [ view_parse ] --END-- [ RunTime:0.004918s ]
INFO: [ view_filter ] --START--
INFO: Run Behavior\WriteHtmlCacheBehavior [ RunTime:0.000099s ]
INFO: [ view_filter ] --END-- [ RunTime:0.000122s ]
INFO: [ app_end ] --START--
INFO: Run Behavior\ShowPageTraceBehavior [ RunTime:0.000269s ]
INFO: [ app_end ] --END-- [ RunTime:0.000297s ]

[ 2017-05-14T17:04:09+08:00 ] 140.205.201.46 /index.php?m=member&c=index&a=register&siteid=1
INFO: [ app_init ] --START--
INFO: Run Behavior\BuildLiteBehavior [ RunTime:0.000010s ]
INFO: [ app_init ] --END-- [ RunTime:0.000219s ]
INFO: [ app_begin ] --START--
INFO: Run Behavior\ReadHtmlCacheBehavior [ RunTime:0.000267s ]
INFO: [ app_begin ] --END-- [ RunTime:0.000303s ]
ERR: 非法操作:register

[ 2017-05-14T17:04:21+08:00 ] 140.205.201.46 /index.php?m=wap&a=index&siteid=1
INFO: [ app_init ] --START--
INFO: Run Behavior\BuildLiteBehavior [ RunTime:0.000008s ]
INFO: [ app_init ] --END-- [ RunTime:0.000203s ]
INFO: [ app_begin ] --START--
INFO: Run Behavior\ReadHtmlCacheBehavior [ RunTime:0.000265s ]
INFO: [ app_begin ] --END-- [ RunTime:0.000298s ]

[ 2017-05-14T17:04:21+08:00 ] 140.205.201.46 /Home/weixin/login/?url=%2Findex.php%3Fm%3Dwap%26a%3Dindex%26siteid%3D1
INFO: [ app_init ] --START--
INFO: Run Behavior\BuildLiteBehavior [ RunTime:0.000008s ]
INFO: [ app_init ] --END-- [ RunTime:0.000211s ]
INFO: [ app_begin ] --START--
INFO: Run Behavior\ReadHtmlCacheBehavior [ RunTime:0.000263s ]
INFO: [ app_begin ] --END-- [ RunTime:0.000295s ]
INFO: [ app_end ] --START--
INFO: Run Behavior\ShowPageTraceBehavior [ RunTime:0.000279s ]
INFO: [ app_end ] --END-- [ RunTime:0.000324s ]

[ 2017-05-14T20:15:08+08:00 ] 110.152.50.116 /Home/weixin/login/?url=http%3A%2F%2Fshopceshi.sunday.so%2FHome%2Fuser%2Fkefu
INFO: [ app_init ] --START--
INFO: Run Behavior\BuildLiteBehavior [ RunTime:0.000010s ]
INFO: [ app_init ] --END-- [ RunTime:0.000212s ]
INFO: [ app_begin ] --START--
INFO: Run Behavior\ReadHtmlCacheBehavior [ RunTime:0.000281s ]
INFO: [ app_begin ] --END-- [ RunTime:0.000314s ]
INFO: [ app_end ] --START--
INFO: Run Behavior\ShowPageTraceBehavior [ RunTime:0.000317s ]
INFO: [ app_end ] --END-- [ RunTime:0.000360s ]

[ 2017-05-14T20:15:09+08:00 ] 110.152.50.116 /Home/weixin/callback/?code=001QHWMk12Uknk03KXNk1NQ2Nk1QHWM2&state=e0150324452a221f5ac42e09ad68297164b9bb4e
INFO: [ app_init ] --START--
INFO: Run Behavior\BuildLiteBehavior [ RunTime:0.000009s ]
INFO: [ app_init ] --END-- [ RunTime:0.000218s ]
INFO: [ app_begin ] --START--
INFO: Run Behavior\ReadHtmlCacheBehavior [ RunTime:0.000278s ]
INFO: [ app_begin ] --END-- [ RunTime:0.000311s ]
NOTIC: [2] Missing argument 2 for Home\Model\UserModel::__construct(), called in /mnt/www/html/huangwei/tmls/ThinkPHP/Common/functions.php on line 588 and defined /mnt/www/html/huangwei/tmls/App/Home/Model/UserModel.class.php 第 10 行.
NOTIC: [2] Missing argument 3 for Home\Model\UserModel::__construct(), called in /mnt/www/html/huangwei/tmls/ThinkPHP/Common/functions.php on line 588 and defined /mnt/www/html/huangwei/tmls/App/Home/Model/UserModel.class.php 第 10 行.
NOTIC: [8] Undefined variable: tablePrefix /mnt/www/html/huangwei/tmls/App/Home/Model/UserModel.class.php 第 12 行.
NOTIC: [8] Undefined variable: connection /mnt/www/html/huangwei/tmls/App/Home/Model/UserModel.class.php 第 12 行.
SQL: SHOW COLUMNS FROM `user` [ RunTime:0.0006s ]
SQL: SELECT * FROM `user` WHERE `openid` = 'oGklKuFhcoThuwJ6w_5w5mE9hnDM' LIMIT 1   [ RunTime:0.0002s ]
SQL: INSERT INTO `user` (`openid`,`nickname`,`integral`,`shopid`,`img`) VALUES ('oGklKuFhcoThuwJ6w_5w5mE9hnDM','曲','0','1','http://wx.qlogo.cn/mmopen/qvviapYJvNficFFGGrmkicfhG81FiaZHOuLNeBcq4HqFiaZNOjucjZibia5BHVPLseRSSlDJfHibiaZxibhLWbxIo8ZOC8pOia79A1KDQ2S/0') [ RunTime:0.0021s ]
ERR: Think\Controller:reg方法不存在！

[ 2017-05-14T20:15:13+08:00 ] 110.152.50.116 /Home/weixin/login/?url=http%3A%2F%2Fshopceshi.sunday.so%2FHome%2Fcenter%2Findex.html
INFO: [ app_init ] --START--
INFO: Run Behavior\BuildLiteBehavior [ RunTime:0.000009s ]
INFO: [ app_init ] --END-- [ RunTime:0.000215s ]
INFO: [ app_begin ] --START--
INFO: Run Behavior\ReadHtmlCacheBehavior [ RunTime:0.000278s ]
INFO: [ app_begin ] --END-- [ RunTime:0.000309s ]
INFO: [ app_end ] --START--
INFO: Run Behavior\ShowPageTraceBehavior [ RunTime:0.000294s ]
INFO: [ app_end ] --END-- [ RunTime:0.000334s ]

[ 2017-05-14T20:15:15+08:00 ] 110.152.50.116 /Home/weixin/callback/?code=011mmcm921BbrO0CDLl923rsm92mmcmr&state=00376ea03aebb504cce22dd10a46aaff2d111768
INFO: [ app_init ] --START--
INFO: Run Behavior\BuildLiteBehavior [ RunTime:0.000009s ]
INFO: [ app_init ] --END-- [ RunTime:0.000210s ]
INFO: [ app_begin ] --START--
INFO: Run Behavior\ReadHtmlCacheBehavior [ RunTime:0.000280s ]
INFO: [ app_begin ] --END-- [ RunTime:0.000313s ]
NOTIC: [2] Missing argument 2 for Home\Model\UserModel::__construct(), called in /mnt/www/html/huangwei/tmls/ThinkPHP/Common/functions.php on line 588 and defined /mnt/www/html/huangwei/tmls/App/Home/Model/UserModel.class.php 第 10 行.
NOTIC: [2] Missing argument 3 for Home\Model\UserModel::__construct(), called in /mnt/www/html/huangwei/tmls/ThinkPHP/Common/functions.php on line 588 and defined /mnt/www/html/huangwei/tmls/App/Home/Model/UserModel.class.php 第 10 行.
NOTIC: [8] Undefined variable: tablePrefix /mnt/www/html/huangwei/tmls/App/Home/Model/UserModel.class.php 第 12 行.
NOTIC: [8] Undefined variable: connection /mnt/www/html/huangwei/tmls/App/Home/Model/UserModel.class.php 第 12 行.
SQL: SHOW COLUMNS FROM `user` [ RunTime:0.0005s ]
SQL: SELECT * FROM `user` WHERE `openid` = 'oGklKuFhcoThuwJ6w_5w5mE9hnDM' LIMIT 1   [ RunTime:0.0002s ]

