[ 2017-04-13T00:11:00+08:00 ] 36.23.232.129 /
INFO: [ app_init ] --START--
INFO: Run Behavior\BuildLiteBehavior [ RunTime:0.000009s ]
INFO: [ app_init ] --END-- [ RunTime:0.000082s ]
INFO: [ app_begin ] --START--
INFO: Run Behavior\ReadHtmlCacheBehavior [ RunTime:0.000039s ]
INFO: [ app_begin ] --END-- [ RunTime:0.000063s ]

[ 2017-04-13T00:11:00+08:00 ] 36.23.232.129 /Home/weixin/login/?url=%2F
INFO: [ app_init ] --START--
INFO: Run Behavior\BuildLiteBehavior [ RunTime:0.000010s ]
INFO: [ app_init ] --END-- [ RunTime:0.000072s ]
INFO: [ app_begin ] --START--
INFO: Run Behavior\ReadHtmlCacheBehavior [ RunTime:0.000033s ]
INFO: [ app_begin ] --END-- [ RunTime:0.000056s ]
INFO: [ app_end ] --START--
INFO: Run Behavior\ShowPageTraceBehavior [ RunTime:0.000054s ]
INFO: [ app_end ] --END-- [ RunTime:0.000093s ]

[ 2017-04-13T00:11:10+08:00 ] 180.153.206.22 /
INFO: [ app_init ] --START--
INFO: Run Behavior\BuildLiteBehavior [ RunTime:0.000009s ]
INFO: [ app_init ] --END-- [ RunTime:0.000078s ]
INFO: [ app_begin ] --START--
INFO: Run Behavior\ReadHtmlCacheBehavior [ RunTime:0.000039s ]
INFO: [ app_begin ] --END-- [ RunTime:0.000062s ]

[ 2017-04-13T00:11:10+08:00 ] 180.153.206.22 /Home/weixin/login/?url=%2F
INFO: [ app_init ] --START--
INFO: Run Behavior\BuildLiteBehavior [ RunTime:0.000009s ]
INFO: [ app_init ] --END-- [ RunTime:0.000071s ]
INFO: [ app_begin ] --START--
INFO: Run Behavior\ReadHtmlCacheBehavior [ RunTime:0.000033s ]
INFO: [ app_begin ] --END-- [ RunTime:0.000058s ]
INFO: [ app_end ] --START--
INFO: Run Behavior\ShowPageTraceBehavior [ RunTime:0.000047s ]
INFO: [ app_end ] --END-- [ RunTime:0.000080s ]

[ 2017-04-13T00:11:10+08:00 ] 36.23.232.129 /
INFO: [ app_init ] --START--
INFO: Run Behavior\BuildLiteBehavior [ RunTime:0.000010s ]
INFO: [ app_init ] --END-- [ RunTime:0.000091s ]
INFO: [ app_begin ] --START--
INFO: Run Behavior\ReadHtmlCacheBehavior [ RunTime:0.000033s ]
INFO: [ app_begin ] --END-- [ RunTime:0.000058s ]

[ 2017-04-13T00:11:10+08:00 ] 36.23.232.129 /Home/weixin/login/?url=%2F
INFO: [ app_init ] --START--
INFO: Run Behavior\BuildLiteBehavior [ RunTime:0.000008s ]
INFO: [ app_init ] --END-- [ RunTime:0.000062s ]
INFO: [ app_begin ] --START--
INFO: Run Behavior\ReadHtmlCacheBehavior [ RunTime:0.000033s ]
INFO: [ app_begin ] --END-- [ RunTime:0.000056s ]
INFO: [ app_end ] --START--
INFO: Run Behavior\ShowPageTraceBehavior [ RunTime:0.000039s ]
INFO: [ app_end ] --END-- [ RunTime:0.000071s ]

[ 2017-04-13T00:11:15+08:00 ] 36.23.232.129 /
INFO: [ app_init ] --START--
INFO: Run Behavior\BuildLiteBehavior [ RunTime:0.000009s ]
INFO: [ app_init ] --END-- [ RunTime:0.000078s ]
INFO: [ app_begin ] --START--
INFO: Run Behavior\ReadHtmlCacheBehavior [ RunTime:0.000038s ]
INFO: [ app_begin ] --END-- [ RunTime:0.000061s ]

[ 2017-04-13T00:11:15+08:00 ] 36.23.232.129 /Home/weixin/login/?url=%2F
INFO: [ app_init ] --START--
INFO: Run Behavior\BuildLiteBehavior [ RunTime:0.000012s ]
INFO: [ app_init ] --END-- [ RunTime:0.000094s ]
INFO: [ app_begin ] --START--
INFO: Run Behavior\ReadHtmlCacheBehavior [ RunTime:0.000049s ]
INFO: [ app_begin ] --END-- [ RunTime:0.000087s ]
INFO: [ app_end ] --START--
INFO: Run Behavior\ShowPageTraceBehavior [ RunTime:0.000069s ]
INFO: [ app_end ] --END-- [ RunTime:0.000124s ]

[ 2017-04-13T00:11:25+08:00 ] 180.153.214.180 /
INFO: [ app_init ] --START--
INFO: Run Behavior\BuildLiteBehavior [ RunTime:0.000009s ]
INFO: [ app_init ] --END-- [ RunTime:0.000079s ]
INFO: [ app_begin ] --START--
INFO: Run Behavior\ReadHtmlCacheBehavior [ RunTime:0.000037s ]
INFO: [ app_begin ] --END-- [ RunTime:0.000061s ]

[ 2017-04-13T00:11:25+08:00 ] 101.226.33.202 /Home/weixin/login/?url=%2F
INFO: [ app_init ] --START--
INFO: Run Behavior\BuildLiteBehavior [ RunTime:0.000007s ]
INFO: [ app_init ] --END-- [ RunTime:0.000060s ]
INFO: [ app_begin ] --START--
INFO: Run Behavior\ReadHtmlCacheBehavior [ RunTime:0.000032s ]
INFO: [ app_begin ] --END-- [ RunTime:0.000065s ]
INFO: [ app_end ] --START--
INFO: Run Behavior\ShowPageTraceBehavior [ RunTime:0.000048s ]
INFO: [ app_end ] --END-- [ RunTime:0.000081s ]

[ 2017-04-13T00:11:25+08:00 ] 180.153.214.180 /Home/weixin/login/?url=%2F
INFO: [ app_init ] --START--
INFO: Run Behavior\BuildLiteBehavior [ RunTime:0.000007s ]
INFO: [ app_init ] --END-- [ RunTime:0.000055s ]
INFO: [ app_begin ] --START--
INFO: Run Behavior\ReadHtmlCacheBehavior [ RunTime:0.000032s ]
INFO: [ app_begin ] --END-- [ RunTime:0.000055s ]
INFO: [ app_end ] --START--
INFO: Run Behavior\ShowPageTraceBehavior [ RunTime:0.000038s ]
INFO: [ app_end ] --END-- [ RunTime:0.000070s ]

[ 2017-04-13T00:11:37+08:00 ] 175.155.247.238 /
INFO: [ app_init ] --START--
INFO: Run Behavior\BuildLiteBehavior [ RunTime:0.000010s ]
INFO: [ app_init ] --END-- [ RunTime:0.000081s ]
INFO: [ app_begin ] --START--
INFO: Run Behavior\ReadHtmlCacheBehavior [ RunTime:0.000037s ]
INFO: [ app_begin ] --END-- [ RunTime:0.000062s ]

[ 2017-04-13T11:13:04+08:00 ] 101.226.125.108 /Home/weixin/login/?url=http%3A%2F%2Fshopceshi.sunday.so%2FHome%2Fcenter%2Findex.html
INFO: [ app_init ] --START--
INFO: Run Behavior\BuildLiteBehavior [ RunTime:0.000012s ]
INFO: [ app_init ] --END-- [ RunTime:0.000088s ]
INFO: [ app_begin ] --START--
INFO: Run Behavior\ReadHtmlCacheBehavior [ RunTime:0.000045s ]
INFO: [ app_begin ] --END-- [ RunTime:0.000070s ]
INFO: [ app_end ] --START--
INFO: Run Behavior\ShowPageTraceBehavior [ RunTime:0.000055s ]
INFO: [ app_end ] --END-- [ RunTime:0.000087s ]

[ 2017-04-13T11:13:05+08:00 ] 117.185.27.142 /
INFO: [ app_init ] --START--
INFO: Run Behavior\BuildLiteBehavior [ RunTime:0.000011s ]
INFO: [ app_init ] --END-- [ RunTime:0.000079s ]
INFO: [ app_begin ] --START--
INFO: Run Behavior\ReadHtmlCacheBehavior [ RunTime:0.000039s ]
INFO: [ app_begin ] --END-- [ RunTime:0.000063s ]

[ 2017-04-13T11:13:05+08:00 ] 140.207.185.122 /
INFO: [ app_init ] --START--
INFO: Run Behavior\BuildLiteBehavior [ RunTime:0.000008s ]
INFO: [ app_init ] --END-- [ RunTime:0.000059s ]
INFO: [ app_begin ] --START--
INFO: Run Behavior\ReadHtmlCacheBehavior [ RunTime:0.000031s ]
INFO: [ app_begin ] --END-- [ RunTime:0.000054s ]

[ 2017-04-13T11:13:07+08:00 ] 101.226.125.108 /Home/weixin/callback/?code=041zo3gg0m8yuA1hyQfg0mOVfg0zo3gR&state=f8ca5422435b032f9ce2313533c93f20f6d5c490
INFO: [ app_init ] --START--
INFO: Run Behavior\BuildLiteBehavior [ RunTime:0.000011s ]
INFO: [ app_init ] --END-- [ RunTime:0.000078s ]
INFO: [ app_begin ] --START--
INFO: Run Behavior\ReadHtmlCacheBehavior [ RunTime:0.000038s ]
INFO: [ app_begin ] --END-- [ RunTime:0.000063s ]
NOTIC: [2] Missing argument 2 for Home\Model\UserModel::__construct(), called in /mnt/www/html/huangwei/tmls/ThinkPHP/Common/functions.php on line 588 and defined /mnt/www/html/huangwei/tmls/App/Home/Model/UserModel.class.php 第 10 行.
NOTIC: [2] Missing argument 3 for Home\Model\UserModel::__construct(), called in /mnt/www/html/huangwei/tmls/ThinkPHP/Common/functions.php on line 588 and defined /mnt/www/html/huangwei/tmls/App/Home/Model/UserModel.class.php 第 10 行.
NOTIC: [8] Undefined variable: tablePrefix /mnt/www/html/huangwei/tmls/App/Home/Model/UserModel.class.php 第 12 行.
NOTIC: [8] Undefined variable: connection /mnt/www/html/huangwei/tmls/App/Home/Model/UserModel.class.php 第 12 行.
SQL: SHOW COLUMNS FROM `user` [ RunTime:0.0006s ]
SQL: SELECT * FROM `user` WHERE `openid` = 'oGklKuMvToVWYzoNap2rfnqqXH_Q' LIMIT 1   [ RunTime:0.0003s ]

[ 2017-04-13T11:13:07+08:00 ] 101.226.125.108 /Home/center/index.html
INFO: [ app_init ] --START--
INFO: Run Behavior\BuildLiteBehavior [ RunTime:0.000010s ]
INFO: [ app_init ] --END-- [ RunTime:0.000083s ]
INFO: [ app_begin ] --START--
INFO: Run Behavior\ReadHtmlCacheBehavior [ RunTime:0.000041s ]
INFO: [ app_begin ] --END-- [ RunTime:0.000066s ]
NOTIC: [2] Missing argument 2 for Home\Model\UserModel::__construct(), called in /mnt/www/html/huangwei/tmls/ThinkPHP/Common/functions.php on line 588 and defined /mnt/www/html/huangwei/tmls/App/Home/Model/UserModel.class.php 第 10 行.
NOTIC: [2] Missing argument 3 for Home\Model\UserModel::__construct(), called in /mnt/www/html/huangwei/tmls/ThinkPHP/Common/functions.php on line 588 and defined /mnt/www/html/huangwei/tmls/App/Home/Model/UserModel.class.php 第 10 行.
NOTIC: [8] Undefined variable: tablePrefix /mnt/www/html/huangwei/tmls/App/Home/Model/UserModel.class.php 第 12 行.
NOTIC: [8] Undefined variable: connection /mnt/www/html/huangwei/tmls/App/Home/Model/UserModel.class.php 第 12 行.
SQL: SHOW COLUMNS FROM `user` [ RunTime:0.0006s ]
INFO: [ view_parse ] --START--
INFO: [ template_filter ] --START--
INFO: Run Behavior\ContentReplaceBehavior [ RunTime:0.000038s ]
INFO: [ template_filter ] --END-- [ RunTime:0.000068s ]
INFO: Run Behavior\ParseTemplateBehavior [ RunTime:0.003114s ]
INFO: [ view_parse ] --END-- [ RunTime:0.003146s ]
INFO: [ view_filter ] --START--
INFO: Run Behavior\WriteHtmlCacheBehavior [ RunTime:0.000046s ]
INFO: [ view_filter ] --END-- [ RunTime:0.000065s ]
INFO: [ app_end ] --START--
INFO: Run Behavior\ShowPageTraceBehavior [ RunTime:0.000039s ]
INFO: [ app_end ] --END-- [ RunTime:0.000070s ]

[ 2017-04-13T11:13:17+08:00 ] 61.151.226.16 /Home/center/index.html
INFO: [ app_init ] --START--
INFO: Run Behavior\BuildLiteBehavior [ RunTime:0.000010s ]
INFO: [ app_init ] --END-- [ RunTime:0.000082s ]
INFO: [ app_begin ] --START--
INFO: Run Behavior\ReadHtmlCacheBehavior [ RunTime:0.000041s ]
INFO: [ app_begin ] --END-- [ RunTime:0.000067s ]
NOTIC: [2] Missing argument 2 for Home\Model\UserModel::__construct(), called in /mnt/www/html/huangwei/tmls/ThinkPHP/Common/functions.php on line 588 and defined /mnt/www/html/huangwei/tmls/App/Home/Model/UserModel.class.php 第 10 行.
NOTIC: [2] Missing argument 3 for Home\Model\UserModel::__construct(), called in /mnt/www/html/huangwei/tmls/ThinkPHP/Common/functions.php on line 588 and defined /mnt/www/html/huangwei/tmls/App/Home/Model/UserModel.class.php 第 10 行.
NOTIC: [8] Undefined variable: tablePrefix /mnt/www/html/huangwei/tmls/App/Home/Model/UserModel.class.php 第 12 行.
NOTIC: [8] Undefined variable: connection /mnt/www/html/huangwei/tmls/App/Home/Model/UserModel.class.php 第 12 行.
SQL: SHOW COLUMNS FROM `user` [ RunTime:0.0006s ]
SQL: SELECT * FROM `user` WHERE `id` = null LIMIT 1   [ RunTime:0.0001s ]
INFO: [ view_parse ] --START--
INFO: [ template_filter ] --START--
INFO: Run Behavior\ContentReplaceBehavior [ RunTime:0.000037s ]
INFO: [ template_filter ] --END-- [ RunTime:0.000075s ]
NOTIC: [8] Undefined index: user /mnt/www/html/huangwei/tmls/Runtime/Cache/Home/6932e7c9012ebe4334aa99267c0b2e4b.php 第 57 行.
NOTIC: [8] Undefined index: user /mnt/www/html/huangwei/tmls/Runtime/Cache/Home/6932e7c9012ebe4334aa99267c0b2e4b.php 第 58 行.
NOTIC: [8] Undefined index: user /mnt/www/html/huangwei/tmls/Runtime/Cache/Home/6932e7c9012ebe4334aa99267c0b2e4b.php 第 58 行.
INFO: Run Behavior\ParseTemplateBehavior [ RunTime:0.003046s ]
INFO: [ view_parse ] --END-- [ RunTime:0.003074s ]
INFO: [ view_filter ] --START--
INFO: Run Behavior\WriteHtmlCacheBehavior [ RunTime:0.000071s ]
INFO: [ view_filter ] --END-- [ RunTime:0.000093s ]
INFO: [ app_end ] --START--
INFO: Run Behavior\ShowPageTraceBehavior [ RunTime:0.000043s ]
INFO: [ app_end ] --END-- [ RunTime:0.000066s ]

[ 2017-04-13T11:13:18+08:00 ] 101.226.125.108 /Home/weixin/login/?url=http%3A%2F%2Fshopceshi.sunday.so%2FHome%2Fuser%2Fkefu
INFO: [ app_init ] --START--
INFO: Run Behavior\BuildLiteBehavior [ RunTime:0.000010s ]
INFO: [ app_init ] --END-- [ RunTime:0.000076s ]
INFO: [ app_begin ] --START--
INFO: Run Behavior\ReadHtmlCacheBehavior [ RunTime:0.000037s ]
INFO: [ app_begin ] --END-- [ RunTime:0.000068s ]

[ 2017-04-13T11:13:18+08:00 ] 101.226.125.108 /Home/user/kefu
INFO: [ app_init ] --START--
INFO: Run Behavior\BuildLiteBehavior [ RunTime:0.000010s ]
INFO: [ app_init ] --END-- [ RunTime:0.000074s ]
INFO: [ app_begin ] --START--
INFO: Run Behavior\ReadHtmlCacheBehavior [ RunTime:0.000040s ]
INFO: [ app_begin ] --END-- [ RunTime:0.000072s ]
SQL: SHOW COLUMNS FROM `user` [ RunTime:0.0006s ]
SQL: SELECT `id`,`nickname`,`img` FROM `user` WHERE `id` = 131 LIMIT 1   [ RunTime:0.0002s ]
INFO: [ view_parse ] --START--
INFO: [ template_filter ] --START--
INFO: Run Behavior\ContentReplaceBehavior [ RunTime:0.000037s ]
INFO: [ template_filter ] --END-- [ RunTime:0.000075s ]
INFO: Run Behavior\ParseTemplateBehavior [ RunTime:0.013798s ]
INFO: [ view_parse ] --END-- [ RunTime:0.013850s ]
INFO: [ view_filter ] --START--
INFO: Run Behavior\WriteHtmlCacheBehavior [ RunTime:0.000039s ]
INFO: [ view_filter ] --END-- [ RunTime:0.000058s ]
INFO: [ app_end ] --START--
INFO: Run Behavior\ShowPageTraceBehavior [ RunTime:0.000029s ]
INFO: [ app_end ] --END-- [ RunTime:0.000048s ]

[ 2017-04-13T12:43:08+08:00 ] 123.151.139.145 /Home/goods/detail/?id=61
INFO: [ app_init ] --START--
INFO: Run Behavior\BuildLiteBehavior [ RunTime:0.000010s ]
INFO: [ app_init ] --END-- [ RunTime:0.000417s ]
INFO: [ app_begin ] --START--
INFO: Run Behavior\ReadHtmlCacheBehavior [ RunTime:0.000510s ]
INFO: [ app_begin ] --END-- [ RunTime:0.000543s ]
NOTIC: [2] Missing argument 2 for Home\Model\CommodityModel::__construct(), called in /mnt/www/html/huangwei/tmls/ThinkPHP/Common/functions.php on line 588 and defined /mnt/www/html/huangwei/tmls/App/Home/Model/CommodityModel.class.php 第 10 行.
NOTIC: [2] Missing argument 3 for Home\Model\CommodityModel::__construct(), called in /mnt/www/html/huangwei/tmls/ThinkPHP/Common/functions.php on line 588 and defined /mnt/www/html/huangwei/tmls/App/Home/Model/CommodityModel.class.php 第 10 行.
NOTIC: [8] Undefined variable: tablePrefix /mnt/www/html/huangwei/tmls/App/Home/Model/CommodityModel.class.php 第 12 行.
NOTIC: [8] Undefined variable: connection /mnt/www/html/huangwei/tmls/App/Home/Model/CommodityModel.class.php 第 12 行.
SQL: SHOW COLUMNS FROM `commodity` [ RunTime:0.0006s ]

[ 2017-04-13T12:43:08+08:00 ] 123.151.139.145 /Home/weixin/login/?url=%2FHome%2Fgoods%2Fdetail%2F%3Fid%3D61
INFO: [ app_init ] --START--
INFO: Run Behavior\BuildLiteBehavior [ RunTime:0.000010s ]
INFO: [ app_init ] --END-- [ RunTime:0.000086s ]
INFO: [ app_begin ] --START--
INFO: Run Behavior\ReadHtmlCacheBehavior [ RunTime:0.000039s ]
INFO: [ app_begin ] --END-- [ RunTime:0.000062s ]
INFO: [ app_end ] --START--
INFO: Run Behavior\ShowPageTraceBehavior [ RunTime:0.000619s ]
INFO: [ app_end ] --END-- [ RunTime:0.000667s ]

[ 2017-04-13T12:43:10+08:00 ] 111.30.132.208 /
INFO: [ app_init ] --START--
INFO: Run Behavior\BuildLiteBehavior [ RunTime:0.000009s ]
INFO: [ app_init ] --END-- [ RunTime:0.000071s ]
INFO: [ app_begin ] --START--
INFO: Run Behavior\ReadHtmlCacheBehavior [ RunTime:0.000035s ]
INFO: [ app_begin ] --END-- [ RunTime:0.000059s ]

[ 2017-04-13T12:43:10+08:00 ] 125.39.57.37 /
INFO: [ app_init ] --START--
INFO: Run Behavior\BuildLiteBehavior [ RunTime:0.000008s ]
INFO: [ app_init ] --END-- [ RunTime:0.000056s ]
INFO: [ app_begin ] --START--
INFO: Run Behavior\ReadHtmlCacheBehavior [ RunTime:0.000031s ]
INFO: [ app_begin ] --END-- [ RunTime:0.000054s ]

[ 2017-04-13T12:43:10+08:00 ] 123.151.139.145 /Home/weixin/callback/?code=0513wqKe2lW5AD0f5ALe2kFcKe23wqKd&state=ddfcbf17a61e5deab71e503762ca1ef32d2b2b4e
INFO: [ app_init ] --START--
INFO: Run Behavior\BuildLiteBehavior [ RunTime:0.000010s ]
INFO: [ app_init ] --END-- [ RunTime:0.000092s ]
INFO: [ app_begin ] --START--
INFO: Run Behavior\ReadHtmlCacheBehavior [ RunTime:0.000044s ]
INFO: [ app_begin ] --END-- [ RunTime:0.000069s ]
NOTIC: [2] Missing argument 2 for Home\Model\UserModel::__construct(), called in /mnt/www/html/huangwei/tmls/ThinkPHP/Common/functions.php on line 588 and defined /mnt/www/html/huangwei/tmls/App/Home/Model/UserModel.class.php 第 10 行.
NOTIC: [2] Missing argument 3 for Home\Model\UserModel::__construct(), called in /mnt/www/html/huangwei/tmls/ThinkPHP/Common/functions.php on line 588 and defined /mnt/www/html/huangwei/tmls/App/Home/Model/UserModel.class.php 第 10 行.
NOTIC: [8] Undefined variable: tablePrefix /mnt/www/html/huangwei/tmls/App/Home/Model/UserModel.class.php 第 12 行.
NOTIC: [8] Undefined variable: connection /mnt/www/html/huangwei/tmls/App/Home/Model/UserModel.class.php 第 12 行.
SQL: SHOW COLUMNS FROM `user` [ RunTime:0.0006s ]
SQL: SELECT * FROM `user` WHERE `openid` = 'oGklKuEZIszSWZhh46wBaGto3JDo' LIMIT 1   [ RunTime:0.0002s ]
SQL: INSERT INTO `user` (`openid`,`nickname`,`integral`,`shopid`,`img`) VALUES ('oGklKuEZIszSWZhh46wBaGto3JDo','【大明名车】辽中店——王延雷','0','1','http://wx.qlogo.cn/mmopen/PiajxSqBRaELHSGXNd0vZJ73ZUy2dB4COww8dW1DRo2TMYAtWu0ue2rb8xQHSq2RlxA22YojYT7YmhsFXeKEYKg/0') [ RunTime:0.0046s ]
ERR: Think\Controller:reg方法不存在！

[ 2017-04-13T12:43:18+08:00 ] 180.153.206.24 /Home/weixin/login/?url=%2FHome%2Fgoods%2Fdetail%2F%3Fid%3D61
INFO: [ app_init ] --START--
INFO: Run Behavior\BuildLiteBehavior [ RunTime:0.000010s ]
INFO: [ app_init ] --END-- [ RunTime:0.000082s ]
INFO: [ app_begin ] --START--
INFO: Run Behavior\ReadHtmlCacheBehavior [ RunTime:0.000041s ]
INFO: [ app_begin ] --END-- [ RunTime:0.000068s ]
INFO: [ app_end ] --START--
INFO: Run Behavior\ShowPageTraceBehavior [ RunTime:0.000052s ]
INFO: [ app_end ] --END-- [ RunTime:0.000092s ]

[ 2017-04-13T15:39:19+08:00 ] 140.207.63.103 /
INFO: [ app_init ] --START--
INFO: Run Behavior\BuildLiteBehavior [ RunTime:0.000012s ]
INFO: [ app_init ] --END-- [ RunTime:0.000095s ]
INFO: [ app_begin ] --START--
INFO: Run Behavior\ReadHtmlCacheBehavior [ RunTime:0.000047s ]
INFO: [ app_begin ] --END-- [ RunTime:0.000084s ]

[ 2017-04-13T15:39:19+08:00 ] 101.226.61.181 /
INFO: [ app_init ] --START--
INFO: Run Behavior\BuildLiteBehavior [ RunTime:0.000010s ]
INFO: [ app_init ] --END-- [ RunTime:0.000082s ]
INFO: [ app_begin ] --START--
INFO: Run Behavior\ReadHtmlCacheBehavior [ RunTime:0.000039s ]
INFO: [ app_begin ] --END-- [ RunTime:0.000063s ]

[ 2017-04-13T15:39:19+08:00 ] 101.226.125.117 /Home/weixin/login/?url=http%3A%2F%2Fshopceshi.sunday.so%2FHome%2Fcenter%2Findex.html
INFO: [ app_init ] --START--
INFO: Run Behavior\BuildLiteBehavior [ RunTime:0.000009s ]
INFO: [ app_init ] --END-- [ RunTime:0.000065s ]
INFO: [ app_begin ] --START--
INFO: Run Behavior\ReadHtmlCacheBehavior [ RunTime:0.000038s ]
INFO: [ app_begin ] --END-- [ RunTime:0.000064s ]
INFO: [ app_end ] --START--
INFO: Run Behavior\ShowPageTraceBehavior [ RunTime:0.000085s ]
INFO: [ app_end ] --END-- [ RunTime:0.000122s ]

[ 2017-04-13T15:39:20+08:00 ] 101.226.125.117 /Home/weixin/callback/?code=051MbwHA0yAa5d28zFHA0tfDHA0MbwHG&state=9cee12fb37e812cc102251537310bd6d123fb269
INFO: [ app_init ] --START--
INFO: Run Behavior\BuildLiteBehavior [ RunTime:0.000010s ]
INFO: [ app_init ] --END-- [ RunTime:0.000081s ]
INFO: [ app_begin ] --START--
INFO: Run Behavior\ReadHtmlCacheBehavior [ RunTime:0.000041s ]
INFO: [ app_begin ] --END-- [ RunTime:0.000066s ]
NOTIC: [2] Missing argument 2 for Home\Model\UserModel::__construct(), called in /mnt/www/html/huangwei/tmls/ThinkPHP/Common/functions.php on line 588 and defined /mnt/www/html/huangwei/tmls/App/Home/Model/UserModel.class.php 第 10 行.
NOTIC: [2] Missing argument 3 for Home\Model\UserModel::__construct(), called in /mnt/www/html/huangwei/tmls/ThinkPHP/Common/functions.php on line 588 and defined /mnt/www/html/huangwei/tmls/App/Home/Model/UserModel.class.php 第 10 行.
NOTIC: [8] Undefined variable: tablePrefix /mnt/www/html/huangwei/tmls/App/Home/Model/UserModel.class.php 第 12 行.
NOTIC: [8] Undefined variable: connection /mnt/www/html/huangwei/tmls/App/Home/Model/UserModel.class.php 第 12 行.
SQL: SHOW COLUMNS FROM `user` [ RunTime:0.0006s ]
SQL: SELECT * FROM `user` WHERE `openid` = 'oGklKuG-HGHFU4gla-do8ROTgFrM' LIMIT 1   [ RunTime:0.0006s ]

[ 2017-04-13T15:39:20+08:00 ] 101.226.125.117 /Home/center/index.html
INFO: [ app_init ] --START--
INFO: Run Behavior\BuildLiteBehavior [ RunTime:0.000009s ]
INFO: [ app_init ] --END-- [ RunTime:0.000071s ]
INFO: [ app_begin ] --START--
INFO: Run Behavior\ReadHtmlCacheBehavior [ RunTime:0.000034s ]
INFO: [ app_begin ] --END-- [ RunTime:0.000057s ]
NOTIC: [2] Missing argument 2 for Home\Model\UserModel::__construct(), called in /mnt/www/html/huangwei/tmls/ThinkPHP/Common/functions.php on line 588 and defined /mnt/www/html/huangwei/tmls/App/Home/Model/UserModel.class.php 第 10 行.
NOTIC: [2] Missing argument 3 for Home\Model\UserModel::__construct(), called in /mnt/www/html/huangwei/tmls/ThinkPHP/Common/functions.php on line 588 and defined /mnt/www/html/huangwei/tmls/App/Home/Model/UserModel.class.php 第 10 行.
NOTIC: [8] Undefined variable: tablePrefix /mnt/www/html/huangwei/tmls/App/Home/Model/UserModel.class.php 第 12 行.
NOTIC: [8] Undefined variable: connection /mnt/www/html/huangwei/tmls/App/Home/Model/UserModel.class.php 第 12 行.
SQL: SHOW COLUMNS FROM `user` [ RunTime:0.0006s ]
INFO: [ view_parse ] --START--
INFO: [ template_filter ] --START--
INFO: Run Behavior\ContentReplaceBehavior [ RunTime:0.000048s ]
INFO: [ template_filter ] --END-- [ RunTime:0.000079s ]
INFO: Run Behavior\ParseTemplateBehavior [ RunTime:0.006798s ]
INFO: [ view_parse ] --END-- [ RunTime:0.006856s ]
INFO: [ view_filter ] --START--
INFO: Run Behavior\WriteHtmlCacheBehavior [ RunTime:0.000117s ]
INFO: [ view_filter ] --END-- [ RunTime:0.000139s ]
INFO: [ app_end ] --START--
INFO: Run Behavior\ShowPageTraceBehavior [ RunTime:0.000054s ]
INFO: [ app_end ] --END-- [ RunTime:0.000076s ]

[ 2017-04-13T15:39:26+08:00 ] 101.226.125.117 /Home/address/lists.html
INFO: [ app_init ] --START--
INFO: Run Behavior\BuildLiteBehavior [ RunTime:0.000010s ]
INFO: [ app_init ] --END-- [ RunTime:0.000085s ]
INFO: [ app_begin ] --START--
INFO: Run Behavior\ReadHtmlCacheBehavior [ RunTime:0.000046s ]
INFO: [ app_begin ] --END-- [ RunTime:0.000071s ]
NOTIC: [2] Missing argument 2 for Home\Model\AddressModel::__construct(), called in /mnt/www/html/huangwei/tmls/ThinkPHP/Common/functions.php on line 588 and defined /mnt/www/html/huangwei/tmls/App/Home/Model/AddressModel.class.php 第 10 行.
NOTIC: [2] Missing argument 3 for Home\Model\AddressModel::__construct(), called in /mnt/www/html/huangwei/tmls/ThinkPHP/Common/functions.php on line 588 and defined /mnt/www/html/huangwei/tmls/App/Home/Model/AddressModel.class.php 第 10 行.
NOTIC: [8] Undefined variable: tablePrefix /mnt/www/html/huangwei/tmls/App/Home/Model/AddressModel.class.php 第 12 行.
NOTIC: [8] Undefined variable: connection /mnt/www/html/huangwei/tmls/App/Home/Model/AddressModel.class.php 第 12 行.
SQL: SHOW COLUMNS FROM `address` [ RunTime:0.0006s ]
SQL: SELECT * FROM `address` WHERE `uid` = 12  [ RunTime:0.0005s ]
INFO: [ view_parse ] --START--
INFO: [ template_filter ] --START--
INFO: Run Behavior\ContentReplaceBehavior [ RunTime:0.000045s ]
INFO: [ template_filter ] --END-- [ RunTime:0.000077s ]
INFO: Run Behavior\ParseTemplateBehavior [ RunTime:0.004314s ]
INFO: [ view_parse ] --END-- [ RunTime:0.004353s ]
INFO: [ view_filter ] --START--
INFO: Run Behavior\WriteHtmlCacheBehavior [ RunTime:0.000102s ]
INFO: [ view_filter ] --END-- [ RunTime:0.000125s ]
INFO: [ app_end ] --START--
INFO: Run Behavior\ShowPageTraceBehavior [ RunTime:0.000047s ]
INFO: [ app_end ] --END-- [ RunTime:0.000068s ]

[ 2017-04-13T15:39:36+08:00 ] 101.226.33.208 /Home/address/lists.html
INFO: [ app_init ] --START--
INFO: Run Behavior\BuildLiteBehavior [ RunTime:0.000008s ]
INFO: [ app_init ] --END-- [ RunTime:0.000093s ]
INFO: [ app_begin ] --START--
INFO: Run Behavior\ReadHtmlCacheBehavior [ RunTime:0.000043s ]
INFO: [ app_begin ] --END-- [ RunTime:0.000069s ]
NOTIC: [2] Missing argument 2 for Home\Model\AddressModel::__construct(), called in /mnt/www/html/huangwei/tmls/ThinkPHP/Common/functions.php on line 588 and defined /mnt/www/html/huangwei/tmls/App/Home/Model/AddressModel.class.php 第 10 行.
NOTIC: [2] Missing argument 3 for Home\Model\AddressModel::__construct(), called in /mnt/www/html/huangwei/tmls/ThinkPHP/Common/functions.php on line 588 and defined /mnt/www/html/huangwei/tmls/App/Home/Model/AddressModel.class.php 第 10 行.
NOTIC: [8] Undefined variable: tablePrefix /mnt/www/html/huangwei/tmls/App/Home/Model/AddressModel.class.php 第 12 行.
NOTIC: [8] Undefined variable: connection /mnt/www/html/huangwei/tmls/App/Home/Model/AddressModel.class.php 第 12 行.
SQL: SHOW COLUMNS FROM `address` [ RunTime:0.0004s ]
SQL: SELECT * FROM `address` WHERE `uid` = null  [ RunTime:0.0001s ]
INFO: [ view_parse ] --START--
INFO: [ template_filter ] --START--
INFO: Run Behavior\ContentReplaceBehavior [ RunTime:0.000040s ]
INFO: [ template_filter ] --END-- [ RunTime:0.000071s ]
INFO: Run Behavior\ParseTemplateBehavior [ RunTime:0.004153s ]
INFO: [ view_parse ] --END-- [ RunTime:0.004184s ]
INFO: [ view_filter ] --START--
INFO: Run Behavior\WriteHtmlCacheBehavior [ RunTime:0.000151s ]
INFO: [ view_filter ] --END-- [ RunTime:0.000175s ]
INFO: [ app_end ] --START--
INFO: Run Behavior\ShowPageTraceBehavior [ RunTime:0.000075s ]
INFO: [ app_end ] --END-- [ RunTime:0.000103s ]

[ 2017-04-13T17:24:55+08:00 ] 101.226.102.79 /Home/weixin/login/?url=http%3A%2F%2Fshopceshi.sunday.so%2FHome%2Fcenter%2Findex.html
INFO: [ app_init ] --START--
INFO: Run Behavior\BuildLiteBehavior [ RunTime:0.000012s ]
INFO: [ app_init ] --END-- [ RunTime:0.000092s ]
INFO: [ app_begin ] --START--
INFO: Run Behavior\ReadHtmlCacheBehavior [ RunTime:0.000046s ]
INFO: [ app_begin ] --END-- [ RunTime:0.000083s ]
INFO: [ app_end ] --START--
INFO: Run Behavior\ShowPageTraceBehavior [ RunTime:0.000071s ]
INFO: [ app_end ] --END-- [ RunTime:0.000114s ]

[ 2017-04-13T17:24:55+08:00 ] 140.207.55.80 /
INFO: [ app_init ] --START--
INFO: Run Behavior\BuildLiteBehavior [ RunTime:0.000009s ]
INFO: [ app_init ] --END-- [ RunTime:0.000080s ]
INFO: [ app_begin ] --START--
INFO: Run Behavior\ReadHtmlCacheBehavior [ RunTime:0.000042s ]
INFO: [ app_begin ] --END-- [ RunTime:0.000068s ]

[ 2017-04-13T17:24:55+08:00 ] 101.226.102.94 /
INFO: [ app_init ] --START--
INFO: Run Behavior\BuildLiteBehavior [ RunTime:0.000010s ]
INFO: [ app_init ] --END-- [ RunTime:0.000077s ]
INFO: [ app_begin ] --START--
INFO: Run Behavior\ReadHtmlCacheBehavior [ RunTime:0.000041s ]
INFO: [ app_begin ] --END-- [ RunTime:0.000069s ]

[ 2017-04-13T17:24:56+08:00 ] 101.226.102.79 /Home/weixin/callback/?code=031Exop70K0icJ1K4pp70YPmp70Exopn&state=e288b563ce15d8a3bef4358afc43be98bd49ba76
INFO: [ app_init ] --START--
INFO: Run Behavior\BuildLiteBehavior [ RunTime:0.000009s ]
INFO: [ app_init ] --END-- [ RunTime:0.000074s ]
INFO: [ app_begin ] --START--
INFO: Run Behavior\ReadHtmlCacheBehavior [ RunTime:0.000053s ]
INFO: [ app_begin ] --END-- [ RunTime:0.000079s ]
NOTIC: [2] Missing argument 2 for Home\Model\UserModel::__construct(), called in /mnt/www/html/huangwei/tmls/ThinkPHP/Common/functions.php on line 588 and defined /mnt/www/html/huangwei/tmls/App/Home/Model/UserModel.class.php 第 10 行.
NOTIC: [2] Missing argument 3 for Home\Model\UserModel::__construct(), called in /mnt/www/html/huangwei/tmls/ThinkPHP/Common/functions.php on line 588 and defined /mnt/www/html/huangwei/tmls/App/Home/Model/UserModel.class.php 第 10 行.
NOTIC: [8] Undefined variable: tablePrefix /mnt/www/html/huangwei/tmls/App/Home/Model/UserModel.class.php 第 12 行.
NOTIC: [8] Undefined variable: connection /mnt/www/html/huangwei/tmls/App/Home/Model/UserModel.class.php 第 12 行.
SQL: SHOW COLUMNS FROM `user` [ RunTime:0.0018s ]
SQL: SELECT * FROM `user` WHERE `openid` = 'oGklKuHhkQHzOL6vyEf0txfJtEGY' LIMIT 1   [ RunTime:0.0003s ]
SQL: INSERT INTO `user` (`openid`,`nickname`,`integral`,`shopid`,`img`) VALUES ('oGklKuHhkQHzOL6vyEf0txfJtEGY','汪洋大海  ','0','1','http://wx.qlogo.cn/mmopen/y4YGdib4g26lCwFj2sWUIR1fLwmib8q348ianUALpJYia7Y13J8EWm5y20PxhCpV9jZm6VthbtNrkjDb2nNhsqoQTTRiaTQxqMZ1f/0') [ RunTime:0.0024s ]
ERR: Think\Controller:reg方法不存在！

[ 2017-04-13T17:24:58+08:00 ] 101.226.102.79 /Home/weixin/callback/?code=031n2xQe170OWu0rAzQe1ZZrQe1n2xQP&state=e288b563ce15d8a3bef4358afc43be98bd49ba76
INFO: [ app_init ] --START--
INFO: Run Behavior\BuildLiteBehavior [ RunTime:0.000008s ]
INFO: [ app_init ] --END-- [ RunTime:0.000070s ]
INFO: [ app_begin ] --START--
INFO: Run Behavior\ReadHtmlCacheBehavior [ RunTime:0.000034s ]
INFO: [ app_begin ] --END-- [ RunTime:0.000060s ]
NOTIC: [2] Missing argument 2 for Home\Model\UserModel::__construct(), called in /mnt/www/html/huangwei/tmls/ThinkPHP/Common/functions.php on line 588 and defined /mnt/www/html/huangwei/tmls/App/Home/Model/UserModel.class.php 第 10 行.
NOTIC: [2] Missing argument 3 for Home\Model\UserModel::__construct(), called in /mnt/www/html/huangwei/tmls/ThinkPHP/Common/functions.php on line 588 and defined /mnt/www/html/huangwei/tmls/App/Home/Model/UserModel.class.php 第 10 行.
NOTIC: [8] Undefined variable: tablePrefix /mnt/www/html/huangwei/tmls/App/Home/Model/UserModel.class.php 第 12 行.
NOTIC: [8] Undefined variable: connection /mnt/www/html/huangwei/tmls/App/Home/Model/UserModel.class.php 第 12 行.
SQL: SHOW COLUMNS FROM `user` [ RunTime:0.0006s ]
SQL: SELECT * FROM `user` WHERE `openid` = 'oGklKuHhkQHzOL6vyEf0txfJtEGY' LIMIT 1   [ RunTime:0.0003s ]

[ 2017-04-13T17:24:58+08:00 ] 101.226.102.79 /Home/center/index.html
INFO: [ app_init ] --START--
INFO: Run Behavior\BuildLiteBehavior [ RunTime:0.000009s ]
INFO: [ app_init ] --END-- [ RunTime:0.000081s ]
INFO: [ app_begin ] --START--
INFO: Run Behavior\ReadHtmlCacheBehavior [ RunTime:0.000041s ]
INFO: [ app_begin ] --END-- [ RunTime:0.000066s ]
NOTIC: [2] Missing argument 2 for Home\Model\UserModel::__construct(), called in /mnt/www/html/huangwei/tmls/ThinkPHP/Common/functions.php on line 588 and defined /mnt/www/html/huangwei/tmls/App/Home/Model/UserModel.class.php 第 10 行.
NOTIC: [2] Missing argument 3 for Home\Model\UserModel::__construct(), called in /mnt/www/html/huangwei/tmls/ThinkPHP/Common/functions.php on line 588 and defined /mnt/www/html/huangwei/tmls/App/Home/Model/UserModel.class.php 第 10 行.
NOTIC: [8] Undefined variable: tablePrefix /mnt/www/html/huangwei/tmls/App/Home/Model/UserModel.class.php 第 12 行.
NOTIC: [8] Undefined variable: connection /mnt/www/html/huangwei/tmls/App/Home/Model/UserModel.class.php 第 12 行.
SQL: SHOW COLUMNS FROM `user` [ RunTime:0.0006s ]
INFO: [ view_parse ] --START--
INFO: [ template_filter ] --START--
INFO: Run Behavior\ContentReplaceBehavior [ RunTime:0.000057s ]
INFO: [ template_filter ] --END-- [ RunTime:0.000101s ]
INFO: Run Behavior\ParseTemplateBehavior [ RunTime:0.005463s ]
INFO: [ view_parse ] --END-- [ RunTime:0.005502s ]
INFO: [ view_filter ] --START--
INFO: Run Behavior\WriteHtmlCacheBehavior [ RunTime:0.000147s ]
INFO: [ view_filter ] --END-- [ RunTime:0.000183s ]
INFO: [ app_end ] --START--
INFO: Run Behavior\ShowPageTraceBehavior [ RunTime:0.000084s ]
INFO: [ app_end ] --END-- [ RunTime:0.000119s ]

[ 2017-04-13T17:25:05+08:00 ] 101.226.102.79 /Home/weixin/login/?url=https%3A%2F%2Fepeijing.cn%2Fapi%2FchzEWe
INFO: [ app_init ] --START--
INFO: Run Behavior\BuildLiteBehavior [ RunTime:0.000010s ]
INFO: [ app_init ] --END-- [ RunTime:0.000079s ]
INFO: [ app_begin ] --START--
INFO: Run Behavior\ReadHtmlCacheBehavior [ RunTime:0.000041s ]
INFO: [ app_begin ] --END-- [ RunTime:0.000066s ]

[ 2017-04-13T17:25:44+08:00 ] 101.226.61.189 /Home/weixin/login/?url=http%3A%2F%2Fshopceshi.sunday.so%2F
INFO: [ app_init ] --START--
INFO: Run Behavior\BuildLiteBehavior [ RunTime:0.000008s ]
INFO: [ app_init ] --END-- [ RunTime:0.000077s ]
INFO: [ app_begin ] --START--
INFO: Run Behavior\ReadHtmlCacheBehavior [ RunTime:0.000040s ]
INFO: [ app_begin ] --END-- [ RunTime:0.000066s ]
INFO: [ app_end ] --START--
INFO: Run Behavior\ShowPageTraceBehavior [ RunTime:0.000047s ]
INFO: [ app_end ] --END-- [ RunTime:0.000082s ]

[ 2017-04-13T17:25:44+08:00 ] 101.226.61.189 /Home/weixin/callback/?code=051wBklB1ovBFh0yU2lB1B1qlB1wBklw&state=96b3169f2c3f40eaae6c232d5c567846c30d03c2
INFO: [ app_init ] --START--
INFO: Run Behavior\BuildLiteBehavior [ RunTime:0.000008s ]
INFO: [ app_init ] --END-- [ RunTime:0.000070s ]
INFO: [ app_begin ] --START--
INFO: Run Behavior\ReadHtmlCacheBehavior [ RunTime:0.000034s ]
INFO: [ app_begin ] --END-- [ RunTime:0.000059s ]
NOTIC: [2] Missing argument 2 for Home\Model\UserModel::__construct(), called in /mnt/www/html/huangwei/tmls/ThinkPHP/Common/functions.php on line 588 and defined /mnt/www/html/huangwei/tmls/App/Home/Model/UserModel.class.php 第 10 行.
NOTIC: [2] Missing argument 3 for Home\Model\UserModel::__construct(), called in /mnt/www/html/huangwei/tmls/ThinkPHP/Common/functions.php on line 588 and defined /mnt/www/html/huangwei/tmls/App/Home/Model/UserModel.class.php 第 10 行.
NOTIC: [8] Undefined variable: tablePrefix /mnt/www/html/huangwei/tmls/App/Home/Model/UserModel.class.php 第 12 行.
NOTIC: [8] Undefined variable: connection /mnt/www/html/huangwei/tmls/App/Home/Model/UserModel.class.php 第 12 行.
SQL: SHOW COLUMNS FROM `user` [ RunTime:0.0005s ]
SQL: SELECT * FROM `user` WHERE `openid` = 'oGklKuOp54Z8XXaqgtC9jyOnSK-c' LIMIT 1   [ RunTime:0.0002s ]
SQL: INSERT INTO `user` (`openid`,`nickname`,`integral`,`shopid`,`img`) VALUES ('oGklKuOp54Z8XXaqgtC9jyOnSK-c','白夜','0','1','http://wx.qlogo.cn/mmopen/TvNTvRuia6AibWYH6Pg36jaJ7W2B4pkhGXqotKvvhVWbacHDaGpOHPVLuicVF1hWPIfbKlhonTFuicg7Hayz0ibtFBNbySLB3JaDr/0') [ RunTime:0.0026s ]
ERR: Think\Controller:reg方法不存在！

[ 2017-04-13T17:25:53+08:00 ] 140.207.185.107 /Home/weixin/login/?url=http%3A%2F%2Fshopceshi.sunday.so%2F
INFO: [ app_init ] --START--
INFO: Run Behavior\BuildLiteBehavior [ RunTime:0.000009s ]
INFO: [ app_init ] --END-- [ RunTime:0.000077s ]
INFO: [ app_begin ] --START--
INFO: Run Behavior\ReadHtmlCacheBehavior [ RunTime:0.000036s ]
INFO: [ app_begin ] --END-- [ RunTime:0.000060s ]
INFO: [ app_end ] --START--
INFO: Run Behavior\ShowPageTraceBehavior [ RunTime:0.000043s ]
INFO: [ app_end ] --END-- [ RunTime:0.000074s ]

[ 2017-04-13T17:26:18+08:00 ] 117.144.246.147 /Home/weixin/login/?url=http%3A%2F%2Fshopceshi.sunday.so%2F
INFO: [ app_init ] --START--
INFO: Run Behavior\BuildLiteBehavior [ RunTime:0.000009s ]
INFO: [ app_init ] --END-- [ RunTime:0.000090s ]
INFO: [ app_begin ] --START--
INFO: Run Behavior\ReadHtmlCacheBehavior [ RunTime:0.000060s ]
INFO: [ app_begin ] --END-- [ RunTime:0.000086s ]
INFO: [ app_end ] --START--
INFO: Run Behavior\ShowPageTraceBehavior [ RunTime:0.000050s ]
INFO: [ app_end ] --END-- [ RunTime:0.000082s ]

[ 2017-04-13T17:26:18+08:00 ] 112.17.242.158 /Home/weixin/login/?url=http%3A%2F%2Fshopceshi.sunday.so%2F
INFO: [ app_init ] --START--
INFO: Run Behavior\BuildLiteBehavior [ RunTime:0.000008s ]
INFO: [ app_init ] --END-- [ RunTime:0.000067s ]
INFO: [ app_begin ] --START--
INFO: Run Behavior\ReadHtmlCacheBehavior [ RunTime:0.000036s ]
INFO: [ app_begin ] --END-- [ RunTime:0.000061s ]
INFO: [ app_end ] --START--
INFO: Run Behavior\ShowPageTraceBehavior [ RunTime:0.000041s ]
INFO: [ app_end ] --END-- [ RunTime:0.000073s ]

[ 2017-04-13T17:26:19+08:00 ] 101.226.61.189 /Home/weixin/callback/?code=051iiu0s1dA2Sq0Te90s1yud0s1iiu0m&state=8c3036eff8b1b90a1f8db6637267d0faeaec97eb
INFO: [ app_init ] --START--
INFO: Run Behavior\BuildLiteBehavior [ RunTime:0.000008s ]
INFO: [ app_init ] --END-- [ RunTime:0.000072s ]
INFO: [ app_begin ] --START--
INFO: Run Behavior\ReadHtmlCacheBehavior [ RunTime:0.000034s ]
INFO: [ app_begin ] --END-- [ RunTime:0.000059s ]
NOTIC: [2] Missing argument 2 for Home\Model\UserModel::__construct(), called in /mnt/www/html/huangwei/tmls/ThinkPHP/Common/functions.php on line 588 and defined /mnt/www/html/huangwei/tmls/App/Home/Model/UserModel.class.php 第 10 行.
NOTIC: [2] Missing argument 3 for Home\Model\UserModel::__construct(), called in /mnt/www/html/huangwei/tmls/ThinkPHP/Common/functions.php on line 588 and defined /mnt/www/html/huangwei/tmls/App/Home/Model/UserModel.class.php 第 10 行.
NOTIC: [8] Undefined variable: tablePrefix /mnt/www/html/huangwei/tmls/App/Home/Model/UserModel.class.php 第 12 行.
NOTIC: [8] Undefined variable: connection /mnt/www/html/huangwei/tmls/App/Home/Model/UserModel.class.php 第 12 行.
SQL: SHOW COLUMNS FROM `user` [ RunTime:0.0006s ]
SQL: SELECT * FROM `user` WHERE `openid` = 'oGklKuOp54Z8XXaqgtC9jyOnSK-c' LIMIT 1   [ RunTime:0.0002s ]

[ 2017-04-13T17:26:20+08:00 ] 101.226.61.189 /
INFO: [ app_init ] --START--
INFO: Run Behavior\BuildLiteBehavior [ RunTime:0.000009s ]
INFO: [ app_init ] --END-- [ RunTime:0.000071s ]
INFO: [ app_begin ] --START--
INFO: Run Behavior\ReadHtmlCacheBehavior [ RunTime:0.000034s ]
INFO: [ app_begin ] --END-- [ RunTime:0.000057s ]
NOTIC: [2] Missing argument 2 for Home\Model\UserModel::__construct(), called in /mnt/www/html/huangwei/tmls/ThinkPHP/Common/functions.php on line 588 and defined /mnt/www/html/huangwei/tmls/App/Home/Model/UserModel.class.php 第 10 行.
NOTIC: [2] Missing argument 3 for Home\Model\UserModel::__construct(), called in /mnt/www/html/huangwei/tmls/ThinkPHP/Common/functions.php on line 588 and defined /mnt/www/html/huangwei/tmls/App/Home/Model/UserModel.class.php 第 10 行.
NOTIC: [8] Undefined variable: tablePrefix /mnt/www/html/huangwei/tmls/App/Home/Model/UserModel.class.php 第 12 行.
NOTIC: [8] Undefined variable: connection /mnt/www/html/huangwei/tmls/App/Home/Model/UserModel.class.php 第 12 行.
SQL: SHOW COLUMNS FROM `user` [ RunTime:0.0005s ]
NOTIC: [8] Undefined index: fromto /mnt/www/html/huangwei/tmls/App/Home/Controller/IndexController.class.php 第 33 行.
SQL: UPDATE `user` SET `first`='0',`second`='0',`three`='0',`isfix`='1' WHERE `id` = 136 [ RunTime:0.0031s ]
NOTIC: [2] Missing argument 2 for Admin\Model\CarouselModel::__construct(), called in /mnt/www/html/huangwei/tmls/ThinkPHP/Common/functions.php on line 588 and defined /mnt/www/html/huangwei/tmls/App/Admin/Model/CarouselModel.class.php 第 9 行.
NOTIC: [2] Missing argument 3 for Admin\Model\CarouselModel::__construct(), called in /mnt/www/html/huangwei/tmls/ThinkPHP/Common/functions.php on line 588 and defined /mnt/www/html/huangwei/tmls/App/Admin/Model/CarouselModel.class.php 第 9 行.
NOTIC: [8] Undefined variable: tablePrefix /mnt/www/html/huangwei/tmls/App/Admin/Model/CarouselModel.class.php 第 11 行.
NOTIC: [8] Undefined variable: connection /mnt/www/html/huangwei/tmls/App/Admin/Model/CarouselModel.class.php 第 11 行.
SQL: SHOW COLUMNS FROM `carousel` [ RunTime:0.0004s ]
SQL: SELECT `position`,`carouselimg`,`url` FROM `carousel` WHERE `shopid` = 1  [ RunTime:0.0072s ]
SQL: SHOW COLUMNS FROM `custom_page` [ RunTime:0.0004s ]
SQL: SELECT * FROM `custom_page` WHERE `id` = 1 LIMIT 1   [ RunTime:0.0203s ]
NOTIC: [2] Missing argument 2 for Admin\Model\ClassifyModel::__construct(), called in /mnt/www/html/huangwei/tmls/ThinkPHP/Common/functions.php on line 588 and defined /mnt/www/html/huangwei/tmls/App/Admin/Model/ClassifyModel.class.php 第 8 行.
NOTIC: [2] Missing argument 3 for Admin\Model\ClassifyModel::__construct(), called in /mnt/www/html/huangwei/tmls/ThinkPHP/Common/functions.php on line 588 and defined /mnt/www/html/huangwei/tmls/App/Admin/Model/ClassifyModel.class.php 第 8 行.
NOTIC: [8] Undefined variable: tablePrefix /mnt/www/html/huangwei/tmls/App/Admin/Model/ClassifyModel.class.php 第 10 行.
NOTIC: [8] Undefined variable: connection /mnt/www/html/huangwei/tmls/App/Admin/Model/ClassifyModel.class.php 第 10 行.
SQL: SHOW COLUMNS FROM `classify` [ RunTime:0.0004s ]
SQL: SELECT * FROM `classify` WHERE `shopid` = 1 AND `pid` = 0 AND `isshow` = 1 ORDER BY sort+1 desc  [ RunTime:0.0009s ]
SQL: SHOW COLUMNS FROM `weixin_config` [ RunTime:0.0006s ]
SQL: SELECT `value` FROM `weixin_config` WHERE `name` = 'phone' LIMIT 1   [ RunTime:0.0012s ]
INFO: [ view_parse ] --START--
INFO: [ template_filter ] --START--
INFO: Run Behavior\ContentReplaceBehavior [ RunTime:0.000075s ]
INFO: [ template_filter ] --END-- [ RunTime:0.000108s ]
NOTIC: [8] Undefined index: urls /mnt/www/html/huangwei/tmls/App/Common/Common/function.php 第 115 行.
NOTIC: [8] Undefined index: title /mnt/www/html/huangwei/tmls/Runtime/Cache/Home/00e52909bed743ea261af4b6823297ff.php 第 120 行.
NOTIC: [8] Undefined index: title /mnt/www/html/huangwei/tmls/Runtime/Cache/Home/00e52909bed743ea261af4b6823297ff.php 第 120 行.
NOTIC: [8] Undefined index: title /mnt/www/html/huangwei/tmls/Runtime/Cache/Home/00e52909bed743ea261af4b6823297ff.php 第 120 行.
NOTIC: [8] Undefined index: title /mnt/www/html/huangwei/tmls/Runtime/Cache/Home/00e52909bed743ea261af4b6823297ff.php 第 179 行.
NOTIC: [8] Undefined index: title /mnt/www/html/huangwei/tmls/Runtime/Cache/Home/00e52909bed743ea261af4b6823297ff.php 第 200 行.
NOTIC: [8] Undefined index: title /mnt/www/html/huangwei/tmls/Runtime/Cache/Home/00e52909bed743ea261af4b6823297ff.php 第 221 行.
NOTIC: [8] Undefined variable: data /mnt/www/html/huangwei/tmls/Runtime/Cache/Home/00e52909bed743ea261af4b6823297ff.php 第 259 行.
INFO: Run Behavior\ParseTemplateBehavior [ RunTime:0.161417s ]
INFO: [ view_parse ] --END-- [ RunTime:0.161459s ]
INFO: [ view_filter ] --START--
INFO: Run Behavior\WriteHtmlCacheBehavior [ RunTime:0.000219s ]
INFO: [ view_filter ] --END-- [ RunTime:0.000245s ]
INFO: [ app_end ] --START--
INFO: Run Behavior\ShowPageTraceBehavior [ RunTime:0.000046s ]
INFO: [ app_end ] --END-- [ RunTime:0.000071s ]

[ 2017-04-13T17:26:39+08:00 ] 101.226.61.189 /Home/goods/xinpin
INFO: [ app_init ] --START--
INFO: Run Behavior\BuildLiteBehavior [ RunTime:0.000009s ]
INFO: [ app_init ] --END-- [ RunTime:0.000076s ]
INFO: [ app_begin ] --START--
INFO: Run Behavior\ReadHtmlCacheBehavior [ RunTime:0.000038s ]
INFO: [ app_begin ] --END-- [ RunTime:0.000062s ]
NOTIC: [2] Missing argument 2 for Home\Model\CommodityModel::__construct(), called in /mnt/www/html/huangwei/tmls/ThinkPHP/Common/functions.php on line 588 and defined /mnt/www/html/huangwei/tmls/App/Home/Model/CommodityModel.class.php 第 10 行.
NOTIC: [2] Missing argument 3 for Home\Model\CommodityModel::__construct(), called in /mnt/www/html/huangwei/tmls/ThinkPHP/Common/functions.php on line 588 and defined /mnt/www/html/huangwei/tmls/App/Home/Model/CommodityModel.class.php 第 10 行.
NOTIC: [8] Undefined variable: tablePrefix /mnt/www/html/huangwei/tmls/App/Home/Model/CommodityModel.class.php 第 12 行.
NOTIC: [8] Undefined variable: connection /mnt/www/html/huangwei/tmls/App/Home/Model/CommodityModel.class.php 第 12 行.
SQL: SHOW COLUMNS FROM `commodity` [ RunTime:0.0007s ]
NOTIC: [8] Undefined index: page /mnt/www/html/huangwei/tmls/App/Home/Controller/GoodsController.class.php 第 337 行.
NOTIC: [8] Undefined index: size /mnt/www/html/huangwei/tmls/App/Home/Controller/GoodsController.class.php 第 338 行.
NOTIC: [8] Undefined index: order /mnt/www/html/huangwei/tmls/App/Home/Controller/GoodsController.class.php 第 339 行.
SQL: SELECT `thumbnail`,`title`,`commodityid`,`original`,`current` FROM `commodity` WHERE `shopid` = 1 AND `type` = 1 AND `status` = 1 ORDER BY commodityid desc LIMIT 0,6   [ RunTime:0.0006s ]
INFO: [ view_parse ] --START--
INFO: [ template_filter ] --START--
INFO: Run Behavior\ContentReplaceBehavior [ RunTime:0.000041s ]
INFO: [ template_filter ] --END-- [ RunTime:0.000071s ]
NOTIC: [8] Undefined index: order /mnt/www/html/huangwei/tmls/Runtime/Cache/Home/2ce7a546391e4d288c1913ac56e6f996.php 第 65 行.
NOTIC: [8] Undefined index: order /mnt/www/html/huangwei/tmls/Runtime/Cache/Home/2ce7a546391e4d288c1913ac56e6f996.php 第 66 行.
NOTIC: [8] Undefined index: type /mnt/www/html/huangwei/tmls/Runtime/Cache/Home/2ce7a546391e4d288c1913ac56e6f996.php 第 66 行.
NOTIC: [8] Undefined index: type /mnt/www/html/huangwei/tmls/Runtime/Cache/Home/2ce7a546391e4d288c1913ac56e6f996.php 第 66 行.
NOTIC: [8] Undefined index: order /mnt/www/html/huangwei/tmls/Runtime/Cache/Home/2ce7a546391e4d288c1913ac56e6f996.php 第 67 行.
NOTIC: [8] Undefined index: type /mnt/www/html/huangwei/tmls/Runtime/Cache/Home/2ce7a546391e4d288c1913ac56e6f996.php 第 67 行.
NOTIC: [8] Undefined index: type /mnt/www/html/huangwei/tmls/Runtime/Cache/Home/2ce7a546391e4d288c1913ac56e6f996.php 第 67 行.
INFO: Run Behavior\ParseTemplateBehavior [ RunTime:0.004660s ]
INFO: [ view_parse ] --END-- [ RunTime:0.004686s ]
INFO: [ view_filter ] --START--
INFO: Run Behavior\WriteHtmlCacheBehavior [ RunTime:0.000098s ]
INFO: [ view_filter ] --END-- [ RunTime:0.000121s ]
INFO: [ app_end ] --START--
INFO: Run Behavior\ShowPageTraceBehavior [ RunTime:0.000042s ]
INFO: [ app_end ] --END-- [ RunTime:0.000065s ]

[ 2017-04-13T17:26:43+08:00 ] 101.226.61.189 /Home/goods/xinpin?page=2
INFO: [ app_init ] --START--
INFO: Run Behavior\BuildLiteBehavior [ RunTime:0.000010s ]
INFO: [ app_init ] --END-- [ RunTime:0.000085s ]
INFO: [ app_begin ] --START--
INFO: Run Behavior\ReadHtmlCacheBehavior [ RunTime:0.000039s ]
INFO: [ app_begin ] --END-- [ RunTime:0.000063s ]
NOTIC: [2] Missing argument 2 for Home\Model\CommodityModel::__construct(), called in /mnt/www/html/huangwei/tmls/ThinkPHP/Common/functions.php on line 588 and defined /mnt/www/html/huangwei/tmls/App/Home/Model/CommodityModel.class.php 第 10 行.
NOTIC: [2] Missing argument 3 for Home\Model\CommodityModel::__construct(), called in /mnt/www/html/huangwei/tmls/ThinkPHP/Common/functions.php on line 588 and defined /mnt/www/html/huangwei/tmls/App/Home/Model/CommodityModel.class.php 第 10 行.
NOTIC: [8] Undefined variable: tablePrefix /mnt/www/html/huangwei/tmls/App/Home/Model/CommodityModel.class.php 第 12 行.
NOTIC: [8] Undefined variable: connection /mnt/www/html/huangwei/tmls/App/Home/Model/CommodityModel.class.php 第 12 行.
SQL: SHOW COLUMNS FROM `commodity` [ RunTime:0.0006s ]
NOTIC: [8] Undefined index: size /mnt/www/html/huangwei/tmls/App/Home/Controller/GoodsController.class.php 第 338 行.
NOTIC: [8] Undefined index: order /mnt/www/html/huangwei/tmls/App/Home/Controller/GoodsController.class.php 第 339 行.
SQL: SELECT `thumbnail`,`title`,`commodityid`,`original`,`current` FROM `commodity` WHERE `shopid` = 1 AND `type` = 1 AND `status` = 1 ORDER BY commodityid desc LIMIT 6,6   [ RunTime:0.0003s ]

[ 2017-04-13T17:26:47+08:00 ] 101.226.61.189 /Home/goods/xinpin?page=3
INFO: [ app_init ] --START--
INFO: Run Behavior\BuildLiteBehavior [ RunTime:0.000009s ]
INFO: [ app_init ] --END-- [ RunTime:0.000079s ]
INFO: [ app_begin ] --START--
INFO: Run Behavior\ReadHtmlCacheBehavior [ RunTime:0.000035s ]
INFO: [ app_begin ] --END-- [ RunTime:0.000060s ]
NOTIC: [2] Missing argument 2 for Home\Model\CommodityModel::__construct(), called in /mnt/www/html/huangwei/tmls/ThinkPHP/Common/functions.php on line 588 and defined /mnt/www/html/huangwei/tmls/App/Home/Model/CommodityModel.class.php 第 10 行.
NOTIC: [2] Missing argument 3 for Home\Model\CommodityModel::__construct(), called in /mnt/www/html/huangwei/tmls/ThinkPHP/Common/functions.php on line 588 and defined /mnt/www/html/huangwei/tmls/App/Home/Model/CommodityModel.class.php 第 10 行.
NOTIC: [8] Undefined variable: tablePrefix /mnt/www/html/huangwei/tmls/App/Home/Model/CommodityModel.class.php 第 12 行.
NOTIC: [8] Undefined variable: connection /mnt/www/html/huangwei/tmls/App/Home/Model/CommodityModel.class.php 第 12 行.
SQL: SHOW COLUMNS FROM `commodity` [ RunTime:0.0005s ]
NOTIC: [8] Undefined index: size /mnt/www/html/huangwei/tmls/App/Home/Controller/GoodsController.class.php 第 338 行.
NOTIC: [8] Undefined index: order /mnt/www/html/huangwei/tmls/App/Home/Controller/GoodsController.class.php 第 339 行.
SQL: SELECT `thumbnail`,`title`,`commodityid`,`original`,`current` FROM `commodity` WHERE `shopid` = 1 AND `type` = 1 AND `status` = 1 ORDER BY commodityid desc LIMIT 12,6   [ RunTime:0.0004s ]

[ 2017-04-13T17:26:50+08:00 ] 101.226.61.189 /Home/goods/xinpin?page=4
INFO: [ app_init ] --START--
INFO: Run Behavior\BuildLiteBehavior [ RunTime:0.000009s ]
INFO: [ app_init ] --END-- [ RunTime:0.000078s ]
INFO: [ app_begin ] --START--
INFO: Run Behavior\ReadHtmlCacheBehavior [ RunTime:0.000035s ]
INFO: [ app_begin ] --END-- [ RunTime:0.000057s ]
NOTIC: [2] Missing argument 2 for Home\Model\CommodityModel::__construct(), called in /mnt/www/html/huangwei/tmls/ThinkPHP/Common/functions.php on line 588 and defined /mnt/www/html/huangwei/tmls/App/Home/Model/CommodityModel.class.php 第 10 行.
NOTIC: [2] Missing argument 3 for Home\Model\CommodityModel::__construct(), called in /mnt/www/html/huangwei/tmls/ThinkPHP/Common/functions.php on line 588 and defined /mnt/www/html/huangwei/tmls/App/Home/Model/CommodityModel.class.php 第 10 行.
NOTIC: [8] Undefined variable: tablePrefix /mnt/www/html/huangwei/tmls/App/Home/Model/CommodityModel.class.php 第 12 行.
NOTIC: [8] Undefined variable: connection /mnt/www/html/huangwei/tmls/App/Home/Model/CommodityModel.class.php 第 12 行.
SQL: SHOW COLUMNS FROM `commodity` [ RunTime:0.0005s ]
NOTIC: [8] Undefined index: size /mnt/www/html/huangwei/tmls/App/Home/Controller/GoodsController.class.php 第 338 行.
NOTIC: [8] Undefined index: order /mnt/www/html/huangwei/tmls/App/Home/Controller/GoodsController.class.php 第 339 行.
SQL: SELECT `thumbnail`,`title`,`commodityid`,`original`,`current` FROM `commodity` WHERE `shopid` = 1 AND `type` = 1 AND `status` = 1 ORDER BY commodityid desc LIMIT 18,6   [ RunTime:0.0003s ]

[ 2017-04-13T17:27:03+08:00 ] 139.199.104.184 /Home/goods/xinpin
INFO: [ app_init ] --START--
INFO: Run Behavior\BuildLiteBehavior [ RunTime:0.000009s ]
INFO: [ app_init ] --END-- [ RunTime:0.000078s ]
INFO: [ app_begin ] --START--
INFO: Run Behavior\ReadHtmlCacheBehavior [ RunTime:0.000039s ]
INFO: [ app_begin ] --END-- [ RunTime:0.000062s ]
NOTIC: [2] Missing argument 2 for Home\Model\CommodityModel::__construct(), called in /mnt/www/html/huangwei/tmls/ThinkPHP/Common/functions.php on line 588 and defined /mnt/www/html/huangwei/tmls/App/Home/Model/CommodityModel.class.php 第 10 行.
NOTIC: [2] Missing argument 3 for Home\Model\CommodityModel::__construct(), called in /mnt/www/html/huangwei/tmls/ThinkPHP/Common/functions.php on line 588 and defined /mnt/www/html/huangwei/tmls/App/Home/Model/CommodityModel.class.php 第 10 行.
NOTIC: [8] Undefined variable: tablePrefix /mnt/www/html/huangwei/tmls/App/Home/Model/CommodityModel.class.php 第 12 行.
NOTIC: [8] Undefined variable: connection /mnt/www/html/huangwei/tmls/App/Home/Model/CommodityModel.class.php 第 12 行.
SQL: SHOW COLUMNS FROM `commodity` [ RunTime:0.0005s ]
NOTIC: [8] Undefined index: page /mnt/www/html/huangwei/tmls/App/Home/Controller/GoodsController.class.php 第 337 行.
NOTIC: [8] Undefined index: size /mnt/www/html/huangwei/tmls/App/Home/Controller/GoodsController.class.php 第 338 行.
NOTIC: [8] Undefined index: order /mnt/www/html/huangwei/tmls/App/Home/Controller/GoodsController.class.php 第 339 行.
SQL: SELECT `thumbnail`,`title`,`commodityid`,`original`,`current` FROM `commodity` WHERE `shopid` = null AND `type` = 1 AND `status` = 1 ORDER BY commodityid desc LIMIT 0,6   [ RunTime:0.0003s ]
INFO: [ view_parse ] --START--
INFO: [ template_filter ] --START--
INFO: Run Behavior\ContentReplaceBehavior [ RunTime:0.000037s ]
INFO: [ template_filter ] --END-- [ RunTime:0.000066s ]
NOTIC: [8] Undefined index: order /mnt/www/html/huangwei/tmls/Runtime/Cache/Home/2ce7a546391e4d288c1913ac56e6f996.php 第 65 行.
NOTIC: [8] Undefined index: order /mnt/www/html/huangwei/tmls/Runtime/Cache/Home/2ce7a546391e4d288c1913ac56e6f996.php 第 66 行.
NOTIC: [8] Undefined index: type /mnt/www/html/huangwei/tmls/Runtime/Cache/Home/2ce7a546391e4d288c1913ac56e6f996.php 第 66 行.
NOTIC: [8] Undefined index: type /mnt/www/html/huangwei/tmls/Runtime/Cache/Home/2ce7a546391e4d288c1913ac56e6f996.php 第 66 行.
NOTIC: [8] Undefined index: order /mnt/www/html/huangwei/tmls/Runtime/Cache/Home/2ce7a546391e4d288c1913ac56e6f996.php 第 67 行.
NOTIC: [8] Undefined index: type /mnt/www/html/huangwei/tmls/Runtime/Cache/Home/2ce7a546391e4d288c1913ac56e6f996.php 第 67 行.
NOTIC: [8] Undefined index: type /mnt/www/html/huangwei/tmls/Runtime/Cache/Home/2ce7a546391e4d288c1913ac56e6f996.php 第 67 行.
INFO: Run Behavior\ParseTemplateBehavior [ RunTime:0.004526s ]
INFO: [ view_parse ] --END-- [ RunTime:0.004552s ]
INFO: [ view_filter ] --START--
INFO: Run Behavior\WriteHtmlCacheBehavior [ RunTime:0.000098s ]
INFO: [ view_filter ] --END-- [ RunTime:0.000120s ]
INFO: [ app_end ] --START--
INFO: Run Behavior\ShowPageTraceBehavior [ RunTime:0.000041s ]
INFO: [ app_end ] --END-- [ RunTime:0.000061s ]

[ 2017-04-13T18:46:13+08:00 ] 140.207.185.122 /
INFO: [ app_init ] --START--
INFO: Run Behavior\BuildLiteBehavior [ RunTime:0.000010s ]
INFO: [ app_init ] --END-- [ RunTime:0.000092s ]
INFO: [ app_begin ] --START--
INFO: Run Behavior\ReadHtmlCacheBehavior [ RunTime:0.000049s ]
INFO: [ app_begin ] --END-- [ RunTime:0.000075s ]

[ 2017-04-13T18:46:13+08:00 ] 101.226.125.19 /
INFO: [ app_init ] --START--
INFO: Run Behavior\BuildLiteBehavior [ RunTime:0.000011s ]
INFO: [ app_init ] --END-- [ RunTime:0.000075s ]
INFO: [ app_begin ] --START--
INFO: Run Behavior\ReadHtmlCacheBehavior [ RunTime:0.000038s ]
INFO: [ app_begin ] --END-- [ RunTime:0.000063s ]

[ 2017-04-13T18:46:13+08:00 ] 101.226.102.79 /Home/weixin/login/?url=http%3A%2F%2Fshopceshi.sunday.so%2FHome%2Fuser%2Fkefu
INFO: [ app_init ] --START--
INFO: Run Behavior\BuildLiteBehavior [ RunTime:0.000008s ]
INFO: [ app_init ] --END-- [ RunTime:0.000063s ]
INFO: [ app_begin ] --START--
INFO: Run Behavior\ReadHtmlCacheBehavior [ RunTime:0.000038s ]
INFO: [ app_begin ] --END-- [ RunTime:0.000065s ]
INFO: [ app_end ] --START--
INFO: Run Behavior\ShowPageTraceBehavior [ RunTime:0.000052s ]
INFO: [ app_end ] --END-- [ RunTime:0.000095s ]

[ 2017-04-13T18:46:15+08:00 ] 101.226.102.79 /Home/weixin/callback/?code=021nLlDf20EYGC0jAmEf2dy7Df2nLlDD&state=038d02b71ac0011275566b3ce037610084b4750a
INFO: [ app_init ] --START--
INFO: Run Behavior\BuildLiteBehavior [ RunTime:0.000009s ]
INFO: [ app_init ] --END-- [ RunTime:0.000087s ]
INFO: [ app_begin ] --START--
INFO: Run Behavior\ReadHtmlCacheBehavior [ RunTime:0.000034s ]
INFO: [ app_begin ] --END-- [ RunTime:0.000058s ]
NOTIC: [2] Missing argument 2 for Home\Model\UserModel::__construct(), called in /mnt/www/html/huangwei/tmls/ThinkPHP/Common/functions.php on line 588 and defined /mnt/www/html/huangwei/tmls/App/Home/Model/UserModel.class.php 第 10 行.
NOTIC: [2] Missing argument 3 for Home\Model\UserModel::__construct(), called in /mnt/www/html/huangwei/tmls/ThinkPHP/Common/functions.php on line 588 and defined /mnt/www/html/huangwei/tmls/App/Home/Model/UserModel.class.php 第 10 行.
NOTIC: [8] Undefined variable: tablePrefix /mnt/www/html/huangwei/tmls/App/Home/Model/UserModel.class.php 第 12 行.
NOTIC: [8] Undefined variable: connection /mnt/www/html/huangwei/tmls/App/Home/Model/UserModel.class.php 第 12 行.
SQL: SHOW COLUMNS FROM `user` [ RunTime:0.0005s ]
SQL: SELECT * FROM `user` WHERE `openid` = 'oGklKuHhkQHzOL6vyEf0txfJtEGY' LIMIT 1   [ RunTime:0.0002s ]

[ 2017-04-13T20:40:25+08:00 ] 101.226.33.219 /Home/goods/xinpin
INFO: [ app_init ] --START--
INFO: Run Behavior\BuildLiteBehavior [ RunTime:0.000009s ]
INFO: [ app_init ] --END-- [ RunTime:0.000085s ]
INFO: [ app_begin ] --START--
INFO: Run Behavior\ReadHtmlCacheBehavior [ RunTime:0.000040s ]
INFO: [ app_begin ] --END-- [ RunTime:0.000066s ]
NOTIC: [2] Missing argument 2 for Home\Model\CommodityModel::__construct(), called in /mnt/www/html/huangwei/tmls/ThinkPHP/Common/functions.php on line 588 and defined /mnt/www/html/huangwei/tmls/App/Home/Model/CommodityModel.class.php 第 10 行.
NOTIC: [2] Missing argument 3 for Home\Model\CommodityModel::__construct(), called in /mnt/www/html/huangwei/tmls/ThinkPHP/Common/functions.php on line 588 and defined /mnt/www/html/huangwei/tmls/App/Home/Model/CommodityModel.class.php 第 10 行.
NOTIC: [8] Undefined variable: tablePrefix /mnt/www/html/huangwei/tmls/App/Home/Model/CommodityModel.class.php 第 12 行.
NOTIC: [8] Undefined variable: connection /mnt/www/html/huangwei/tmls/App/Home/Model/CommodityModel.class.php 第 12 行.
SQL: SHOW COLUMNS FROM `commodity` [ RunTime:0.0005s ]
NOTIC: [8] Undefined index: page /mnt/www/html/huangwei/tmls/App/Home/Controller/GoodsController.class.php 第 337 行.
NOTIC: [8] Undefined index: size /mnt/www/html/huangwei/tmls/App/Home/Controller/GoodsController.class.php 第 338 行.
NOTIC: [8] Undefined index: order /mnt/www/html/huangwei/tmls/App/Home/Controller/GoodsController.class.php 第 339 行.
SQL: SELECT `thumbnail`,`title`,`commodityid`,`original`,`current` FROM `commodity` WHERE `shopid` = null AND `type` = 1 AND `status` = 1 ORDER BY commodityid desc LIMIT 0,6   [ RunTime:0.0001s ]
INFO: [ view_parse ] --START--
INFO: [ template_filter ] --START--
INFO: Run Behavior\ContentReplaceBehavior [ RunTime:0.000040s ]
INFO: [ template_filter ] --END-- [ RunTime:0.000070s ]
NOTIC: [8] Undefined index: order /mnt/www/html/huangwei/tmls/Runtime/Cache/Home/2ce7a546391e4d288c1913ac56e6f996.php 第 65 行.
NOTIC: [8] Undefined index: order /mnt/www/html/huangwei/tmls/Runtime/Cache/Home/2ce7a546391e4d288c1913ac56e6f996.php 第 66 行.
NOTIC: [8] Undefined index: type /mnt/www/html/huangwei/tmls/Runtime/Cache/Home/2ce7a546391e4d288c1913ac56e6f996.php 第 66 行.
NOTIC: [8] Undefined index: type /mnt/www/html/huangwei/tmls/Runtime/Cache/Home/2ce7a546391e4d288c1913ac56e6f996.php 第 66 行.
NOTIC: [8] Undefined index: order /mnt/www/html/huangwei/tmls/Runtime/Cache/Home/2ce7a546391e4d288c1913ac56e6f996.php 第 67 行.
NOTIC: [8] Undefined index: type /mnt/www/html/huangwei/tmls/Runtime/Cache/Home/2ce7a546391e4d288c1913ac56e6f996.php 第 67 行.
NOTIC: [8] Undefined index: type /mnt/www/html/huangwei/tmls/Runtime/Cache/Home/2ce7a546391e4d288c1913ac56e6f996.php 第 67 行.
INFO: Run Behavior\ParseTemplateBehavior [ RunTime:0.004620s ]
INFO: [ view_parse ] --END-- [ RunTime:0.004646s ]
INFO: [ view_filter ] --START--
INFO: Run Behavior\WriteHtmlCacheBehavior [ RunTime:0.000105s ]
INFO: [ view_filter ] --END-- [ RunTime:0.000127s ]
INFO: [ app_end ] --START--
INFO: Run Behavior\ShowPageTraceBehavior [ RunTime:0.000051s ]
INFO: [ app_end ] --END-- [ RunTime:0.000071s ]

