[ 2017-03-20T08:33:56+08:00 ] 115.238.82.178 /favicon.ico
INFO: [ app_init ] --START--
INFO: Run Behavior\BuildLiteBehavior [ RunTime:0.000020s ]
INFO: [ app_init ] --END-- [ RunTime:0.001531s ]
ERR: 无法加载模块:Favicon

[ 2017-03-20T08:51:16+08:00 ] 117.136.67.178 /{{%20item%20}}?1.0.1
INFO: [ app_init ] --START--
INFO: Run Behavior\BuildLiteBehavior [ RunTime:0.000019s ]
INFO: [ app_init ] --END-- [ RunTime:0.000426s ]
ERR: 无法加载模块:{{ item }}

[ 2017-03-20T08:51:20+08:00 ] 117.136.67.178 /undefined?1.0.1
INFO: [ app_init ] --START--
INFO: Run Behavior\BuildLiteBehavior [ RunTime:0.000011s ]
INFO: [ app_init ] --END-- [ RunTime:0.000270s ]
ERR: 无法加载模块:Undefined

[ 2017-03-20T08:54:04+08:00 ] 61.148.243.104 /%7B%7B%20item%20%7D%7D?1.0.1
INFO: [ app_init ] --START--
INFO: Run Behavior\BuildLiteBehavior [ RunTime:0.000012s ]
INFO: [ app_init ] --END-- [ RunTime:0.000308s ]
ERR: 无法加载模块:{{ item }}

[ 2017-03-20T08:54:06+08:00 ] 61.148.243.104 /http://shopceshi.sunday.so/ueditor/php/upload/image/20170317/1489743745699735.jpg
INFO: [ app_init ] --START--
INFO: Run Behavior\BuildLiteBehavior [ RunTime:0.000012s ]
INFO: [ app_init ] --END-- [ RunTime:0.000280s ]
ERR: 无法加载模块:Http:

[ 2017-03-20T08:54:06+08:00 ] 61.148.243.104 /http://shopceshi.sunday.so/ueditor/php/upload/image/20170317/1489743803258865.jpg
INFO: [ app_init ] --START--
INFO: Run Behavior\BuildLiteBehavior [ RunTime:0.000012s ]
INFO: [ app_init ] --END-- [ RunTime:0.000338s ]
ERR: 无法加载模块:Http:

[ 2017-03-20T08:54:06+08:00 ] 61.148.243.104 /http://shopceshi.sunday.so/ueditor/php/upload/image/20170317/1489743745619021.jpg
INFO: [ app_init ] --START--
INFO: Run Behavior\BuildLiteBehavior [ RunTime:0.000012s ]
INFO: [ app_init ] --END-- [ RunTime:0.000273s ]
ERR: 无法加载模块:Http:

[ 2017-03-20T08:54:07+08:00 ] 61.148.243.104 /undefined?1.0.1
INFO: [ app_init ] --START--
INFO: Run Behavior\BuildLiteBehavior [ RunTime:0.000012s ]
INFO: [ app_init ] --END-- [ RunTime:0.000275s ]
ERR: 无法加载模块:Undefined

[ 2017-03-20T08:54:07+08:00 ] 61.148.243.104 /%7B%7B%20item%20%7D%7D?1.0.1
INFO: [ app_init ] --START--
INFO: Run Behavior\BuildLiteBehavior [ RunTime:0.000013s ]
INFO: [ app_init ] --END-- [ RunTime:0.000281s ]
ERR: 无法加载模块:{{ item }}

[ 2017-03-20T08:54:07+08:00 ] 61.148.243.104 /http://shopceshi.sunday.so/ueditor/php/upload/image/20170317/1489743745619021.jpg
INFO: [ app_init ] --START--
INFO: Run Behavior\BuildLiteBehavior [ RunTime:0.000013s ]
INFO: [ app_init ] --END-- [ RunTime:0.000376s ]
ERR: 无法加载模块:Http:

[ 2017-03-20T08:54:07+08:00 ] 61.148.243.104 /http://shopceshi.sunday.so/ueditor/php/upload/image/20170317/1489743803258865.jpg
INFO: [ app_init ] --START--
INFO: Run Behavior\BuildLiteBehavior [ RunTime:0.000014s ]
INFO: [ app_init ] --END-- [ RunTime:0.000297s ]
ERR: 无法加载模块:Http:

[ 2017-03-20T08:54:07+08:00 ] 61.148.243.104 /http://shopceshi.sunday.so/ueditor/php/upload/image/20170317/1489743745699735.jpg
INFO: [ app_init ] --START--
INFO: Run Behavior\BuildLiteBehavior [ RunTime:0.000017s ]
INFO: [ app_init ] --END-- [ RunTime:0.000492s ]
ERR: 无法加载模块:Http:

[ 2017-03-20T08:54:07+08:00 ] 61.148.243.104 /undefined?1.0.1
INFO: [ app_init ] --START--
INFO: Run Behavior\BuildLiteBehavior [ RunTime:0.000011s ]
INFO: [ app_init ] --END-- [ RunTime:0.000300s ]
ERR: 无法加载模块:Undefined

[ 2017-03-20T08:54:09+08:00 ] 61.148.243.104 /%7B%7B%20item%20%7D%7D?1.0.1
INFO: [ app_init ] --START--
INFO: Run Behavior\BuildLiteBehavior [ RunTime:0.000014s ]
INFO: [ app_init ] --END-- [ RunTime:0.001116s ]
ERR: 无法加载模块:{{ item }}

[ 2017-03-20T08:54:09+08:00 ] 61.148.243.104 /http://shopceshi.sunday.so/ueditor/php/upload/image/20170317/1489743745699735.jpg
INFO: [ app_init ] --START--
INFO: Run Behavior\BuildLiteBehavior [ RunTime:0.000015s ]
INFO: [ app_init ] --END-- [ RunTime:0.001411s ]
ERR: 无法加载模块:Http:

[ 2017-03-20T08:54:09+08:00 ] 61.148.243.104 /http://shopceshi.sunday.so/ueditor/php/upload/image/20170317/1489743745619021.jpg
INFO: [ app_init ] --START--
INFO: Run Behavior\BuildLiteBehavior [ RunTime:0.000017s ]
INFO: [ app_init ] --END-- [ RunTime:0.000282s ]
ERR: 无法加载模块:Http:

[ 2017-03-20T08:54:09+08:00 ] 61.148.243.104 /http://shopceshi.sunday.so/ueditor/php/upload/image/20170317/1489743803258865.jpg
INFO: [ app_init ] --START--
INFO: Run Behavior\BuildLiteBehavior [ RunTime:0.000014s ]
INFO: [ app_init ] --END-- [ RunTime:0.000753s ]
ERR: 无法加载模块:Http:

[ 2017-03-20T08:54:10+08:00 ] 61.148.243.104 /undefined?1.0.1
INFO: [ app_init ] --START--
INFO: Run Behavior\BuildLiteBehavior [ RunTime:0.000014s ]
INFO: [ app_init ] --END-- [ RunTime:0.000390s ]
ERR: 无法加载模块:Undefined

[ 2017-03-20T08:55:01+08:00 ] 223.104.13.145 /{{%20item%20}}?1.0.1
INFO: [ app_init ] --START--
INFO: Run Behavior\BuildLiteBehavior [ RunTime:0.000017s ]
INFO: [ app_init ] --END-- [ RunTime:0.000330s ]
ERR: 无法加载模块:{{ item }}

[ 2017-03-20T08:55:06+08:00 ] 223.104.13.145 /http://shopceshi.sunday.so/ueditor/php/upload/image/20170317/1489744711707938.jpg
INFO: [ app_init ] --START--
INFO: Run Behavior\BuildLiteBehavior [ RunTime:0.000014s ]
INFO: [ app_init ] --END-- [ RunTime:0.000309s ]
ERR: 无法加载模块:Http:

[ 2017-03-20T08:55:07+08:00 ] 223.104.13.145 /{{%20item%20}}?1.0.1
INFO: [ app_init ] --START--
INFO: Run Behavior\BuildLiteBehavior [ RunTime:0.000015s ]
INFO: [ app_init ] --END-- [ RunTime:0.000328s ]
ERR: 无法加载模块:{{ item }}

[ 2017-03-20T08:57:13+08:00 ] 101.105.199.151 /{{%20item%20}}?1.0.1
INFO: [ app_init ] --START--
INFO: Run Behavior\BuildLiteBehavior [ RunTime:0.000019s ]
INFO: [ app_init ] --END-- [ RunTime:0.000390s ]
ERR: 无法加载模块:{{ item }}

[ 2017-03-20T08:57:15+08:00 ] 101.105.199.151 /http://shopceshi.sunday.so/ueditor/php/upload/image/20170317/1489744124264847.jpg
INFO: [ app_init ] --START--
INFO: Run Behavior\BuildLiteBehavior [ RunTime:0.000012s ]
INFO: [ app_init ] --END-- [ RunTime:0.000269s ]
ERR: 无法加载模块:Http:

[ 2017-03-20T08:57:15+08:00 ] 101.105.199.151 /http://shopceshi.sunday.so/ueditor/php/upload/image/20170317/1489744124364036.jpg
INFO: [ app_init ] --START--
INFO: Run Behavior\BuildLiteBehavior [ RunTime:0.000012s ]
INFO: [ app_init ] --END-- [ RunTime:0.000293s ]
ERR: 无法加载模块:Http:

[ 2017-03-20T08:57:16+08:00 ] 101.105.199.151 /undefined?1.0.1
INFO: [ app_init ] --START--
INFO: Run Behavior\BuildLiteBehavior [ RunTime:0.000012s ]
INFO: [ app_init ] --END-- [ RunTime:0.000281s ]
ERR: 无法加载模块:Undefined

[ 2017-03-20T08:57:19+08:00 ] 101.105.199.151 /{{%20item%20}}?1.0.1
INFO: [ app_init ] --START--
INFO: Run Behavior\BuildLiteBehavior [ RunTime:0.000012s ]
INFO: [ app_init ] --END-- [ RunTime:0.000358s ]
ERR: 无法加载模块:{{ item }}

[ 2017-03-20T08:57:19+08:00 ] 101.105.199.151 /http://shopceshi.sunday.so/ueditor/php/upload/image/20170317/1489744124364036.jpg
INFO: [ app_init ] --START--
INFO: Run Behavior\BuildLiteBehavior [ RunTime:0.000013s ]
INFO: [ app_init ] --END-- [ RunTime:0.000269s ]
ERR: 无法加载模块:Http:

[ 2017-03-20T08:57:19+08:00 ] 101.105.199.151 /http://shopceshi.sunday.so/ueditor/php/upload/image/20170317/1489744124264847.jpg
INFO: [ app_init ] --START--
INFO: Run Behavior\BuildLiteBehavior [ RunTime:0.000014s ]
INFO: [ app_init ] --END-- [ RunTime:0.000315s ]
ERR: 无法加载模块:Http:

[ 2017-03-20T08:57:19+08:00 ] 101.105.199.151 /undefined?1.0.1
INFO: [ app_init ] --START--
INFO: Run Behavior\BuildLiteBehavior [ RunTime:0.000020s ]
INFO: [ app_init ] --END-- [ RunTime:0.000410s ]
ERR: 无法加载模块:Undefined

[ 2017-03-20T08:57:21+08:00 ] 101.105.199.151 /http://shopceshi.sunday.so/ueditor/php/upload/image/20170317/1489744124264847.jpg
INFO: [ app_init ] --START--
INFO: Run Behavior\BuildLiteBehavior [ RunTime:0.000013s ]
INFO: [ app_init ] --END-- [ RunTime:0.000387s ]
ERR: 无法加载模块:Http:

[ 2017-03-20T08:57:21+08:00 ] 101.105.199.151 /{{%20item%20}}?1.0.1
INFO: [ app_init ] --START--
INFO: Run Behavior\BuildLiteBehavior [ RunTime:0.000014s ]
INFO: [ app_init ] --END-- [ RunTime:0.000290s ]
ERR: 无法加载模块:{{ item }}

[ 2017-03-20T08:57:21+08:00 ] 101.105.199.151 /http://shopceshi.sunday.so/ueditor/php/upload/image/20170317/1489744124364036.jpg
INFO: [ app_init ] --START--
INFO: Run Behavior\BuildLiteBehavior [ RunTime:0.000014s ]
INFO: [ app_init ] --END-- [ RunTime:0.000397s ]
ERR: 无法加载模块:Http:

[ 2017-03-20T08:57:21+08:00 ] 101.105.199.151 /undefined?1.0.1
INFO: [ app_init ] --START--
INFO: Run Behavior\BuildLiteBehavior [ RunTime:0.000012s ]
INFO: [ app_init ] --END-- [ RunTime:0.000464s ]
ERR: 无法加载模块:Undefined

[ 2017-03-20T08:58:53+08:00 ] 101.105.199.151 /{{%20item%20}}?1.0.1
INFO: [ app_init ] --START--
INFO: Run Behavior\BuildLiteBehavior [ RunTime:0.000013s ]
INFO: [ app_init ] --END-- [ RunTime:0.000304s ]
ERR: 无法加载模块:{{ item }}

[ 2017-03-20T08:58:57+08:00 ] 101.105.199.151 /undefined?1.0.1
INFO: [ app_init ] --START--
INFO: Run Behavior\BuildLiteBehavior [ RunTime:0.000017s ]
INFO: [ app_init ] --END-- [ RunTime:0.000336s ]
ERR: 无法加载模块:Undefined

[ 2017-03-20T08:59:21+08:00 ] 101.105.199.151 /{{%20item%20}}?1.0.1
INFO: [ app_init ] --START--
INFO: Run Behavior\BuildLiteBehavior [ RunTime:0.000012s ]
INFO: [ app_init ] --END-- [ RunTime:0.000301s ]
ERR: 无法加载模块:{{ item }}

[ 2017-03-20T08:59:23+08:00 ] 101.105.199.151 /http://shopceshi.sunday.so/ueditor/php/upload/image/20170317/1489743745699735.jpg
INFO: [ app_init ] --START--
INFO: Run Behavior\BuildLiteBehavior [ RunTime:0.000012s ]
INFO: [ app_init ] --END-- [ RunTime:0.000284s ]
ERR: 无法加载模块:Http:

[ 2017-03-20T08:59:23+08:00 ] 101.105.199.151 /http://shopceshi.sunday.so/ueditor/php/upload/image/20170317/1489743803258865.jpg
INFO: [ app_init ] --START--
INFO: Run Behavior\BuildLiteBehavior [ RunTime:0.000012s ]
INFO: [ app_init ] --END-- [ RunTime:0.000296s ]
ERR: 无法加载模块:Http:

[ 2017-03-20T08:59:23+08:00 ] 101.105.199.151 /http://shopceshi.sunday.so/ueditor/php/upload/image/20170317/1489743745619021.jpg
INFO: [ app_init ] --START--
INFO: Run Behavior\BuildLiteBehavior [ RunTime:0.000011s ]
INFO: [ app_init ] --END-- [ RunTime:0.000308s ]
ERR: 无法加载模块:Http:

[ 2017-03-20T08:59:23+08:00 ] 101.105.199.151 /undefined?1.0.1
INFO: [ app_init ] --START--
INFO: Run Behavior\BuildLiteBehavior [ RunTime:0.000012s ]
INFO: [ app_init ] --END-- [ RunTime:0.000274s ]
ERR: 无法加载模块:Undefined

[ 2017-03-20T09:02:19+08:00 ] 112.96.115.181 /{{%20item%20}}?1.0.1
INFO: [ app_init ] --START--
INFO: Run Behavior\BuildLiteBehavior [ RunTime:0.000016s ]
INFO: [ app_init ] --END-- [ RunTime:0.000318s ]
ERR: 无法加载模块:{{ item }}

[ 2017-03-20T09:02:23+08:00 ] 112.96.115.181 /undefined?1.0.1
INFO: [ app_init ] --START--
INFO: Run Behavior\BuildLiteBehavior [ RunTime:0.000012s ]
INFO: [ app_init ] --END-- [ RunTime:0.000286s ]
ERR: 无法加载模块:Undefined

[ 2017-03-20T09:02:30+08:00 ] 117.90.41.65 /%7B%7B%20item%20%7D%7D?1.0.1
INFO: [ app_init ] --START--
INFO: Run Behavior\BuildLiteBehavior [ RunTime:0.000018s ]
INFO: [ app_init ] --END-- [ RunTime:0.000312s ]
ERR: 无法加载模块:{{ item }}

[ 2017-03-20T09:02:31+08:00 ] 117.90.41.65 /http://shopceshi.sunday.so/ueditor/php/upload/image/20170317/1489743745699735.jpg
INFO: [ app_init ] --START--
INFO: Run Behavior\BuildLiteBehavior [ RunTime:0.000012s ]
INFO: [ app_init ] --END-- [ RunTime:0.000278s ]
ERR: 无法加载模块:Http:

[ 2017-03-20T09:02:31+08:00 ] 117.90.41.65 /http://shopceshi.sunday.so/ueditor/php/upload/image/20170317/1489743803258865.jpg
INFO: [ app_init ] --START--
INFO: Run Behavior\BuildLiteBehavior [ RunTime:0.000016s ]
INFO: [ app_init ] --END-- [ RunTime:0.000314s ]
ERR: 无法加载模块:Http:

[ 2017-03-20T09:02:32+08:00 ] 117.90.41.65 /http://shopceshi.sunday.so/ueditor/php/upload/image/20170317/1489743745619021.jpg
INFO: [ app_init ] --START--
INFO: Run Behavior\BuildLiteBehavior [ RunTime:0.000018s ]
INFO: [ app_init ] --END-- [ RunTime:0.000422s ]
ERR: 无法加载模块:Http:

[ 2017-03-20T09:02:33+08:00 ] 117.90.41.65 /undefined?1.0.1
INFO: [ app_init ] --START--
INFO: Run Behavior\BuildLiteBehavior [ RunTime:0.000012s ]
INFO: [ app_init ] --END-- [ RunTime:0.000296s ]
ERR: 无法加载模块:Undefined

[ 2017-03-20T09:09:49+08:00 ] 117.89.212.173 /{{%20item%20}}?1.0.1
INFO: [ app_init ] --START--
INFO: Run Behavior\BuildLiteBehavior [ RunTime:0.000011s ]
INFO: [ app_init ] --END-- [ RunTime:0.000292s ]
ERR: 无法加载模块:{{ item }}

[ 2017-03-20T09:09:49+08:00 ] 117.89.212.173 /http://shopceshi.sunday.so/ueditor/php/upload/image/20170317/1489744377771653.jpg
INFO: [ app_init ] --START--
INFO: Run Behavior\BuildLiteBehavior [ RunTime:0.000012s ]
INFO: [ app_init ] --END-- [ RunTime:0.000291s ]
ERR: 无法加载模块:Http:

[ 2017-03-20T09:09:51+08:00 ] 117.89.212.173 /http://shopceshi.sunday.so/ueditor/php/upload/image/20170317/1489744377404691.jpg
INFO: [ app_init ] --START--
INFO: Run Behavior\BuildLiteBehavior [ RunTime:0.000016s ]
INFO: [ app_init ] --END-- [ RunTime:0.000308s ]
ERR: 无法加载模块:Http:

[ 2017-03-20T09:09:51+08:00 ] 117.89.212.173 /http://shopceshi.sunday.so/ueditor/php/upload/image/20170317/1489744377753901.jpg
INFO: [ app_init ] --START--
INFO: Run Behavior\BuildLiteBehavior [ RunTime:0.000018s ]
INFO: [ app_init ] --END-- [ RunTime:0.000323s ]
ERR: 无法加载模块:Http:

[ 2017-03-20T09:09:52+08:00 ] 117.89.212.173 /http://shopceshi.sunday.so/ueditor/php/upload/image/20170317/1489744377356181.jpg
INFO: [ app_init ] --START--
INFO: Run Behavior\BuildLiteBehavior [ RunTime:0.000013s ]
INFO: [ app_init ] --END-- [ RunTime:0.000366s ]
ERR: 无法加载模块:Http:

[ 2017-03-20T09:10:16+08:00 ] 117.89.212.173 /{{%20item%20}}?1.0.1
INFO: [ app_init ] --START--
INFO: Run Behavior\BuildLiteBehavior [ RunTime:0.000016s ]
INFO: [ app_init ] --END-- [ RunTime:0.000392s ]
ERR: 无法加载模块:{{ item }}

[ 2017-03-20T09:10:16+08:00 ] 117.89.212.173 /http://shopceshi.sunday.so/ueditor/php/upload/image/20170317/1489744377771653.jpg
INFO: [ app_init ] --START--
INFO: Run Behavior\BuildLiteBehavior [ RunTime:0.000011s ]
INFO: [ app_init ] --END-- [ RunTime:0.000491s ]
ERR: 无法加载模块:Http:

[ 2017-03-20T09:10:16+08:00 ] 117.89.212.173 /http://shopceshi.sunday.so/ueditor/php/upload/image/20170317/1489744377404691.jpg
INFO: [ app_init ] --START--
INFO: Run Behavior\BuildLiteBehavior [ RunTime:0.000011s ]
INFO: [ app_init ] --END-- [ RunTime:0.000312s ]
ERR: 无法加载模块:Http:

[ 2017-03-20T09:10:16+08:00 ] 117.89.212.173 /http://shopceshi.sunday.so/ueditor/php/upload/image/20170317/1489744377753901.jpg
INFO: [ app_init ] --START--
INFO: Run Behavior\BuildLiteBehavior [ RunTime:0.000011s ]
INFO: [ app_init ] --END-- [ RunTime:0.000269s ]
ERR: 无法加载模块:Http:

[ 2017-03-20T09:10:16+08:00 ] 117.89.212.173 /http://shopceshi.sunday.so/ueditor/php/upload/image/20170317/1489744377356181.jpg
INFO: [ app_init ] --START--
INFO: Run Behavior\BuildLiteBehavior [ RunTime:0.000011s ]
INFO: [ app_init ] --END-- [ RunTime:0.000267s ]
ERR: 无法加载模块:Http:

[ 2017-03-20T09:17:23+08:00 ] 117.89.212.173 /{{%20item%20}}?1.0.1
INFO: [ app_init ] --START--
INFO: Run Behavior\BuildLiteBehavior [ RunTime:0.000012s ]
INFO: [ app_init ] --END-- [ RunTime:0.000277s ]
ERR: 无法加载模块:{{ item }}

[ 2017-03-20T09:17:23+08:00 ] 117.89.212.173 /http://shopceshi.sunday.so/ueditor/php/upload/image/20170317/1489743803258865.jpg
INFO: [ app_init ] --START--
INFO: Run Behavior\BuildLiteBehavior [ RunTime:0.000012s ]
INFO: [ app_init ] --END-- [ RunTime:0.000278s ]
ERR: 无法加载模块:Http:

[ 2017-03-20T09:17:23+08:00 ] 117.89.212.173 /http://shopceshi.sunday.so/ueditor/php/upload/image/20170317/1489743745619021.jpg
INFO: [ app_init ] --START--
INFO: Run Behavior\BuildLiteBehavior [ RunTime:0.000011s ]
INFO: [ app_init ] --END-- [ RunTime:0.000268s ]
ERR: 无法加载模块:Http:

[ 2017-03-20T09:17:23+08:00 ] 117.89.212.173 /undefined?1.0.1
INFO: [ app_init ] --START--
INFO: Run Behavior\BuildLiteBehavior [ RunTime:0.000011s ]
INFO: [ app_init ] --END-- [ RunTime:0.000290s ]
ERR: 无法加载模块:Undefined

[ 2017-03-20T09:17:28+08:00 ] 117.89.212.173 /http://shopceshi.sunday.so/ueditor/php/upload/image/20170317/1489743745699735.jpg
INFO: [ app_init ] --START--
INFO: Run Behavior\BuildLiteBehavior [ RunTime:0.000014s ]
INFO: [ app_init ] --END-- [ RunTime:0.000299s ]
ERR: 无法加载模块:Http:

[ 2017-03-20T09:17:30+08:00 ] 117.89.212.173 /{{%20item%20}}?1.0.1
INFO: [ app_init ] --START--
INFO: Run Behavior\BuildLiteBehavior [ RunTime:0.000011s ]
INFO: [ app_init ] --END-- [ RunTime:0.000260s ]
ERR: 无法加载模块:{{ item }}

[ 2017-03-20T09:17:30+08:00 ] 117.89.212.173 /http://shopceshi.sunday.so/ueditor/php/upload/image/20170317/1489743745699735.jpg
INFO: [ app_init ] --START--
INFO: Run Behavior\BuildLiteBehavior [ RunTime:0.000014s ]
INFO: [ app_init ] --END-- [ RunTime:0.002272s ]
ERR: 无法加载模块:Http:

[ 2017-03-20T09:17:30+08:00 ] 117.89.212.173 /http://shopceshi.sunday.so/ueditor/php/upload/image/20170317/1489743803258865.jpg
INFO: [ app_init ] --START--
INFO: Run Behavior\BuildLiteBehavior [ RunTime:0.000044s ]
INFO: [ app_init ] --END-- [ RunTime:0.000383s ]
ERR: 无法加载模块:Http:

[ 2017-03-20T09:17:30+08:00 ] 117.89.212.173 /http://shopceshi.sunday.so/ueditor/php/upload/image/20170317/1489743745619021.jpg
INFO: [ app_init ] --START--
INFO: Run Behavior\BuildLiteBehavior [ RunTime:0.000014s ]
INFO: [ app_init ] --END-- [ RunTime:0.000507s ]
ERR: 无法加载模块:Http:

[ 2017-03-20T09:17:30+08:00 ] 117.89.212.173 /undefined?1.0.1
INFO: [ app_init ] --START--
INFO: Run Behavior\BuildLiteBehavior [ RunTime:0.000023s ]
INFO: [ app_init ] --END-- [ RunTime:0.000390s ]
ERR: 无法加载模块:Undefined

[ 2017-03-20T09:17:32+08:00 ] 117.89.212.173 /{{%20item%20}}?1.0.1
INFO: [ app_init ] --START--
INFO: Run Behavior\BuildLiteBehavior [ RunTime:0.000015s ]
INFO: [ app_init ] --END-- [ RunTime:0.000359s ]
ERR: 无法加载模块:{{ item }}

[ 2017-03-20T09:17:32+08:00 ] 117.89.212.173 /http://shopceshi.sunday.so/ueditor/php/upload/image/20170317/1489743745699735.jpg
INFO: [ app_init ] --START--
INFO: Run Behavior\BuildLiteBehavior [ RunTime:0.000014s ]
INFO: [ app_init ] --END-- [ RunTime:0.000472s ]
ERR: 无法加载模块:Http:

[ 2017-03-20T09:17:32+08:00 ] 117.89.212.173 /http://shopceshi.sunday.so/ueditor/php/upload/image/20170317/1489743803258865.jpg
INFO: [ app_init ] --START--
INFO: Run Behavior\BuildLiteBehavior [ RunTime:0.000013s ]
INFO: [ app_init ] --END-- [ RunTime:0.000297s ]
ERR: 无法加载模块:Http:

[ 2017-03-20T09:17:32+08:00 ] 117.89.212.173 /http://shopceshi.sunday.so/ueditor/php/upload/image/20170317/1489743745619021.jpg
INFO: [ app_init ] --START--
INFO: Run Behavior\BuildLiteBehavior [ RunTime:0.000011s ]
INFO: [ app_init ] --END-- [ RunTime:0.000264s ]
ERR: 无法加载模块:Http:

[ 2017-03-20T09:17:32+08:00 ] 117.89.212.173 /undefined?1.0.1
INFO: [ app_init ] --START--
INFO: Run Behavior\BuildLiteBehavior [ RunTime:0.000011s ]
INFO: [ app_init ] --END-- [ RunTime:0.000286s ]
ERR: 无法加载模块:Undefined

[ 2017-03-20T09:25:26+08:00 ] 223.93.158.132 /favicon.ico
INFO: [ app_init ] --START--
INFO: Run Behavior\BuildLiteBehavior [ RunTime:0.000016s ]
INFO: [ app_init ] --END-- [ RunTime:0.000375s ]
ERR: 无法加载模块:Favicon

[ 2017-03-20T10:07:02+08:00 ] 223.93.158.132 /%7B%7B%20item%20%7D%7D?1.0.1
INFO: [ app_init ] --START--
INFO: Run Behavior\BuildLiteBehavior [ RunTime:0.000014s ]
INFO: [ app_init ] --END-- [ RunTime:0.000618s ]
ERR: 无法加载模块:{{ item }}

[ 2017-03-20T10:07:06+08:00 ] 115.200.248.54 /http://shopceshi.sunday.so/ueditor/php/upload/image/20170317/1489743745699735.jpg
INFO: [ app_init ] --START--
INFO: Run Behavior\BuildLiteBehavior [ RunTime:0.000012s ]
INFO: [ app_init ] --END-- [ RunTime:0.000283s ]
ERR: 无法加载模块:Http:

[ 2017-03-20T10:07:06+08:00 ] 115.200.248.54 /http://shopceshi.sunday.so/ueditor/php/upload/image/20170317/1489743803258865.jpg
INFO: [ app_init ] --START--
INFO: Run Behavior\BuildLiteBehavior [ RunTime:0.000012s ]
INFO: [ app_init ] --END-- [ RunTime:0.000275s ]
ERR: 无法加载模块:Http:

[ 2017-03-20T10:07:06+08:00 ] 115.200.248.54 /http://shopceshi.sunday.so/ueditor/php/upload/image/20170317/1489743745619021.jpg
INFO: [ app_init ] --START--
INFO: Run Behavior\BuildLiteBehavior [ RunTime:0.000016s ]
INFO: [ app_init ] --END-- [ RunTime:0.000311s ]
ERR: 无法加载模块:Http:

[ 2017-03-20T10:07:06+08:00 ] 115.200.248.54 /undefined?1.0.1
INFO: [ app_init ] --START--
INFO: Run Behavior\BuildLiteBehavior [ RunTime:0.000014s ]
INFO: [ app_init ] --END-- [ RunTime:0.000317s ]
ERR: 无法加载模块:Undefined

[ 2017-03-20T10:07:10+08:00 ] 223.93.158.132 /%7B%7B%20item%20%7D%7D?1.0.1
INFO: [ app_init ] --START--
INFO: Run Behavior\BuildLiteBehavior [ RunTime:0.000014s ]
INFO: [ app_init ] --END-- [ RunTime:0.000294s ]
ERR: 无法加载模块:{{ item }}

[ 2017-03-20T10:07:15+08:00 ] 223.93.158.132 /undefined?1.0.1
INFO: [ app_init ] --START--
INFO: Run Behavior\BuildLiteBehavior [ RunTime:0.000012s ]
INFO: [ app_init ] --END-- [ RunTime:0.000355s ]
ERR: 无法加载模块:Undefined

[ 2017-03-20T10:07:19+08:00 ] 115.200.248.54 /%7B%7B%20item%20%7D%7D?1.0.1
INFO: [ app_init ] --START--
INFO: Run Behavior\BuildLiteBehavior [ RunTime:0.000013s ]
INFO: [ app_init ] --END-- [ RunTime:0.000303s ]
ERR: 无法加载模块:{{ item }}

[ 2017-03-20T10:07:20+08:00 ] 115.200.248.54 /undefined?1.0.1
INFO: [ app_init ] --START--
INFO: Run Behavior\BuildLiteBehavior [ RunTime:0.000011s ]
INFO: [ app_init ] --END-- [ RunTime:0.000266s ]
ERR: 无法加载模块:Undefined

[ 2017-03-20T10:08:08+08:00 ] 223.93.158.132 /%7B%7B%20item%20%7D%7D?1.0.1
INFO: [ app_init ] --START--
INFO: Run Behavior\BuildLiteBehavior [ RunTime:0.000016s ]
INFO: [ app_init ] --END-- [ RunTime:0.000347s ]
ERR: 无法加载模块:{{ item }}

[ 2017-03-20T10:16:53+08:00 ] 115.200.248.54 /%7B%7B%20item%20%7D%7D?1.0.1
INFO: [ app_init ] --START--
INFO: Run Behavior\BuildLiteBehavior [ RunTime:0.000015s ]
INFO: [ app_init ] --END-- [ RunTime:0.000336s ]
ERR: 无法加载模块:{{ item }}

[ 2017-03-20T11:13:18+08:00 ] 223.93.158.132 /Public/resource/images/delete.png
INFO: [ app_init ] --START--
INFO: Run Behavior\BuildLiteBehavior [ RunTime:0.000012s ]
INFO: [ app_init ] --END-- [ RunTime:0.000314s ]
ERR: 无法加载模块:Public

[ 2017-03-20T11:13:18+08:00 ] 223.93.158.132 /Public/resource/images/delete.png
INFO: [ app_init ] --START--
INFO: Run Behavior\BuildLiteBehavior [ RunTime:0.000014s ]
INFO: [ app_init ] --END-- [ RunTime:0.000315s ]
ERR: 无法加载模块:Public

[ 2017-03-20T11:13:33+08:00 ] 223.93.158.132 /Public/resource/images/delete.png
INFO: [ app_init ] --START--
INFO: Run Behavior\BuildLiteBehavior [ RunTime:0.000014s ]
INFO: [ app_init ] --END-- [ RunTime:0.000303s ]
ERR: 无法加载模块:Public

[ 2017-03-20T11:13:33+08:00 ] 223.93.158.132 /Public/resource/images/delete.png
INFO: [ app_init ] --START--
INFO: Run Behavior\BuildLiteBehavior [ RunTime:0.000012s ]
INFO: [ app_init ] --END-- [ RunTime:0.000282s ]
ERR: 无法加载模块:Public

[ 2017-03-20T11:31:53+08:00 ] 223.93.158.132 /Public/resource/images/delete.png
INFO: [ app_init ] --START--
INFO: Run Behavior\BuildLiteBehavior [ RunTime:0.000013s ]
INFO: [ app_init ] --END-- [ RunTime:0.000297s ]
ERR: 无法加载模块:Public

[ 2017-03-20T11:32:01+08:00 ] 223.93.158.132 /Public/resource/images/delete.png
INFO: [ app_init ] --START--
INFO: Run Behavior\BuildLiteBehavior [ RunTime:0.000013s ]
INFO: [ app_init ] --END-- [ RunTime:0.000347s ]
ERR: 无法加载模块:Public

[ 2017-03-20T11:32:01+08:00 ] 223.93.158.132 /Public/resource/images/delete.png
INFO: [ app_init ] --START--
INFO: Run Behavior\BuildLiteBehavior [ RunTime:0.000011s ]
INFO: [ app_init ] --END-- [ RunTime:0.000264s ]
ERR: 无法加载模块:Public

[ 2017-03-20T14:43:13+08:00 ] 223.93.158.132 /http://shopceshi.sunday.so/ueditor/php/upload/image/20170317/1489743745699735.jpg
INFO: [ app_init ] --START--
INFO: Run Behavior\BuildLiteBehavior [ RunTime:0.000016s ]
INFO: [ app_init ] --END-- [ RunTime:0.000347s ]
ERR: 无法加载模块:Http:

[ 2017-03-20T14:43:13+08:00 ] 115.200.248.54 /http://shopceshi.sunday.so/ueditor/php/upload/image/20170317/1489743803258865.jpg
INFO: [ app_init ] --START--
INFO: Run Behavior\BuildLiteBehavior [ RunTime:0.000012s ]
INFO: [ app_init ] --END-- [ RunTime:0.000294s ]
ERR: 无法加载模块:Http:

[ 2017-03-20T14:43:14+08:00 ] 115.200.248.54 /http://shopceshi.sunday.so/ueditor/php/upload/image/20170317/1489743745619021.jpg
INFO: [ app_init ] --START--
INFO: Run Behavior\BuildLiteBehavior [ RunTime:0.000011s ]
INFO: [ app_init ] --END-- [ RunTime:0.000257s ]
ERR: 无法加载模块:Http:

[ 2017-03-20T14:43:38+08:00 ] 223.93.158.132 /http://shopceshi.sunday.so/ueditor/php/upload/image/20170317/1489743745699735.jpg
INFO: [ app_init ] --START--
INFO: Run Behavior\BuildLiteBehavior [ RunTime:0.000015s ]
INFO: [ app_init ] --END-- [ RunTime:0.000300s ]
ERR: 无法加载模块:Http:

[ 2017-03-20T14:43:38+08:00 ] 223.93.158.132 /http://shopceshi.sunday.so/ueditor/php/upload/image/20170317/1489743803258865.jpg
INFO: [ app_init ] --START--
INFO: Run Behavior\BuildLiteBehavior [ RunTime:0.000012s ]
INFO: [ app_init ] --END-- [ RunTime:0.000266s ]
ERR: 无法加载模块:Http:

[ 2017-03-20T14:43:38+08:00 ] 223.93.158.132 /http://shopceshi.sunday.so/ueditor/php/upload/image/20170317/1489743745619021.jpg
INFO: [ app_init ] --START--
INFO: Run Behavior\BuildLiteBehavior [ RunTime:0.000014s ]
INFO: [ app_init ] --END-- [ RunTime:0.000434s ]
ERR: 无法加载模块:Http:

[ 2017-03-20T14:45:09+08:00 ] 115.200.248.54 /http://shopceshi.sunday.so/ueditor/php/upload/image/20170317/1489743745699735.jpg
INFO: [ app_init ] --START--
INFO: Run Behavior\BuildLiteBehavior [ RunTime:0.000015s ]
INFO: [ app_init ] --END-- [ RunTime:0.000299s ]
ERR: 无法加载模块:Http:

[ 2017-03-20T14:45:09+08:00 ] 223.93.158.132 /http://shopceshi.sunday.so/ueditor/php/upload/image/20170317/1489743803258865.jpg
INFO: [ app_init ] --START--
INFO: Run Behavior\BuildLiteBehavior [ RunTime:0.000012s ]
INFO: [ app_init ] --END-- [ RunTime:0.000418s ]
ERR: 无法加载模块:Http:

[ 2017-03-20T14:45:09+08:00 ] 115.200.248.54 /http://shopceshi.sunday.so/ueditor/php/upload/image/20170317/1489743745619021.jpg
INFO: [ app_init ] --START--
INFO: Run Behavior\BuildLiteBehavior [ RunTime:0.000019s ]
INFO: [ app_init ] --END-- [ RunTime:0.000417s ]
ERR: 无法加载模块:Http:

[ 2017-03-20T14:45:13+08:00 ] 223.93.158.132 /http://shopceshi.sunday.so/ueditor/php/upload/image/20170317/1489743745699735.jpg
INFO: [ app_init ] --START--
INFO: Run Behavior\BuildLiteBehavior [ RunTime:0.000012s ]
INFO: [ app_init ] --END-- [ RunTime:0.000267s ]
ERR: 无法加载模块:Http:

[ 2017-03-20T14:45:13+08:00 ] 115.200.248.54 /http://shopceshi.sunday.so/ueditor/php/upload/image/20170317/1489743803258865.jpg
INFO: [ app_init ] --START--
INFO: Run Behavior\BuildLiteBehavior [ RunTime:0.000016s ]
INFO: [ app_init ] --END-- [ RunTime:0.000337s ]
ERR: 无法加载模块:Http:

[ 2017-03-20T14:45:14+08:00 ] 223.93.158.132 /http://shopceshi.sunday.so/ueditor/php/upload/image/20170317/1489743745619021.jpg
INFO: [ app_init ] --START--
INFO: Run Behavior\BuildLiteBehavior [ RunTime:0.000016s ]
INFO: [ app_init ] --END-- [ RunTime:0.000353s ]
ERR: 无法加载模块:Http:

[ 2017-03-20T14:46:51+08:00 ] 223.93.158.132 /http://shopceshi.sunday.so/ueditor/php/upload/image/20170317/1489743745699735.jpg
INFO: [ app_init ] --START--
INFO: Run Behavior\BuildLiteBehavior [ RunTime:0.000013s ]
INFO: [ app_init ] --END-- [ RunTime:0.000371s ]
ERR: 无法加载模块:Http:

[ 2017-03-20T14:46:51+08:00 ] 223.93.158.132 /http://shopceshi.sunday.so/ueditor/php/upload/image/20170317/1489743803258865.jpg
INFO: [ app_init ] --START--
INFO: Run Behavior\BuildLiteBehavior [ RunTime:0.000012s ]
INFO: [ app_init ] --END-- [ RunTime:0.000280s ]
ERR: 无法加载模块:Http:

[ 2017-03-20T14:46:51+08:00 ] 223.93.158.132 /http://shopceshi.sunday.so/ueditor/php/upload/image/20170317/1489743745619021.jpg
INFO: [ app_init ] --START--
INFO: Run Behavior\BuildLiteBehavior [ RunTime:0.000016s ]
INFO: [ app_init ] --END-- [ RunTime:0.000328s ]
ERR: 无法加载模块:Http:

[ 2017-03-20T14:46:58+08:00 ] 223.93.158.132 /http://shopceshi.sunday.so/ueditor/php/upload/image/20170317/1489743745699735.jpg
INFO: [ app_init ] --START--
INFO: Run Behavior\BuildLiteBehavior [ RunTime:0.000016s ]
INFO: [ app_init ] --END-- [ RunTime:0.000308s ]
ERR: 无法加载模块:Http:

[ 2017-03-20T14:46:58+08:00 ] 115.200.248.54 /http://shopceshi.sunday.so/ueditor/php/upload/image/20170317/1489743803258865.jpg
INFO: [ app_init ] --START--
INFO: Run Behavior\BuildLiteBehavior [ RunTime:0.000012s ]
INFO: [ app_init ] --END-- [ RunTime:0.000265s ]
ERR: 无法加载模块:Http:

[ 2017-03-20T14:46:58+08:00 ] 223.93.158.132 /http://shopceshi.sunday.so/ueditor/php/upload/image/20170317/1489743745619021.jpg
INFO: [ app_init ] --START--
INFO: Run Behavior\BuildLiteBehavior [ RunTime:0.000012s ]
INFO: [ app_init ] --END-- [ RunTime:0.000273s ]
ERR: 无法加载模块:Http:

[ 2017-03-20T14:47:02+08:00 ] 223.93.158.132 /http://shopceshi.sunday.so/ueditor/php/upload/image/20170317/1489743745699735.jpg
INFO: [ app_init ] --START--
INFO: Run Behavior\BuildLiteBehavior [ RunTime:0.000015s ]
INFO: [ app_init ] --END-- [ RunTime:0.000304s ]
ERR: 无法加载模块:Http:

[ 2017-03-20T14:47:02+08:00 ] 223.93.158.132 /http://shopceshi.sunday.so/ueditor/php/upload/image/20170317/1489743803258865.jpg
INFO: [ app_init ] --START--
INFO: Run Behavior\BuildLiteBehavior [ RunTime:0.000015s ]
INFO: [ app_init ] --END-- [ RunTime:0.000381s ]
ERR: 无法加载模块:Http:

[ 2017-03-20T14:47:02+08:00 ] 223.93.158.132 /http://shopceshi.sunday.so/ueditor/php/upload/image/20170317/1489743745619021.jpg
INFO: [ app_init ] --START--
INFO: Run Behavior\BuildLiteBehavior [ RunTime:0.000022s ]
INFO: [ app_init ] --END-- [ RunTime:0.000317s ]
ERR: 无法加载模块:Http:

[ 2017-03-20T14:47:27+08:00 ] 223.93.158.132 /http://shopceshi.sunday.so/ueditor/php/upload/image/20170317/1489743745699735.jpg
INFO: [ app_init ] --START--
INFO: Run Behavior\BuildLiteBehavior [ RunTime:0.000013s ]
INFO: [ app_init ] --END-- [ RunTime:0.000348s ]
ERR: 无法加载模块:Http:

[ 2017-03-20T14:47:27+08:00 ] 223.93.158.132 /http://shopceshi.sunday.so/ueditor/php/upload/image/20170317/1489743803258865.jpg
INFO: [ app_init ] --START--
INFO: Run Behavior\BuildLiteBehavior [ RunTime:0.000015s ]
INFO: [ app_init ] --END-- [ RunTime:0.000275s ]
ERR: 无法加载模块:Http:

[ 2017-03-20T14:47:27+08:00 ] 223.93.158.132 /http://shopceshi.sunday.so/ueditor/php/upload/image/20170317/1489743745619021.jpg
INFO: [ app_init ] --START--
INFO: Run Behavior\BuildLiteBehavior [ RunTime:0.000013s ]
INFO: [ app_init ] --END-- [ RunTime:0.000285s ]
ERR: 无法加载模块:Http:

[ 2017-03-20T14:47:30+08:00 ] 223.93.158.132 /http://shopceshi.sunday.so/ueditor/php/upload/image/20170317/1489743745699735.jpg
INFO: [ app_init ] --START--
INFO: Run Behavior\BuildLiteBehavior [ RunTime:0.000020s ]
INFO: [ app_init ] --END-- [ RunTime:0.000585s ]
ERR: 无法加载模块:Http:

[ 2017-03-20T14:47:30+08:00 ] 223.93.158.132 /http://shopceshi.sunday.so/ueditor/php/upload/image/20170317/1489743803258865.jpg
INFO: [ app_init ] --START--
INFO: Run Behavior\BuildLiteBehavior [ RunTime:0.000015s ]
INFO: [ app_init ] --END-- [ RunTime:0.000328s ]
ERR: 无法加载模块:Http:

[ 2017-03-20T14:47:30+08:00 ] 223.93.158.132 /http://shopceshi.sunday.so/ueditor/php/upload/image/20170317/1489743745619021.jpg
INFO: [ app_init ] --START--
INFO: Run Behavior\BuildLiteBehavior [ RunTime:0.000013s ]
INFO: [ app_init ] --END-- [ RunTime:0.000290s ]
ERR: 无法加载模块:Http:

[ 2017-03-20T14:47:50+08:00 ] 223.93.158.132 /http://shopceshi.sunday.so/ueditor/php/upload/image/20170317/1489743803258865.jpg
INFO: [ app_init ] --START--
INFO: Run Behavior\BuildLiteBehavior [ RunTime:0.000012s ]
INFO: [ app_init ] --END-- [ RunTime:0.000287s ]
ERR: 无法加载模块:Http:

[ 2017-03-20T14:47:50+08:00 ] 223.93.158.132 /http://shopceshi.sunday.so/ueditor/php/upload/image/20170317/1489743745699735.jpg
INFO: [ app_init ] --START--
INFO: Run Behavior\BuildLiteBehavior [ RunTime:0.000013s ]
INFO: [ app_init ] --END-- [ RunTime:0.000293s ]
ERR: 无法加载模块:Http:

[ 2017-03-20T14:47:50+08:00 ] 115.200.248.54 /http://shopceshi.sunday.so/ueditor/php/upload/image/20170317/1489743745619021.jpg
INFO: [ app_init ] --START--
INFO: Run Behavior\BuildLiteBehavior [ RunTime:0.000013s ]
INFO: [ app_init ] --END-- [ RunTime:0.000286s ]
ERR: 无法加载模块:Http:

[ 2017-03-20T14:55:16+08:00 ] 115.238.82.178 /favicon.ico
INFO: [ app_init ] --START--
INFO: Run Behavior\BuildLiteBehavior [ RunTime:0.000012s ]
INFO: [ app_init ] --END-- [ RunTime:0.000272s ]
ERR: 无法加载模块:Favicon

[ 2017-03-20T14:55:17+08:00 ] 115.238.82.178 /favicon.ico
INFO: [ app_init ] --START--
INFO: Run Behavior\BuildLiteBehavior [ RunTime:0.000012s ]
INFO: [ app_init ] --END-- [ RunTime:0.000315s ]
ERR: 无法加载模块:Favicon

[ 2017-03-20T15:04:08+08:00 ] 115.238.82.178 /favicon.ico
INFO: [ app_init ] --START--
INFO: Run Behavior\BuildLiteBehavior [ RunTime:0.000017s ]
INFO: [ app_init ] --END-- [ RunTime:0.000416s ]
ERR: 无法加载模块:Favicon

[ 2017-03-20T15:19:35+08:00 ] 223.93.158.132 /http://shopceshi.sunday.so/ueditor/php/upload/image/20170317/1489744711707938.jpg
INFO: [ app_init ] --START--
INFO: Run Behavior\BuildLiteBehavior [ RunTime:0.000022s ]
INFO: [ app_init ] --END-- [ RunTime:0.000445s ]
ERR: 无法加载模块:Http:

[ 2017-03-20T15:19:48+08:00 ] 115.200.248.54 /http://shopceshi.sunday.so/ueditor/php/upload/image/20170317/1489744711707938.jpg
INFO: [ app_init ] --START--
INFO: Run Behavior\BuildLiteBehavior [ RunTime:0.000013s ]
INFO: [ app_init ] --END-- [ RunTime:0.000354s ]
ERR: 无法加载模块:Http:

[ 2017-03-20T15:20:22+08:00 ] 115.200.248.54 /http://shopceshi.sunday.so/ueditor/php/upload/image/20170317/1489743745699735.jpg
INFO: [ app_init ] --START--
INFO: Run Behavior\BuildLiteBehavior [ RunTime:0.000013s ]
INFO: [ app_init ] --END-- [ RunTime:0.000295s ]
ERR: 无法加载模块:Http:

[ 2017-03-20T15:20:22+08:00 ] 115.200.248.54 /http://shopceshi.sunday.so/ueditor/php/upload/image/20170317/1489743803258865.jpg
INFO: [ app_init ] --START--
INFO: Run Behavior\BuildLiteBehavior [ RunTime:0.000017s ]
INFO: [ app_init ] --END-- [ RunTime:0.000417s ]
ERR: 无法加载模块:Http:

[ 2017-03-20T15:20:22+08:00 ] 115.200.248.54 /http://shopceshi.sunday.so/ueditor/php/upload/image/20170317/1489743745619021.jpg
INFO: [ app_init ] --START--
INFO: Run Behavior\BuildLiteBehavior [ RunTime:0.000013s ]
INFO: [ app_init ] --END-- [ RunTime:0.000319s ]
ERR: 无法加载模块:Http:

[ 2017-03-20T15:20:24+08:00 ] 115.200.248.54 /http://shopceshi.sunday.so/ueditor/php/upload/image/20170317/1489743803258865.jpg
INFO: [ app_init ] --START--
INFO: Run Behavior\BuildLiteBehavior [ RunTime:0.000014s ]
INFO: [ app_init ] --END-- [ RunTime:0.000278s ]
ERR: 无法加载模块:Http:

[ 2017-03-20T15:20:24+08:00 ] 115.200.248.54 /http://shopceshi.sunday.so/ueditor/php/upload/image/20170317/1489743745699735.jpg
INFO: [ app_init ] --START--
INFO: Run Behavior\BuildLiteBehavior [ RunTime:0.000019s ]
INFO: [ app_init ] --END-- [ RunTime:0.000405s ]
ERR: 无法加载模块:Http:

[ 2017-03-20T15:20:24+08:00 ] 115.200.248.54 /http://shopceshi.sunday.so/ueditor/php/upload/image/20170317/1489743745619021.jpg
INFO: [ app_init ] --START--
INFO: Run Behavior\BuildLiteBehavior [ RunTime:0.000012s ]
INFO: [ app_init ] --END-- [ RunTime:0.000276s ]
ERR: 无法加载模块:Http:

[ 2017-03-20T15:20:50+08:00 ] 115.200.248.54 /http://shopceshi.sunday.so/ueditor/php/upload/image/20170317/1489743745699735.jpg
INFO: [ app_init ] --START--
INFO: Run Behavior\BuildLiteBehavior [ RunTime:0.000016s ]
INFO: [ app_init ] --END-- [ RunTime:0.000324s ]
ERR: 无法加载模块:Http:

[ 2017-03-20T15:20:50+08:00 ] 115.200.248.54 /http://shopceshi.sunday.so/ueditor/php/upload/image/20170317/1489743803258865.jpg
INFO: [ app_init ] --START--
INFO: Run Behavior\BuildLiteBehavior [ RunTime:0.000017s ]
INFO: [ app_init ] --END-- [ RunTime:0.000335s ]
ERR: 无法加载模块:Http:

[ 2017-03-20T15:20:50+08:00 ] 115.200.248.54 /http://shopceshi.sunday.so/ueditor/php/upload/image/20170317/1489743745619021.jpg
INFO: [ app_init ] --START--
INFO: Run Behavior\BuildLiteBehavior [ RunTime:0.000015s ]
INFO: [ app_init ] --END-- [ RunTime:0.000335s ]
ERR: 无法加载模块:Http:

[ 2017-03-20T15:54:59+08:00 ] 115.238.82.178 /favicon.ico
INFO: [ app_init ] --START--
INFO: Run Behavior\BuildLiteBehavior [ RunTime:0.000018s ]
INFO: [ app_init ] --END-- [ RunTime:0.000345s ]
ERR: 无法加载模块:Favicon

[ 2017-03-20T15:55:01+08:00 ] 115.238.82.178 /favicon.ico
INFO: [ app_init ] --START--
INFO: Run Behavior\BuildLiteBehavior [ RunTime:0.000015s ]
INFO: [ app_init ] --END-- [ RunTime:0.000303s ]
ERR: 无法加载模块:Favicon

[ 2017-03-20T15:57:36+08:00 ] 223.93.158.132 /www.tmglasses.com
INFO: [ app_init ] --START--
INFO: Run Behavior\BuildLiteBehavior [ RunTime:0.000016s ]
INFO: [ app_init ] --END-- [ RunTime:0.000131s ]
ERR: 无法加载模块:Www.tmglasses

