[ 2017-03-09T16:30:53+08:00 ] 223.93.158.132 /favicon.ico
INFO: [ app_init ] --START--
INFO: Run Behavior\BuildLiteBehavior [ RunTime:0.000013s ]
INFO: [ app_init ] --END-- [ RunTime:0.000354s ]
ERR: 无法加载模块:Favicon

[ 2017-03-09T16:31:36+08:00 ] 115.197.109.153 /favicon.ico
INFO: [ app_init ] --START--
INFO: Run Behavior\BuildLiteBehavior [ RunTime:0.000053s ]
INFO: [ app_init ] --END-- [ RunTime:0.000367s ]
ERR: 无法加载模块:Favicon

[ 2017-03-09T16:32:42+08:00 ] 223.93.158.132 /favicon.ico
INFO: [ app_init ] --START--
INFO: Run Behavior\BuildLiteBehavior [ RunTime:0.000016s ]
INFO: [ app_init ] --END-- [ RunTime:0.000324s ]
ERR: 无法加载模块:Favicon

[ 2017-03-09T17:20:06+08:00 ] 115.197.109.153 /favicon.ico
INFO: [ app_init ] --START--
INFO: Run Behavior\BuildLiteBehavior [ RunTime:0.000015s ]
INFO: [ app_init ] --END-- [ RunTime:0.000425s ]
ERR: 无法加载模块:Favicon

[ 2017-03-09T17:48:03+08:00 ] 115.197.109.153 //ueditor/php/upload/image/20161226/1482732613172611.jpg
INFO: [ app_init ] --START--
INFO: Run Behavior\BuildLiteBehavior [ RunTime:0.000019s ]
INFO: [ app_init ] --END-- [ RunTime:0.000363s ]
ERR: 无法加载模块:Ueditor

[ 2017-03-09T17:48:03+08:00 ] 115.197.109.153 //ueditor/php/upload/image/20161226/1482732624511199.jpg
INFO: [ app_init ] --START--
INFO: Run Behavior\BuildLiteBehavior [ RunTime:0.000018s ]
INFO: [ app_init ] --END-- [ RunTime:0.000333s ]
ERR: 无法加载模块:Ueditor

[ 2017-03-09T17:48:03+08:00 ] 115.197.109.153 //ueditor/php/upload/image/20161226/1482732631485787.jpg
INFO: [ app_init ] --START--
INFO: Run Behavior\BuildLiteBehavior [ RunTime:0.000019s ]
INFO: [ app_init ] --END-- [ RunTime:0.000458s ]
ERR: 无法加载模块:Ueditor

[ 2017-03-09T17:48:17+08:00 ] 115.197.109.153 //ueditor/php/upload/image/20161226/1482743006434483.jpg
INFO: [ app_init ] --START--
INFO: Run Behavior\BuildLiteBehavior [ RunTime:0.000017s ]
INFO: [ app_init ] --END-- [ RunTime:0.000346s ]
ERR: 无法加载模块:Ueditor

[ 2017-03-09T17:48:17+08:00 ] 115.197.109.153 //ueditor/php/upload/image/20161226/1482743011434878.jpg
INFO: [ app_init ] --START--
INFO: Run Behavior\BuildLiteBehavior [ RunTime:0.000016s ]
INFO: [ app_init ] --END-- [ RunTime:0.000359s ]
ERR: 无法加载模块:Ueditor

[ 2017-03-09T17:48:17+08:00 ] 115.197.109.153 //ueditor/php/upload/image/20161226/1482743017340240.jpg
INFO: [ app_init ] --START--
INFO: Run Behavior\BuildLiteBehavior [ RunTime:0.000021s ]
INFO: [ app_init ] --END-- [ RunTime:0.000366s ]
ERR: 无法加载模块:Ueditor

[ 2017-03-09T17:48:17+08:00 ] 115.197.109.153 //ueditor/php/upload/image/20161226/1482743035981089.jpg
INFO: [ app_init ] --START--
INFO: Run Behavior\BuildLiteBehavior [ RunTime:0.000012s ]
INFO: [ app_init ] --END-- [ RunTime:0.000280s ]
ERR: 无法加载模块:Ueditor

[ 2017-03-09T17:48:19+08:00 ] 115.197.109.153 //ueditor/php/upload/image/20161226/1482743060288516.jpg
INFO: [ app_init ] --START--
INFO: Run Behavior\BuildLiteBehavior [ RunTime:0.000012s ]
INFO: [ app_init ] --END-- [ RunTime:0.000280s ]
ERR: 无法加载模块:Ueditor

[ 2017-03-09T17:48:19+08:00 ] 115.197.109.153 //ueditor/php/upload/image/20161226/1482743066549428.jpg
INFO: [ app_init ] --START--
INFO: Run Behavior\BuildLiteBehavior [ RunTime:0.000012s ]
INFO: [ app_init ] --END-- [ RunTime:0.000368s ]
ERR: 无法加载模块:Ueditor

[ 2017-03-09T17:48:19+08:00 ] 115.197.109.153 //ueditor/php/upload/image/20161226/1482743117298592.jpg
INFO: [ app_init ] --START--
INFO: Run Behavior\BuildLiteBehavior [ RunTime:0.000015s ]
INFO: [ app_init ] --END-- [ RunTime:0.000314s ]
ERR: 无法加载模块:Ueditor

[ 2017-03-09T17:48:19+08:00 ] 115.197.109.153 //ueditor/php/upload/image/20161226/1482743121193695.jpg
INFO: [ app_init ] --START--
INFO: Run Behavior\BuildLiteBehavior [ RunTime:0.000013s ]
INFO: [ app_init ] --END-- [ RunTime:0.000280s ]
ERR: 无法加载模块:Ueditor

[ 2017-03-09T17:48:19+08:00 ] 115.197.109.153 //ueditor/php/upload/image/20161226/1482743129676990.jpg
INFO: [ app_init ] --START--
INFO: Run Behavior\BuildLiteBehavior [ RunTime:0.000013s ]
INFO: [ app_init ] --END-- [ RunTime:0.000305s ]
ERR: 无法加载模块:Ueditor

[ 2017-03-09T18:02:08+08:00 ] 223.93.158.132 //ueditor/php/upload/image/20161229/1482978309853802.jpg
INFO: [ app_init ] --START--
INFO: Run Behavior\BuildLiteBehavior [ RunTime:0.000012s ]
INFO: [ app_init ] --END-- [ RunTime:0.000384s ]
ERR: 无法加载模块:Ueditor

[ 2017-03-09T18:02:08+08:00 ] 223.93.158.132 //ueditor/php/upload/image/20161229/1482978314358120.jpg
INFO: [ app_init ] --START--
INFO: Run Behavior\BuildLiteBehavior [ RunTime:0.000011s ]
INFO: [ app_init ] --END-- [ RunTime:0.000377s ]
ERR: 无法加载模块:Ueditor

[ 2017-03-09T18:02:08+08:00 ] 223.93.158.132 //ueditor/php/upload/image/20161229/1482978336577487.jpg
INFO: [ app_init ] --START--
INFO: Run Behavior\BuildLiteBehavior [ RunTime:0.000019s ]
INFO: [ app_init ] --END-- [ RunTime:0.000298s ]
ERR: 无法加载模块:Ueditor

[ 2017-03-09T18:02:08+08:00 ] 223.93.158.132 //ueditor/php/upload/image/20161229/1482978364903734.jpg
INFO: [ app_init ] --START--
INFO: Run Behavior\BuildLiteBehavior [ RunTime:0.000041s ]
INFO: [ app_init ] --END-- [ RunTime:0.000379s ]
ERR: 无法加载模块:Ueditor

[ 2017-03-09T18:02:08+08:00 ] 223.93.158.132 //ueditor/php/upload/image/20161229/1482978355974172.jpg
INFO: [ app_init ] --START--
INFO: Run Behavior\BuildLiteBehavior [ RunTime:0.000012s ]
INFO: [ app_init ] --END-- [ RunTime:0.000275s ]
ERR: 无法加载模块:Ueditor

[ 2017-03-09T18:02:08+08:00 ] 223.93.158.132 //ueditor/php/upload/image/20161229/1482978319844092.jpg
INFO: [ app_init ] --START--
INFO: Run Behavior\BuildLiteBehavior [ RunTime:0.000013s ]
INFO: [ app_init ] --END-- [ RunTime:0.000305s ]
ERR: 无法加载模块:Ueditor

[ 2017-03-09T18:02:08+08:00 ] 223.93.158.132 //ueditor/php/upload/image/20161229/1482978372876249.jpg
INFO: [ app_init ] --START--
INFO: Run Behavior\BuildLiteBehavior [ RunTime:0.000012s ]
INFO: [ app_init ] --END-- [ RunTime:0.000287s ]
ERR: 无法加载模块:Ueditor

[ 2017-03-09T18:02:08+08:00 ] 223.93.158.132 //ueditor/php/upload/image/20161229/1482978385565986.jpg
INFO: [ app_init ] --START--
INFO: Run Behavior\BuildLiteBehavior [ RunTime:0.000012s ]
INFO: [ app_init ] --END-- [ RunTime:0.000283s ]
ERR: 无法加载模块:Ueditor

[ 2017-03-09T18:02:08+08:00 ] 223.93.158.132 //ueditor/php/upload/image/20161229/1482978390462075.jpg
INFO: [ app_init ] --START--
INFO: Run Behavior\BuildLiteBehavior [ RunTime:0.000013s ]
INFO: [ app_init ] --END-- [ RunTime:0.000288s ]
ERR: 无法加载模块:Ueditor

[ 2017-03-09T18:02:08+08:00 ] 223.93.158.132 //ueditor/php/upload/image/20161229/1482978379816028.jpg
INFO: [ app_init ] --START--
INFO: Run Behavior\BuildLiteBehavior [ RunTime:0.000012s ]
INFO: [ app_init ] --END-- [ RunTime:0.000283s ]
ERR: 无法加载模块:Ueditor

[ 2017-03-09T18:02:08+08:00 ] 223.93.158.132 //ueditor/php/upload/image/20161229/1482978399534638.jpg
INFO: [ app_init ] --START--
INFO: Run Behavior\BuildLiteBehavior [ RunTime:0.000015s ]
INFO: [ app_init ] --END-- [ RunTime:0.000309s ]
ERR: 无法加载模块:Ueditor

[ 2017-03-09T18:02:39+08:00 ] 115.197.109.153 //ueditor/php/upload/image/20161226/1482743006434483.jpg
INFO: [ app_init ] --START--
INFO: Run Behavior\BuildLiteBehavior [ RunTime:0.000012s ]
INFO: [ app_init ] --END-- [ RunTime:0.000282s ]
ERR: 无法加载模块:Ueditor

[ 2017-03-09T18:02:39+08:00 ] 115.197.109.153 //ueditor/php/upload/image/20161226/1482743011434878.jpg
INFO: [ app_init ] --START--
INFO: Run Behavior\BuildLiteBehavior [ RunTime:0.000012s ]
INFO: [ app_init ] --END-- [ RunTime:0.000287s ]
ERR: 无法加载模块:Ueditor

[ 2017-03-09T18:02:39+08:00 ] 115.197.109.153 //ueditor/php/upload/image/20161226/1482743017340240.jpg
INFO: [ app_init ] --START--
INFO: Run Behavior\BuildLiteBehavior [ RunTime:0.000012s ]
INFO: [ app_init ] --END-- [ RunTime:0.000282s ]
ERR: 无法加载模块:Ueditor

[ 2017-03-09T18:02:39+08:00 ] 115.197.109.153 //ueditor/php/upload/image/20161226/1482743035981089.jpg
INFO: [ app_init ] --START--
INFO: Run Behavior\BuildLiteBehavior [ RunTime:0.000013s ]
INFO: [ app_init ] --END-- [ RunTime:0.000298s ]
ERR: 无法加载模块:Ueditor

[ 2017-03-09T18:02:39+08:00 ] 115.197.109.153 //ueditor/php/upload/image/20161226/1482743060288516.jpg
INFO: [ app_init ] --START--
INFO: Run Behavior\BuildLiteBehavior [ RunTime:0.000017s ]
INFO: [ app_init ] --END-- [ RunTime:0.000382s ]
ERR: 无法加载模块:Ueditor

[ 2017-03-09T18:02:39+08:00 ] 115.197.109.153 //ueditor/php/upload/image/20161226/1482743066549428.jpg
INFO: [ app_init ] --START--
INFO: Run Behavior\BuildLiteBehavior [ RunTime:0.000012s ]
INFO: [ app_init ] --END-- [ RunTime:0.000280s ]
ERR: 无法加载模块:Ueditor

[ 2017-03-09T18:02:39+08:00 ] 115.197.109.153 //ueditor/php/upload/image/20161226/1482743117298592.jpg
INFO: [ app_init ] --START--
INFO: Run Behavior\BuildLiteBehavior [ RunTime:0.000016s ]
INFO: [ app_init ] --END-- [ RunTime:0.000349s ]
ERR: 无法加载模块:Ueditor

[ 2017-03-09T18:02:39+08:00 ] 115.197.109.153 //ueditor/php/upload/image/20161226/1482743121193695.jpg
INFO: [ app_init ] --START--
INFO: Run Behavior\BuildLiteBehavior [ RunTime:0.000014s ]
INFO: [ app_init ] --END-- [ RunTime:0.000416s ]
ERR: 无法加载模块:Ueditor

[ 2017-03-09T18:02:39+08:00 ] 115.197.109.153 //ueditor/php/upload/image/20161226/1482743129676990.jpg
INFO: [ app_init ] --START--
INFO: Run Behavior\BuildLiteBehavior [ RunTime:0.000012s ]
INFO: [ app_init ] --END-- [ RunTime:0.000282s ]
ERR: 无法加载模块:Ueditor

[ 2017-03-09T18:11:50+08:00 ] 115.197.109.153 //ueditor/php/upload/image/20161226/1482743006434483.jpg
INFO: [ app_init ] --START--
INFO: Run Behavior\BuildLiteBehavior [ RunTime:0.000016s ]
INFO: [ app_init ] --END-- [ RunTime:0.000279s ]
ERR: 无法加载模块:Ueditor

[ 2017-03-09T18:11:50+08:00 ] 115.197.109.153 //ueditor/php/upload/image/20161226/1482743017340240.jpg
INFO: [ app_init ] --START--
INFO: Run Behavior\BuildLiteBehavior [ RunTime:0.000015s ]
INFO: [ app_init ] --END-- [ RunTime:0.000426s ]
ERR: 无法加载模块:Ueditor

[ 2017-03-09T18:11:50+08:00 ] 115.197.109.153 //ueditor/php/upload/image/20161226/1482743011434878.jpg
INFO: [ app_init ] --START--
INFO: Run Behavior\BuildLiteBehavior [ RunTime:0.000010s ]
INFO: [ app_init ] --END-- [ RunTime:0.000250s ]
ERR: 无法加载模块:Ueditor

[ 2017-03-09T18:11:50+08:00 ] 115.197.109.153 //ueditor/php/upload/image/20161226/1482743035981089.jpg
INFO: [ app_init ] --START--
INFO: Run Behavior\BuildLiteBehavior [ RunTime:0.000014s ]
INFO: [ app_init ] --END-- [ RunTime:0.000290s ]
ERR: 无法加载模块:Ueditor

[ 2017-03-09T18:11:50+08:00 ] 115.197.109.153 //ueditor/php/upload/image/20161226/1482743066549428.jpg
INFO: [ app_init ] --START--
INFO: Run Behavior\BuildLiteBehavior [ RunTime:0.000016s ]
INFO: [ app_init ] --END-- [ RunTime:0.000482s ]
ERR: 无法加载模块:Ueditor

[ 2017-03-09T18:11:50+08:00 ] 115.197.109.153 //ueditor/php/upload/image/20161226/1482743060288516.jpg
INFO: [ app_init ] --START--
INFO: Run Behavior\BuildLiteBehavior [ RunTime:0.000016s ]
INFO: [ app_init ] --END-- [ RunTime:0.000313s ]
ERR: 无法加载模块:Ueditor

[ 2017-03-09T18:11:50+08:00 ] 115.197.109.153 //ueditor/php/upload/image/20161226/1482743117298592.jpg
INFO: [ app_init ] --START--
INFO: Run Behavior\BuildLiteBehavior [ RunTime:0.000045s ]
INFO: [ app_init ] --END-- [ RunTime:0.000440s ]
ERR: 无法加载模块:Ueditor

[ 2017-03-09T18:11:50+08:00 ] 115.197.109.153 //ueditor/php/upload/image/20161226/1482743129676990.jpg
INFO: [ app_init ] --START--
INFO: Run Behavior\BuildLiteBehavior [ RunTime:0.000019s ]
INFO: [ app_init ] --END-- [ RunTime:0.000338s ]
ERR: 无法加载模块:Ueditor

[ 2017-03-09T18:11:50+08:00 ] 115.197.109.153 //ueditor/php/upload/image/20161226/1482743121193695.jpg
INFO: [ app_init ] --START--
INFO: Run Behavior\BuildLiteBehavior [ RunTime:0.000018s ]
INFO: [ app_init ] --END-- [ RunTime:0.000450s ]
ERR: 无法加载模块:Ueditor

[ 2017-03-09T18:47:08+08:00 ] 223.104.246.146 /ueditor/php/upload/image/20161226/1482743006434483.jpg
INFO: [ app_init ] --START--
INFO: Run Behavior\BuildLiteBehavior [ RunTime:0.000014s ]
INFO: [ app_init ] --END-- [ RunTime:0.000307s ]
ERR: 无法加载模块:Ueditor

[ 2017-03-09T18:47:08+08:00 ] 223.104.246.146 /ueditor/php/upload/image/20161226/1482743011434878.jpg
INFO: [ app_init ] --START--
INFO: Run Behavior\BuildLiteBehavior [ RunTime:0.000017s ]
INFO: [ app_init ] --END-- [ RunTime:0.000344s ]
ERR: 无法加载模块:Ueditor

[ 2017-03-09T18:47:09+08:00 ] 223.104.246.146 /ueditor/php/upload/image/20161226/1482743017340240.jpg
INFO: [ app_init ] --START--
INFO: Run Behavior\BuildLiteBehavior [ RunTime:0.000012s ]
INFO: [ app_init ] --END-- [ RunTime:0.000280s ]
ERR: 无法加载模块:Ueditor

[ 2017-03-09T18:47:09+08:00 ] 223.104.246.146 /ueditor/php/upload/image/20161226/1482743035981089.jpg
INFO: [ app_init ] --START--
INFO: Run Behavior\BuildLiteBehavior [ RunTime:0.000013s ]
INFO: [ app_init ] --END-- [ RunTime:0.000285s ]
ERR: 无法加载模块:Ueditor

[ 2017-03-09T18:47:12+08:00 ] 223.104.246.146 /ueditor/php/upload/image/20161226/1482743060288516.jpg
INFO: [ app_init ] --START--
INFO: Run Behavior\BuildLiteBehavior [ RunTime:0.000013s ]
INFO: [ app_init ] --END-- [ RunTime:0.000289s ]
ERR: 无法加载模块:Ueditor

[ 2017-03-09T18:47:12+08:00 ] 223.104.246.146 /ueditor/php/upload/image/20161226/1482743066549428.jpg
INFO: [ app_init ] --START--
INFO: Run Behavior\BuildLiteBehavior [ RunTime:0.000015s ]
INFO: [ app_init ] --END-- [ RunTime:0.000311s ]
ERR: 无法加载模块:Ueditor

[ 2017-03-09T18:47:12+08:00 ] 223.104.246.146 /ueditor/php/upload/image/20161226/1482743117298592.jpg
INFO: [ app_init ] --START--
INFO: Run Behavior\BuildLiteBehavior [ RunTime:0.000011s ]
INFO: [ app_init ] --END-- [ RunTime:0.000266s ]
ERR: 无法加载模块:Ueditor

[ 2017-03-09T18:47:13+08:00 ] 223.104.246.146 /ueditor/php/upload/image/20161226/1482743121193695.jpg
INFO: [ app_init ] --START--
INFO: Run Behavior\BuildLiteBehavior [ RunTime:0.000011s ]
INFO: [ app_init ] --END-- [ RunTime:0.000308s ]
ERR: 无法加载模块:Ueditor

[ 2017-03-09T18:47:13+08:00 ] 223.104.246.146 /ueditor/php/upload/image/20161226/1482743129676990.jpg
INFO: [ app_init ] --START--
INFO: Run Behavior\BuildLiteBehavior [ RunTime:0.000018s ]
INFO: [ app_init ] --END-- [ RunTime:0.000513s ]
ERR: 无法加载模块:Ueditor

