[ 2017-03-17T09:03:07+08:00 ] 223.104.247.227 /{{imgSrc}}
INFO: [ app_init ] --START--
INFO: Run Behavior\BuildLiteBehavior [ RunTime:0.000012s ]
INFO: [ app_init ] --END-- [ RunTime:0.000283s ]
ERR: 无法加载模块:{{imgSrc}}

[ 2017-03-17T09:03:30+08:00 ] 223.104.247.227 /{{imgSrc}}
INFO: [ app_init ] --START--
INFO: Run Behavior\BuildLiteBehavior [ RunTime:0.000015s ]
INFO: [ app_init ] --END-- [ RunTime:0.000379s ]
ERR: 无法加载模块:{{imgSrc}}

[ 2017-03-17T09:03:51+08:00 ] 223.104.247.227 /{{imgSrc}}
INFO: [ app_init ] --START--
INFO: Run Behavior\BuildLiteBehavior [ RunTime:0.000014s ]
INFO: [ app_init ] --END-- [ RunTime:0.000309s ]
ERR: 无法加载模块:{{imgSrc}}

[ 2017-03-17T09:07:10+08:00 ] 60.176.109.104 /favicon.ico
INFO: [ app_init ] --START--
INFO: Run Behavior\BuildLiteBehavior [ RunTime:0.000012s ]
INFO: [ app_init ] --END-- [ RunTime:0.000268s ]
ERR: 无法加载模块:Favicon

[ 2017-03-17T09:07:10+08:00 ] 60.176.109.104 /favicon.ico
INFO: [ app_init ] --START--
INFO: Run Behavior\BuildLiteBehavior [ RunTime:0.000011s ]
INFO: [ app_init ] --END-- [ RunTime:0.000263s ]
ERR: 无法加载模块:Favicon

[ 2017-03-17T09:17:29+08:00 ] 115.238.82.178 /favicon.ico
INFO: [ app_init ] --START--
INFO: Run Behavior\BuildLiteBehavior [ RunTime:0.000012s ]
INFO: [ app_init ] --END-- [ RunTime:0.000260s ]
ERR: 无法加载模块:Favicon

[ 2017-03-17T09:17:35+08:00 ] 115.238.82.178 /favicon.ico
INFO: [ app_init ] --START--
INFO: Run Behavior\BuildLiteBehavior [ RunTime:0.000012s ]
INFO: [ app_init ] --END-- [ RunTime:0.000296s ]
ERR: 无法加载模块:Favicon

[ 2017-03-17T09:32:53+08:00 ] 60.176.109.104 /favicon.ico
INFO: [ app_init ] --START--
INFO: Run Behavior\BuildLiteBehavior [ RunTime:0.000011s ]
INFO: [ app_init ] --END-- [ RunTime:0.000272s ]
ERR: 无法加载模块:Favicon

[ 2017-03-17T11:28:19+08:00 ] 60.176.109.104 /favicon.ico
INFO: [ app_init ] --START--
INFO: Run Behavior\BuildLiteBehavior [ RunTime:0.000011s ]
INFO: [ app_init ] --END-- [ RunTime:0.000275s ]
ERR: 无法加载模块:Favicon

[ 2017-03-17T11:42:07+08:00 ] 223.93.158.132 /favicon.ico
INFO: [ app_init ] --START--
INFO: Run Behavior\BuildLiteBehavior [ RunTime:0.000012s ]
INFO: [ app_init ] --END-- [ RunTime:0.000328s ]
ERR: 无法加载模块:Favicon

[ 2017-03-17T11:42:10+08:00 ] 223.93.158.132 /favicon.ico
INFO: [ app_init ] --START--
INFO: Run Behavior\BuildLiteBehavior [ RunTime:0.000012s ]
INFO: [ app_init ] --END-- [ RunTime:0.000325s ]
ERR: 无法加载模块:Favicon

[ 2017-03-17T13:15:47+08:00 ] 223.93.158.132 /favicon.ico
INFO: [ app_init ] --START--
INFO: Run Behavior\BuildLiteBehavior [ RunTime:0.000016s ]
INFO: [ app_init ] --END-- [ RunTime:0.000322s ]
ERR: 无法加载模块:Favicon

[ 2017-03-17T14:42:25+08:00 ] 60.176.109.104 /favicon.ico
INFO: [ app_init ] --START--
INFO: Run Behavior\BuildLiteBehavior [ RunTime:0.000011s ]
INFO: [ app_init ] --END-- [ RunTime:0.000271s ]
ERR: 无法加载模块:Favicon

[ 2017-03-17T15:32:38+08:00 ] 60.176.109.104 /favicon.ico
INFO: [ app_init ] --START--
INFO: Run Behavior\BuildLiteBehavior [ RunTime:0.000016s ]
INFO: [ app_init ] --END-- [ RunTime:0.000390s ]
ERR: 无法加载模块:Favicon

[ 2017-03-17T16:46:01+08:00 ] 60.176.109.104 /favicon.ico
INFO: [ app_init ] --START--
INFO: Run Behavior\BuildLiteBehavior [ RunTime:0.000011s ]
INFO: [ app_init ] --END-- [ RunTime:0.000368s ]
ERR: 无法加载模块:Favicon

[ 2017-03-17T18:15:20+08:00 ] 115.238.82.178 /%7B%7B%20item%20%7D%7D?1.0.1
INFO: [ app_init ] --START--
INFO: Run Behavior\BuildLiteBehavior [ RunTime:0.000011s ]
INFO: [ app_init ] --END-- [ RunTime:0.000255s ]
ERR: 无法加载模块:{{ item }}

[ 2017-03-17T18:15:24+08:00 ] 115.238.82.178 /undefined?1.0.1
INFO: [ app_init ] --START--
INFO: Run Behavior\BuildLiteBehavior [ RunTime:0.000011s ]
INFO: [ app_init ] --END-- [ RunTime:0.000307s ]
ERR: 无法加载模块:Undefined

[ 2017-03-17T18:16:04+08:00 ] 115.238.82.178 /%7B%7B%20item%20%7D%7D?1.0.1
INFO: [ app_init ] --START--
INFO: Run Behavior\BuildLiteBehavior [ RunTime:0.000011s ]
INFO: [ app_init ] --END-- [ RunTime:0.000319s ]
ERR: 无法加载模块:{{ item }}

[ 2017-03-17T18:16:05+08:00 ] 115.238.82.178 /http://shopceshi.sunday.so/ueditor/php/upload/image/20170317/1489743745699735.jpg
INFO: [ app_init ] --START--
INFO: Run Behavior\BuildLiteBehavior [ RunTime:0.000016s ]
INFO: [ app_init ] --END-- [ RunTime:0.000370s ]
ERR: 无法加载模块:Http:

[ 2017-03-17T18:16:05+08:00 ] 115.238.82.178 /http://shopceshi.sunday.so/ueditor/php/upload/image/20170317/1489743803258865.jpg
INFO: [ app_init ] --START--
INFO: Run Behavior\BuildLiteBehavior [ RunTime:0.000013s ]
INFO: [ app_init ] --END-- [ RunTime:0.000303s ]
ERR: 无法加载模块:Http:

[ 2017-03-17T18:16:05+08:00 ] 115.238.82.178 /http://shopceshi.sunday.so/ueditor/php/upload/image/20170317/1489743745619021.jpg
INFO: [ app_init ] --START--
INFO: Run Behavior\BuildLiteBehavior [ RunTime:0.000012s ]
INFO: [ app_init ] --END-- [ RunTime:0.000275s ]
ERR: 无法加载模块:Http:

[ 2017-03-17T18:16:06+08:00 ] 115.238.82.178 /undefined?1.0.1
INFO: [ app_init ] --START--
INFO: Run Behavior\BuildLiteBehavior [ RunTime:0.000012s ]
INFO: [ app_init ] --END-- [ RunTime:0.000283s ]
ERR: 无法加载模块:Undefined

[ 2017-03-17T18:16:41+08:00 ] 115.238.82.178 /%7B%7B%20item%20%7D%7D?1.0.1
INFO: [ app_init ] --START--
INFO: Run Behavior\BuildLiteBehavior [ RunTime:0.000012s ]
INFO: [ app_init ] --END-- [ RunTime:0.000272s ]
ERR: 无法加载模块:{{ item }}

[ 2017-03-17T18:16:41+08:00 ] 115.238.82.178 /http://shopceshi.sunday.so/ueditor/php/upload/image/20170317/1489744124264847.jpg
INFO: [ app_init ] --START--
INFO: Run Behavior\BuildLiteBehavior [ RunTime:0.000012s ]
INFO: [ app_init ] --END-- [ RunTime:0.000287s ]
ERR: 无法加载模块:Http:

[ 2017-03-17T18:16:41+08:00 ] 115.238.82.178 /http://shopceshi.sunday.so/ueditor/php/upload/image/20170317/1489744124364036.jpg
INFO: [ app_init ] --START--
INFO: Run Behavior\BuildLiteBehavior [ RunTime:0.000012s ]
INFO: [ app_init ] --END-- [ RunTime:0.000269s ]
ERR: 无法加载模块:Http:

[ 2017-03-17T18:16:42+08:00 ] 115.238.82.178 /undefined?1.0.1
INFO: [ app_init ] --START--
INFO: Run Behavior\BuildLiteBehavior [ RunTime:0.000014s ]
INFO: [ app_init ] --END-- [ RunTime:0.000297s ]
ERR: 无法加载模块:Undefined

[ 2017-03-17T18:16:54+08:00 ] 115.238.82.178 /%7B%7B%20item%20%7D%7D?1.0.1
INFO: [ app_init ] --START--
INFO: Run Behavior\BuildLiteBehavior [ RunTime:0.000012s ]
INFO: [ app_init ] --END-- [ RunTime:0.000275s ]
ERR: 无法加载模块:{{ item }}

[ 2017-03-17T18:16:54+08:00 ] 115.238.82.178 /http://shopceshi.sunday.so/ueditor/php/upload/image/20170317/1489744377771653.jpg
INFO: [ app_init ] --START--
INFO: Run Behavior\BuildLiteBehavior [ RunTime:0.000011s ]
INFO: [ app_init ] --END-- [ RunTime:0.000263s ]
ERR: 无法加载模块:Http:

[ 2017-03-17T18:16:55+08:00 ] 115.238.82.178 /http://shopceshi.sunday.so/ueditor/php/upload/image/20170317/1489744377404691.jpg
INFO: [ app_init ] --START--
INFO: Run Behavior\BuildLiteBehavior [ RunTime:0.000011s ]
INFO: [ app_init ] --END-- [ RunTime:0.000264s ]
ERR: 无法加载模块:Http:

[ 2017-03-17T18:16:55+08:00 ] 115.238.82.178 /http://shopceshi.sunday.so/ueditor/php/upload/image/20170317/1489744377753901.jpg
INFO: [ app_init ] --START--
INFO: Run Behavior\BuildLiteBehavior [ RunTime:0.000012s ]
INFO: [ app_init ] --END-- [ RunTime:0.000270s ]
ERR: 无法加载模块:Http:

[ 2017-03-17T18:16:55+08:00 ] 115.238.82.178 /http://shopceshi.sunday.so/ueditor/php/upload/image/20170317/1489744377356181.jpg
INFO: [ app_init ] --START--
INFO: Run Behavior\BuildLiteBehavior [ RunTime:0.000011s ]
INFO: [ app_init ] --END-- [ RunTime:0.000258s ]
ERR: 无法加载模块:Http:

[ 2017-03-17T18:17:06+08:00 ] 115.238.82.178 /%7B%7B%20item%20%7D%7D?1.0.1
INFO: [ app_init ] --START--
INFO: Run Behavior\BuildLiteBehavior [ RunTime:0.000011s ]
INFO: [ app_init ] --END-- [ RunTime:0.000260s ]
ERR: 无法加载模块:{{ item }}

[ 2017-03-17T18:17:08+08:00 ] 115.238.82.178 /http://shopceshi.sunday.so/ueditor/php/upload/image/20170317/1489744711707938.jpg
INFO: [ app_init ] --START--
INFO: Run Behavior\BuildLiteBehavior [ RunTime:0.000012s ]
INFO: [ app_init ] --END-- [ RunTime:0.000272s ]
ERR: 无法加载模块:Http:

[ 2017-03-17T18:29:35+08:00 ] 115.238.82.178 /{{%20item%20}}?1.0.1
INFO: [ app_init ] --START--
INFO: Run Behavior\BuildLiteBehavior [ RunTime:0.000011s ]
INFO: [ app_init ] --END-- [ RunTime:0.000367s ]
ERR: 无法加载模块:{{ item }}

[ 2017-03-17T18:29:39+08:00 ] 115.238.82.178 /undefined?1.0.1
INFO: [ app_init ] --START--
INFO: Run Behavior\BuildLiteBehavior [ RunTime:0.000011s ]
INFO: [ app_init ] --END-- [ RunTime:0.000260s ]
ERR: 无法加载模块:Undefined

[ 2017-03-17T18:29:56+08:00 ] 115.238.82.178 /{{%20item%20}}?1.0.1
INFO: [ app_init ] --START--
INFO: Run Behavior\BuildLiteBehavior [ RunTime:0.000017s ]
INFO: [ app_init ] --END-- [ RunTime:0.000352s ]
ERR: 无法加载模块:{{ item }}

[ 2017-03-17T18:29:56+08:00 ] 115.238.82.178 /http://shopceshi.sunday.so/ueditor/php/upload/image/20170317/1489744377771653.jpg
INFO: [ app_init ] --START--
INFO: Run Behavior\BuildLiteBehavior [ RunTime:0.000011s ]
INFO: [ app_init ] --END-- [ RunTime:0.000260s ]
ERR: 无法加载模块:Http:

[ 2017-03-17T18:30:03+08:00 ] 115.238.82.178 /{{%20item%20}}?1.0.1
INFO: [ app_init ] --START--
INFO: Run Behavior\BuildLiteBehavior [ RunTime:0.000018s ]
INFO: [ app_init ] --END-- [ RunTime:0.000428s ]
ERR: 无法加载模块:{{ item }}

[ 2017-03-17T18:30:03+08:00 ] 115.238.82.178 /undefined?1.0.1
INFO: [ app_init ] --START--
INFO: Run Behavior\BuildLiteBehavior [ RunTime:0.000011s ]
INFO: [ app_init ] --END-- [ RunTime:0.000370s ]
ERR: 无法加载模块:Undefined

[ 2017-03-17T18:30:20+08:00 ] 115.238.82.178 /{{%20item%20}}?1.0.1
INFO: [ app_init ] --START--
INFO: Run Behavior\BuildLiteBehavior [ RunTime:0.000011s ]
INFO: [ app_init ] --END-- [ RunTime:0.000267s ]
ERR: 无法加载模块:{{ item }}

[ 2017-03-17T18:30:24+08:00 ] 115.238.82.178 /undefined?1.0.1
INFO: [ app_init ] --START--
INFO: Run Behavior\BuildLiteBehavior [ RunTime:0.000020s ]
INFO: [ app_init ] --END-- [ RunTime:0.000426s ]
ERR: 无法加载模块:Undefined

[ 2017-03-17T18:30:28+08:00 ] 115.238.82.178 /{{%20item%20}}?1.0.1
INFO: [ app_init ] --START--
INFO: Run Behavior\BuildLiteBehavior [ RunTime:0.000013s ]
INFO: [ app_init ] --END-- [ RunTime:0.000333s ]
ERR: 无法加载模块:{{ item }}

[ 2017-03-17T18:30:28+08:00 ] 115.238.82.178 /undefined?1.0.1
INFO: [ app_init ] --START--
INFO: Run Behavior\BuildLiteBehavior [ RunTime:0.000011s ]
INFO: [ app_init ] --END-- [ RunTime:0.000264s ]
ERR: 无法加载模块:Undefined

[ 2017-03-17T18:30:31+08:00 ] 115.238.82.178 /{{%20item%20}}?1.0.1
INFO: [ app_init ] --START--
INFO: Run Behavior\BuildLiteBehavior [ RunTime:0.000011s ]
INFO: [ app_init ] --END-- [ RunTime:0.000276s ]
ERR: 无法加载模块:{{ item }}

[ 2017-03-17T18:30:31+08:00 ] 115.238.82.178 /undefined?1.0.1
INFO: [ app_init ] --START--
INFO: Run Behavior\BuildLiteBehavior [ RunTime:0.000012s ]
INFO: [ app_init ] --END-- [ RunTime:0.000454s ]
ERR: 无法加载模块:Undefined

[ 2017-03-17T19:23:18+08:00 ] 58.100.203.203 /{{%20item%20}}?1.0.1
INFO: [ app_init ] --START--
INFO: Run Behavior\BuildLiteBehavior [ RunTime:0.000012s ]
INFO: [ app_init ] --END-- [ RunTime:0.000270s ]
ERR: 无法加载模块:{{ item }}

[ 2017-03-17T19:23:23+08:00 ] 58.100.203.203 /{{%20item%20}}?1.0.1
INFO: [ app_init ] --START--
INFO: Run Behavior\BuildLiteBehavior [ RunTime:0.000011s ]
INFO: [ app_init ] --END-- [ RunTime:0.000295s ]
ERR: 无法加载模块:{{ item }}

[ 2017-03-17T19:23:23+08:00 ] 58.100.203.203 /undefined?1.0.1
INFO: [ app_init ] --START--
INFO: Run Behavior\BuildLiteBehavior [ RunTime:0.000011s ]
INFO: [ app_init ] --END-- [ RunTime:0.000286s ]
ERR: 无法加载模块:Undefined

[ 2017-03-17T19:23:39+08:00 ] 58.100.203.203 /{{%20item%20}}?1.0.1
INFO: [ app_init ] --START--
INFO: Run Behavior\BuildLiteBehavior [ RunTime:0.000013s ]
INFO: [ app_init ] --END-- [ RunTime:0.000392s ]
ERR: 无法加载模块:{{ item }}

[ 2017-03-17T19:23:41+08:00 ] 58.100.203.203 /http://shopceshi.sunday.so/ueditor/php/upload/image/20170317/1489743745699735.jpg
INFO: [ app_init ] --START--
INFO: Run Behavior\BuildLiteBehavior [ RunTime:0.000017s ]
INFO: [ app_init ] --END-- [ RunTime:0.000312s ]
ERR: 无法加载模块:Http:

[ 2017-03-17T19:23:41+08:00 ] 58.100.203.203 /http://shopceshi.sunday.so/ueditor/php/upload/image/20170317/1489743803258865.jpg
INFO: [ app_init ] --START--
INFO: Run Behavior\BuildLiteBehavior [ RunTime:0.000011s ]
INFO: [ app_init ] --END-- [ RunTime:0.000274s ]
ERR: 无法加载模块:Http:

[ 2017-03-17T19:23:41+08:00 ] 58.100.203.203 /http://shopceshi.sunday.so/ueditor/php/upload/image/20170317/1489743745619021.jpg
INFO: [ app_init ] --START--
INFO: Run Behavior\BuildLiteBehavior [ RunTime:0.000011s ]
INFO: [ app_init ] --END-- [ RunTime:0.000325s ]
ERR: 无法加载模块:Http:

[ 2017-03-17T19:23:42+08:00 ] 58.100.203.203 /undefined?1.0.1
INFO: [ app_init ] --START--
INFO: Run Behavior\BuildLiteBehavior [ RunTime:0.000011s ]
INFO: [ app_init ] --END-- [ RunTime:0.000259s ]
ERR: 无法加载模块:Undefined

[ 2017-03-17T19:23:48+08:00 ] 58.100.203.203 /{{%20item%20}}?1.0.1
INFO: [ app_init ] --START--
INFO: Run Behavior\BuildLiteBehavior [ RunTime:0.000012s ]
INFO: [ app_init ] --END-- [ RunTime:0.000281s ]
ERR: 无法加载模块:{{ item }}

[ 2017-03-17T19:23:48+08:00 ] 58.100.203.203 /undefined?1.0.1
INFO: [ app_init ] --START--
INFO: Run Behavior\BuildLiteBehavior [ RunTime:0.000011s ]
INFO: [ app_init ] --END-- [ RunTime:0.000388s ]
ERR: 无法加载模块:Undefined

[ 2017-03-17T19:23:52+08:00 ] 58.100.203.203 /{{%20item%20}}?1.0.1
INFO: [ app_init ] --START--
INFO: Run Behavior\BuildLiteBehavior [ RunTime:0.000011s ]
INFO: [ app_init ] --END-- [ RunTime:0.000260s ]
ERR: 无法加载模块:{{ item }}

[ 2017-03-17T19:23:58+08:00 ] 58.100.203.203 /http://shopceshi.sunday.so/ueditor/php/upload/image/20170317/1489744124264847.jpg
INFO: [ app_init ] --START--
INFO: Run Behavior\BuildLiteBehavior [ RunTime:0.000012s ]
INFO: [ app_init ] --END-- [ RunTime:0.000289s ]
ERR: 无法加载模块:Http:

[ 2017-03-17T19:23:58+08:00 ] 58.100.203.203 /http://shopceshi.sunday.so/ueditor/php/upload/image/20170317/1489744124364036.jpg
INFO: [ app_init ] --START--
INFO: Run Behavior\BuildLiteBehavior [ RunTime:0.000012s ]
INFO: [ app_init ] --END-- [ RunTime:0.000272s ]
ERR: 无法加载模块:Http:

[ 2017-03-17T19:23:58+08:00 ] 58.100.203.203 /undefined?1.0.1
INFO: [ app_init ] --START--
INFO: Run Behavior\BuildLiteBehavior [ RunTime:0.000012s ]
INFO: [ app_init ] --END-- [ RunTime:0.000360s ]
ERR: 无法加载模块:Undefined

[ 2017-03-17T19:25:21+08:00 ] 36.48.93.146 /{{%20item%20}}?1.0.1
INFO: [ app_init ] --START--
INFO: Run Behavior\BuildLiteBehavior [ RunTime:0.000012s ]
INFO: [ app_init ] --END-- [ RunTime:0.000276s ]
ERR: 无法加载模块:{{ item }}

