[ 2017-04-30T10:50:15+08:00 ] 223.93.158.78 /ueditor/php/upload/image/20161223/1482477398893685.png
INFO: [ app_init ] --START--
INFO: Run Behavior\BuildLiteBehavior [ RunTime:0.000010s ]
INFO: [ app_init ] --END-- [ RunTime:0.000208s ]
ERR: 无法加载模块:Ueditor

[ 2017-04-30T10:50:15+08:00 ] 223.93.158.78 /ueditor/php/upload/image/20161223/1482477501546153.png
INFO: [ app_init ] --START--
INFO: Run Behavior\BuildLiteBehavior [ RunTime:0.000009s ]
INFO: [ app_init ] --END-- [ RunTime:0.000221s ]
ERR: 无法加载模块:Ueditor

[ 2017-04-30T10:50:15+08:00 ] 223.93.158.78 /ueditor/php/upload/image/20161223/1482477628460929.png
INFO: [ app_init ] --START--
INFO: Run Behavior\BuildLiteBehavior [ RunTime:0.000008s ]
INFO: [ app_init ] --END-- [ RunTime:0.000202s ]
ERR: 无法加载模块:Ueditor

[ 2017-04-30T12:41:46+08:00 ] 125.121.226.222 /ueditor/php/upload/image/20161223/1482477628460929.png
INFO: [ app_init ] --START--
INFO: Run Behavior\BuildLiteBehavior [ RunTime:0.000010s ]
INFO: [ app_init ] --END-- [ RunTime:0.000214s ]
ERR: 无法加载模块:Ueditor

[ 2017-04-30T12:41:46+08:00 ] 125.121.226.222 /ueditor/php/upload/image/20161223/1482477501546153.png
INFO: [ app_init ] --START--
INFO: Run Behavior\BuildLiteBehavior [ RunTime:0.000009s ]
INFO: [ app_init ] --END-- [ RunTime:0.000208s ]
ERR: 无法加载模块:Ueditor

[ 2017-04-30T12:41:46+08:00 ] 125.121.226.222 /ueditor/php/upload/image/20161223/1482477398893685.png
INFO: [ app_init ] --START--
INFO: Run Behavior\BuildLiteBehavior [ RunTime:0.000009s ]
INFO: [ app_init ] --END-- [ RunTime:0.000244s ]
ERR: 无法加载模块:Ueditor

[ 2017-04-30T22:50:53+08:00 ] 115.197.109.171 /ueditor/php/upload/image/20161223/1482477398893685.png
INFO: [ app_init ] --START--
INFO: Run Behavior\BuildLiteBehavior [ RunTime:0.000009s ]
INFO: [ app_init ] --END-- [ RunTime:0.000212s ]
ERR: 无法加载模块:Ueditor

[ 2017-04-30T22:50:53+08:00 ] 115.197.109.171 /ueditor/php/upload/image/20161223/1482477628460929.png
INFO: [ app_init ] --START--
INFO: Run Behavior\BuildLiteBehavior [ RunTime:0.000009s ]
INFO: [ app_init ] --END-- [ RunTime:0.000203s ]
ERR: 无法加载模块:Ueditor

[ 2017-04-30T22:50:53+08:00 ] 115.197.109.171 /ueditor/php/upload/image/20161223/1482477501546153.png
INFO: [ app_init ] --START--
INFO: Run Behavior\BuildLiteBehavior [ RunTime:0.000011s ]
INFO: [ app_init ] --END-- [ RunTime:0.000219s ]
ERR: 无法加载模块:Ueditor

