[ 2017-05-31T10:47:20+08:00 ] 223.93.158.132 /admin/index/center
INFO: [ app_init ] --START--
INFO: Run Behavior\BuildLiteBehavior [ RunTime:0.000009s ]
INFO: [ app_init ] --END-- [ RunTime:0.000210s ]
INFO: [ app_begin ] --START--
INFO: Run Behavior\ReadHtmlCacheBehavior [ RunTime:0.000266s ]
INFO: [ app_begin ] --END-- [ RunTime:0.000298s ]
NOTIC: [2] Missing argument 2 for Admin\Model\AdminModel::__construct(), called in /mnt/www/html/huangwei/tmls/ThinkPHP/Common/functions.php on line 588 and defined /mnt/www/html/huangwei/tmls/App/Admin/Model/AdminModel.class.php 第 8 行.
NOTIC: [2] Missing argument 3 for Admin\Model\AdminModel::__construct(), called in /mnt/www/html/huangwei/tmls/ThinkPHP/Common/functions.php on line 588 and defined /mnt/www/html/huangwei/tmls/App/Admin/Model/AdminModel.class.php 第 8 行.
NOTIC: [8] Undefined variable: tablePrefix /mnt/www/html/huangwei/tmls/App/Admin/Model/AdminModel.class.php 第 10 行.
NOTIC: [8] Undefined variable: connection /mnt/www/html/huangwei/tmls/App/Admin/Model/AdminModel.class.php 第 10 行.
SQL: SHOW COLUMNS FROM `admin` [ RunTime:0.0005s ]

[ 2017-05-31T10:47:20+08:00 ] 223.93.158.132 /Admin/index/login.html
INFO: [ app_init ] --START--
INFO: Run Behavior\BuildLiteBehavior [ RunTime:0.000009s ]
INFO: [ app_init ] --END-- [ RunTime:0.000210s ]
INFO: [ app_begin ] --START--
INFO: Run Behavior\ReadHtmlCacheBehavior [ RunTime:0.000268s ]
INFO: [ app_begin ] --END-- [ RunTime:0.000300s ]
NOTIC: [2] Missing argument 2 for Admin\Model\AdminModel::__construct(), called in /mnt/www/html/huangwei/tmls/ThinkPHP/Common/functions.php on line 588 and defined /mnt/www/html/huangwei/tmls/App/Admin/Model/AdminModel.class.php 第 8 行.
NOTIC: [2] Missing argument 3 for Admin\Model\AdminModel::__construct(), called in /mnt/www/html/huangwei/tmls/ThinkPHP/Common/functions.php on line 588 and defined /mnt/www/html/huangwei/tmls/App/Admin/Model/AdminModel.class.php 第 8 行.
NOTIC: [8] Undefined variable: tablePrefix /mnt/www/html/huangwei/tmls/App/Admin/Model/AdminModel.class.php 第 10 行.
NOTIC: [8] Undefined variable: connection /mnt/www/html/huangwei/tmls/App/Admin/Model/AdminModel.class.php 第 10 行.
SQL: SHOW COLUMNS FROM `admin` [ RunTime:0.0004s ]
INFO: [ view_parse ] --START--
INFO: [ template_filter ] --START--
INFO: Run Behavior\ContentReplaceBehavior [ RunTime:0.000030s ]
INFO: [ template_filter ] --END-- [ RunTime:0.000062s ]
INFO: Run Behavior\ParseTemplateBehavior [ RunTime:0.003097s ]
INFO: [ view_parse ] --END-- [ RunTime:0.003133s ]
INFO: [ view_filter ] --START--
INFO: Run Behavior\WriteHtmlCacheBehavior [ RunTime:0.000095s ]
INFO: [ view_filter ] --END-- [ RunTime:0.000117s ]
INFO: [ app_end ] --START--
INFO: Run Behavior\ShowPageTraceBehavior [ RunTime:0.000271s ]
INFO: [ app_end ] --END-- [ RunTime:0.000298s ]

[ 2017-05-31T10:47:25+08:00 ] 223.93.158.132 /admin/index/postlogin
INFO: [ app_init ] --START--
INFO: Run Behavior\BuildLiteBehavior [ RunTime:0.000011s ]
INFO: [ app_init ] --END-- [ RunTime:0.000232s ]
INFO: [ app_begin ] --START--
INFO: Run Behavior\ReadHtmlCacheBehavior [ RunTime:0.000264s ]
INFO: [ app_begin ] --END-- [ RunTime:0.000300s ]
NOTIC: [2] Missing argument 2 for Admin\Model\AdminModel::__construct(), called in /mnt/www/html/huangwei/tmls/ThinkPHP/Common/functions.php on line 588 and defined /mnt/www/html/huangwei/tmls/App/Admin/Model/AdminModel.class.php 第 8 行.
NOTIC: [2] Missing argument 3 for Admin\Model\AdminModel::__construct(), called in /mnt/www/html/huangwei/tmls/ThinkPHP/Common/functions.php on line 588 and defined /mnt/www/html/huangwei/tmls/App/Admin/Model/AdminModel.class.php 第 8 行.
NOTIC: [8] Undefined variable: tablePrefix /mnt/www/html/huangwei/tmls/App/Admin/Model/AdminModel.class.php 第 10 行.
NOTIC: [8] Undefined variable: connection /mnt/www/html/huangwei/tmls/App/Admin/Model/AdminModel.class.php 第 10 行.
SQL: SHOW COLUMNS FROM `admin` [ RunTime:0.0006s ]
NOTIC: [8] Undefined index: validate /mnt/www/html/huangwei/tmls/ThinkPHP/Library/Think/Model.class.php 第 1185 行.
NOTIC: [8] Undefined index: auto /mnt/www/html/huangwei/tmls/ThinkPHP/Library/Think/Model.class.php 第 1128 行.
SQL: SELECT * FROM `admin` WHERE `account` = 'admin' AND `password` = '25f9e794323b453885f5181f1b624d0b' LIMIT 1   [ RunTime:0.0002s ]

[ 2017-05-31T10:47:26+08:00 ] 223.93.158.132 /admin/index/center
INFO: [ app_init ] --START--
INFO: Run Behavior\BuildLiteBehavior [ RunTime:0.000009s ]
INFO: [ app_init ] --END-- [ RunTime:0.000209s ]
INFO: [ app_begin ] --START--
INFO: Run Behavior\ReadHtmlCacheBehavior [ RunTime:0.000268s ]
INFO: [ app_begin ] --END-- [ RunTime:0.000301s ]
NOTIC: [2] Missing argument 2 for Admin\Model\AdminModel::__construct(), called in /mnt/www/html/huangwei/tmls/ThinkPHP/Common/functions.php on line 588 and defined /mnt/www/html/huangwei/tmls/App/Admin/Model/AdminModel.class.php 第 8 行.
NOTIC: [2] Missing argument 3 for Admin\Model\AdminModel::__construct(), called in /mnt/www/html/huangwei/tmls/ThinkPHP/Common/functions.php on line 588 and defined /mnt/www/html/huangwei/tmls/App/Admin/Model/AdminModel.class.php 第 8 行.
NOTIC: [8] Undefined variable: tablePrefix /mnt/www/html/huangwei/tmls/App/Admin/Model/AdminModel.class.php 第 10 行.
NOTIC: [8] Undefined variable: connection /mnt/www/html/huangwei/tmls/App/Admin/Model/AdminModel.class.php 第 10 行.
SQL: SHOW COLUMNS FROM `admin` [ RunTime:0.0005s ]
INFO: [ view_parse ] --START--
INFO: [ template_filter ] --START--
INFO: Run Behavior\ContentReplaceBehavior [ RunTime:0.000047s ]
INFO: [ template_filter ] --END-- [ RunTime:0.000080s ]
INFO: Run Behavior\ParseTemplateBehavior [ RunTime:0.006094s ]
INFO: [ view_parse ] --END-- [ RunTime:0.006127s ]
INFO: [ view_filter ] --START--
INFO: Run Behavior\WriteHtmlCacheBehavior [ RunTime:0.000110s ]
INFO: [ view_filter ] --END-- [ RunTime:0.000135s ]
INFO: [ app_end ] --START--
INFO: Run Behavior\ShowPageTraceBehavior [ RunTime:0.000262s ]
INFO: [ app_end ] --END-- [ RunTime:0.000291s ]

[ 2017-05-31T10:47:26+08:00 ] 223.93.158.132 /Admin/index/welcome.html
INFO: [ app_init ] --START--
INFO: Run Behavior\BuildLiteBehavior [ RunTime:0.000009s ]
INFO: [ app_init ] --END-- [ RunTime:0.000210s ]
INFO: [ app_begin ] --START--
INFO: Run Behavior\ReadHtmlCacheBehavior [ RunTime:0.000284s ]
INFO: [ app_begin ] --END-- [ RunTime:0.000318s ]
NOTIC: [2] Missing argument 2 for Admin\Model\AdminModel::__construct(), called in /mnt/www/html/huangwei/tmls/ThinkPHP/Common/functions.php on line 588 and defined /mnt/www/html/huangwei/tmls/App/Admin/Model/AdminModel.class.php 第 8 行.
NOTIC: [2] Missing argument 3 for Admin\Model\AdminModel::__construct(), called in /mnt/www/html/huangwei/tmls/ThinkPHP/Common/functions.php on line 588 and defined /mnt/www/html/huangwei/tmls/App/Admin/Model/AdminModel.class.php 第 8 行.
NOTIC: [8] Undefined variable: tablePrefix /mnt/www/html/huangwei/tmls/App/Admin/Model/AdminModel.class.php 第 10 行.
NOTIC: [8] Undefined variable: connection /mnt/www/html/huangwei/tmls/App/Admin/Model/AdminModel.class.php 第 10 行.
SQL: SHOW COLUMNS FROM `admin` [ RunTime:0.0004s ]
INFO: [ view_parse ] --START--
INFO: [ template_filter ] --START--
INFO: Run Behavior\ContentReplaceBehavior [ RunTime:0.000028s ]
INFO: [ template_filter ] --END-- [ RunTime:0.000062s ]
INFO: Run Behavior\ParseTemplateBehavior [ RunTime:0.002826s ]
INFO: [ view_parse ] --END-- [ RunTime:0.002860s ]
INFO: [ view_filter ] --START--
INFO: Run Behavior\WriteHtmlCacheBehavior [ RunTime:0.000099s ]
INFO: [ view_filter ] --END-- [ RunTime:0.000123s ]
INFO: [ app_end ] --START--
INFO: Run Behavior\ShowPageTraceBehavior [ RunTime:0.000315s ]
INFO: [ app_end ] --END-- [ RunTime:0.000343s ]

[ 2017-05-31T10:47:26+08:00 ] 223.93.158.132 /admin/index/kefu?_=1496198781779
INFO: [ app_init ] --START--
INFO: Run Behavior\BuildLiteBehavior [ RunTime:0.000010s ]
INFO: [ app_init ] --END-- [ RunTime:0.000226s ]
INFO: [ app_begin ] --START--
INFO: Run Behavior\ReadHtmlCacheBehavior [ RunTime:0.000273s ]
INFO: [ app_begin ] --END-- [ RunTime:0.000304s ]
NOTIC: [2] Missing argument 2 for Admin\Model\AdminModel::__construct(), called in /mnt/www/html/huangwei/tmls/ThinkPHP/Common/functions.php on line 588 and defined /mnt/www/html/huangwei/tmls/App/Admin/Model/AdminModel.class.php 第 8 行.
NOTIC: [2] Missing argument 3 for Admin\Model\AdminModel::__construct(), called in /mnt/www/html/huangwei/tmls/ThinkPHP/Common/functions.php on line 588 and defined /mnt/www/html/huangwei/tmls/App/Admin/Model/AdminModel.class.php 第 8 行.
NOTIC: [8] Undefined variable: tablePrefix /mnt/www/html/huangwei/tmls/App/Admin/Model/AdminModel.class.php 第 10 行.
NOTIC: [8] Undefined variable: connection /mnt/www/html/huangwei/tmls/App/Admin/Model/AdminModel.class.php 第 10 行.
SQL: SHOW COLUMNS FROM `admin` [ RunTime:0.0005s ]

[ 2017-05-31T10:47:36+08:00 ] 223.93.158.132 /Admin/menu/edit.html
INFO: [ app_init ] --START--
INFO: Run Behavior\BuildLiteBehavior [ RunTime:0.000009s ]
INFO: [ app_init ] --END-- [ RunTime:0.000226s ]
INFO: [ app_begin ] --START--
INFO: Run Behavior\ReadHtmlCacheBehavior [ RunTime:0.000269s ]
INFO: [ app_begin ] --END-- [ RunTime:0.000302s ]
SQL: SHOW COLUMNS FROM `menu` [ RunTime:0.0006s ]
SQL: SHOW COLUMNS FROM `admin_group` [ RunTime:0.0003s ]
SQL: SELECT `rule` FROM `admin_group` WHERE `gid` = 3 LIMIT 1   [ RunTime:0.0002s ]
SQL: SHOW COLUMNS FROM `admin_rule` [ RunTime:0.0003s ]
SQL: SELECT `id` FROM `admin_rule` WHERE `identifying` = '/admin/Menu/edit' LIMIT 1   [ RunTime:0.0002s ]
SQL: SELECT * FROM `menu` WHERE `shopid` = 1 AND `pid` = 0  [ RunTime:0.0002s ]
SQL: SELECT * FROM `menu` WHERE `shopid` = 1 AND `pid` = 22  [ RunTime:0.0001s ]
SQL: SELECT * FROM `menu` WHERE `shopid` = 1 AND `pid` = 24  [ RunTime:0.0001s ]
SQL: SELECT * FROM `menu` WHERE `shopid` = 1 AND `pid` = 25  [ RunTime:0.0001s ]
INFO: [ view_parse ] --START--
INFO: [ template_filter ] --START--
INFO: Run Behavior\ContentReplaceBehavior [ RunTime:0.000037s ]
INFO: [ template_filter ] --END-- [ RunTime:0.000071s ]
INFO: Run Behavior\ParseTemplateBehavior [ RunTime:0.004173s ]
INFO: [ view_parse ] --END-- [ RunTime:0.004215s ]
INFO: [ view_filter ] --START--
INFO: Run Behavior\WriteHtmlCacheBehavior [ RunTime:0.000109s ]
INFO: [ view_filter ] --END-- [ RunTime:0.000148s ]
INFO: [ app_end ] --START--
INFO: Run Behavior\ShowPageTraceBehavior [ RunTime:0.000304s ]
INFO: [ app_end ] --END-- [ RunTime:0.000343s ]

[ 2017-05-31T14:04:08+08:00 ] 115.238.82.178 /Admin/index/login.html
INFO: [ app_init ] --START--
INFO: Run Behavior\BuildLiteBehavior [ RunTime:0.000009s ]
INFO: [ app_init ] --END-- [ RunTime:0.000216s ]
INFO: [ app_begin ] --START--
INFO: Run Behavior\ReadHtmlCacheBehavior [ RunTime:0.000273s ]
INFO: [ app_begin ] --END-- [ RunTime:0.000306s ]
NOTIC: [2] Missing argument 2 for Admin\Model\AdminModel::__construct(), called in /mnt/www/html/huangwei/tmls/ThinkPHP/Common/functions.php on line 588 and defined /mnt/www/html/huangwei/tmls/App/Admin/Model/AdminModel.class.php 第 8 行.
NOTIC: [2] Missing argument 3 for Admin\Model\AdminModel::__construct(), called in /mnt/www/html/huangwei/tmls/ThinkPHP/Common/functions.php on line 588 and defined /mnt/www/html/huangwei/tmls/App/Admin/Model/AdminModel.class.php 第 8 行.
NOTIC: [8] Undefined variable: tablePrefix /mnt/www/html/huangwei/tmls/App/Admin/Model/AdminModel.class.php 第 10 行.
NOTIC: [8] Undefined variable: connection /mnt/www/html/huangwei/tmls/App/Admin/Model/AdminModel.class.php 第 10 行.
SQL: SHOW COLUMNS FROM `admin` [ RunTime:0.0004s ]
INFO: [ view_parse ] --START--
INFO: [ template_filter ] --START--
INFO: Run Behavior\ContentReplaceBehavior [ RunTime:0.000028s ]
INFO: [ template_filter ] --END-- [ RunTime:0.000061s ]
INFO: Run Behavior\ParseTemplateBehavior [ RunTime:0.003043s ]
INFO: [ view_parse ] --END-- [ RunTime:0.003074s ]
INFO: [ view_filter ] --START--
INFO: Run Behavior\WriteHtmlCacheBehavior [ RunTime:0.000098s ]
INFO: [ view_filter ] --END-- [ RunTime:0.000121s ]
INFO: [ app_end ] --START--
INFO: Run Behavior\ShowPageTraceBehavior [ RunTime:0.000286s ]
INFO: [ app_end ] --END-- [ RunTime:0.000314s ]

[ 2017-05-31T14:04:16+08:00 ] 115.238.82.178 /admin/index/postlogin
INFO: [ app_init ] --START--
INFO: Run Behavior\BuildLiteBehavior [ RunTime:0.000010s ]
INFO: [ app_init ] --END-- [ RunTime:0.000237s ]
INFO: [ app_begin ] --START--
INFO: Run Behavior\ReadHtmlCacheBehavior [ RunTime:0.000289s ]
INFO: [ app_begin ] --END-- [ RunTime:0.000324s ]
NOTIC: [2] Missing argument 2 for Admin\Model\AdminModel::__construct(), called in /mnt/www/html/huangwei/tmls/ThinkPHP/Common/functions.php on line 588 and defined /mnt/www/html/huangwei/tmls/App/Admin/Model/AdminModel.class.php 第 8 行.
NOTIC: [2] Missing argument 3 for Admin\Model\AdminModel::__construct(), called in /mnt/www/html/huangwei/tmls/ThinkPHP/Common/functions.php on line 588 and defined /mnt/www/html/huangwei/tmls/App/Admin/Model/AdminModel.class.php 第 8 行.
NOTIC: [8] Undefined variable: tablePrefix /mnt/www/html/huangwei/tmls/App/Admin/Model/AdminModel.class.php 第 10 行.
NOTIC: [8] Undefined variable: connection /mnt/www/html/huangwei/tmls/App/Admin/Model/AdminModel.class.php 第 10 行.
SQL: SHOW COLUMNS FROM `admin` [ RunTime:0.0005s ]
NOTIC: [8] Undefined index: validate /mnt/www/html/huangwei/tmls/ThinkPHP/Library/Think/Model.class.php 第 1185 行.
NOTIC: [8] Undefined index: auto /mnt/www/html/huangwei/tmls/ThinkPHP/Library/Think/Model.class.php 第 1128 行.
SQL: SELECT * FROM `admin` WHERE `account` = 'admin' AND `password` = '25f9e794323b453885f5181f1b624d0b' LIMIT 1   [ RunTime:0.0001s ]

[ 2017-05-31T14:04:17+08:00 ] 115.238.82.178 /admin/index/center
INFO: [ app_init ] --START--
INFO: Run Behavior\BuildLiteBehavior [ RunTime:0.000010s ]
INFO: [ app_init ] --END-- [ RunTime:0.000246s ]
INFO: [ app_begin ] --START--
INFO: Run Behavior\ReadHtmlCacheBehavior [ RunTime:0.000285s ]
INFO: [ app_begin ] --END-- [ RunTime:0.000317s ]
NOTIC: [2] Missing argument 2 for Admin\Model\AdminModel::__construct(), called in /mnt/www/html/huangwei/tmls/ThinkPHP/Common/functions.php on line 588 and defined /mnt/www/html/huangwei/tmls/App/Admin/Model/AdminModel.class.php 第 8 行.
NOTIC: [2] Missing argument 3 for Admin\Model\AdminModel::__construct(), called in /mnt/www/html/huangwei/tmls/ThinkPHP/Common/functions.php on line 588 and defined /mnt/www/html/huangwei/tmls/App/Admin/Model/AdminModel.class.php 第 8 行.
NOTIC: [8] Undefined variable: tablePrefix /mnt/www/html/huangwei/tmls/App/Admin/Model/AdminModel.class.php 第 10 行.
NOTIC: [8] Undefined variable: connection /mnt/www/html/huangwei/tmls/App/Admin/Model/AdminModel.class.php 第 10 行.
SQL: SHOW COLUMNS FROM `admin` [ RunTime:0.0005s ]
INFO: [ view_parse ] --START--
INFO: [ template_filter ] --START--
INFO: Run Behavior\ContentReplaceBehavior [ RunTime:0.000046s ]
INFO: [ template_filter ] --END-- [ RunTime:0.000080s ]
INFO: Run Behavior\ParseTemplateBehavior [ RunTime:0.006120s ]
INFO: [ view_parse ] --END-- [ RunTime:0.006154s ]
INFO: [ view_filter ] --START--
INFO: Run Behavior\WriteHtmlCacheBehavior [ RunTime:0.000104s ]
INFO: [ view_filter ] --END-- [ RunTime:0.000129s ]
INFO: [ app_end ] --START--
INFO: Run Behavior\ShowPageTraceBehavior [ RunTime:0.000274s ]
INFO: [ app_end ] --END-- [ RunTime:0.000304s ]

[ 2017-05-31T14:04:17+08:00 ] 115.238.82.178 /Admin/index/welcome.html
INFO: [ app_init ] --START--
INFO: Run Behavior\BuildLiteBehavior [ RunTime:0.000009s ]
INFO: [ app_init ] --END-- [ RunTime:0.000244s ]
INFO: [ app_begin ] --START--
INFO: Run Behavior\ReadHtmlCacheBehavior [ RunTime:0.000316s ]
INFO: [ app_begin ] --END-- [ RunTime:0.000351s ]
NOTIC: [2] Missing argument 2 for Admin\Model\AdminModel::__construct(), called in /mnt/www/html/huangwei/tmls/ThinkPHP/Common/functions.php on line 588 and defined /mnt/www/html/huangwei/tmls/App/Admin/Model/AdminModel.class.php 第 8 行.
NOTIC: [2] Missing argument 3 for Admin\Model\AdminModel::__construct(), called in /mnt/www/html/huangwei/tmls/ThinkPHP/Common/functions.php on line 588 and defined /mnt/www/html/huangwei/tmls/App/Admin/Model/AdminModel.class.php 第 8 行.
NOTIC: [8] Undefined variable: tablePrefix /mnt/www/html/huangwei/tmls/App/Admin/Model/AdminModel.class.php 第 10 行.
NOTIC: [8] Undefined variable: connection /mnt/www/html/huangwei/tmls/App/Admin/Model/AdminModel.class.php 第 10 行.
SQL: SHOW COLUMNS FROM `admin` [ RunTime:0.0005s ]
INFO: [ view_parse ] --START--
INFO: [ template_filter ] --START--
INFO: Run Behavior\ContentReplaceBehavior [ RunTime:0.000029s ]
INFO: [ template_filter ] --END-- [ RunTime:0.000062s ]
INFO: Run Behavior\ParseTemplateBehavior [ RunTime:0.002788s ]
INFO: [ view_parse ] --END-- [ RunTime:0.002821s ]
INFO: [ view_filter ] --START--
INFO: Run Behavior\WriteHtmlCacheBehavior [ RunTime:0.000107s ]
INFO: [ view_filter ] --END-- [ RunTime:0.000130s ]
INFO: [ app_end ] --START--
INFO: Run Behavior\ShowPageTraceBehavior [ RunTime:0.000303s ]
INFO: [ app_end ] --END-- [ RunTime:0.000331s ]

[ 2017-05-31T14:04:17+08:00 ] 115.238.82.178 /admin/index/kefu?_=1496210664689
INFO: [ app_init ] --START--
INFO: Run Behavior\BuildLiteBehavior [ RunTime:0.000010s ]
INFO: [ app_init ] --END-- [ RunTime:0.000221s ]
INFO: [ app_begin ] --START--
INFO: Run Behavior\ReadHtmlCacheBehavior [ RunTime:0.000273s ]
INFO: [ app_begin ] --END-- [ RunTime:0.000304s ]
NOTIC: [2] Missing argument 2 for Admin\Model\AdminModel::__construct(), called in /mnt/www/html/huangwei/tmls/ThinkPHP/Common/functions.php on line 588 and defined /mnt/www/html/huangwei/tmls/App/Admin/Model/AdminModel.class.php 第 8 行.
NOTIC: [2] Missing argument 3 for Admin\Model\AdminModel::__construct(), called in /mnt/www/html/huangwei/tmls/ThinkPHP/Common/functions.php on line 588 and defined /mnt/www/html/huangwei/tmls/App/Admin/Model/AdminModel.class.php 第 8 行.
NOTIC: [8] Undefined variable: tablePrefix /mnt/www/html/huangwei/tmls/App/Admin/Model/AdminModel.class.php 第 10 行.
NOTIC: [8] Undefined variable: connection /mnt/www/html/huangwei/tmls/App/Admin/Model/AdminModel.class.php 第 10 行.
SQL: SHOW COLUMNS FROM `admin` [ RunTime:0.0005s ]

[ 2017-05-31T14:04:21+08:00 ] 115.238.82.178 /Admin/article/lists.html
INFO: [ app_init ] --START--
INFO: Run Behavior\BuildLiteBehavior [ RunTime:0.000010s ]
INFO: [ app_init ] --END-- [ RunTime:0.000227s ]
INFO: [ app_begin ] --START--
INFO: Run Behavior\ReadHtmlCacheBehavior [ RunTime:0.000326s ]
INFO: [ app_begin ] --END-- [ RunTime:0.000360s ]
SQL: SHOW COLUMNS FROM `article` [ RunTime:0.0006s ]
SQL: SHOW COLUMNS FROM `admin_group` [ RunTime:0.0003s ]
SQL: SELECT `rule` FROM `admin_group` WHERE `gid` = 3 LIMIT 1   [ RunTime:0.0001s ]
SQL: SHOW COLUMNS FROM `admin_rule` [ RunTime:0.0003s ]
SQL: SELECT `id` FROM `admin_rule` WHERE `identifying` = '/admin/Article/lists' LIMIT 1   [ RunTime:0.0002s ]
SQL: SELECT COUNT(*) AS tp_count FROM `article` WHERE `shopid` = 1 LIMIT 1   [ RunTime:0.0001s ]
SQL: SELECT * FROM `article` WHERE `shopid` = 1 LIMIT 0,10   [ RunTime:0.0002s ]
INFO: [ view_parse ] --START--
INFO: [ template_filter ] --START--
INFO: Run Behavior\ContentReplaceBehavior [ RunTime:0.000032s ]
INFO: [ template_filter ] --END-- [ RunTime:0.000065s ]
INFO: Run Behavior\ParseTemplateBehavior [ RunTime:0.003474s ]
INFO: [ view_parse ] --END-- [ RunTime:0.003532s ]
INFO: [ view_filter ] --START--
INFO: Run Behavior\WriteHtmlCacheBehavior [ RunTime:0.000105s ]
INFO: [ view_filter ] --END-- [ RunTime:0.000130s ]
INFO: [ app_end ] --START--
INFO: Run Behavior\ShowPageTraceBehavior [ RunTime:0.000288s ]
INFO: [ app_end ] --END-- [ RunTime:0.000318s ]

[ 2017-05-31T14:04:24+08:00 ] 115.238.82.178 /admin/Article/edit/?id=1
INFO: [ app_init ] --START--
INFO: Run Behavior\BuildLiteBehavior [ RunTime:0.000010s ]
INFO: [ app_init ] --END-- [ RunTime:0.000223s ]
INFO: [ app_begin ] --START--
INFO: Run Behavior\ReadHtmlCacheBehavior [ RunTime:0.000267s ]
INFO: [ app_begin ] --END-- [ RunTime:0.000298s ]
SQL: SHOW COLUMNS FROM `article` [ RunTime:0.0005s ]
SQL: SHOW COLUMNS FROM `admin_group` [ RunTime:0.0003s ]
SQL: SELECT `rule` FROM `admin_group` WHERE `gid` = 3 LIMIT 1   [ RunTime:0.0001s ]
SQL: SHOW COLUMNS FROM `admin_rule` [ RunTime:0.0003s ]
SQL: SELECT `id` FROM `admin_rule` WHERE `identifying` = '/admin/Article/edit' LIMIT 1   [ RunTime:0.0002s ]
SQL: SELECT * FROM `article` WHERE `shopid` = 1 AND `articleid` = 1 LIMIT 1   [ RunTime:0.0002s ]
INFO: [ view_parse ] --START--
INFO: [ template_filter ] --START--
INFO: Run Behavior\ContentReplaceBehavior [ RunTime:0.000035s ]
INFO: [ template_filter ] --END-- [ RunTime:0.000067s ]
INFO: Run Behavior\ParseTemplateBehavior [ RunTime:0.003764s ]
INFO: [ view_parse ] --END-- [ RunTime:0.003798s ]
INFO: [ view_filter ] --START--
INFO: Run Behavior\WriteHtmlCacheBehavior [ RunTime:0.000096s ]
INFO: [ view_filter ] --END-- [ RunTime:0.000118s ]
INFO: [ app_end ] --START--
INFO: Run Behavior\ShowPageTraceBehavior [ RunTime:0.000269s ]
INFO: [ app_end ] --END-- [ RunTime:0.000296s ]

[ 2017-05-31T14:04:40+08:00 ] 115.238.82.178 /Admin/carousel/lists.html
INFO: [ app_init ] --START--
INFO: Run Behavior\BuildLiteBehavior [ RunTime:0.000009s ]
INFO: [ app_init ] --END-- [ RunTime:0.000216s ]
INFO: [ app_begin ] --START--
INFO: Run Behavior\ReadHtmlCacheBehavior [ RunTime:0.000285s ]
INFO: [ app_begin ] --END-- [ RunTime:0.000318s ]
NOTIC: [2] Missing argument 2 for Admin\Model\CarouselModel::__construct(), called in /mnt/www/html/huangwei/tmls/ThinkPHP/Common/functions.php on line 588 and defined /mnt/www/html/huangwei/tmls/App/Admin/Model/CarouselModel.class.php 第 9 行.
NOTIC: [2] Missing argument 3 for Admin\Model\CarouselModel::__construct(), called in /mnt/www/html/huangwei/tmls/ThinkPHP/Common/functions.php on line 588 and defined /mnt/www/html/huangwei/tmls/App/Admin/Model/CarouselModel.class.php 第 9 行.
NOTIC: [8] Undefined variable: tablePrefix /mnt/www/html/huangwei/tmls/App/Admin/Model/CarouselModel.class.php 第 11 行.
NOTIC: [8] Undefined variable: connection /mnt/www/html/huangwei/tmls/App/Admin/Model/CarouselModel.class.php 第 11 行.
SQL: SHOW COLUMNS FROM `carousel` [ RunTime:0.0005s ]
SQL: SHOW COLUMNS FROM `admin_group` [ RunTime:0.0003s ]
SQL: SELECT `rule` FROM `admin_group` WHERE `gid` = 3 LIMIT 1   [ RunTime:0.0002s ]
SQL: SHOW COLUMNS FROM `admin_rule` [ RunTime:0.0003s ]
SQL: SELECT `id` FROM `admin_rule` WHERE `identifying` = '/admin/Carousel/lists' LIMIT 1   [ RunTime:0.0003s ]
SQL: SELECT COUNT(*) AS tp_count FROM `carousel` WHERE `shopid` = 1 LIMIT 1   [ RunTime:0.0003s ]
SQL: SELECT * FROM `carousel` WHERE `shopid` = 1 LIMIT 0,10   [ RunTime:0.0002s ]
SQL: SHOW COLUMNS FROM `carousel_extend` [ RunTime:0.0004s ]
SQL: SELECT `name` FROM `carousel_extend` WHERE ( 1=1 AND extendid='1' ) LIMIT 1   [ RunTime:0.0002s ]
SQL: SELECT `name` FROM `carousel_extend` WHERE ( 1=1 AND extendid='2' ) LIMIT 1   [ RunTime:0.0002s ]
SQL: SELECT `name` FROM `carousel_extend` WHERE ( 1=1 AND extendid='3' ) LIMIT 1   [ RunTime:0.0002s ]
SQL: SELECT `name` FROM `carousel_extend` WHERE ( 1=1 AND extendid='4' ) LIMIT 1   [ RunTime:0.0001s ]
SQL: SELECT `name` FROM `carousel_extend` WHERE ( 1=1 AND extendid='1' ) LIMIT 1   [ RunTime:0.0001s ]
SQL: SELECT `name` FROM `carousel_extend` WHERE ( 1=1 AND extendid='1' ) LIMIT 1   [ RunTime:0.0001s ]
INFO: [ view_parse ] --START--
INFO: [ template_filter ] --START--
INFO: Run Behavior\ContentReplaceBehavior [ RunTime:0.000041s ]
INFO: [ template_filter ] --END-- [ RunTime:0.000072s ]
INFO: Run Behavior\ParseTemplateBehavior [ RunTime:0.003865s ]
INFO: [ view_parse ] --END-- [ RunTime:0.003906s ]
INFO: [ view_filter ] --START--
INFO: Run Behavior\WriteHtmlCacheBehavior [ RunTime:0.000098s ]
INFO: [ view_filter ] --END-- [ RunTime:0.000120s ]
INFO: [ app_end ] --START--
INFO: Run Behavior\ShowPageTraceBehavior [ RunTime:0.000283s ]
INFO: [ app_end ] --END-- [ RunTime:0.000315s ]

[ 2017-05-31T14:04:45+08:00 ] 115.238.82.178 /Admin/Custom/index.html
INFO: [ app_init ] --START--
INFO: Run Behavior\BuildLiteBehavior [ RunTime:0.000009s ]
INFO: [ app_init ] --END-- [ RunTime:0.000216s ]
INFO: [ app_begin ] --START--
INFO: Run Behavior\ReadHtmlCacheBehavior [ RunTime:0.000267s ]
INFO: [ app_begin ] --END-- [ RunTime:0.000300s ]
SQL: SHOW COLUMNS FROM `admin_group` [ RunTime:0.0005s ]
SQL: SELECT `rule` FROM `admin_group` WHERE `gid` = 3 LIMIT 1   [ RunTime:0.0001s ]
SQL: SHOW COLUMNS FROM `admin_rule` [ RunTime:0.0003s ]
SQL: SELECT `id` FROM `admin_rule` WHERE `identifying` = '/admin/Custom/index' LIMIT 1   [ RunTime:0.0002s ]
SQL: SHOW COLUMNS FROM `custom_page` [ RunTime:0.0003s ]
SQL: SELECT * FROM `custom_page` LIMIT 1   [ RunTime:0.0001s ]
INFO: [ view_parse ] --START--
INFO: [ template_filter ] --START--
INFO: Run Behavior\ContentReplaceBehavior [ RunTime:0.000044s ]
INFO: [ template_filter ] --END-- [ RunTime:0.000092s ]
INFO: Run Behavior\ParseTemplateBehavior [ RunTime:0.088345s ]
INFO: [ view_parse ] --END-- [ RunTime:0.088378s ]
INFO: [ view_filter ] --START--
INFO: Run Behavior\WriteHtmlCacheBehavior [ RunTime:0.000099s ]
INFO: [ view_filter ] --END-- [ RunTime:0.000121s ]
INFO: [ app_end ] --START--
INFO: Run Behavior\ShowPageTraceBehavior [ RunTime:0.000269s ]
INFO: [ app_end ] --END-- [ RunTime:0.000298s ]

[ 2017-05-31T14:04:53+08:00 ] 115.238.82.178 /Admin/commodity/lists.html
INFO: [ app_init ] --START--
INFO: Run Behavior\BuildLiteBehavior [ RunTime:0.000010s ]
INFO: [ app_init ] --END-- [ RunTime:0.000265s ]
INFO: [ app_begin ] --START--
INFO: Run Behavior\ReadHtmlCacheBehavior [ RunTime:0.000268s ]
INFO: [ app_begin ] --END-- [ RunTime:0.000302s ]
NOTIC: [2] Missing argument 2 for Admin\Model\CommodityModel::__construct(), called in /mnt/www/html/huangwei/tmls/ThinkPHP/Common/functions.php on line 588 and defined /mnt/www/html/huangwei/tmls/App/Admin/Model/CommodityModel.class.php 第 11 行.
NOTIC: [2] Missing argument 3 for Admin\Model\CommodityModel::__construct(), called in /mnt/www/html/huangwei/tmls/ThinkPHP/Common/functions.php on line 588 and defined /mnt/www/html/huangwei/tmls/App/Admin/Model/CommodityModel.class.php 第 11 行.
NOTIC: [8] Undefined variable: tablePrefix /mnt/www/html/huangwei/tmls/App/Admin/Model/CommodityModel.class.php 第 13 行.
NOTIC: [8] Undefined variable: connection /mnt/www/html/huangwei/tmls/App/Admin/Model/CommodityModel.class.php 第 13 行.
SQL: SHOW COLUMNS FROM `commodity` [ RunTime:0.0006s ]
SQL: SHOW COLUMNS FROM `admin_group` [ RunTime:0.0004s ]
SQL: SELECT `rule` FROM `admin_group` WHERE `gid` = 3 LIMIT 1   [ RunTime:0.0001s ]
SQL: SHOW COLUMNS FROM `admin_rule` [ RunTime:0.0004s ]
SQL: SELECT `id` FROM `admin_rule` WHERE `identifying` = '/admin/Commodity/lists' LIMIT 1   [ RunTime:0.0002s ]
NOTIC: [8] Undefined index: type /mnt/www/html/huangwei/tmls/App/Admin/Controller/CommodityController.class.php 第 22 行.
NOTIC: [8] Undefined index: type /mnt/www/html/huangwei/tmls/App/Admin/Controller/CommodityController.class.php 第 24 行.
NOTIC: [8] Undefined index: type /mnt/www/html/huangwei/tmls/App/Admin/Controller/CommodityController.class.php 第 26 行.
SQL: SELECT COUNT(*) AS tp_count FROM `commodity` WHERE `shopid` = 1 AND `type` = 1 LIMIT 1   [ RunTime:0.0002s ]
SQL: SELECT * FROM `commodity` WHERE `shopid` = 1 AND `type` = 1 ORDER BY commodityid desc LIMIT 0,20   [ RunTime:0.0004s ]
SQL: SHOW COLUMNS FROM `commodity_sku` [ RunTime:0.0004s ]
SQL: SELECT SUM(stock) AS tp_sum FROM `commodity_sku` WHERE `commodityid` = 82 LIMIT 1   [ RunTime:0.0002s ]
SQL: SELECT SUM(stock) AS tp_sum FROM `commodity_sku` WHERE `commodityid` = 81 LIMIT 1   [ RunTime:0.0002s ]
SQL: SELECT SUM(stock) AS tp_sum FROM `commodity_sku` WHERE `commodityid` = 80 LIMIT 1   [ RunTime:0.0002s ]
SQL: SELECT SUM(stock) AS tp_sum FROM `commodity_sku` WHERE `commodityid` = 79 LIMIT 1   [ RunTime:0.0002s ]
SQL: SELECT SUM(stock) AS tp_sum FROM `commodity_sku` WHERE `commodityid` = 78 LIMIT 1   [ RunTime:0.0002s ]
SQL: SELECT SUM(stock) AS tp_sum FROM `commodity_sku` WHERE `commodityid` = 77 LIMIT 1   [ RunTime:0.0001s ]
SQL: SELECT SUM(stock) AS tp_sum FROM `commodity_sku` WHERE `commodityid` = 76 LIMIT 1   [ RunTime:0.0001s ]
SQL: SELECT SUM(stock) AS tp_sum FROM `commodity_sku` WHERE `commodityid` = 75 LIMIT 1   [ RunTime:0.0001s ]
SQL: SELECT SUM(stock) AS tp_sum FROM `commodity_sku` WHERE `commodityid` = 74 LIMIT 1   [ RunTime:0.0001s ]
SQL: SELECT SUM(stock) AS tp_sum FROM `commodity_sku` WHERE `commodityid` = 73 LIMIT 1   [ RunTime:0.0001s ]
SQL: SELECT SUM(stock) AS tp_sum FROM `commodity_sku` WHERE `commodityid` = 72 LIMIT 1   [ RunTime:0.0001s ]
SQL: SELECT SUM(stock) AS tp_sum FROM `commodity_sku` WHERE `commodityid` = 71 LIMIT 1   [ RunTime:0.0001s ]
SQL: SELECT SUM(stock) AS tp_sum FROM `commodity_sku` WHERE `commodityid` = 70 LIMIT 1   [ RunTime:0.0001s ]
SQL: SELECT SUM(stock) AS tp_sum FROM `commodity_sku` WHERE `commodityid` = 69 LIMIT 1   [ RunTime:0.0002s ]
SQL: SELECT SUM(stock) AS tp_sum FROM `commodity_sku` WHERE `commodityid` = 68 LIMIT 1   [ RunTime:0.0002s ]
SQL: SELECT SUM(stock) AS tp_sum FROM `commodity_sku` WHERE `commodityid` = 67 LIMIT 1   [ RunTime:0.0001s ]
SQL: SELECT SUM(stock) AS tp_sum FROM `commodity_sku` WHERE `commodityid` = 66 LIMIT 1   [ RunTime:0.0001s ]
SQL: SELECT SUM(stock) AS tp_sum FROM `commodity_sku` WHERE `commodityid` = 65 LIMIT 1   [ RunTime:0.0001s ]
SQL: SELECT SUM(stock) AS tp_sum FROM `commodity_sku` WHERE `commodityid` = 64 LIMIT 1   [ RunTime:0.0001s ]
SQL: SELECT SUM(stock) AS tp_sum FROM `commodity_sku` WHERE `commodityid` = 63 LIMIT 1   [ RunTime:0.0002s ]
INFO: [ view_parse ] --START--
INFO: [ template_filter ] --START--
INFO: Run Behavior\ContentReplaceBehavior [ RunTime:0.000050s ]
INFO: [ template_filter ] --END-- [ RunTime:0.000086s ]
NOTIC: [8] Undefined index: type /mnt/www/html/huangwei/tmls/Runtime/Cache/Admin/5e1711e547ad8ef9b61b9e48bdd43b61.php 第 40 行.
NOTIC: [8] Undefined index: type /mnt/www/html/huangwei/tmls/Runtime/Cache/Admin/5e1711e547ad8ef9b61b9e48bdd43b61.php 第 41 行.
NOTIC: [8] Undefined index: type /mnt/www/html/huangwei/tmls/Runtime/Cache/Admin/5e1711e547ad8ef9b61b9e48bdd43b61.php 第 42 行.
INFO: Run Behavior\ParseTemplateBehavior [ RunTime:0.004867s ]
INFO: [ view_parse ] --END-- [ RunTime:0.004898s ]
INFO: [ view_filter ] --START--
INFO: Run Behavior\WriteHtmlCacheBehavior [ RunTime:0.000105s ]
INFO: [ view_filter ] --END-- [ RunTime:0.000130s ]
INFO: [ app_end ] --START--
INFO: Run Behavior\ShowPageTraceBehavior [ RunTime:0.000306s ]
INFO: [ app_end ] --END-- [ RunTime:0.000339s ]

[ 2017-05-31T14:05:06+08:00 ] 115.238.82.178 /admin/Commodity/edit/?id=64
INFO: [ app_init ] --START--
INFO: Run Behavior\BuildLiteBehavior [ RunTime:0.000012s ]
INFO: [ app_init ] --END-- [ RunTime:0.000245s ]
INFO: [ app_begin ] --START--
INFO: Run Behavior\ReadHtmlCacheBehavior [ RunTime:0.000268s ]
INFO: [ app_begin ] --END-- [ RunTime:0.000300s ]
NOTIC: [2] Missing argument 2 for Admin\Model\CommodityModel::__construct(), called in /mnt/www/html/huangwei/tmls/ThinkPHP/Common/functions.php on line 588 and defined /mnt/www/html/huangwei/tmls/App/Admin/Model/CommodityModel.class.php 第 11 行.
NOTIC: [2] Missing argument 3 for Admin\Model\CommodityModel::__construct(), called in /mnt/www/html/huangwei/tmls/ThinkPHP/Common/functions.php on line 588 and defined /mnt/www/html/huangwei/tmls/App/Admin/Model/CommodityModel.class.php 第 11 行.
NOTIC: [8] Undefined variable: tablePrefix /mnt/www/html/huangwei/tmls/App/Admin/Model/CommodityModel.class.php 第 13 行.
NOTIC: [8] Undefined variable: connection /mnt/www/html/huangwei/tmls/App/Admin/Model/CommodityModel.class.php 第 13 行.
SQL: SHOW COLUMNS FROM `commodity` [ RunTime:0.0006s ]
SQL: SHOW COLUMNS FROM `admin_group` [ RunTime:0.0004s ]
SQL: SELECT `rule` FROM `admin_group` WHERE `gid` = 3 LIMIT 1   [ RunTime:0.0001s ]
SQL: SHOW COLUMNS FROM `admin_rule` [ RunTime:0.0003s ]
SQL: SELECT `id` FROM `admin_rule` WHERE `identifying` = '/admin/Commodity/edit' LIMIT 1   [ RunTime:0.0002s ]
SQL: SHOW COLUMNS FROM `carriage` [ RunTime:0.0004s ]
SQL: SELECT `carriageid`,`title` FROM `carriage` WHERE `shopid` = 1  [ RunTime:0.0002s ]
SQL: SELECT * FROM `commodity` WHERE `commodityid` = 64 LIMIT 1   [ RunTime:0.0003s ]
SQL: SHOW COLUMNS FROM `commodity_sku` [ RunTime:0.0004s ]
SQL: SELECT * FROM `commodity_sku` WHERE `commodityid` = 64  [ RunTime:0.0003s ]
NOTIC: [2] Missing argument 2 for Admin\Model\SpecificationsModel::__construct(), called in /mnt/www/html/huangwei/tmls/ThinkPHP/Common/functions.php on line 588 and defined /mnt/www/html/huangwei/tmls/App/Admin/Model/SpecificationsModel.class.php 第 9 行.
NOTIC: [2] Missing argument 3 for Admin\Model\SpecificationsModel::__construct(), called in /mnt/www/html/huangwei/tmls/ThinkPHP/Common/functions.php on line 588 and defined /mnt/www/html/huangwei/tmls/App/Admin/Model/SpecificationsModel.class.php 第 9 行.
NOTIC: [8] Undefined variable: tablePrefix /mnt/www/html/huangwei/tmls/App/Admin/Model/SpecificationsModel.class.php 第 11 行.
NOTIC: [8] Undefined variable: connection /mnt/www/html/huangwei/tmls/App/Admin/Model/SpecificationsModel.class.php 第 11 行.
SQL: SHOW COLUMNS FROM `specifications` [ RunTime:0.0004s ]
SQL: SELECT * FROM `specifications` WHERE `shopid` = 1  [ RunTime:0.0002s ]
NOTIC: [2] Missing argument 2 for Admin\Model\ClassifyModel::__construct(), called in /mnt/www/html/huangwei/tmls/ThinkPHP/Common/functions.php on line 588 and defined /mnt/www/html/huangwei/tmls/App/Admin/Model/ClassifyModel.class.php 第 8 行.
NOTIC: [2] Missing argument 3 for Admin\Model\ClassifyModel::__construct(), called in /mnt/www/html/huangwei/tmls/ThinkPHP/Common/functions.php on line 588 and defined /mnt/www/html/huangwei/tmls/App/Admin/Model/ClassifyModel.class.php 第 8 行.
NOTIC: [8] Undefined variable: tablePrefix /mnt/www/html/huangwei/tmls/App/Admin/Model/ClassifyModel.class.php 第 10 行.
NOTIC: [8] Undefined variable: connection /mnt/www/html/huangwei/tmls/App/Admin/Model/ClassifyModel.class.php 第 10 行.
SQL: SHOW COLUMNS FROM `classify` [ RunTime:0.0004s ]
SQL: SELECT * FROM `classify` WHERE `shopid` = 1 AND `pid` = 0  [ RunTime:0.0003s ]
SQL: SELECT * FROM `classify` WHERE `shopid` = 1 AND `pid` = 21  [ RunTime:0.0002s ]
SQL: SELECT * FROM `classify` WHERE `shopid` = 1 AND `pid` = 22  [ RunTime:0.0001s ]
SQL: SELECT * FROM `classify` WHERE `shopid` = 1 AND `pid` = 23  [ RunTime:0.0001s ]
INFO: [ view_parse ] --START--
INFO: [ template_filter ] --START--
INFO: Run Behavior\ContentReplaceBehavior [ RunTime:0.000073s ]
INFO: [ template_filter ] --END-- [ RunTime:0.000112s ]
INFO: Run Behavior\ParseTemplateBehavior [ RunTime:0.009056s ]
INFO: [ view_parse ] --END-- [ RunTime:0.009104s ]
INFO: [ view_filter ] --START--
INFO: Run Behavior\WriteHtmlCacheBehavior [ RunTime:0.000146s ]
INFO: [ view_filter ] --END-- [ RunTime:0.000172s ]
INFO: [ app_end ] --START--
INFO: Run Behavior\ShowPageTraceBehavior [ RunTime:0.000273s ]
INFO: [ app_end ] --END-- [ RunTime:0.000315s ]

[ 2017-05-31T15:35:30+08:00 ] 115.238.82.178 /Admin/index/login.html
INFO: [ app_init ] --START--
INFO: Run Behavior\BuildLiteBehavior [ RunTime:0.000011s ]
INFO: [ app_init ] --END-- [ RunTime:0.000239s ]
INFO: [ app_begin ] --START--
INFO: Run Behavior\ReadHtmlCacheBehavior [ RunTime:0.000277s ]
INFO: [ app_begin ] --END-- [ RunTime:0.000311s ]
NOTIC: [2] Missing argument 2 for Admin\Model\AdminModel::__construct(), called in /mnt/www/html/huangwei/tmls/ThinkPHP/Common/functions.php on line 588 and defined /mnt/www/html/huangwei/tmls/App/Admin/Model/AdminModel.class.php 第 8 行.
NOTIC: [2] Missing argument 3 for Admin\Model\AdminModel::__construct(), called in /mnt/www/html/huangwei/tmls/ThinkPHP/Common/functions.php on line 588 and defined /mnt/www/html/huangwei/tmls/App/Admin/Model/AdminModel.class.php 第 8 行.
NOTIC: [8] Undefined variable: tablePrefix /mnt/www/html/huangwei/tmls/App/Admin/Model/AdminModel.class.php 第 10 行.
NOTIC: [8] Undefined variable: connection /mnt/www/html/huangwei/tmls/App/Admin/Model/AdminModel.class.php 第 10 行.
SQL: SHOW COLUMNS FROM `admin` [ RunTime:0.0005s ]
INFO: [ view_parse ] --START--
INFO: [ template_filter ] --START--
INFO: Run Behavior\ContentReplaceBehavior [ RunTime:0.000035s ]
INFO: [ template_filter ] --END-- [ RunTime:0.000071s ]
INFO: Run Behavior\ParseTemplateBehavior [ RunTime:0.003364s ]
INFO: [ view_parse ] --END-- [ RunTime:0.003398s ]
INFO: [ view_filter ] --START--
INFO: Run Behavior\WriteHtmlCacheBehavior [ RunTime:0.000101s ]
INFO: [ view_filter ] --END-- [ RunTime:0.000126s ]
INFO: [ app_end ] --START--
INFO: Run Behavior\ShowPageTraceBehavior [ RunTime:0.000286s ]
INFO: [ app_end ] --END-- [ RunTime:0.000317s ]

[ 2017-05-31T15:35:39+08:00 ] 115.238.82.178 /admin/index/postlogin
INFO: [ app_init ] --START--
INFO: Run Behavior\BuildLiteBehavior [ RunTime:0.000011s ]
INFO: [ app_init ] --END-- [ RunTime:0.000287s ]
INFO: [ app_begin ] --START--
INFO: Run Behavior\ReadHtmlCacheBehavior [ RunTime:0.000285s ]
INFO: [ app_begin ] --END-- [ RunTime:0.000324s ]
NOTIC: [2] Missing argument 2 for Admin\Model\AdminModel::__construct(), called in /mnt/www/html/huangwei/tmls/ThinkPHP/Common/functions.php on line 588 and defined /mnt/www/html/huangwei/tmls/App/Admin/Model/AdminModel.class.php 第 8 行.
NOTIC: [2] Missing argument 3 for Admin\Model\AdminModel::__construct(), called in /mnt/www/html/huangwei/tmls/ThinkPHP/Common/functions.php on line 588 and defined /mnt/www/html/huangwei/tmls/App/Admin/Model/AdminModel.class.php 第 8 行.
NOTIC: [8] Undefined variable: tablePrefix /mnt/www/html/huangwei/tmls/App/Admin/Model/AdminModel.class.php 第 10 行.
NOTIC: [8] Undefined variable: connection /mnt/www/html/huangwei/tmls/App/Admin/Model/AdminModel.class.php 第 10 行.
SQL: SHOW COLUMNS FROM `admin` [ RunTime:0.0005s ]
NOTIC: [8] Undefined index: validate /mnt/www/html/huangwei/tmls/ThinkPHP/Library/Think/Model.class.php 第 1185 行.
NOTIC: [8] Undefined index: auto /mnt/www/html/huangwei/tmls/ThinkPHP/Library/Think/Model.class.php 第 1128 行.
SQL: SELECT * FROM `admin` WHERE `account` = 'admin' AND `password` = '25d55ad283aa400af464c76d713c07ad' LIMIT 1   [ RunTime:0.0002s ]
INFO: [ view_parse ] --START--
INFO: [ template_filter ] --START--
INFO: Run Behavior\ContentReplaceBehavior [ RunTime:0.000031s ]
INFO: [ template_filter ] --END-- [ RunTime:0.000068s ]
INFO: Run Behavior\ParseTemplateBehavior [ RunTime:0.003487s ]
INFO: [ view_parse ] --END-- [ RunTime:0.003521s ]
INFO: [ view_filter ] --START--
INFO: Run Behavior\WriteHtmlCacheBehavior [ RunTime:0.000101s ]
INFO: [ view_filter ] --END-- [ RunTime:0.000123s ]

[ 2017-05-31T15:35:42+08:00 ] 115.238.82.178 /admin/index/login
INFO: [ app_init ] --START--
INFO: Run Behavior\BuildLiteBehavior [ RunTime:0.000012s ]
INFO: [ app_init ] --END-- [ RunTime:0.000228s ]
INFO: [ app_begin ] --START--
INFO: Run Behavior\ReadHtmlCacheBehavior [ RunTime:0.000283s ]
INFO: [ app_begin ] --END-- [ RunTime:0.000317s ]
NOTIC: [2] Missing argument 2 for Admin\Model\AdminModel::__construct(), called in /mnt/www/html/huangwei/tmls/ThinkPHP/Common/functions.php on line 588 and defined /mnt/www/html/huangwei/tmls/App/Admin/Model/AdminModel.class.php 第 8 行.
NOTIC: [2] Missing argument 3 for Admin\Model\AdminModel::__construct(), called in /mnt/www/html/huangwei/tmls/ThinkPHP/Common/functions.php on line 588 and defined /mnt/www/html/huangwei/tmls/App/Admin/Model/AdminModel.class.php 第 8 行.
NOTIC: [8] Undefined variable: tablePrefix /mnt/www/html/huangwei/tmls/App/Admin/Model/AdminModel.class.php 第 10 行.
NOTIC: [8] Undefined variable: connection /mnt/www/html/huangwei/tmls/App/Admin/Model/AdminModel.class.php 第 10 行.
SQL: SHOW COLUMNS FROM `admin` [ RunTime:0.0005s ]
INFO: [ view_parse ] --START--
INFO: [ template_filter ] --START--
INFO: Run Behavior\ContentReplaceBehavior [ RunTime:0.000029s ]
INFO: [ template_filter ] --END-- [ RunTime:0.000062s ]
INFO: Run Behavior\ParseTemplateBehavior [ RunTime:0.003048s ]
INFO: [ view_parse ] --END-- [ RunTime:0.003079s ]
INFO: [ view_filter ] --START--
INFO: Run Behavior\WriteHtmlCacheBehavior [ RunTime:0.000108s ]
INFO: [ view_filter ] --END-- [ RunTime:0.000131s ]
INFO: [ app_end ] --START--
INFO: Run Behavior\ShowPageTraceBehavior [ RunTime:0.000277s ]
INFO: [ app_end ] --END-- [ RunTime:0.000305s ]

[ 2017-05-31T15:35:50+08:00 ] 115.238.82.178 /admin/index/postlogin
INFO: [ app_init ] --START--
INFO: Run Behavior\BuildLiteBehavior [ RunTime:0.000010s ]
INFO: [ app_init ] --END-- [ RunTime:0.000226s ]
INFO: [ app_begin ] --START--
INFO: Run Behavior\ReadHtmlCacheBehavior [ RunTime:0.000339s ]
INFO: [ app_begin ] --END-- [ RunTime:0.000388s ]
NOTIC: [2] Missing argument 2 for Admin\Model\AdminModel::__construct(), called in /mnt/www/html/huangwei/tmls/ThinkPHP/Common/functions.php on line 588 and defined /mnt/www/html/huangwei/tmls/App/Admin/Model/AdminModel.class.php 第 8 行.
NOTIC: [2] Missing argument 3 for Admin\Model\AdminModel::__construct(), called in /mnt/www/html/huangwei/tmls/ThinkPHP/Common/functions.php on line 588 and defined /mnt/www/html/huangwei/tmls/App/Admin/Model/AdminModel.class.php 第 8 行.
NOTIC: [8] Undefined variable: tablePrefix /mnt/www/html/huangwei/tmls/App/Admin/Model/AdminModel.class.php 第 10 行.
NOTIC: [8] Undefined variable: connection /mnt/www/html/huangwei/tmls/App/Admin/Model/AdminModel.class.php 第 10 行.
SQL: SHOW COLUMNS FROM `admin` [ RunTime:0.0005s ]
NOTIC: [8] Undefined index: validate /mnt/www/html/huangwei/tmls/ThinkPHP/Library/Think/Model.class.php 第 1185 行.
NOTIC: [8] Undefined index: auto /mnt/www/html/huangwei/tmls/ThinkPHP/Library/Think/Model.class.php 第 1128 行.
SQL: SELECT * FROM `admin` WHERE `account` = 'admin' AND `password` = '25f9e794323b453885f5181f1b624d0b' LIMIT 1   [ RunTime:0.0001s ]

[ 2017-05-31T15:35:51+08:00 ] 115.238.82.178 /admin/index/center
INFO: [ app_init ] --START--
INFO: Run Behavior\BuildLiteBehavior [ RunTime:0.000010s ]
INFO: [ app_init ] --END-- [ RunTime:0.000213s ]
INFO: [ app_begin ] --START--
INFO: Run Behavior\ReadHtmlCacheBehavior [ RunTime:0.000280s ]
INFO: [ app_begin ] --END-- [ RunTime:0.000314s ]
NOTIC: [2] Missing argument 2 for Admin\Model\AdminModel::__construct(), called in /mnt/www/html/huangwei/tmls/ThinkPHP/Common/functions.php on line 588 and defined /mnt/www/html/huangwei/tmls/App/Admin/Model/AdminModel.class.php 第 8 行.
NOTIC: [2] Missing argument 3 for Admin\Model\AdminModel::__construct(), called in /mnt/www/html/huangwei/tmls/ThinkPHP/Common/functions.php on line 588 and defined /mnt/www/html/huangwei/tmls/App/Admin/Model/AdminModel.class.php 第 8 行.
NOTIC: [8] Undefined variable: tablePrefix /mnt/www/html/huangwei/tmls/App/Admin/Model/AdminModel.class.php 第 10 行.
NOTIC: [8] Undefined variable: connection /mnt/www/html/huangwei/tmls/App/Admin/Model/AdminModel.class.php 第 10 行.
SQL: SHOW COLUMNS FROM `admin` [ RunTime:0.0004s ]
INFO: [ view_parse ] --START--
INFO: [ template_filter ] --START--
INFO: Run Behavior\ContentReplaceBehavior [ RunTime:0.000046s ]
INFO: [ template_filter ] --END-- [ RunTime:0.000077s ]
INFO: Run Behavior\ParseTemplateBehavior [ RunTime:0.006054s ]
INFO: [ view_parse ] --END-- [ RunTime:0.006087s ]
INFO: [ view_filter ] --START--
INFO: Run Behavior\WriteHtmlCacheBehavior [ RunTime:0.000099s ]
INFO: [ view_filter ] --END-- [ RunTime:0.000122s ]
INFO: [ app_end ] --START--
INFO: Run Behavior\ShowPageTraceBehavior [ RunTime:0.000276s ]
INFO: [ app_end ] --END-- [ RunTime:0.000304s ]

[ 2017-05-31T15:35:52+08:00 ] 115.238.82.178 /Admin/index/welcome.html
INFO: [ app_init ] --START--
INFO: Run Behavior\BuildLiteBehavior [ RunTime:0.000009s ]
INFO: [ app_init ] --END-- [ RunTime:0.000217s ]
INFO: [ app_begin ] --START--
INFO: Run Behavior\ReadHtmlCacheBehavior [ RunTime:0.000269s ]
INFO: [ app_begin ] --END-- [ RunTime:0.000314s ]
NOTIC: [2] Missing argument 2 for Admin\Model\AdminModel::__construct(), called in /mnt/www/html/huangwei/tmls/ThinkPHP/Common/functions.php on line 588 and defined /mnt/www/html/huangwei/tmls/App/Admin/Model/AdminModel.class.php 第 8 行.
NOTIC: [2] Missing argument 3 for Admin\Model\AdminModel::__construct(), called in /mnt/www/html/huangwei/tmls/ThinkPHP/Common/functions.php on line 588 and defined /mnt/www/html/huangwei/tmls/App/Admin/Model/AdminModel.class.php 第 8 行.
NOTIC: [8] Undefined variable: tablePrefix /mnt/www/html/huangwei/tmls/App/Admin/Model/AdminModel.class.php 第 10 行.
NOTIC: [8] Undefined variable: connection /mnt/www/html/huangwei/tmls/App/Admin/Model/AdminModel.class.php 第 10 行.
SQL: SHOW COLUMNS FROM `admin` [ RunTime:0.0005s ]
INFO: [ view_parse ] --START--
INFO: [ template_filter ] --START--
INFO: Run Behavior\ContentReplaceBehavior [ RunTime:0.000029s ]
INFO: [ template_filter ] --END-- [ RunTime:0.000064s ]
INFO: Run Behavior\ParseTemplateBehavior [ RunTime:0.002868s ]
INFO: [ view_parse ] --END-- [ RunTime:0.002904s ]
INFO: [ view_filter ] --START--
INFO: Run Behavior\WriteHtmlCacheBehavior [ RunTime:0.000101s ]
INFO: [ view_filter ] --END-- [ RunTime:0.000140s ]
INFO: [ app_end ] --START--
INFO: Run Behavior\ShowPageTraceBehavior [ RunTime:0.000332s ]
INFO: [ app_end ] --END-- [ RunTime:0.000362s ]

[ 2017-05-31T15:35:52+08:00 ] 115.238.82.178 /admin/index/kefu?_=1496216158906
INFO: [ app_init ] --START--
INFO: Run Behavior\BuildLiteBehavior [ RunTime:0.000010s ]
INFO: [ app_init ] --END-- [ RunTime:0.000228s ]
INFO: [ app_begin ] --START--
INFO: Run Behavior\ReadHtmlCacheBehavior [ RunTime:0.000297s ]
INFO: [ app_begin ] --END-- [ RunTime:0.000330s ]
NOTIC: [2] Missing argument 2 for Admin\Model\AdminModel::__construct(), called in /mnt/www/html/huangwei/tmls/ThinkPHP/Common/functions.php on line 588 and defined /mnt/www/html/huangwei/tmls/App/Admin/Model/AdminModel.class.php 第 8 行.
NOTIC: [2] Missing argument 3 for Admin\Model\AdminModel::__construct(), called in /mnt/www/html/huangwei/tmls/ThinkPHP/Common/functions.php on line 588 and defined /mnt/www/html/huangwei/tmls/App/Admin/Model/AdminModel.class.php 第 8 行.
NOTIC: [8] Undefined variable: tablePrefix /mnt/www/html/huangwei/tmls/App/Admin/Model/AdminModel.class.php 第 10 行.
NOTIC: [8] Undefined variable: connection /mnt/www/html/huangwei/tmls/App/Admin/Model/AdminModel.class.php 第 10 行.
SQL: SHOW COLUMNS FROM `admin` [ RunTime:0.0005s ]

[ 2017-05-31T15:36:02+08:00 ] 115.238.82.178 /Admin/commodity/lists.html
INFO: [ app_init ] --START--
INFO: Run Behavior\BuildLiteBehavior [ RunTime:0.000010s ]
INFO: [ app_init ] --END-- [ RunTime:0.000221s ]
INFO: [ app_begin ] --START--
INFO: Run Behavior\ReadHtmlCacheBehavior [ RunTime:0.000277s ]
INFO: [ app_begin ] --END-- [ RunTime:0.000310s ]
NOTIC: [2] Missing argument 2 for Admin\Model\CommodityModel::__construct(), called in /mnt/www/html/huangwei/tmls/ThinkPHP/Common/functions.php on line 588 and defined /mnt/www/html/huangwei/tmls/App/Admin/Model/CommodityModel.class.php 第 11 行.
NOTIC: [2] Missing argument 3 for Admin\Model\CommodityModel::__construct(), called in /mnt/www/html/huangwei/tmls/ThinkPHP/Common/functions.php on line 588 and defined /mnt/www/html/huangwei/tmls/App/Admin/Model/CommodityModel.class.php 第 11 行.
NOTIC: [8] Undefined variable: tablePrefix /mnt/www/html/huangwei/tmls/App/Admin/Model/CommodityModel.class.php 第 13 行.
NOTIC: [8] Undefined variable: connection /mnt/www/html/huangwei/tmls/App/Admin/Model/CommodityModel.class.php 第 13 行.
SQL: SHOW COLUMNS FROM `commodity` [ RunTime:0.0005s ]
SQL: SHOW COLUMNS FROM `admin_group` [ RunTime:0.0003s ]
SQL: SELECT `rule` FROM `admin_group` WHERE `gid` = 3 LIMIT 1   [ RunTime:0.0001s ]
SQL: SHOW COLUMNS FROM `admin_rule` [ RunTime:0.0003s ]
SQL: SELECT `id` FROM `admin_rule` WHERE `identifying` = '/admin/Commodity/lists' LIMIT 1   [ RunTime:0.0001s ]
NOTIC: [8] Undefined index: type /mnt/www/html/huangwei/tmls/App/Admin/Controller/CommodityController.class.php 第 22 行.
NOTIC: [8] Undefined index: type /mnt/www/html/huangwei/tmls/App/Admin/Controller/CommodityController.class.php 第 24 行.
NOTIC: [8] Undefined index: type /mnt/www/html/huangwei/tmls/App/Admin/Controller/CommodityController.class.php 第 26 行.
SQL: SELECT COUNT(*) AS tp_count FROM `commodity` WHERE `shopid` = 1 AND `type` = 1 LIMIT 1   [ RunTime:0.0001s ]
SQL: SELECT * FROM `commodity` WHERE `shopid` = 1 AND `type` = 1 ORDER BY commodityid desc LIMIT 0,20   [ RunTime:0.0001s ]
SQL: SHOW COLUMNS FROM `commodity_sku` [ RunTime:0.0003s ]
SQL: SELECT SUM(stock) AS tp_sum FROM `commodity_sku` WHERE `commodityid` = 82 LIMIT 1   [ RunTime:0.0000s ]
SQL: SELECT SUM(stock) AS tp_sum FROM `commodity_sku` WHERE `commodityid` = 81 LIMIT 1   [ RunTime:0.0001s ]
SQL: SELECT SUM(stock) AS tp_sum FROM `commodity_sku` WHERE `commodityid` = 80 LIMIT 1   [ RunTime:0.0001s ]
SQL: SELECT SUM(stock) AS tp_sum FROM `commodity_sku` WHERE `commodityid` = 79 LIMIT 1   [ RunTime:0.0001s ]
SQL: SELECT SUM(stock) AS tp_sum FROM `commodity_sku` WHERE `commodityid` = 78 LIMIT 1   [ RunTime:0.0001s ]
SQL: SELECT SUM(stock) AS tp_sum FROM `commodity_sku` WHERE `commodityid` = 77 LIMIT 1   [ RunTime:0.0001s ]
SQL: SELECT SUM(stock) AS tp_sum FROM `commodity_sku` WHERE `commodityid` = 76 LIMIT 1   [ RunTime:0.0001s ]
SQL: SELECT SUM(stock) AS tp_sum FROM `commodity_sku` WHERE `commodityid` = 75 LIMIT 1   [ RunTime:0.0000s ]
SQL: SELECT SUM(stock) AS tp_sum FROM `commodity_sku` WHERE `commodityid` = 74 LIMIT 1   [ RunTime:0.0001s ]
SQL: SELECT SUM(stock) AS tp_sum FROM `commodity_sku` WHERE `commodityid` = 73 LIMIT 1   [ RunTime:0.0001s ]
SQL: SELECT SUM(stock) AS tp_sum FROM `commodity_sku` WHERE `commodityid` = 72 LIMIT 1   [ RunTime:0.0001s ]
SQL: SELECT SUM(stock) AS tp_sum FROM `commodity_sku` WHERE `commodityid` = 71 LIMIT 1   [ RunTime:0.0000s ]
SQL: SELECT SUM(stock) AS tp_sum FROM `commodity_sku` WHERE `commodityid` = 70 LIMIT 1   [ RunTime:0.0000s ]
SQL: SELECT SUM(stock) AS tp_sum FROM `commodity_sku` WHERE `commodityid` = 69 LIMIT 1   [ RunTime:0.0000s ]
SQL: SELECT SUM(stock) AS tp_sum FROM `commodity_sku` WHERE `commodityid` = 68 LIMIT 1   [ RunTime:0.0000s ]
SQL: SELECT SUM(stock) AS tp_sum FROM `commodity_sku` WHERE `commodityid` = 67 LIMIT 1   [ RunTime:0.0001s ]
SQL: SELECT SUM(stock) AS tp_sum FROM `commodity_sku` WHERE `commodityid` = 66 LIMIT 1   [ RunTime:0.0000s ]
SQL: SELECT SUM(stock) AS tp_sum FROM `commodity_sku` WHERE `commodityid` = 65 LIMIT 1   [ RunTime:0.0000s ]
SQL: SELECT SUM(stock) AS tp_sum FROM `commodity_sku` WHERE `commodityid` = 64 LIMIT 1   [ RunTime:0.0001s ]
SQL: SELECT SUM(stock) AS tp_sum FROM `commodity_sku` WHERE `commodityid` = 63 LIMIT 1   [ RunTime:0.0001s ]
INFO: [ view_parse ] --START--
INFO: [ template_filter ] --START--
INFO: Run Behavior\ContentReplaceBehavior [ RunTime:0.000045s ]
INFO: [ template_filter ] --END-- [ RunTime:0.000076s ]
NOTIC: [8] Undefined index: type /mnt/www/html/huangwei/tmls/Runtime/Cache/Admin/5e1711e547ad8ef9b61b9e48bdd43b61.php 第 40 行.
NOTIC: [8] Undefined index: type /mnt/www/html/huangwei/tmls/Runtime/Cache/Admin/5e1711e547ad8ef9b61b9e48bdd43b61.php 第 41 行.
NOTIC: [8] Undefined index: type /mnt/www/html/huangwei/tmls/Runtime/Cache/Admin/5e1711e547ad8ef9b61b9e48bdd43b61.php 第 42 行.
INFO: Run Behavior\ParseTemplateBehavior [ RunTime:0.004505s ]
INFO: [ view_parse ] --END-- [ RunTime:0.004535s ]
INFO: [ view_filter ] --START--
INFO: Run Behavior\WriteHtmlCacheBehavior [ RunTime:0.000103s ]
INFO: [ view_filter ] --END-- [ RunTime:0.000128s ]
INFO: [ app_end ] --START--
INFO: Run Behavior\ShowPageTraceBehavior [ RunTime:0.000258s ]
INFO: [ app_end ] --END-- [ RunTime:0.000288s ]

[ 2017-05-31T15:37:19+08:00 ] 115.238.82.178 /admin/Commodity/edit/?id=82
INFO: [ app_init ] --START--
INFO: Run Behavior\BuildLiteBehavior [ RunTime:0.000009s ]
INFO: [ app_init ] --END-- [ RunTime:0.000220s ]
INFO: [ app_begin ] --START--
INFO: Run Behavior\ReadHtmlCacheBehavior [ RunTime:0.000269s ]
INFO: [ app_begin ] --END-- [ RunTime:0.000303s ]
NOTIC: [2] Missing argument 2 for Admin\Model\CommodityModel::__construct(), called in /mnt/www/html/huangwei/tmls/ThinkPHP/Common/functions.php on line 588 and defined /mnt/www/html/huangwei/tmls/App/Admin/Model/CommodityModel.class.php 第 11 行.
NOTIC: [2] Missing argument 3 for Admin\Model\CommodityModel::__construct(), called in /mnt/www/html/huangwei/tmls/ThinkPHP/Common/functions.php on line 588 and defined /mnt/www/html/huangwei/tmls/App/Admin/Model/CommodityModel.class.php 第 11 行.
NOTIC: [8] Undefined variable: tablePrefix /mnt/www/html/huangwei/tmls/App/Admin/Model/CommodityModel.class.php 第 13 行.
NOTIC: [8] Undefined variable: connection /mnt/www/html/huangwei/tmls/App/Admin/Model/CommodityModel.class.php 第 13 行.
SQL: SHOW COLUMNS FROM `commodity` [ RunTime:0.0006s ]
SQL: SHOW COLUMNS FROM `admin_group` [ RunTime:0.0003s ]
SQL: SELECT `rule` FROM `admin_group` WHERE `gid` = 3 LIMIT 1   [ RunTime:0.0001s ]
SQL: SHOW COLUMNS FROM `admin_rule` [ RunTime:0.0003s ]
SQL: SELECT `id` FROM `admin_rule` WHERE `identifying` = '/admin/Commodity/edit' LIMIT 1   [ RunTime:0.0001s ]
SQL: SHOW COLUMNS FROM `carriage` [ RunTime:0.0003s ]
SQL: SELECT `carriageid`,`title` FROM `carriage` WHERE `shopid` = 1  [ RunTime:0.0001s ]
SQL: SELECT * FROM `commodity` WHERE `commodityid` = 82 LIMIT 1   [ RunTime:0.0002s ]
SQL: SHOW COLUMNS FROM `commodity_sku` [ RunTime:0.0003s ]
SQL: SELECT * FROM `commodity_sku` WHERE `commodityid` = 82  [ RunTime:0.0002s ]
NOTIC: [2] Missing argument 2 for Admin\Model\SpecificationsModel::__construct(), called in /mnt/www/html/huangwei/tmls/ThinkPHP/Common/functions.php on line 588 and defined /mnt/www/html/huangwei/tmls/App/Admin/Model/SpecificationsModel.class.php 第 9 行.
NOTIC: [2] Missing argument 3 for Admin\Model\SpecificationsModel::__construct(), called in /mnt/www/html/huangwei/tmls/ThinkPHP/Common/functions.php on line 588 and defined /mnt/www/html/huangwei/tmls/App/Admin/Model/SpecificationsModel.class.php 第 9 行.
NOTIC: [8] Undefined variable: tablePrefix /mnt/www/html/huangwei/tmls/App/Admin/Model/SpecificationsModel.class.php 第 11 行.
NOTIC: [8] Undefined variable: connection /mnt/www/html/huangwei/tmls/App/Admin/Model/SpecificationsModel.class.php 第 11 行.
SQL: SHOW COLUMNS FROM `specifications` [ RunTime:0.0003s ]
SQL: SELECT * FROM `specifications` WHERE `shopid` = 1  [ RunTime:0.0001s ]
NOTIC: [2] Missing argument 2 for Admin\Model\ClassifyModel::__construct(), called in /mnt/www/html/huangwei/tmls/ThinkPHP/Common/functions.php on line 588 and defined /mnt/www/html/huangwei/tmls/App/Admin/Model/ClassifyModel.class.php 第 8 行.
NOTIC: [2] Missing argument 3 for Admin\Model\ClassifyModel::__construct(), called in /mnt/www/html/huangwei/tmls/ThinkPHP/Common/functions.php on line 588 and defined /mnt/www/html/huangwei/tmls/App/Admin/Model/ClassifyModel.class.php 第 8 行.
NOTIC: [8] Undefined variable: tablePrefix /mnt/www/html/huangwei/tmls/App/Admin/Model/ClassifyModel.class.php 第 10 行.
NOTIC: [8] Undefined variable: connection /mnt/www/html/huangwei/tmls/App/Admin/Model/ClassifyModel.class.php 第 10 行.
SQL: SHOW COLUMNS FROM `classify` [ RunTime:0.0003s ]
SQL: SELECT * FROM `classify` WHERE `shopid` = 1 AND `pid` = 0  [ RunTime:0.0001s ]
SQL: SELECT * FROM `classify` WHERE `shopid` = 1 AND `pid` = 21  [ RunTime:0.0001s ]
SQL: SELECT * FROM `classify` WHERE `shopid` = 1 AND `pid` = 22  [ RunTime:0.0000s ]
SQL: SELECT * FROM `classify` WHERE `shopid` = 1 AND `pid` = 23  [ RunTime:0.0000s ]
INFO: [ view_parse ] --START--
INFO: [ template_filter ] --START--
INFO: Run Behavior\ContentReplaceBehavior [ RunTime:0.000069s ]
INFO: [ template_filter ] --END-- [ RunTime:0.000104s ]
INFO: Run Behavior\ParseTemplateBehavior [ RunTime:0.008671s ]
INFO: [ view_parse ] --END-- [ RunTime:0.008708s ]
INFO: [ view_filter ] --START--
INFO: Run Behavior\WriteHtmlCacheBehavior [ RunTime:0.000098s ]
INFO: [ view_filter ] --END-- [ RunTime:0.000122s ]
INFO: [ app_end ] --START--
INFO: Run Behavior\ShowPageTraceBehavior [ RunTime:0.000261s ]
INFO: [ app_end ] --END-- [ RunTime:0.000291s ]

[ 2017-05-31T15:55:57+08:00 ] 223.93.158.132 /admin/index/center
INFO: [ app_init ] --START--
INFO: Run Behavior\BuildLiteBehavior [ RunTime:0.000010s ]
INFO: [ app_init ] --END-- [ RunTime:0.000221s ]
INFO: [ app_begin ] --START--
INFO: Run Behavior\ReadHtmlCacheBehavior [ RunTime:0.000290s ]
INFO: [ app_begin ] --END-- [ RunTime:0.000323s ]
NOTIC: [2] Missing argument 2 for Admin\Model\AdminModel::__construct(), called in /mnt/www/html/huangwei/tmls/ThinkPHP/Common/functions.php on line 588 and defined /mnt/www/html/huangwei/tmls/App/Admin/Model/AdminModel.class.php 第 8 行.
NOTIC: [2] Missing argument 3 for Admin\Model\AdminModel::__construct(), called in /mnt/www/html/huangwei/tmls/ThinkPHP/Common/functions.php on line 588 and defined /mnt/www/html/huangwei/tmls/App/Admin/Model/AdminModel.class.php 第 8 行.
NOTIC: [8] Undefined variable: tablePrefix /mnt/www/html/huangwei/tmls/App/Admin/Model/AdminModel.class.php 第 10 行.
NOTIC: [8] Undefined variable: connection /mnt/www/html/huangwei/tmls/App/Admin/Model/AdminModel.class.php 第 10 行.
SQL: SHOW COLUMNS FROM `admin` [ RunTime:0.0005s ]

[ 2017-05-31T15:55:57+08:00 ] 223.93.158.132 /Admin/index/login.html
INFO: [ app_init ] --START--
INFO: Run Behavior\BuildLiteBehavior [ RunTime:0.000009s ]
INFO: [ app_init ] --END-- [ RunTime:0.000213s ]
INFO: [ app_begin ] --START--
INFO: Run Behavior\ReadHtmlCacheBehavior [ RunTime:0.000265s ]
INFO: [ app_begin ] --END-- [ RunTime:0.000298s ]
NOTIC: [2] Missing argument 2 for Admin\Model\AdminModel::__construct(), called in /mnt/www/html/huangwei/tmls/ThinkPHP/Common/functions.php on line 588 and defined /mnt/www/html/huangwei/tmls/App/Admin/Model/AdminModel.class.php 第 8 行.
NOTIC: [2] Missing argument 3 for Admin\Model\AdminModel::__construct(), called in /mnt/www/html/huangwei/tmls/ThinkPHP/Common/functions.php on line 588 and defined /mnt/www/html/huangwei/tmls/App/Admin/Model/AdminModel.class.php 第 8 行.
NOTIC: [8] Undefined variable: tablePrefix /mnt/www/html/huangwei/tmls/App/Admin/Model/AdminModel.class.php 第 10 行.
NOTIC: [8] Undefined variable: connection /mnt/www/html/huangwei/tmls/App/Admin/Model/AdminModel.class.php 第 10 行.
SQL: SHOW COLUMNS FROM `admin` [ RunTime:0.0005s ]
INFO: [ view_parse ] --START--
INFO: [ template_filter ] --START--
INFO: Run Behavior\ContentReplaceBehavior [ RunTime:0.000034s ]
INFO: [ template_filter ] --END-- [ RunTime:0.000067s ]
INFO: Run Behavior\ParseTemplateBehavior [ RunTime:0.003361s ]
INFO: [ view_parse ] --END-- [ RunTime:0.003393s ]
INFO: [ view_filter ] --START--
INFO: Run Behavior\WriteHtmlCacheBehavior [ RunTime:0.000097s ]
INFO: [ view_filter ] --END-- [ RunTime:0.000118s ]
INFO: [ app_end ] --START--
INFO: Run Behavior\ShowPageTraceBehavior [ RunTime:0.000327s ]
INFO: [ app_end ] --END-- [ RunTime:0.000355s ]

[ 2017-05-31T15:56:28+08:00 ] 223.93.158.132 /Admin/index/login.html
INFO: [ app_init ] --START--
INFO: Run Behavior\BuildLiteBehavior [ RunTime:0.000009s ]
INFO: [ app_init ] --END-- [ RunTime:0.000223s ]
INFO: [ app_begin ] --START--
INFO: Run Behavior\ReadHtmlCacheBehavior [ RunTime:0.000276s ]
INFO: [ app_begin ] --END-- [ RunTime:0.000310s ]
NOTIC: [2] Missing argument 2 for Admin\Model\AdminModel::__construct(), called in /mnt/www/html/huangwei/tmls/ThinkPHP/Common/functions.php on line 588 and defined /mnt/www/html/huangwei/tmls/App/Admin/Model/AdminModel.class.php 第 8 行.
NOTIC: [2] Missing argument 3 for Admin\Model\AdminModel::__construct(), called in /mnt/www/html/huangwei/tmls/ThinkPHP/Common/functions.php on line 588 and defined /mnt/www/html/huangwei/tmls/App/Admin/Model/AdminModel.class.php 第 8 行.
NOTIC: [8] Undefined variable: tablePrefix /mnt/www/html/huangwei/tmls/App/Admin/Model/AdminModel.class.php 第 10 行.
NOTIC: [8] Undefined variable: connection /mnt/www/html/huangwei/tmls/App/Admin/Model/AdminModel.class.php 第 10 行.
SQL: SHOW COLUMNS FROM `admin` [ RunTime:0.0005s ]
INFO: [ view_parse ] --START--
INFO: [ template_filter ] --START--
INFO: Run Behavior\ContentReplaceBehavior [ RunTime:0.000031s ]
INFO: [ template_filter ] --END-- [ RunTime:0.000066s ]
INFO: Run Behavior\ParseTemplateBehavior [ RunTime:0.003103s ]
INFO: [ view_parse ] --END-- [ RunTime:0.003135s ]
INFO: [ view_filter ] --START--
INFO: Run Behavior\WriteHtmlCacheBehavior [ RunTime:0.000098s ]
INFO: [ view_filter ] --END-- [ RunTime:0.000120s ]
INFO: [ app_end ] --START--
INFO: Run Behavior\ShowPageTraceBehavior [ RunTime:0.000278s ]
INFO: [ app_end ] --END-- [ RunTime:0.000309s ]

[ 2017-05-31T15:56:36+08:00 ] 223.93.158.132 /admin/index/postlogin
INFO: [ app_init ] --START--
INFO: Run Behavior\BuildLiteBehavior [ RunTime:0.000010s ]
INFO: [ app_init ] --END-- [ RunTime:0.000212s ]
INFO: [ app_begin ] --START--
INFO: Run Behavior\ReadHtmlCacheBehavior [ RunTime:0.000266s ]
INFO: [ app_begin ] --END-- [ RunTime:0.000299s ]
NOTIC: [2] Missing argument 2 for Admin\Model\AdminModel::__construct(), called in /mnt/www/html/huangwei/tmls/ThinkPHP/Common/functions.php on line 588 and defined /mnt/www/html/huangwei/tmls/App/Admin/Model/AdminModel.class.php 第 8 行.
NOTIC: [2] Missing argument 3 for Admin\Model\AdminModel::__construct(), called in /mnt/www/html/huangwei/tmls/ThinkPHP/Common/functions.php on line 588 and defined /mnt/www/html/huangwei/tmls/App/Admin/Model/AdminModel.class.php 第 8 行.
NOTIC: [8] Undefined variable: tablePrefix /mnt/www/html/huangwei/tmls/App/Admin/Model/AdminModel.class.php 第 10 行.
NOTIC: [8] Undefined variable: connection /mnt/www/html/huangwei/tmls/App/Admin/Model/AdminModel.class.php 第 10 行.
SQL: SHOW COLUMNS FROM `admin` [ RunTime:0.0005s ]
NOTIC: [8] Undefined index: validate /mnt/www/html/huangwei/tmls/ThinkPHP/Library/Think/Model.class.php 第 1185 行.
NOTIC: [8] Undefined index: auto /mnt/www/html/huangwei/tmls/ThinkPHP/Library/Think/Model.class.php 第 1128 行.
SQL: SELECT * FROM `admin` WHERE `account` = 'admin' AND `password` = '21232f297a57a5a743894a0e4a801fc3' LIMIT 1   [ RunTime:0.0003s ]
INFO: [ view_parse ] --START--
INFO: [ template_filter ] --START--
INFO: Run Behavior\ContentReplaceBehavior [ RunTime:0.000027s ]
INFO: [ template_filter ] --END-- [ RunTime:0.000059s ]
INFO: Run Behavior\ParseTemplateBehavior [ RunTime:0.003272s ]
INFO: [ view_parse ] --END-- [ RunTime:0.003305s ]
INFO: [ view_filter ] --START--
INFO: Run Behavior\WriteHtmlCacheBehavior [ RunTime:0.000109s ]
INFO: [ view_filter ] --END-- [ RunTime:0.000132s ]

[ 2017-05-31T15:56:38+08:00 ] 223.93.158.132 /admin/index/login
INFO: [ app_init ] --START--
INFO: Run Behavior\BuildLiteBehavior [ RunTime:0.000009s ]
INFO: [ app_init ] --END-- [ RunTime:0.000209s ]
INFO: [ app_begin ] --START--
INFO: Run Behavior\ReadHtmlCacheBehavior [ RunTime:0.000273s ]
INFO: [ app_begin ] --END-- [ RunTime:0.000306s ]
NOTIC: [2] Missing argument 2 for Admin\Model\AdminModel::__construct(), called in /mnt/www/html/huangwei/tmls/ThinkPHP/Common/functions.php on line 588 and defined /mnt/www/html/huangwei/tmls/App/Admin/Model/AdminModel.class.php 第 8 行.
NOTIC: [2] Missing argument 3 for Admin\Model\AdminModel::__construct(), called in /mnt/www/html/huangwei/tmls/ThinkPHP/Common/functions.php on line 588 and defined /mnt/www/html/huangwei/tmls/App/Admin/Model/AdminModel.class.php 第 8 行.
NOTIC: [8] Undefined variable: tablePrefix /mnt/www/html/huangwei/tmls/App/Admin/Model/AdminModel.class.php 第 10 行.
NOTIC: [8] Undefined variable: connection /mnt/www/html/huangwei/tmls/App/Admin/Model/AdminModel.class.php 第 10 行.
SQL: SHOW COLUMNS FROM `admin` [ RunTime:0.0005s ]
INFO: [ view_parse ] --START--
INFO: [ template_filter ] --START--
INFO: Run Behavior\ContentReplaceBehavior [ RunTime:0.000028s ]
INFO: [ template_filter ] --END-- [ RunTime:0.000062s ]
INFO: Run Behavior\ParseTemplateBehavior [ RunTime:0.003052s ]
INFO: [ view_parse ] --END-- [ RunTime:0.003083s ]
INFO: [ view_filter ] --START--
INFO: Run Behavior\WriteHtmlCacheBehavior [ RunTime:0.000094s ]
INFO: [ view_filter ] --END-- [ RunTime:0.000116s ]
INFO: [ app_end ] --START--
INFO: Run Behavior\ShowPageTraceBehavior [ RunTime:0.000281s ]
INFO: [ app_end ] --END-- [ RunTime:0.000307s ]

[ 2017-05-31T15:58:01+08:00 ] 101.226.51.226 /admin/index/login
INFO: [ app_init ] --START--
INFO: Run Behavior\BuildLiteBehavior [ RunTime:0.000010s ]
INFO: [ app_init ] --END-- [ RunTime:0.000257s ]
INFO: [ app_begin ] --START--
INFO: Run Behavior\ReadHtmlCacheBehavior [ RunTime:0.000273s ]
INFO: [ app_begin ] --END-- [ RunTime:0.000305s ]
NOTIC: [2] Missing argument 2 for Admin\Model\AdminModel::__construct(), called in /mnt/www/html/huangwei/tmls/ThinkPHP/Common/functions.php on line 588 and defined /mnt/www/html/huangwei/tmls/App/Admin/Model/AdminModel.class.php 第 8 行.
NOTIC: [2] Missing argument 3 for Admin\Model\AdminModel::__construct(), called in /mnt/www/html/huangwei/tmls/ThinkPHP/Common/functions.php on line 588 and defined /mnt/www/html/huangwei/tmls/App/Admin/Model/AdminModel.class.php 第 8 行.
NOTIC: [8] Undefined variable: tablePrefix /mnt/www/html/huangwei/tmls/App/Admin/Model/AdminModel.class.php 第 10 行.
NOTIC: [8] Undefined variable: connection /mnt/www/html/huangwei/tmls/App/Admin/Model/AdminModel.class.php 第 10 行.
SQL: SHOW COLUMNS FROM `admin` [ RunTime:0.0004s ]
INFO: [ view_parse ] --START--
INFO: [ template_filter ] --START--
INFO: Run Behavior\ContentReplaceBehavior [ RunTime:0.000029s ]
INFO: [ template_filter ] --END-- [ RunTime:0.000062s ]
INFO: Run Behavior\ParseTemplateBehavior [ RunTime:0.003060s ]
INFO: [ view_parse ] --END-- [ RunTime:0.003101s ]
INFO: [ view_filter ] --START--
INFO: Run Behavior\WriteHtmlCacheBehavior [ RunTime:0.000093s ]
INFO: [ view_filter ] --END-- [ RunTime:0.000115s ]
INFO: [ app_end ] --START--
INFO: Run Behavior\ShowPageTraceBehavior [ RunTime:0.000268s ]
INFO: [ app_end ] --END-- [ RunTime:0.000295s ]

[ 2017-05-31T23:49:00+08:00 ] 140.205.201.32 /admin/images/menu-current-arrow.gif
INFO: [ app_init ] --START--
INFO: Run Behavior\BuildLiteBehavior [ RunTime:0.000018s ]
INFO: [ app_init ] --END-- [ RunTime:0.000217s ]

[ 2017-05-31T23:49:01+08:00 ] 140.205.201.32 /admin/image/menu_h4.png
INFO: [ app_init ] --START--
INFO: Run Behavior\BuildLiteBehavior [ RunTime:0.000010s ]
INFO: [ app_init ] --END-- [ RunTime:0.000213s ]

[ 2017-05-31T23:49:06+08:00 ] 140.205.201.32 /Admin/Images/GoogleSiteMaplogo.gif
INFO: [ app_init ] --START--
INFO: Run Behavior\BuildLiteBehavior [ RunTime:0.000009s ]
INFO: [ app_init ] --END-- [ RunTime:0.000211s ]

[ 2017-05-31T23:49:07+08:00 ] 140.205.201.32 /admin/images/admintitlebg.gif
INFO: [ app_init ] --START--
INFO: Run Behavior\BuildLiteBehavior [ RunTime:0.000010s ]
INFO: [ app_init ] --END-- [ RunTime:0.000220s ]

[ 2017-05-31T23:49:08+08:00 ] 140.205.201.32 /Admin/Images/icon_lpdhjl.png
INFO: [ app_init ] --START--
INFO: Run Behavior\BuildLiteBehavior [ RunTime:0.000014s ]
INFO: [ app_init ] --END-- [ RunTime:0.000349s ]

[ 2017-05-31T23:49:09+08:00 ] 140.205.201.32 /Admin/Images/Icon-Nav-Close-over.gif
INFO: [ app_init ] --START--
INFO: Run Behavior\BuildLiteBehavior [ RunTime:0.000009s ]
INFO: [ app_init ] --END-- [ RunTime:0.000215s ]

[ 2017-05-31T23:49:10+08:00 ] 140.205.201.32 /admin/images/abg2.png
INFO: [ app_init ] --START--
INFO: Run Behavior\BuildLiteBehavior [ RunTime:0.000010s ]
INFO: [ app_init ] --END-- [ RunTime:0.000253s ]

[ 2017-05-31T23:49:12+08:00 ] 140.205.201.32 /admin/images/tab_17.gif
INFO: [ app_init ] --START--
INFO: Run Behavior\BuildLiteBehavior [ RunTime:0.000009s ]
INFO: [ app_init ] --END-- [ RunTime:0.000213s ]

[ 2017-05-31T23:49:12+08:00 ] 140.205.201.32 /admin/images/top_tt_bg.gif
INFO: [ app_init ] --START--
INFO: Run Behavior\BuildLiteBehavior [ RunTime:0.000009s ]
INFO: [ app_init ] --END-- [ RunTime:0.000211s ]

[ 2017-05-31T23:49:13+08:00 ] 140.205.201.32 /admin/images/login/login_submit.gif
INFO: [ app_init ] --START--
INFO: Run Behavior\BuildLiteBehavior [ RunTime:0.000009s ]
INFO: [ app_init ] --END-- [ RunTime:0.000218s ]

[ 2017-05-31T23:49:16+08:00 ] 140.205.201.32 /admin/images/netgather_com.gif
INFO: [ app_init ] --START--
INFO: Run Behavior\BuildLiteBehavior [ RunTime:0.000009s ]
INFO: [ app_init ] --END-- [ RunTime:0.000213s ]

[ 2017-05-31T23:49:21+08:00 ] 140.205.201.32 /admin/templates/met/images/logosmall.gif
INFO: [ app_init ] --START--
INFO: Run Behavior\BuildLiteBehavior [ RunTime:0.000009s ]
INFO: [ app_init ] --END-- [ RunTime:0.000221s ]

[ 2017-05-31T23:49:22+08:00 ] 140.205.201.32 /admin/images/icon_view.gif
INFO: [ app_init ] --START--
INFO: Run Behavior\BuildLiteBehavior [ RunTime:0.000009s ]
INFO: [ app_init ] --END-- [ RunTime:0.000222s ]

[ 2017-05-31T23:51:03+08:00 ] 140.205.201.32 /admin/images/arrow_right_8x8.png
INFO: [ app_init ] --START--
INFO: Run Behavior\BuildLiteBehavior [ RunTime:0.000009s ]
INFO: [ app_init ] --END-- [ RunTime:0.000212s ]

[ 2017-05-31T23:51:04+08:00 ] 140.205.201.32 /Admin/images/install_lines.jpg
INFO: [ app_init ] --START--
INFO: Run Behavior\BuildLiteBehavior [ RunTime:0.000009s ]
INFO: [ app_init ] --END-- [ RunTime:0.000232s ]

[ 2017-05-31T23:51:12+08:00 ] 140.205.201.32 /admin/images/li_4.gif
INFO: [ app_init ] --START--
INFO: Run Behavior\BuildLiteBehavior [ RunTime:0.000009s ]
INFO: [ app_init ] --END-- [ RunTime:0.000256s ]

[ 2017-05-31T23:51:13+08:00 ] 140.205.201.32 /admin/tpl/images/welcome_h1.gif
INFO: [ app_init ] --START--
INFO: Run Behavior\BuildLiteBehavior [ RunTime:0.000010s ]
INFO: [ app_init ] --END-- [ RunTime:0.000227s ]

[ 2017-05-31T23:51:13+08:00 ] 140.205.201.32 /admin/images/bg-pay-return-success.gif
INFO: [ app_init ] --START--
INFO: Run Behavior\BuildLiteBehavior [ RunTime:0.000009s ]
INFO: [ app_init ] --END-- [ RunTime:0.000215s ]

[ 2017-05-31T23:51:14+08:00 ] 140.205.201.32 /admin/images/login_06.jpg
INFO: [ app_init ] --START--
INFO: Run Behavior\BuildLiteBehavior [ RunTime:0.000010s ]
INFO: [ app_init ] --END-- [ RunTime:0.000225s ]

[ 2017-05-31T23:51:14+08:00 ] 140.205.201.32 /admin/view/image/flags/wales.png
INFO: [ app_init ] --START--
INFO: Run Behavior\BuildLiteBehavior [ RunTime:0.000009s ]
INFO: [ app_init ] --END-- [ RunTime:0.000222s ]

[ 2017-05-31T23:51:14+08:00 ] 140.205.201.32 /admin/view/image/checkmark.png
INFO: [ app_init ] --START--
INFO: Run Behavior\BuildLiteBehavior [ RunTime:0.000009s ]
INFO: [ app_init ] --END-- [ RunTime:0.000213s ]

[ 2017-05-31T23:51:16+08:00 ] 140.205.201.32 /Admin/Images/bg_admin.jpg
INFO: [ app_init ] --START--
INFO: Run Behavior\BuildLiteBehavior [ RunTime:0.000009s ]
INFO: [ app_init ] --END-- [ RunTime:0.000240s ]

