[ 2017-04-28T09:12:51+08:00 ] 115.238.82.178 /Admin/index/login.html
INFO: [ app_init ] --START--
INFO: Run Behavior\BuildLiteBehavior [ RunTime:0.000009s ]
INFO: [ app_init ] --END-- [ RunTime:0.000227s ]
INFO: [ app_begin ] --START--
INFO: Run Behavior\ReadHtmlCacheBehavior [ RunTime:0.000277s ]
INFO: [ app_begin ] --END-- [ RunTime:0.000311s ]
NOTIC: [2] Missing argument 2 for Admin\Model\AdminModel::__construct(), called in /mnt/www/html/huangwei/tmls/ThinkPHP/Common/functions.php on line 588 and defined /mnt/www/html/huangwei/tmls/App/Admin/Model/AdminModel.class.php 第 8 行.
NOTIC: [2] Missing argument 3 for Admin\Model\AdminModel::__construct(), called in /mnt/www/html/huangwei/tmls/ThinkPHP/Common/functions.php on line 588 and defined /mnt/www/html/huangwei/tmls/App/Admin/Model/AdminModel.class.php 第 8 行.
NOTIC: [8] Undefined variable: tablePrefix /mnt/www/html/huangwei/tmls/App/Admin/Model/AdminModel.class.php 第 10 行.
NOTIC: [8] Undefined variable: connection /mnt/www/html/huangwei/tmls/App/Admin/Model/AdminModel.class.php 第 10 行.
SQL: SHOW COLUMNS FROM `admin` [ RunTime:0.0005s ]
INFO: [ view_parse ] --START--
INFO: [ template_filter ] --START--
INFO: Run Behavior\ContentReplaceBehavior [ RunTime:0.000031s ]
INFO: [ template_filter ] --END-- [ RunTime:0.000070s ]
INFO: Run Behavior\ParseTemplateBehavior [ RunTime:0.003291s ]
INFO: [ view_parse ] --END-- [ RunTime:0.003327s ]
INFO: [ view_filter ] --START--
INFO: Run Behavior\WriteHtmlCacheBehavior [ RunTime:0.000098s ]
INFO: [ view_filter ] --END-- [ RunTime:0.000121s ]
INFO: [ app_end ] --START--
INFO: Run Behavior\ShowPageTraceBehavior [ RunTime:0.000307s ]
INFO: [ app_end ] --END-- [ RunTime:0.000339s ]

[ 2017-04-28T09:13:01+08:00 ] 115.238.82.178 /admin/index/postlogin
INFO: [ app_init ] --START--
INFO: Run Behavior\BuildLiteBehavior [ RunTime:0.000009s ]
INFO: [ app_init ] --END-- [ RunTime:0.000211s ]
INFO: [ app_begin ] --START--
INFO: Run Behavior\ReadHtmlCacheBehavior [ RunTime:0.000263s ]
INFO: [ app_begin ] --END-- [ RunTime:0.000297s ]
NOTIC: [2] Missing argument 2 for Admin\Model\AdminModel::__construct(), called in /mnt/www/html/huangwei/tmls/ThinkPHP/Common/functions.php on line 588 and defined /mnt/www/html/huangwei/tmls/App/Admin/Model/AdminModel.class.php 第 8 行.
NOTIC: [2] Missing argument 3 for Admin\Model\AdminModel::__construct(), called in /mnt/www/html/huangwei/tmls/ThinkPHP/Common/functions.php on line 588 and defined /mnt/www/html/huangwei/tmls/App/Admin/Model/AdminModel.class.php 第 8 行.
NOTIC: [8] Undefined variable: tablePrefix /mnt/www/html/huangwei/tmls/App/Admin/Model/AdminModel.class.php 第 10 行.
NOTIC: [8] Undefined variable: connection /mnt/www/html/huangwei/tmls/App/Admin/Model/AdminModel.class.php 第 10 行.
SQL: SHOW COLUMNS FROM `admin` [ RunTime:0.0005s ]
NOTIC: [8] Undefined index: validate /mnt/www/html/huangwei/tmls/ThinkPHP/Library/Think/Model.class.php 第 1185 行.
NOTIC: [8] Undefined index: auto /mnt/www/html/huangwei/tmls/ThinkPHP/Library/Think/Model.class.php 第 1128 行.
SQL: SELECT * FROM `admin` WHERE `account` = 'admin' AND `password` = '25f9e794323b453885f5181f1b624d0b' LIMIT 1   [ RunTime:0.0001s ]

[ 2017-04-28T09:13:01+08:00 ] 115.238.82.178 /admin/index/center
INFO: [ app_init ] --START--
INFO: Run Behavior\BuildLiteBehavior [ RunTime:0.000010s ]
INFO: [ app_init ] --END-- [ RunTime:0.000222s ]
INFO: [ app_begin ] --START--
INFO: Run Behavior\ReadHtmlCacheBehavior [ RunTime:0.000277s ]
INFO: [ app_begin ] --END-- [ RunTime:0.000310s ]
NOTIC: [2] Missing argument 2 for Admin\Model\AdminModel::__construct(), called in /mnt/www/html/huangwei/tmls/ThinkPHP/Common/functions.php on line 588 and defined /mnt/www/html/huangwei/tmls/App/Admin/Model/AdminModel.class.php 第 8 行.
NOTIC: [2] Missing argument 3 for Admin\Model\AdminModel::__construct(), called in /mnt/www/html/huangwei/tmls/ThinkPHP/Common/functions.php on line 588 and defined /mnt/www/html/huangwei/tmls/App/Admin/Model/AdminModel.class.php 第 8 行.
NOTIC: [8] Undefined variable: tablePrefix /mnt/www/html/huangwei/tmls/App/Admin/Model/AdminModel.class.php 第 10 行.
NOTIC: [8] Undefined variable: connection /mnt/www/html/huangwei/tmls/App/Admin/Model/AdminModel.class.php 第 10 行.
SQL: SHOW COLUMNS FROM `admin` [ RunTime:0.0005s ]
INFO: [ view_parse ] --START--
INFO: [ template_filter ] --START--
INFO: Run Behavior\ContentReplaceBehavior [ RunTime:0.000051s ]
INFO: [ template_filter ] --END-- [ RunTime:0.000082s ]
INFO: Run Behavior\ParseTemplateBehavior [ RunTime:0.006126s ]
INFO: [ view_parse ] --END-- [ RunTime:0.006160s ]
INFO: [ view_filter ] --START--
INFO: Run Behavior\WriteHtmlCacheBehavior [ RunTime:0.000121s ]
INFO: [ view_filter ] --END-- [ RunTime:0.000146s ]
INFO: [ app_end ] --START--
INFO: Run Behavior\ShowPageTraceBehavior [ RunTime:0.000261s ]
INFO: [ app_end ] --END-- [ RunTime:0.000291s ]

[ 2017-04-28T09:13:02+08:00 ] 115.238.82.178 /Admin/index/welcome.html
INFO: [ app_init ] --START--
INFO: Run Behavior\BuildLiteBehavior [ RunTime:0.000009s ]
INFO: [ app_init ] --END-- [ RunTime:0.000211s ]
INFO: [ app_begin ] --START--
INFO: Run Behavior\ReadHtmlCacheBehavior [ RunTime:0.000279s ]
INFO: [ app_begin ] --END-- [ RunTime:0.000312s ]
NOTIC: [2] Missing argument 2 for Admin\Model\AdminModel::__construct(), called in /mnt/www/html/huangwei/tmls/ThinkPHP/Common/functions.php on line 588 and defined /mnt/www/html/huangwei/tmls/App/Admin/Model/AdminModel.class.php 第 8 行.
NOTIC: [2] Missing argument 3 for Admin\Model\AdminModel::__construct(), called in /mnt/www/html/huangwei/tmls/ThinkPHP/Common/functions.php on line 588 and defined /mnt/www/html/huangwei/tmls/App/Admin/Model/AdminModel.class.php 第 8 行.
NOTIC: [8] Undefined variable: tablePrefix /mnt/www/html/huangwei/tmls/App/Admin/Model/AdminModel.class.php 第 10 行.
NOTIC: [8] Undefined variable: connection /mnt/www/html/huangwei/tmls/App/Admin/Model/AdminModel.class.php 第 10 行.
SQL: SHOW COLUMNS FROM `admin` [ RunTime:0.0004s ]
INFO: [ view_parse ] --START--
INFO: [ template_filter ] --START--
INFO: Run Behavior\ContentReplaceBehavior [ RunTime:0.000038s ]
INFO: [ template_filter ] --END-- [ RunTime:0.000078s ]
INFO: Run Behavior\ParseTemplateBehavior [ RunTime:0.003063s ]
INFO: [ view_parse ] --END-- [ RunTime:0.003099s ]
INFO: [ view_filter ] --START--
INFO: Run Behavior\WriteHtmlCacheBehavior [ RunTime:0.000102s ]
INFO: [ view_filter ] --END-- [ RunTime:0.000131s ]
INFO: [ app_end ] --START--
INFO: Run Behavior\ShowPageTraceBehavior [ RunTime:0.000293s ]
INFO: [ app_end ] --END-- [ RunTime:0.000321s ]

[ 2017-04-28T09:13:03+08:00 ] 115.238.82.178 /admin/index/kefu?_=1493341984589
INFO: [ app_init ] --START--
INFO: Run Behavior\BuildLiteBehavior [ RunTime:0.000009s ]
INFO: [ app_init ] --END-- [ RunTime:0.000214s ]
INFO: [ app_begin ] --START--
INFO: Run Behavior\ReadHtmlCacheBehavior [ RunTime:0.000277s ]
INFO: [ app_begin ] --END-- [ RunTime:0.000308s ]
NOTIC: [2] Missing argument 2 for Admin\Model\AdminModel::__construct(), called in /mnt/www/html/huangwei/tmls/ThinkPHP/Common/functions.php on line 588 and defined /mnt/www/html/huangwei/tmls/App/Admin/Model/AdminModel.class.php 第 8 行.
NOTIC: [2] Missing argument 3 for Admin\Model\AdminModel::__construct(), called in /mnt/www/html/huangwei/tmls/ThinkPHP/Common/functions.php on line 588 and defined /mnt/www/html/huangwei/tmls/App/Admin/Model/AdminModel.class.php 第 8 行.
NOTIC: [8] Undefined variable: tablePrefix /mnt/www/html/huangwei/tmls/App/Admin/Model/AdminModel.class.php 第 10 行.
NOTIC: [8] Undefined variable: connection /mnt/www/html/huangwei/tmls/App/Admin/Model/AdminModel.class.php 第 10 行.
SQL: SHOW COLUMNS FROM `admin` [ RunTime:0.0005s ]

[ 2017-04-28T09:16:40+08:00 ] 115.238.82.178 /Admin/commodity/lists.html
INFO: [ app_init ] --START--
INFO: Run Behavior\BuildLiteBehavior [ RunTime:0.000010s ]
INFO: [ app_init ] --END-- [ RunTime:0.000224s ]
INFO: [ app_begin ] --START--
INFO: Run Behavior\ReadHtmlCacheBehavior [ RunTime:0.000272s ]
INFO: [ app_begin ] --END-- [ RunTime:0.000307s ]
NOTIC: [2] Missing argument 2 for Admin\Model\CommodityModel::__construct(), called in /mnt/www/html/huangwei/tmls/ThinkPHP/Common/functions.php on line 588 and defined /mnt/www/html/huangwei/tmls/App/Admin/Model/CommodityModel.class.php 第 11 行.
NOTIC: [2] Missing argument 3 for Admin\Model\CommodityModel::__construct(), called in /mnt/www/html/huangwei/tmls/ThinkPHP/Common/functions.php on line 588 and defined /mnt/www/html/huangwei/tmls/App/Admin/Model/CommodityModel.class.php 第 11 行.
NOTIC: [8] Undefined variable: tablePrefix /mnt/www/html/huangwei/tmls/App/Admin/Model/CommodityModel.class.php 第 13 行.
NOTIC: [8] Undefined variable: connection /mnt/www/html/huangwei/tmls/App/Admin/Model/CommodityModel.class.php 第 13 行.
SQL: SHOW COLUMNS FROM `commodity` [ RunTime:0.0005s ]
SQL: SHOW COLUMNS FROM `admin_group` [ RunTime:0.0004s ]
SQL: SELECT `rule` FROM `admin_group` WHERE `gid` = 3 LIMIT 1   [ RunTime:0.0001s ]
SQL: SHOW COLUMNS FROM `admin_rule` [ RunTime:0.0003s ]
SQL: SELECT `id` FROM `admin_rule` WHERE `identifying` = '/admin/Commodity/lists' LIMIT 1   [ RunTime:0.0001s ]
NOTIC: [8] Undefined index: type /mnt/www/html/huangwei/tmls/App/Admin/Controller/CommodityController.class.php 第 22 行.
NOTIC: [8] Undefined index: type /mnt/www/html/huangwei/tmls/App/Admin/Controller/CommodityController.class.php 第 24 行.
NOTIC: [8] Undefined index: type /mnt/www/html/huangwei/tmls/App/Admin/Controller/CommodityController.class.php 第 26 行.
SQL: SELECT COUNT(*) AS tp_count FROM `commodity` WHERE `shopid` = 1 AND `type` = 1 LIMIT 1   [ RunTime:0.0001s ]
SQL: SELECT * FROM `commodity` WHERE `shopid` = 1 AND `type` = 1 ORDER BY commodityid desc LIMIT 0,20   [ RunTime:0.0001s ]
SQL: SHOW COLUMNS FROM `commodity_sku` [ RunTime:0.0003s ]
SQL: SELECT SUM(stock) AS tp_sum FROM `commodity_sku` WHERE `commodityid` = 82 LIMIT 1   [ RunTime:0.0001s ]
SQL: SELECT SUM(stock) AS tp_sum FROM `commodity_sku` WHERE `commodityid` = 81 LIMIT 1   [ RunTime:0.0001s ]
SQL: SELECT SUM(stock) AS tp_sum FROM `commodity_sku` WHERE `commodityid` = 80 LIMIT 1   [ RunTime:0.0000s ]
SQL: SELECT SUM(stock) AS tp_sum FROM `commodity_sku` WHERE `commodityid` = 79 LIMIT 1   [ RunTime:0.0001s ]
SQL: SELECT SUM(stock) AS tp_sum FROM `commodity_sku` WHERE `commodityid` = 78 LIMIT 1   [ RunTime:0.0001s ]
SQL: SELECT SUM(stock) AS tp_sum FROM `commodity_sku` WHERE `commodityid` = 77 LIMIT 1   [ RunTime:0.0001s ]
SQL: SELECT SUM(stock) AS tp_sum FROM `commodity_sku` WHERE `commodityid` = 76 LIMIT 1   [ RunTime:0.0000s ]
SQL: SELECT SUM(stock) AS tp_sum FROM `commodity_sku` WHERE `commodityid` = 75 LIMIT 1   [ RunTime:0.0000s ]
SQL: SELECT SUM(stock) AS tp_sum FROM `commodity_sku` WHERE `commodityid` = 74 LIMIT 1   [ RunTime:0.0000s ]
SQL: SELECT SUM(stock) AS tp_sum FROM `commodity_sku` WHERE `commodityid` = 73 LIMIT 1   [ RunTime:0.0001s ]
SQL: SELECT SUM(stock) AS tp_sum FROM `commodity_sku` WHERE `commodityid` = 72 LIMIT 1   [ RunTime:0.0000s ]
SQL: SELECT SUM(stock) AS tp_sum FROM `commodity_sku` WHERE `commodityid` = 71 LIMIT 1   [ RunTime:0.0000s ]
SQL: SELECT SUM(stock) AS tp_sum FROM `commodity_sku` WHERE `commodityid` = 70 LIMIT 1   [ RunTime:0.0000s ]
SQL: SELECT SUM(stock) AS tp_sum FROM `commodity_sku` WHERE `commodityid` = 69 LIMIT 1   [ RunTime:0.0000s ]
SQL: SELECT SUM(stock) AS tp_sum FROM `commodity_sku` WHERE `commodityid` = 68 LIMIT 1   [ RunTime:0.0000s ]
SQL: SELECT SUM(stock) AS tp_sum FROM `commodity_sku` WHERE `commodityid` = 67 LIMIT 1   [ RunTime:0.0000s ]
SQL: SELECT SUM(stock) AS tp_sum FROM `commodity_sku` WHERE `commodityid` = 66 LIMIT 1   [ RunTime:0.0000s ]
SQL: SELECT SUM(stock) AS tp_sum FROM `commodity_sku` WHERE `commodityid` = 65 LIMIT 1   [ RunTime:0.0000s ]
SQL: SELECT SUM(stock) AS tp_sum FROM `commodity_sku` WHERE `commodityid` = 64 LIMIT 1   [ RunTime:0.0000s ]
SQL: SELECT SUM(stock) AS tp_sum FROM `commodity_sku` WHERE `commodityid` = 63 LIMIT 1   [ RunTime:0.0000s ]
INFO: [ view_parse ] --START--
INFO: [ template_filter ] --START--
INFO: Run Behavior\ContentReplaceBehavior [ RunTime:0.000053s ]
INFO: [ template_filter ] --END-- [ RunTime:0.000088s ]
NOTIC: [8] Undefined index: type /mnt/www/html/huangwei/tmls/Runtime/Cache/Admin/5e1711e547ad8ef9b61b9e48bdd43b61.php 第 40 行.
NOTIC: [8] Undefined index: type /mnt/www/html/huangwei/tmls/Runtime/Cache/Admin/5e1711e547ad8ef9b61b9e48bdd43b61.php 第 41 行.
NOTIC: [8] Undefined index: type /mnt/www/html/huangwei/tmls/Runtime/Cache/Admin/5e1711e547ad8ef9b61b9e48bdd43b61.php 第 42 行.
INFO: Run Behavior\ParseTemplateBehavior [ RunTime:0.004731s ]
INFO: [ view_parse ] --END-- [ RunTime:0.004762s ]
INFO: [ view_filter ] --START--
INFO: Run Behavior\WriteHtmlCacheBehavior [ RunTime:0.000099s ]
INFO: [ view_filter ] --END-- [ RunTime:0.000124s ]
INFO: [ app_end ] --START--
INFO: Run Behavior\ShowPageTraceBehavior [ RunTime:0.000283s ]
INFO: [ app_end ] --END-- [ RunTime:0.000314s ]

[ 2017-04-28T09:18:33+08:00 ] 115.238.82.178 /Admin/commodity/lists.html
INFO: [ app_init ] --START--
INFO: Run Behavior\BuildLiteBehavior [ RunTime:0.000009s ]
INFO: [ app_init ] --END-- [ RunTime:0.000217s ]
INFO: [ app_begin ] --START--
INFO: Run Behavior\ReadHtmlCacheBehavior [ RunTime:0.000272s ]
INFO: [ app_begin ] --END-- [ RunTime:0.000305s ]
NOTIC: [2] Missing argument 2 for Admin\Model\CommodityModel::__construct(), called in /mnt/www/html/huangwei/tmls/ThinkPHP/Common/functions.php on line 588 and defined /mnt/www/html/huangwei/tmls/App/Admin/Model/CommodityModel.class.php 第 11 行.
NOTIC: [2] Missing argument 3 for Admin\Model\CommodityModel::__construct(), called in /mnt/www/html/huangwei/tmls/ThinkPHP/Common/functions.php on line 588 and defined /mnt/www/html/huangwei/tmls/App/Admin/Model/CommodityModel.class.php 第 11 行.
NOTIC: [8] Undefined variable: tablePrefix /mnt/www/html/huangwei/tmls/App/Admin/Model/CommodityModel.class.php 第 13 行.
NOTIC: [8] Undefined variable: connection /mnt/www/html/huangwei/tmls/App/Admin/Model/CommodityModel.class.php 第 13 行.
SQL: SHOW COLUMNS FROM `commodity` [ RunTime:0.0005s ]
SQL: SHOW COLUMNS FROM `admin_group` [ RunTime:0.0003s ]
SQL: SELECT `rule` FROM `admin_group` WHERE `gid` = 3 LIMIT 1   [ RunTime:0.0001s ]
SQL: SHOW COLUMNS FROM `admin_rule` [ RunTime:0.0003s ]
SQL: SELECT `id` FROM `admin_rule` WHERE `identifying` = '/admin/Commodity/lists' LIMIT 1   [ RunTime:0.0001s ]
NOTIC: [8] Undefined index: type /mnt/www/html/huangwei/tmls/App/Admin/Controller/CommodityController.class.php 第 22 行.
NOTIC: [8] Undefined index: type /mnt/www/html/huangwei/tmls/App/Admin/Controller/CommodityController.class.php 第 24 行.
NOTIC: [8] Undefined index: type /mnt/www/html/huangwei/tmls/App/Admin/Controller/CommodityController.class.php 第 26 行.
SQL: SELECT COUNT(*) AS tp_count FROM `commodity` WHERE `shopid` = 1 AND `type` = 1 LIMIT 1   [ RunTime:0.0001s ]
SQL: SELECT * FROM `commodity` WHERE `shopid` = 1 AND `type` = 1 ORDER BY commodityid desc LIMIT 0,20   [ RunTime:0.0001s ]
SQL: SHOW COLUMNS FROM `commodity_sku` [ RunTime:0.0003s ]
SQL: SELECT SUM(stock) AS tp_sum FROM `commodity_sku` WHERE `commodityid` = 82 LIMIT 1   [ RunTime:0.0001s ]
SQL: SELECT SUM(stock) AS tp_sum FROM `commodity_sku` WHERE `commodityid` = 81 LIMIT 1   [ RunTime:0.0000s ]
SQL: SELECT SUM(stock) AS tp_sum FROM `commodity_sku` WHERE `commodityid` = 80 LIMIT 1   [ RunTime:0.0000s ]
SQL: SELECT SUM(stock) AS tp_sum FROM `commodity_sku` WHERE `commodityid` = 79 LIMIT 1   [ RunTime:0.0000s ]
SQL: SELECT SUM(stock) AS tp_sum FROM `commodity_sku` WHERE `commodityid` = 78 LIMIT 1   [ RunTime:0.0001s ]
SQL: SELECT SUM(stock) AS tp_sum FROM `commodity_sku` WHERE `commodityid` = 77 LIMIT 1   [ RunTime:0.0001s ]
SQL: SELECT SUM(stock) AS tp_sum FROM `commodity_sku` WHERE `commodityid` = 76 LIMIT 1   [ RunTime:0.0000s ]
SQL: SELECT SUM(stock) AS tp_sum FROM `commodity_sku` WHERE `commodityid` = 75 LIMIT 1   [ RunTime:0.0001s ]
SQL: SELECT SUM(stock) AS tp_sum FROM `commodity_sku` WHERE `commodityid` = 74 LIMIT 1   [ RunTime:0.0001s ]
SQL: SELECT SUM(stock) AS tp_sum FROM `commodity_sku` WHERE `commodityid` = 73 LIMIT 1   [ RunTime:0.0001s ]
SQL: SELECT SUM(stock) AS tp_sum FROM `commodity_sku` WHERE `commodityid` = 72 LIMIT 1   [ RunTime:0.0000s ]
SQL: SELECT SUM(stock) AS tp_sum FROM `commodity_sku` WHERE `commodityid` = 71 LIMIT 1   [ RunTime:0.0001s ]
SQL: SELECT SUM(stock) AS tp_sum FROM `commodity_sku` WHERE `commodityid` = 70 LIMIT 1   [ RunTime:0.0001s ]
SQL: SELECT SUM(stock) AS tp_sum FROM `commodity_sku` WHERE `commodityid` = 69 LIMIT 1   [ RunTime:0.0000s ]
SQL: SELECT SUM(stock) AS tp_sum FROM `commodity_sku` WHERE `commodityid` = 68 LIMIT 1   [ RunTime:0.0000s ]
SQL: SELECT SUM(stock) AS tp_sum FROM `commodity_sku` WHERE `commodityid` = 67 LIMIT 1   [ RunTime:0.0000s ]
SQL: SELECT SUM(stock) AS tp_sum FROM `commodity_sku` WHERE `commodityid` = 66 LIMIT 1   [ RunTime:0.0000s ]
SQL: SELECT SUM(stock) AS tp_sum FROM `commodity_sku` WHERE `commodityid` = 65 LIMIT 1   [ RunTime:0.0001s ]
SQL: SELECT SUM(stock) AS tp_sum FROM `commodity_sku` WHERE `commodityid` = 64 LIMIT 1   [ RunTime:0.0000s ]
SQL: SELECT SUM(stock) AS tp_sum FROM `commodity_sku` WHERE `commodityid` = 63 LIMIT 1   [ RunTime:0.0000s ]
INFO: [ view_parse ] --START--
INFO: [ template_filter ] --START--
INFO: Run Behavior\ContentReplaceBehavior [ RunTime:0.000046s ]
INFO: [ template_filter ] --END-- [ RunTime:0.000077s ]
NOTIC: [8] Undefined index: type /mnt/www/html/huangwei/tmls/Runtime/Cache/Admin/5e1711e547ad8ef9b61b9e48bdd43b61.php 第 40 行.
NOTIC: [8] Undefined index: type /mnt/www/html/huangwei/tmls/Runtime/Cache/Admin/5e1711e547ad8ef9b61b9e48bdd43b61.php 第 41 行.
NOTIC: [8] Undefined index: type /mnt/www/html/huangwei/tmls/Runtime/Cache/Admin/5e1711e547ad8ef9b61b9e48bdd43b61.php 第 42 行.
INFO: Run Behavior\ParseTemplateBehavior [ RunTime:0.004486s ]
INFO: [ view_parse ] --END-- [ RunTime:0.004515s ]
INFO: [ view_filter ] --START--
INFO: Run Behavior\WriteHtmlCacheBehavior [ RunTime:0.000099s ]
INFO: [ view_filter ] --END-- [ RunTime:0.000123s ]
INFO: [ app_end ] --START--
INFO: Run Behavior\ShowPageTraceBehavior [ RunTime:0.000267s ]
INFO: [ app_end ] --END-- [ RunTime:0.000296s ]

